Y:Q96JB6
Y:Q92887
N:Q9NTN9-2
Y:Q96RR1
Y:Q5T2E6
Y:Q00653
Y:Q9H469
Y:P05093
Y:Q9H8M5
Y:Q16352
Y:Q8IU99
N:Q5TCZ1-3
Y:Q9H2G2
Y:Q9UMD9
Y:Q8NDM7
Y:Q8IWB1
Y:Q5T655
Y:Q9UPU3
Y:Q9UQ13
Y:Q14520
Y:Q86VF7
N:Q9BXT4-3
Y:P49683
Y:P30048
Y:Q9Y2H2
Y:Q9Y6Y8
N:P21802-18
Y:O95359
Y:Q9UGM3
Y:Q9H5V7
Y:Q8N436
Y:P04181
Y:Q9UGI0
Y:P10746
N:Q96CV9
Y:O14832
N:Q86SQ6-1
Y:Q76NI1
N:Q6QHF9-2
Y:Q96SD1
Y:Q5VUB5
Y:P53708
Y:O60494
Y:Q504Y0
Y:Q08289
N:E9PAX1
Y:O75602
Y:P48426
Y:Q5W041
Y:Q5T5P2
Y:Q8NEV4
N:Q9UPS8-3
Y:Q5T2S8
Y:Q9P266
Y:P41279
Y:Q7Z4V0
Y:P37275
N:Q5JRX3
Y:O14786
Y:Q8TEW0
N:Q9BXX3
N:F8WAJ5
Y:P17032
Y:Q14692
Y:P07949
Y:Q8N9B8
Y:A0PK05
Y:Q5T742
Y:Q8NGR1
Y:Q86XD8
Y:Q9Y4E1
Y:O60269
N:Q5VT79
Y:Q96MN9
Y:Q96JD6
Y:Q7Z5H3
Y:Q6ZS81
N:Q711Q0-3
Y:Q03468
Y:P28329
Y:Q5VUJ5
Y:Q9NR71
Y:Q96QU1
Y:O95229
Y:Q13261
Y:Q96EB6
Y:Q9NR30
N:P19367-3
Y:P21452
Y:Q9Y4Z2
Y:Q96S42
Y:Q9ULE6
Y:Q96M53
Y:Q8IZJ1
N:Q9H251
Y:P07602
Y:Q7LGC8
Y:Q86X67
Y:Q96BN6
Y:Q5T0N1
Y:P20073
Y:Q70EL1
Y:P18206
N:Q86UX2
Y:Q86VU5
Y:Q9H2I8
N:Q12791
Y:Q8TDM6
N:E7EPK6
Y:Q8IWL2
Y:Q00266
N:P56975-4
N:P47804-2
N:Q9UHM6-2
Y:P00367
N:O95340-2
Y:P60484
Y:Q5VYY2
Y:P62736
Y:P25445
Y:O14879
Y:Q5T764
N:Q96Q89-3
Y:Q9UQK1
Y:Q9H2K2
Y:P14735
Y:Q9NZM1
Y:O95970
Y:Q9P212
Y:Q8WTT2
Y:Q9NRZ9
Y:P11712
Y:P54886
N:B4DG41
Y:Q5T4F4
N:Q7Z5L2-2
Y:Q86XS5
Y:Q6W4X9
Y:P45452
N:Q8NCM8-2
Y:P49662
Y:P29466
N:A0AUX0
Y:Q2TBE0
Y:Q96BT7
Y:Q8IXU6
Y:P24752
N:Q13315
Y:Q8NEV8
Y:Q6NUJ2
N:E7EUV1
N:Q9H6U8
Y:Q9BRP7
Y:Q9H5F2
Y:P10515
Y:Q8WWB5
Y:O14521
Y:Q03393
N:P13591
Y:Q9H3S3
Y:O43264
Y:Q96RU2
N:P06727
Y:P02656
Y:Q8NBJ9
Y:Q8ND24
Y:Q9UPV0
N:F8VQR6
Y:Q8IWT1
Y:Q86YD3
Y:P32302
Y:P08397
N:O14523-2
Y:Q86UT6
Y:P22681
Y:Q9BY79
Y:Q9UKI9
Y:Q9NZN5
Y:O75443
Y:Q8NGM8
Y:Q6ZW33
Y:Q8NGN4
Y:Q8NGG7
Y:Q9HAT2
Y:Q96MS0
Y:Q8WZ75
Y:Q96M11
N:Q4KMG0-2
N:Q56UH9
N:P28347
Y:Q8TE58
Y:Q92543
Y:P42695
Y:Q9UKU7
Y:P01270
Y:Q6VVX0
Y:P01258
Y:Q6IQ23
Y:O00443
Y:Q09428
N:Q7RTU8
N:Q6ZRI0-2
Y:Q96ER3
Y:Q96LA9
N:P02735
N:D6RGV7
Y:Q96LB1
Y:Q8IUH4
Y:Q9Y345
Y:Q92832
Y:F8WCM5
N:P07101-2
Y:Q9NTG7
Y:Q75V66
Y:Q9NPI8
Y:Q9Y5U2
Y:P51787
N:E9PII6
Y:Q8NI77
N:Q5HYE4
Y:Q9H0X9
Y:P26367
Y:Q9NUJ3
Y:O14628
Y:Q96GX9
Y:O00330
Y:P16070
Y:Q86YD5
Y:P15918
Y:P55895
Y:Q86VG3
Y:P52961
Y:Q6IA17
Y:Q4AC99
Y:Q96QU6
Y:Q93063
Y:Q8NGK5
Y:Q9UQF2
Y:Q96BA8
Y:Q13574
N:Q8TCB6
Y:P00734
Y:O75096
Y:Q92466
Y:P11117
Y:Q14896
Y:Q13702
N:Q9NVX7-2
Y:Q8N3X1
Y:Q12913
Y:Q8NGF8
Y:Q6IF82
Y:Q04609
Y:P13489
Y:Q8NGJ6
Y:Q8NGJ7
Y:Q8NGP0
Y:Q96R67
Y:Q8NGJ4
Y:A6NHA9
Y:P68871
Y:P02042
Y:D9YZU8
Y:P02100
Y:Q9Y5P0
Y:Q8NH59
Y:Q8IYG6
Y:Q9H346
Y:Q9H347
Y:Q8NGL9
Y:Q6IEV9
Y:Q8NGL7
Y:Q8NH73
Y:Q8NGL4
Y:Q8NGL2
Y:Q8NGL0
Y:O95221
Y:Q8N127
Y:Q8N146
Y:Q8NGG0
Y:Q8NGG5
Y:Q8NGP2
Y:B2RNG4
Y:Q9C035
Y:Q9C0C2
Y:Q8NBI5
Y:P05155
Y:B2RXH4
Y:Q8NGQ2
Y:Q8NH92
Y:Q8NH56
Y:Q8NH48
Y:Q96R09
Y:Q96R08
Y:Q8NGI0
Y:Q6IB77
Y:Q8WU03
Y:Q6IFG1
Y:Q2M385
Y:Q8NGI6
Y:Q9NX20
Y:P27352
Y:Q8NGH7
Y:Q9GZW8
Y:Q8NGH5
N:Q9P1Y6-3
N:B7ZW62
Y:Q96DN2
Y:Q9NX18
Y:O76090
Y:Q9HBB8
Y:Q96RD2
Y:Q6IF63
Y:Q09666
N:Q9BQE6-2
Y:Q6UW78
N:Q04323-2
Y:Q9H5J0
Y:C9JC66
N:O95197-2
N:P17405
Y:O75676
N:O00213-2
Y:Q96S37
Y:Q9P2S2
Y:O75398
Y:P11217
Y:Q6DT37
Y:Q9UID3
Y:Q14181
Y:Q96M86
Y:Q9NS15
Y:P56202
Y:O43290
Y:O75531
Y:Q8NEC5
Y:Q96A11
Y:O14773
Y:Q9NVE4
Y:Q96JQ0
Y:P11498
Y:Q9UBD9
Y:Q99638
Y:Q14761
Y:Q9BR76
Y:P57796
Y:O00562
Y:Q96HD9
Y:P48448
Y:Q13488
Y:O75197
Y:O95222
Y:P50416
Y:P38935
Y:Q96EZ4
Y:Q13158
Y:O75690
Y:Q6L8G5
Y:O95998
Y:Q969Z4
Y:Q96GC5
Y:Q7Z4N8
N:Q6WN34-2
Y:Q6P2D8
N:A8K327
Y:P49407
Y:Q96PD7
Y:Q9P2Y5
Y:O96014
Y:P47874
Y:Q13402
N:Q6W3E5-2
Y:Q9UQC2
Y:Q6N022
Y:Q8WZ94
Y:Q9H936
Y:Q9HB75
Y:O00303
N:P50607-2
Y:Q96AD5
Y:Q9BYT3
Y:Q9ULV1
Y:Q86UB9
Y:Q9NQ31
N:Q9NQ33
Y:Q9NQ35
N:Q8TDW7-3
Y:Q9C0D2
Y:Q6MZM0
Y:Q86WG5
Y:B6ZGS9
Y:Q9P126
Y:Q3T906
Y:P00439
Y:Q96LP6
Y:Q8WWQ8
Y:Q8N140
Y:Q2M389
Y:Q07065
Y:Q8N4U5
Y:Q33E94
Y:Q49AM1
Y:Q13610
Y:Q99788
Y:P13051
Y:Q9NYW0
Y:Q16378
Y:Q96EY8
Y:Q03426
Y:Q9HBA0
Y:P16615
Y:Q8NA47
Y:O14529
Y:P59537
N:Q9ULQ1-3
Y:Q9Y4C8
Y:Q99593
N:G3V1M9
Y:P29475
Y:Q8N0Z9
Y:Q9UJY1
Y:Q8IWA6
Y:Q92616
Y:Q9Y6E7
Y:P16219
N:P20823
Y:Q96C57
Y:Q969K3
N:Q9UPS6
Y:Q8TBY9
Y:Q8N309
Y:Q9C0J1
Y:P50748
Y:O75581
Y:Q96GX1
Y:Q8IVF4
Y:Q53HC0
Y:Q9H8J5
Y:Q969J3
Y:Q8IY37
Y:Q8N3T6
Y:Q14C87
Y:Q6QNK2
Y:Q12872
Y:O75385
N:Q96L91-5
N:Q9HCQ5
Y:Q07864
Y:Q96EP1
Y:Q14587
Y:Q13224
Y:Q9Y315
Y:Q86V24
Y:Q86YW0
Y:Q7Z3S7
Y:Q9NPD5
Y:Q9Y6L6
Y:P46721
Y:P07195
Y:Q15842
N:O60706-2
N:Q13936-11
Y:P01116
N:Q8N9Z9-5
Y:Q9NS93
Y:A6NFE2
N:Q86W92-2
Y:Q96K12
Y:Q96FC9
N:Q15561
Y:Q9HCM1
Y:Q96M96
Y:Q9Y2Z4
N:A0AV37
Y:Q6XYQ8
Y:Q5I7T1
N:Q7Z4S6-2
Y:P29375
Y:Q96QE2
Y:Q5S007
N:Q6ZMN7-2
Y:Q96MT3
N:P59510
Y:Q9GZV9
Y:Q68CP9
N:Q96B01-2
Y:Q86SJ2
Y:P11473
Y:Q9BVX2
Y:P02458
N:Q9P0U3-2
Y:P08237
Y:Q8NGE0
Y:O60563
Y:Q8IXS2
Y:O00744
Y:Q12815
Y:Q8IYM0
Y:Q09470
Y:P41181
Y:Q13520
Y:A6NE01
N:P49281-2
Y:P37023
Y:P08729
Y:Q14533
Y:O43790
Y:P48668
Y:P02538
Y:P13647
Y:Q7RTS7
Y:Q86Y46
Y:P04264
Y:Q7Z794
Y:P12035
Y:Q5XKE5
Y:Q8N1N4
Y:P05783
Y:Q14674
Y:Q16671
Y:Q9NYD6
Y:P31273
Y:Q9HD90
Y:Q8NGE5
Y:Q8NGE1
Y:Q8NGE3
N:Q13683-3
Y:Q92781
Y:Q9BRP8
Y:P23743
Y:P40967
Y:P51687
Y:Q9BSJ8
Y:Q8TAQ2
Y:Q6ZMH5
Y:P30301
N:Q9NQ90-3
Y:Q9UIF9
Y:E9PAV3
Y:O95158
N:Q9BRR9-2
Y:Q12840
Y:P11802
Y:O15528
Y:P04275
Y:Q9Y2B1
N:P37088-2
N:Q8IXL7-2
N:P46087-2
Y:Q6L9W6
Y:Q8NEB7
Y:Q8TC05
Y:P14384
Y:P45974
Y:P60174
Y:P54259
Y:P09871
Y:O75473
Y:Q8IWU9
Y:Q9BQT9
N:P50542-3
Y:Q9NR16
Y:Q13601
Y:Q8WV24
Y:Q8TAM1
Y:Q96AV8
Y:Q9NR23
N:Q8IVL0-2
Y:Q7Z5D8
Y:P11169
N:Q9UMZ3
Y:P23409
Y:O75334
Y:Q96JM4
Y:Q8WXI8
Y:O15078
Y:P21583
Y:A8K2U0
Y:P07585
Y:Q6ZR37
N:Q9Y592
Y:Q6ZV73
Y:Q9H0E7
Y:P42166
Y:O95409
Y:P05165
Y:O95965
Y:Q8NDH2
Y:P28715
Y:Q12908
N:A2T115
Y:P02462
N:Q8IW45-2
Y:Q96CW5
N:G5E9A1
N:P08709-2
Y:P00742
Y:Q8NDY3
Y:Q15835
Y:Q9Y6H8
Y:P29033
Y:Q13099
Y:Q9NRM7
N:Q5W0Z9-3
Y:P31371
Y:Q9NZJ4
Y:Q99797
Y:B2RNN3
Y:P0C862
Y:Q9UKK3
Y:Q9HC77
Y:P52945
Y:P17948
N:Q5JR59
Y:Q92598
Y:Q8WXD0
Y:Q5TBA9
Y:A6NP61
N:P51587
Y:Q9UEF7
Y:Q9Y3M8
Y:Q96B26
Y:Q5SZK8
Y:Q9Y2V7
Y:Q9Y619
Y:O75570
Y:Q9UKA4
Y:Q5W0A0
Y:P13796
Y:Q9NS75
Y:Q9H9S4
N:Q96T68-2
Y:Q8N5I3
Y:Q5TBB1
Y:A8MV23
Y:P35670
Y:Q6ZN64
Y:Q9HC56
Y:Q9Y2L1
Y:Q8WXW3
N:E9PLH4
Y:O75503
Y:P24530
N:Q5T8P6-3
Y:Q86YF9
Y:Q13217
Y:P46059
Y:Q8NBM4
Y:Q9Y6A2
N:E9PKS8
N:A8K0R7-5
Y:O15040
Y:Q17RC7
Y:O43542
Y:Q96KQ4
N:Q86U10-3
Y:Q27J81
N:Q9Y4F5-2
Y:Q96BZ4
Y:Q8IVF2
N:Q9Y219-2
N:E9PB38
Y:Q05DB7
Y:Q8NH41
Y:Q99973
Y:P60153
Y:Q8TAA1
Y:P03950
Y:Q9H1E1
Y:Q8NGC0
Y:Q96KN7
Y:Q9UM01
Y:P50281
Y:Q7Z4F1
Y:Q8IYK8
N:Q86UP0-2
Y:O43281
Y:P13533
Y:P12883
Y:Q8NEJ9
Y:Q9C0A1
Y:Q13268
Y:Q9BTZ2
Y:P54845
N:Q16822
Y:Q9BSI4
Y:Q9NPC1
Y:Q8NFM4
Y:P08311
Y:P55316
Y:O43405
Y:Q9ULT8
Y:Q86XA9
Y:Q13023
Y:Q9H6Z9
Y:Q9Y281
Y:Q96T92
Y:Q15436
Y:Q9H307
Y:O15320
Y:Q5H9T9
Y:Q9Y4F4
Y:Q8IYD8
Y:Q6P0N0
Y:Q96L50
Y:Q9Y2U9
Y:Q8WXQ3
Y:Q9H9P8
N:G5E9T1
N:Q8N4C6-7
Y:Q14112
Y:Q99675
Y:P30793
Y:Q86UP2
Y:F1T0D1
Y:O00471
Y:Q9H0R1
N:E9PGW8
Y:Q9Y4D1
Y:Q63HM2
Y:Q15475
Y:Q3MIR4
N:Q8WXH0-2
Y:Q59FP5
N:Q9NQX3-2
Y:Q8N3R9
Y:Q9ULM0
Y:Q96NR8
N:Q68DK2
Y:Q9NVH0
Y:Q8N428
Y:P57103
Y:Q96RV3
Y:P49768
N:Q86WZ0
Y:Q8ND07
Y:P58304
Y:P61916
N:G3V3G0
Y:P49770
Y:Q9UHC1
N:E9PJQ0
Y:Q9UNK9
Y:Q0VAA2
Y:Q9H9C1
Y:Q6H9L7
Y:O15270
N:F5GYU5
Y:Q9UBV2
Y:P54803
Y:Q16825
Y:Q9BUY7
Y:Q9NUW8
Y:Q9H7Z3
Y:O75582
Y:Q7Z3D6
Y:Q9P219
Y:Q8N9U0
Y:Q15643
Y:Q8NFF2
Y:Q99538
Y:P10645
N:Q8N6I4
Y:Q8N9Y4
Y:Q9GZR7
Y:Q9UK55
Y:P08185
Y:P01009
Y:Q9UPY3
Y:Q96BY7
Y:Q8TE56
Y:Q38SD2
Y:Q8NGB9
N:Q8NA68
N:Q8N9W4
Y:P28472
Y:Q04671
Y:Q7Z4N2
N:Q68DA7-5
N:C9JFW6
Y:Q15413
Y:P08912
Y:P68032
Y:O60306
Y:Q8NA03
Y:O60566
Y:Q9NQU5
Y:Q00722
Y:Q8NCH0
N:Q8NG31-2
Y:Q96K21
Y:Q9ULG1
N:E7ENI0
N:P0C869-6
Y:Q9NRC6
N:C9JK77
N:Q96JC1-2
N:P20807-3
Y:Q8IWV7
Y:P16452
Y:O43548
N:B4DQM8
Y:P78559
Y:Q96P56
Y:Q9HB65
Y:Q96JI7
Y:P61769
Y:Q9NRD8
Y:Q9Y6N5
Y:Q13621
Y:P35555
N:Q93073-2
Y:Q01415
Y:Q8TF62
N:Q70EL3
Y:Q96QT4
Y:Q9UPM8
Y:P11511
Y:Q9NQX4
Y:P51159
N:P46934-3
Y:Q0VF96
Y:Q9BYZ2
Y:Q12965
Y:O95395
Y:A6NLJ0
Y:Q15751
Y:P23284
Y:Q9H611
Y:Q495B1
Y:Q96DP5
Y:Q8IVU1
Y:O60721
Y:O43541
Y:Q96PH1
Y:Q02241
Y:Q6ZMP0
Y:P06865
Y:Q96RK4
Y:Q9BX79
Y:P05108
Y:P0CG33
Y:Q96FI4
Y:Q6UVK1
Y:Q8IXM7
Y:Q8WVN8
Y:O43586
Y:O60637
Y:Q9UKP4
Y:P16930
Y:Q9H1K6
Y:Q6P656
Y:Q9NSY2
Y:Q7Z5M5
Y:Q7Z2Z2
N:Q9BZB8-3
Y:P82987
Y:O60658
N:Q12802-2
N:Q96MI9
N:E7EX88
Y:P12271
Y:Q9NVI1
Y:P54098
Y:Q7Z2Z1
Y:Q2M1P5
Y:Q0VG99
Y:P09958
Y:P49641
Y:O43663
Y:O14647
Y:Q6DN12
Y:P08069
Y:A6NFU8
Y:P54851
Y:Q96M29
Y:P60827
N:Q9NRR2
N:Q12980
Y:Q9UJK0
Y:Q9NZS9
Y:P51798
Y:Q9Y4R8
Y:Q9Y4F3
Y:Q96RY7
Y:O95255
Y:Q96RY5
Y:Q13232
N:C9J0S1
Y:Q7Z402
Y:Q3MIP1
Y:Q6UXY8
Y:Q12788
Y:P07911
Y:P55789
Y:Q6NUN0
N:Q86UK7
Y:Q53FZ2
Y:Q8TD57
Y:P49815
Y:P98161
Y:A6NCI4
Y:O00418
Y:P69905
N:Q6PL45-2
Y:Q9Y278
Y:P42126
Y:P51168
Y:O43745
Y:Q8NDV7
N:Q9ULP9-2
Y:O60303
Y:Q9UQ35
Y:Q52WX2
Y:Q13286
Y:Q0VD83
Y:Q9Y6M0
Y:O14983
Y:Q14764
Y:Q9BW71
Y:P04075
Y:O95400
Y:Q96MX3
N:A8MV39
Y:P56747
Y:Q6ZRS2
Y:O15047
Y:Q9H2F3
Y:P35637
Y:Q6ZMU5
Y:Q13349
Y:Q96C12
Y:Q9H0X4
Y:P31639
Y:Q96GQ5
N:F5GYB6
Y:Q14586
Y:O43749
Y:O15553
Y:Q92793
Y:O60503
Y:Q9HCN3
Y:Q6EMK4
Y:A6NNT2
Y:Q8TD30
Y:Q96J65
Y:Q96J66
Y:Q9HC29
Y:Q9BT22
Y:Q96G04
Y:O15405
Y:Q68CZ1
Y:Q9C0B1
Y:P08253
Y:Q96L46
Y:P23975
N:Q9BXC9
Y:P11597
Y:Q86WI3
Y:Q14028
Y:P51511
Y:Q9H0I3
Y:Q6PEW0
Y:Q9BRB3
N:E5KNQ5
Y:Q9ULV5
Y:Q9Y613
Y:P80365
N:B4DIM2
Y:Q6ZW13
Y:P04180
N:F5H3C0
N:Q9H4B8
Y:Q12968
Y:Q969X6
N:Q15554
Y:O00308
Y:P49588
Y:Q9UMR2
Y:Q8N0W3
N:Q9H9E3
Y:Q96KV7
Y:P17023
Y:Q6ZVD8
Y:P00738
Y:Q15911
N:Q96S15-2
Y:Q8NB16
Y:Q7L5A8
Y:Q6PJI9
N:Q86WU2-2
Y:P56945
Y:Q9GZX3
Y:Q9GZS9
N:Q15046-2
N:E9PFZ6
Y:Q7L1V2
Y:Q8TE60
Y:Q96H22
Y:O43313
Y:Q6P387
Y:Q9HAY6
Y:Q9H2C0
Y:P16885
Y:P37059
Y:Q96KJ4
N:P55290
Y:Q8WVB6
Y:Q8NEP3
Y:Q14687
Y:Q99958
Y:Q12952
Y:Q8TBB5
Y:Q96JG9
Y:P80404
Y:Q92508
Y:P07741
Y:P34059
Y:O15305
Y:P55291
Y:Q9UQ90
N:Q9UBL6-2
Y:Q9Y2B5
Y:O15360
Y:Q13509
Y:O95995
Y:Q96S06
Y:Q12879
Y:Q9UKX3
Y:P13535
Y:Q9Y623
Y:Q9UKX2
Y:Q3LIE5
N:Q6ZSJ9-3
Y:Q9NYC9
Y:Q8IXB3
N:F5H0A2
Y:Q9Y663
Y:Q9BT40
Y:Q12887
Y:Q9Y662
Y:Q01453
Y:Q9BXF9
Y:Q96ET8
Y:Q96NA2
Y:Q6P2Q9
Y:Q6DKK2
Y:Q8NFG4
Y:Q9UKN7
Y:Q15334
Y:Q13045
Y:Q96FL8
N:P51648-2
Y:P30838
Y:Q6NUI1
Y:P43034
Y:Q8IVT5
N:Q6ZQX7-4
Y:Q8N511
Y:Q96NT5
Y:Q86SG6
Y:Q53EL9
Y:Q92614
Y:Q6UXT9
Y:Q96QE5
Y:P21359
Y:P34910
Y:Q15022
Y:Q96QE4
Y:Q9Y585
Y:Q8IXA5
Y:P47881
Y:Q6IEE7
Y:Q8IWX7
Y:Q08AF3
Y:P45381
N:Q6IEE8-2
Y:P0C7P3
Y:O00623
Y:P55774
Y:Q8NER1
Y:Q6IN84
Y:Q9UHJ6
Y:P48742
N:O60931-2
Y:P35680
Y:Q8TF76
Y:P38570
Y:P0C7P0
Y:O15273
Y:O43242
Y:Q8IZW8
Y:P13645
Y:P35900
Y:Q9C075
Y:Q9BYS1
Y:Q07627
Y:Q9BYR2
Y:Q9BYR4
Y:Q9BYQ7
Y:O76009
Y:Q14525
Y:O76011
Y:O76014
Y:O76015
Y:Q14532
Y:O76013
Y:P19012
Y:P35527
Y:P02533
Y:P08779
Y:Q92791
Y:O43612
Y:P51692
Y:P40763
Y:Q8WUJ1
Y:P54802
Y:Q16853
Y:P35575
Y:P38398
Y:P43268
Y:Q9BQB4
Y:Q8N159
Y:Q9BUM1
Y:P02730
Y:P28799
Y:P08514
Y:Q9UKJ3
Y:Q8NFT6
Y:P14136
N:Q86Y91
Y:Q96MH2
N:P10636-9
Y:O14653
Y:P05106
Y:P16050
N:Q8IZL8
Y:Q02086
Y:Q9NVS9
Y:P17482
N:G5E937
Y:Q8N4C8
Y:Q04844
Y:P02452
Y:Q9H1B5
Y:O15335
N:D3DTL2
N:Q8TBZ2
Y:Q9H201
N:Q8TB22-2
Y:O15438
Y:Q9NWF4
Y:P35125
Y:Q96JF6
Y:Q99567
Y:O75674
Y:Q16534
Y:Q9H6R0
Y:Q9C000
Y:Q13253
Y:Q9NXB0
Y:P05164
Y:Q68DV7
Y:O94972
Y:Q8ND04
Y:P22748
Y:P57082
Y:Q9UHV7
Y:Q8N7B9
Y:P12821
N:B1A4H7
Y:P01241
Y:P35499
Y:Q9UHN1
Y:O60309
Y:Q9NZN9
N:Q9Y2T1
Y:Q9BZ71
Y:P02749
Y:P42694
Y:Q9H8H0
Y:P10644
Y:O94911
Y:Q969V4
Y:Q8N139
Y:Q8WWZ7
Y:P63252
Y:P18054
N:Q8IUN9-2
Y:P48436
Y:P49748
Y:Q13227
Y:Q9GZS0
Y:Q2TAC6
N:Q3KNT9-2
Y:O14745
Y:Q8NE00
Y:Q14957
N:P22570
N:Q13470-2
Y:Q8IV36
N:Q9UK76-2
Y:Q9BW27
Y:Q9HC21
Y:Q8N9M5
Y:Q12767
Y:Q8WXE0
Y:Q7Z6J9
Y:Q6P1M3
Y:O94762
Y:Q9P1Z0
Y:P16144
Y:P51570
Y:Q96DV4
Y:Q92817
Y:Q9H0J4
N:Q6PJF5-2
Y:Q9NSC7
Y:Q86XA0
Y:P34810
Y:O60248
Y:Q92503
Y:P04637
Y:Q6ZRC4
Y:Q9BUR4
N:E7EUM8
N:Q9UFH2
N:Q9UFH2-4
N:Q9P275-2
Y:Q96MC4
Y:Q8NFI3
N:O15054-1
Y:Q6UWV6
Y:Q14781
Y:Q4G0X9
Y:P10253
Y:Q9BXL6
Y:P51688
N:Q9HCF4
Y:Q63HN8
Y:Q02846
Y:Q96N21
Y:P63261
Y:Q0VG06
Y:P32322
Y:O75342
Y:Q8NA77
Y:Q12829
Y:Q9BTW9
Y:Q2NKJ3
Y:O94989
Y:P35580
Y:Q96M95
Y:O95838
Y:Q8J025
N:Q8N5P9
Y:Q969U7
N:E9PF99
Y:Q01718
Y:Q8TB69
Y:B2RU33
Y:O15118
Y:Q9BXW6
Y:Q92750
Y:P19022
Y:Q14574
Y:Q02487
Y:Q08554
Y:Q02413
Y:Q14126
Y:P02766
Y:Q9Y2L5
Y:Q5BJE1
Y:P52179
N:Q2V2M9-3
Y:Q9Y6X0
Y:Q9HCE0
Y:Q6ZSG1
Y:F5GZB4
Y:Q7RTS9
Y:Q9ULV0
Y:P43146
Y:Q8N1N2
N:E9PH57
N:P22830-2
Y:O43520
Y:Q86TB3
Y:P49257
Y:Q6UXH8
Y:P32245
Y:O95427
Y:Q9Y6Q6
Y:P10415
Y:Q15846
Y:Q9H159
Y:Q8IZU8
Y:Q96JJ7
Y:Q68D86
Y:Q86VV8
Y:Q9C0G0
N:Q6ZSZ6
Y:O43861
Y:Q8N2U9
N:Q9Y4B5-3
Y:Q6UB98
Y:Q8TF05
Y:Q86VQ3
Y:O60391
Y:Q4ZIN3
Y:Q9NYR8
Y:Q96G91
N:P26358-2
Y:P05362
Y:P27815
N:Q8N9T8
Y:P50570
Y:P01130
N:Q8NBT2
Y:Q96HP0
Y:Q6NVH7
Y:P19235
Y:A5D8V7
Y:Q96CK0
Y:Q9BQ95
Y:Q8IYI8
Y:Q15831
Y:Q96GE5
Y:O00754
Y:Q9Y284
Y:Q9BRX9
N:Q5XUX1-3
Y:O14787
Y:Q8NFU1
Y:O75792
Y:Q13351
Y:Q92947
N:O00555
N:Q2TAK8
Y:P13994
N:Q0VDD7-2
N:F5H7F9
Y:Q9BY15
Y:O76099
Y:O76100
Y:Q6ZMM2
Y:Q8IYK2
Y:O60431
Y:A1L0T0
Y:Q9UM47
Y:Q9HCS2
Y:Q96JZ2
N:P15923-2
Y:Q8IWX8
N:C9J2Y8
N:Q8IZJ3
N:Q13459
Y:Q9H607
Y:Q8N6Y0
Y:Q8NAG6
Y:Q9HCE9
Y:Q969Y2
Y:Q86XR2
Y:P52333
Y:Q8N1G1
N:E9PDE0
N:Q9BWW5
Y:Q9BQD3
Y:P49747
Y:Q9HD20
N:C9JHM3
Y:Q03923
Y:Q96N38
N:Q6ZR52-2
Y:Q8IYN0
Y:P17038
Y:O43345
Y:Q9Y2Q1
Y:Q96MG2
N:A8MXY4
Y:Q05481
Y:P52888
N:O43688-2
Y:P82251
Y:Q96ST8
Y:P06744
N:P17039-2
Y:Q3KQV3
Y:Q86X29
Y:P21731
Y:O94927
Y:Q9Y2Y4
Y:Q9UMN6
N:E5RFB9
N:O14559-11
Y:O60500
Y:O60331
N:O95049-2
Y:O96018
Y:Q96IS3
Y:Q7Z3V5
Y:O43291
Y:Q9Y257
Y:P21817
Y:Q9P244
Y:Q9H7P9
Y:Q9NYJ7
Y:Q9Y6R6
N:E9PB48
N:B4DX65
Y:Q9BXM0
Y:Q16674
Y:P11509
Y:Q16696
Y:P24903
N:P30530
Y:Q9BUJ2
N:P01137
Y:P12694
Y:P06731
Y:Q6UWN0
Y:P39019
Y:Q16478
Y:A6NJB7
Y:Q05469
Y:Q96BF3
Y:Q16557
Y:Q15238
Y:Q00887
Y:Q6NSJ2
Y:B3KS81
Y:Q03405
Y:Q8N7M2
Y:Q12901
Y:Q9UK10
Y:Q14588
Y:Q96Q06
Y:Q2WEN9
Y:Q9ULV8
Y:P50895
Y:P02649
Y:P02655
Y:Q2M3D2
Y:P18074
Y:Q8WUF5
Y:O95834
N:F5GYW5
Y:Q8N196
Y:Q9H9S5
Y:C9JVW0
Y:Q14147
Y:O43186
Y:P18858
Y:Q9Y2G2
Y:Q96AN5
Y:Q9UNX9
N:Q96Q04
Y:Q9NRA0
Y:Q9H4M7
Y:O75807
Y:O00295
Y:Q02818
Y:P01229
Y:P34130
Y:Q8TD43
Y:Q9UK85
Y:Q8IZ83
Y:Q96D15
Y:C9JUS6
Y:Q8IV63
Y:Q8WTR7
Y:Q14003
Y:Q14324
Y:P06870
Y:Q96LC7
Y:Q9NYZ4
Y:Q96PQ1
Y:O43699
Y:O15389
Y:P21462
Y:P25089
Y:Q3MIS6
Y:Q76KX8
Y:Q8N4W9
Y:Q8N823
Y:Q6ZNG1
Y:Q0VGE8
Y:Q8NFZ6
Y:Q96IR2
Y:P59046
Y:Q9BXT2
N:Q8IYS5-7
Y:Q8WWY3
Y:Q96BZ8
N:E7EVY1
N:Q9H313-3
Y:O75019
N:Q8NHL6-3
Y:Q8NHJ6
Y:P24071
Y:Q8TE68
Y:P19429
N:Q9HD43
N:Q9NZL4
Y:A6NC51
Y:Q8N5Q1
N:Q5EBL2
Y:A1L4H1
Y:Q7RTR0
Y:Q96MN2
Y:Q86W25
Y:Q86W28
Y:P59047
Y:Q8N0Y2
Y:P36776
Y:Q9BX82
Y:Q9Y2P0
Y:Q9GZU2
Y:Q14592
Y:Q9HCX3
N:E9PED0
Y:Q9BWM5
Y:Q6P9A1
Y:Q7Z340
Y:Q13106
Y:P51993
Y:Q8TAU3
N:P21217
Y:Q8NEA5
Y:P52742
Y:P17098
Y:P10073
Y:O75467
Y:Q9NWS9
Y:Q9Y2P5
Y:P28698
Y:Q5FVE4
Y:O00411
Y:Q8IV53
Y:P01024
Y:Q14246
Y:P06213
Y:Q8NA69
Y:Q9GZU1
Y:Q8IVA1
Y:Q15833
Y:O15444
Y:Q75N90
Y:O95182
Y:P24158
Y:P08246
Y:Q9H324
N:B5ME49
Y:Q969F8
N:Q8NG99
Y:Q96PQ6
Y:Q32M78
Y:Q9BR84
Y:Q96MR9
Y:Q9BUY5
Y:P35573
Y:Q96DD0
N:O00442-2
Y:Q8NEW0
Y:Q9H2P9
N:P12107-2
N:O60333-2
Y:Q86V15
N:E9PAZ5
Y:Q5T1N1
Y:P81274
Y:Q96S66
N:Q6PGN9-2
Y:Q99523
Y:Q8N9H9
Y:P08754
Y:P09488
Y:P46439
Y:Q13148
Y:Q16322
Y:O00187
Y:P22001
Y:Q8TCI5
Y:Q6ZVT0
Y:Q9UHI6
Y:Q9Y5U5
Y:P23109
Y:P01111
N:Q9BRV8-2
Y:Q8TAA9
Y:O14958
Y:Q9UNY4
Y:Q9H8W5
Y:Q8NBI3
N:Q5SNV9
Y:Q9NXN4
Y:Q9UNX4
Y:P42898
Y:P26439
N:A8MYC7
Y:Q5TEC3
Y:Q02809
Y:O43175
Y:P54868
Y:O95140
Y:Q5JXC2
Y:A6NNF7
Y:Q5THJ4
Y:Q5VUY2
Y:Q96S94
Y:Q13029
Y:Q9NVI7
Y:O75578
Y:Q8N283
Y:Q5T2W1
Y:A4FU01
N:P82921
Y:P27540
Y:O76027
Y:Q9H3T2
Y:Q9NZQ9
Y:Q9UBF8
Y:P48382
N:Q9P2M7
Y:A6NNX1
Y:Q9BYD2
Y:Q5QJ38
Y:Q07283
Y:P20930
Y:Q5D862
Y:Q5T5A8
Y:Q5TA77
Y:Q5T752
Y:Q5T7P3
Y:P49901
Y:P07476
Y:Q96LB8
Y:P06702
Y:Q5SY68
Y:O75064
Y:P06753
Y:P17787
Y:Q5T1A1
N:B4DEH1
Y:Q96AX9
Y:P04062
Y:Q9P1Z3
Y:P30613
Y:Q9BUK6
Y:Q9H869
Y:B1AJZ9
N:Q3T8J9-3
Y:P02545
Y:Q9H3S1
Y:Q9BSE2
Y:Q8WWB7
Y:Q86VI3
N:Q5T3I0
Y:P04629
Y:Q5VY43
Y:Q96RD9
Y:Q96P31
Y:P29016
Y:Q8NGX5
Y:Q8NGX8
Y:Q8NGY1
Y:P02549
Y:Q8NGY2
Y:Q8NGW6
Y:Q8NGY6
N:Q8N126-2
Y:P12319
Y:Q8NHC4
Y:P50993
Y:P09326
N:Q9BZW8-2
Y:Q8WUP2
Y:O75173
Y:P25189
Y:Q96T58
Y:Q16832
Y:P56937
Y:P51800
Y:P51801
Y:P29317
Y:Q9P215
Y:Q5VZP5
Y:Q6JBY9
Y:Q96PN6
Y:O60806
Y:Q07507
N:P12259
Y:O95568
Y:P31513
Y:Q01740
Y:Q99972
Y:Q8N6R0
Y:Q9UBS9
Y:Q5TZA2
Y:P55001
Y:Q9NQ11
Y:Q5TAH2
Y:P21912
N:Q5TZF3
Y:Q5TC79
Y:P01008
Y:Q9HB71
Y:Q9UQP3
Y:Q92752
Y:Q9UM07
Y:Q96JE7
Y:Q5T0J7
N:P42684-3
Y:Q5JTV8
Y:Q969G2
N:Q15878-3
Y:P15104
N:Q9BZQ2-3
Y:Q13753
Y:Q8IYK4
Y:Q9BZQ6
Y:Q96RW7
Y:Q5SWX8
Y:P35354
Y:Q2M5E4
Y:Q5T4S7
Y:O14764
Y:Q8NHP1
Y:O43488
N:P08603
Y:Q03591
Y:Q8IZT6
Y:P82279
Y:Q8TDX7
Y:Q5TGY1
N:Q08AD1-3
Y:Q13698
Y:Q9HBX8
Y:P36222
N:P23634-6
Y:P00797
Y:Q9Y2H5
Y:Q5SWA1
Y:Q02246
Y:Q8WWW0
Y:P22301
N:P08174-2
Y:E9PDY4
N:P15529-2
Y:Q969V5
Y:Q9BXM7
Y:P39656
Y:O14896
Y:Q9P2E2
Y:Q9NUC0
Y:Q92604
Y:Q537H7
Y:Q96S38
Y:Q15678
Y:O75445
Y:P05186
Y:P07814
Y:Q9NSE4
Y:Q9H2M9
Y:Q9P0L2
Y:Q14774
Y:P98160
Y:Q6UWX4
Y:P08861
Y:Q96F81
Y:P56705
N:Q0VDD8-4
Y:O94886
Y:Q9H3P7
Y:P49810
Y:Q5SXM1
Y:A1L453
Y:Q5T442
Y:Q5VST9
Y:Q9Y577
Y:P29322
Y:P68133
Y:Q9NRK6
Y:O75529
Y:Q14146
Y:O15228
Y:Q9GZT9
N:Q9P2G4
Y:Q5TCX8
Y:P28221
Y:Q99698
Y:P14543
Y:Q8WWZ3
Y:Q9H583
Y:Q9C0F3
Y:Q92736
Y:Q12836
Y:P20309
Y:Q14376
Y:P35914
Y:P04066
N:D1MPS4
Y:Q9UQ84
Y:Q5VTT5
Y:Q5RI15
Y:Q2KJY2
Y:Q9H7B4
Y:Q8WYP5
N:Q5TH74-3
Y:Q96BR6
Y:Q7Z3T1
Y:A6NH00
Y:Q8NG85
Y:Q8NHC8
Y:O43869
Y:Q8NGZ9
Y:Q8NH01
Y:Q8NH04
Y:Q9BU19
Y:O95807
N:P18577
Y:Q53GM7
Y:Q5T124
Y:E7ET48
Y:O14497
Y:Q15466
Y:Q8NAX2
N:Q8IYJ3-2
Y:O75636
Y:Q9Y6W5
Y:Q92485
Y:Q07092
Y:O60241
Y:A2VCK2
Y:P54577
N:E7EUA6
Y:O75095
Y:Q9NTQ9
Y:P35212
Y:Q6VUC0
Y:Q9HAW4
Y:O15350
Y:Q9UIF3
Y:P25067
Y:Q2M243
Y:A4FU49
Y:Q99062
Y:Q6ZSJ8
Y:O94854
N:Q96PK2
Y:Q7Z5Y6
Y:Q9BYC2
N:Q8NA29-2
Y:P50897
Y:Q13129
Y:Q7Z6W1
Y:Q14055
Y:Q9UJL9
Y:Q9UJD0
Y:P56696
Y:Q9UPW0
Y:Q5VVM6
Y:Q8N6F1
Y:Q9BV19
Y:P11166
Y:Q99848
Y:Q8IVY1
Y:P48067
Y:P06132
Y:E5KP28
Y:Q8WZA1
Y:Q8NFW5
N:P13584-2
Y:Q02928
Y:Q13461
Y:Q2M3M2
Y:Q13415
Y:Q6WRX3
Y:O00341
Y:P23786
Y:Q5VXM1
Y:Q68CQ1
N:Q3ZCV2
Y:Q8WZ55
Y:Q5VWT5
Y:O75161
Y:Q8N0U7
Y:Q8NI35
Y:Q6NV75
Y:Q5VU97
Y:B1AK53
Y:O94827
Y:Q7RTX1
N:Q5TAD5
Y:Q16518
Y:Q96NW7
Y:P32929
N:Q59H18-1
N:P11310-2
Y:O15457
Y:Q9Y6Y1
Y:Q0ZGT2
Y:Q8TF65
Y:Q99497
N:O95490-2
Y:Q9P2R6
Y:Q8WZ79
Y:Q5VT97
Y:O94760
Y:A8K7I4
Y:Q9Y3T9
Y:Q16513
Y:Q96E39
Y:Q6YP21
Y:P32455
Y:Q8N8V2
Y:Q96PP9
Y:Q9H582
Y:O00311
Y:Q03167
Y:Q92990
Y:Q99684
Y:Q9Y3A6
N:G3V388
Y:P78363
Y:Q52LW3
Y:O94985
N:O00468
Y:Q9NPJ1
Y:Q5VYV7
Y:P78504
Y:Q5JXA9
Y:O00241
Y:Q9P1W8
Y:Q15437
Y:Q9UJQ7
Y:P01213
Y:Q9BZJ0
Y:Q8NHU2
Y:Q2PPJ7
Y:O95096
Y:P15863
Y:B0ZTD4
Y:P07204
Y:Q9NPY3
Y:Q9H116
Y:Q9H114
Y:Q9H112
Y:O60676
Y:P01034
Y:P01036
Y:Q9HDC9
Y:Q9NZR4
Y:O75354
Y:Q9Y2I6
Y:Q96SM3
Y:Q9NUB4
Y:Q96KJ9
Y:P01185
Y:Q9H488
Y:Q8N4F0
Y:Q9BY32
Y:Q13424
Y:Q8NBS3
Y:Q01094
N:Q9BYN7-2
Y:Q14686
Y:P48637
N:A7E2Y1
Y:Q9BQN1
Y:P43026
Y:Q9BV73
Y:Q99829
Y:P21980
Y:P18428
Y:Q86X10
Y:Q9BZ23
Y:Q9BQK8
Y:Q9NT22
Y:Q8TD26
Y:P10244
Y:Q9BR39
Y:Q96MZ0
Y:P41235
Y:P00813
Y:Q9Y2B4
Y:Q969N2
Y:P49223
Y:Q8IUB2
Y:O14734
Y:P10619
Y:Q9H4Z2
Y:P04156
Y:O95793
Y:Q9P2E3
Y:Q96MK2
Y:Q8TDM0
Y:Q9H2P0
Y:O75362
Y:Q07973
Y:Q8NI51
Y:Q9H171
Y:Q5JWF2
Y:Q9H4B7
Y:Q5JPB2
Y:P14138
Y:Q8WUT4
Y:Q9Y5N1
Y:Q9H1P3
Y:Q16186
Y:O15230
Y:Q96BD0
Y:Q14050
Y:Q9BTC0
Y:Q9P218
Y:O43526
Y:Q9H3Y6
Y:Q9BYK8
Y:Q9H3Z4
Y:O94906
Y:Q01538
Y:Q9NQ66
Y:Q9UJQ1
Y:P98073
Y:O15394
Y:P18859
Y:P05067
Y:P57060
Y:O14867
Y:P56748
Y:Q3SYF9
Y:Q3LI67
Y:Q3LI64
Y:Q13009
Y:P00441
Y:Q9Y5B6
Y:P22102
Y:P18583
Y:P53794
Y:Q9Y6J6
Y:P15382
N:Q01196-8
Y:Q9Y3R5
Y:P50747
Y:P53804
Y:Q9NSI6
Y:P55822
Y:Q9Y2C3
Y:Q9NSI5
Y:O60469
Y:P20591
N:F8WES1
Y:P57071
Y:Q07654
Y:Q03403
Y:P57727
Y:P35520
Y:P02489
Y:P57059
Y:Q14684
Y:P56182
Y:Q15269
Y:P30042
Y:O43918
Y:O94759
Y:P60368
Y:P60369
Y:P60370
Y:P60014
Y:P05107
N:P58512-3
Y:Q9Y2G5
Y:P39060
Y:P12109
Y:P12110
Y:P48449
Y:O60318
Y:P58505
Y:Q96SF2
Y:Q5GH77
Y:Q96F46
Y:Q7Z412
N:O43272
Y:P53675
Y:Q6P5X5
Y:Q7L3V2
Y:O00192
Y:P05546
Y:O43246
N:Q8IYX3-2
Y:Q9HCN8
Y:P59817
Y:Q9UHP6
Y:P11274
Y:P15814
Y:Q6PGQ1
Y:Q8IZJ4
Y:Q8WYQ4
Y:Q9Y6J0
Y:P29274
Y:Q9UBR1
Y:Q7Z3Z3
Y:Q2NKQ1
Y:Q6ICI0
Y:P53674
Y:P53673
Y:Q96AY4
N:Q99501
Y:Q13769
Y:P35240
Y:Q13615
Y:P15018
Y:P13725
Y:P20062
Y:Q9NRA8
Y:A8K8P3
N:Q9UG56-2
Y:Q5THK1
Y:P13866
Y:Q9BWW8
Y:P35579
Y:Q8IWF2
Y:P32927
Y:P25325
N:Q8N5Z5-2
Y:Q8IU80
Y:P15153
Y:Q9UIA0
Y:Q9H2D6
Y:O75600
Y:P49674
Y:Q9UH17
Y:Q8IUX4
Y:P30566
Y:Q969V6
Y:Q99705
Y:O43808
Y:Q7Z6W7
N:Q9UGR2-2
Y:Q14106
Y:Q12772
Y:Q6ICG8
Y:P17050
Y:Q6NWU0
Y:P00387
Y:Q9NPC4
Y:Q9NP61
Y:Q13323
Y:Q8IVS2
Y:Q14166
Y:Q3SXP7
Y:O75631
N:Q8NDV3-3
Y:Q9H4K1
Y:B1AKH7
Y:Q9NTG1
Y:Q5R3I4
Y:Q9NYQ6
Y:Q9BVL4
Y:Q96RT7
Y:O15031
N:O75170-4
Y:Q9BU23
Y:O43819
Y:Q96G42
Y:P15289
Y:Q9UBZ9
Y:O14901
Y:Q8NC42
N:Q6ZV50-3
Y:Q6AI14
Y:Q96LS8
Y:Q8WUH2
Y:A6NKT7
Y:Q7Z3J3
Y:O75897
Y:P49792
Y:Q9UNE0
N:O15259-2
Y:Q12866
Y:Q9H9Y6
Y:Q8IYA6
Y:Q8NDX1
Y:Q06710
Y:Q8WV83
Y:O75461
N:Q8N608-2
Y:Q9NVP1
Y:Q7Z5L3
Y:P47872
Y:Q53S58
Y:Q7Z460
Y:Q8WYK1
Y:O00499
Y:P04070
Y:Q96ST2
Y:Q6PIF6
Y:Q6NZ67
Y:Q96G21
Y:P0CG37
Y:Q8TDV2
Y:Q8N944
N:E7EV07
Y:Q96AQ1
Y:O14513
Y:Q15042
Y:P09848
N:Q9C0I4
Y:Q9NZR2
Y:P07202
Y:Q9P267
N:Q8NI32-2
Y:Q9H3L0
Y:P98066
Y:P20929
Y:O00305
N:Q96PY5-3
Y:O60759
Y:Q04771
Y:Q9C0D5
Y:Q8N9V3
Y:O60449
Y:Q14449
N:Q9NY46-3
N:Q99250-2
Y:Q14435
Y:Q7Z4L5
N:P35498-2
N:E7EUN6
Y:Q01118
N:A4UGR9
Y:Q8IVI9
Y:O95342
Y:P98164
Y:O60662
Y:Q53R41
Y:O75746
N:G5E9H1
Y:Q53SH4
Y:Q9C0E8
Y:P35453
Y:P28356
Y:Q8N4P2
N:Q9BZF3-3
N:Q8WZ42
Y:P28290
Y:Q92765
Y:Q7Z570
Y:P02461
Y:Q9H4B0
Y:P54277
Y:P42224
Y:Q8WXX0
Y:Q9P2P5
Y:P10809
Y:Q96GW9
Y:Q8WWC4
Y:Q562F6
Y:Q06278
Y:O15232
N:Q92851-4
N:E9PGG4
Y:Q13873
Y:Q6ZS30
Y:P18827
Y:Q9HCK1
Y:A2CJ06
Y:Q5I0G3
Y:Q7Z4P5
Y:P07320
Y:P07315
Y:P07316
Y:Q0P641
Y:P49190
Y:P11137
Y:Q8N2C7
Y:P31327
Y:P04114
Y:Q86UK0
Y:P31939
N:P02751-15
Y:Q9NZC9
Y:Q9HBL0
Y:Q8TDU6
Y:Q13685
Y:Q7Z7H3
Y:P52746
Y:Q9Y276
Y:Q96BH1
Y:Q9NRP7
Y:Q14679
Y:Q02318
Y:Q9UGI9
Y:Q6ZU64
Y:Q9H9Q4
Y:Q8NC44
Y:Q7Z3C6
Y:O75716
Y:P17661
Y:Q15772
Y:O75147
Y:P05111
N:G5E9C1
Y:Q8NFT8
Y:Q9Y2T6
Y:P19338
Y:Q9HB89
Y:Q07001
Y:O60928
Y:Q676U5
N:Q9NVE5-3
Y:P22309
Y:P12111
Y:Q9BV36
N:Q6ZP01
Y:O15055
Y:O95299
Y:P35052
Y:P21549
Y:Q6IWH7
Y:Q8N465
N:Q8WWR8-2
Y:Q9NZM3
Y:O14782
Y:P40939
Y:P55084
Y:Q8IZF5
Y:Q9HC10
N:Q6UW56-3
Y:Q99726
Y:P39210
N:Q9UI10-2
Y:Q8N8E2
Y:Q9UHY1
Y:Q9UG01
Y:Q68DN1
Y:A6NGG8
Y:Q9UM73
Y:A8MX76
Y:P47989
Y:Q9UBP0
Y:Q9NR09
N:Q14766-4
Y:Q9P2D3
N:Q8N6M5
Y:Q16769
N:Q96LZ7-2
Y:Q6P158
Y:Q07889
Y:O14548
Y:Q8IVE3
Y:P42704
Y:Q07837
Y:Q99814
Y:Q96A05
Y:Q07326
Y:Q8NI22
Y:P43246
Y:P52701
Y:Q53S48
Y:P22888
N:P23945
Y:Q01082
N:Q3V6T2-3
Y:Q92968
Y:Q76N32
Y:P42331
Y:Q86XP6
Y:Q9H6X2
Y:P31483
Y:Q9UJ71
Y:O00566
Y:Q14966
N:O75923-13
Y:Q9Y2D4
N:Q8TCU4
Y:O75319
Y:Q16854
Y:Q14203
Y:Q9H977
Y:Q13724
Y:O43464
Y:P53597
Y:Q9HCS4
Y:Q6NUM9
Y:Q7Z4S9
Y:P38435
Y:Q96SQ7
Y:O95602
N:P01732-2
Y:Q9NZJ5
Y:P78536
Y:O76071
Y:O75643
N:Q9P2N6-3
Y:Q86SG2
Y:Q502W6
Y:Q16281
Y:Q9UM21
Y:Q6NV74
Y:Q8WV92
Y:Q9BZV3
Y:Q9BXW9
Y:Q93075
Y:Q13740
Y:Q9UM44
Y:Q9Y2K3
Y:Q9BTP6
Y:Q5BVD1
Y:Q68DE3
Y:Q93099
Y:Q9Y2K9
Y:O75417
Y:Q9UH90
Y:P14317
Y:Q15051
Y:Q96CJ1
Y:P41180
Y:Q460N3
Y:Q15746
N:O60229
Y:Q6GMV1
Y:O75891
Y:Q2QGD7
Y:Q96N76
Y:Q8NET6
Y:P04049
Y:Q9BRQ6
Y:Q9NZ53
Y:Q99685
Y:P04843
Y:O75155
Y:Q9HA90
Y:O95243
Y:P08100
Y:Q8IZA3
Y:Q9Y4D7
N:E9PG60
N:A8TX70-2
Y:A6NMZ7
Y:P98194
Y:Q2TB18
Y:Q8NG66
Y:Q13515
Y:P05166
Y:Q8NHQ1
Y:O00755
Y:P58012
Y:Q8IWZ5
N:Q17RH7
Y:Q9UQ52
Y:Q01831
Y:Q8IZH2
Y:P46976
Y:Q969F9
N:P00450
Y:Q6ZNL6
Y:Q9H1K0
Y:Q6WRI0
Y:Q6UXP3
Y:Q96DR7
Y:Q86SP6
Y:Q9Y215
Y:Q4KWH8
Y:P43251
Y:Q9BS40
Y:P49788
Y:Q9NTJ3
Y:Q14699
Y:P14410
Y:P06276
Y:Q99574
Y:Q8IZ02
Y:Q7Z3H4
N:Q8NDX5-7
Y:P11168
Y:Q13393
Y:Q92847
Y:Q92609
Y:Q58DX5
Y:P42336
Y:Q96N46
Y:Q9UFE4
Y:Q9Y2G3
Y:Q96RQ3
Y:Q6TFL4
Y:Q70Z44
Y:Q13144
Y:Q08426
Y:Q8WWY8
Y:P04196
Y:P59025
Y:Q9H3D4
Y:Q765I0
N:Q8IVM0-2
N:E7ESK3
N:Q07912-3
Y:Q8IYW5
N:Q8TBF5
N:Q96II8-3
Y:P18077
Y:Q8N7U6
Y:Q5FBB7
Y:Q14995
Y:Q8IWV2
Y:D2JYI1
Y:A6NHJ4
Y:Q8N335
N:P16278
Y:O75718
N:E9PFU1
Y:Q99469
Y:Q9C098
Y:O15050
Y:P40692
Y:Q9Y608
Y:Q13439
Y:Q13797
N:Q9Y238-3
N:Q99836
Y:Q14524
Y:Q9BQQ3
Y:Q702N8
Y:P49238
Y:Q6ZSS3
Y:Q9UPV9
Y:P32241
Y:Q53H47
Y:Q8WTS1
Y:Q8NBK3
Y:Q8N9V7
Y:P49221
Y:Q9H5V8
Y:Q9NP91
Y:Q9NQ48
Y:Q9BQS8
Y:O00421
Y:P08590
Y:Q03431
Y:Q9BYW2
Y:O43157
Y:Q96ER9
Y:Q8WXE1
Y:Q9NSU2
Y:Q02388
N:Q5Y190
Y:P55268
Y:Q14118
Y:A6H8M9
Y:P41226
N:Q04912
Y:Q12794
Y:Q9NS23
Y:O75800
Y:Q9Y4B4
Y:Q03154
Y:Q8IVS8
N:C9JXH6
Y:P63316
Y:Q9Y2I1
Y:P19827
Y:Q06033
Y:Q8IZS8
N:Q9UK61-3
Y:Q8NFM7
Y:Q9UBX0
Y:O75369
Y:P23470
Y:Q7Z3G6
Y:Q0VAK6
Y:Q9Y2L6
Y:Q6PI26
Y:Q9P232
Y:Q04446
Y:Q9Y2M2
Y:Q9UQN3
N:P28069-2
Y:P56539
Y:P30559
Y:P29320
Y:P07225
Y:Q3SXY8
Y:Q8NCE2
Y:Q9H0F7
Y:A6NKK0
Y:A6NHG9
Y:Q8NHB7
Y:Q8NHB8
Y:P36551
Y:Q96PD2
Y:Q8N5M9
Y:Q8NFR9
Y:Q8NAC3
Y:Q96HD1
Y:Q9NRM0
Y:P55157
N:P19838-2
Y:Q9C0D4
Y:Q7Z7G1
Y:Q6N021
Y:Q9H2U2
Y:Q8NEC7
Y:Q16836
Y:O95487
Y:P55212
Y:P01133
N:G5EA02
N:Q01484-4
Y:Q9H3R1
Y:Q70EK8
N:Q5G1L5
Y:Q6ZW61
Y:Q6V0I7
Y:Q9ULD6
Y:O00444
Y:Q8NHS3
Y:Q659C4
Y:Q8NFC6
Y:Q8N1N5
Y:Q9ULK6
Y:Q9Y3S2
Y:P15421
Y:Q96QV1
Y:A1A4S6
Y:B0ZBF6
Y:Q8N568
Y:P50851
Y:Q5HYK7
Y:O75879
Y:Q8IY51
Y:Q6V1P9
Y:P02675
Y:P02679
Y:Q9P2K1
Y:O95237
Y:P49146
Y:Q96LM5
Y:O43490
Y:Q8N475
Y:Q6NSI3
Y:Q9Y6A5
Y:Q86SF2
Y:P09417
N:Q9C0F1-2
Y:P15428
Y:Q9UKF5
Y:Q9ULE4
Y:Q8IZU2
Y:P20933
N:P22607-2
Y:O95202
Y:Q9P273
Y:Q8N7P3
Y:Q7Z392
N:Q96LW4
Y:Q71F23
Y:P33121
Y:Q7Z713
Y:A7E2U8
Y:Q8TBZ0
Y:O15455
Y:A5PLN7
N:P03952
Y:P03951
Y:Q14517
Y:Q9H3P2
Y:O94813
Y:Q7Z5Q5
Y:O43143
Y:Q9HD40
Y:Q9H5U6
Y:P78316
Y:P42858
Y:Q18PE1
Y:Q8WZ64
Y:Q96G03
N:Q9NZH5-2
Y:Q15399
Y:Q9Y2C9
Y:Q8NEZ3
N:P35251-2
Y:Q9UPQ0
Y:P57088
Y:Q6ZU67
Y:Q9NX08
Y:Q9P241
Y:Q6ZNB6
Y:P29973
Y:P28360
Y:Q8TC71
Y:Q8TBB1
Y:P16234
Y:P10721
Y:P35968
Y:Q86UK5
Y:O15516
Y:P57679
Y:P35913
Y:O76024
Y:Q9Y2E5
Y:P54756
N:Q6UXD7-2
Y:Q03188
Y:P30968
Y:P54855
Y:P36537
Y:Q9BY64
Y:P06133
Y:Q9Y4X1
Y:P07498
Y:Q6UX39
Y:Q9NRM1
Y:A5JJ20
Y:Q8N8Q8
Y:P02771
Y:Q6ZTQ3
Y:Q6ZV65
Y:Q5M9N0
Y:Q8TF72
N:E9PDT7
Y:Q16589
N:E9PHH6
Y:Q9NSY1
Y:Q9BSU3
Y:Q14410
Y:Q8TE82
Y:P83110
Y:O94979
Y:Q9H5L6
Y:Q6MZP7
Y:O14976
Y:Q66K79
Y:Q8N264
Y:Q7Z5P4
Y:Q14515
Y:Q9NZW4
Y:P37840
Y:Q13201
Y:O00238
Y:P21918
Y:P35475
Y:Q8N412
Y:Q86UG4
Y:Q9NXP7
N:O43314-2
Y:Q9BQG2
Y:Q969F2
Y:Q9HCS5
Y:Q15695
Y:Q9NQ86
Y:Q9Y3B3
Y:Q9Y485
Y:P51659
Y:Q695T7
Y:Q6S9Z5
Y:Q9Y6H5
Y:Q96N87
Y:O14746
Y:P20700
Y:Q96M27
Y:P35556
Y:O76082
Y:P10914
Y:Q9UHB7
Y:Q9NQC1
Y:Q9Y6B6
Y:O95486
Y:P78337
Y:Q8TF63
Y:Q15582
Y:Q9HCX4
Y:Q8TE73
Y:Q9NYF5
Y:Q9BRK0
Y:P35221
Y:E7EW31
N:Q8IWZ2
Y:Q9HD15
Y:Q9Y5E7
Y:Q9Y5E6
Y:Q9Y5E5
Y:Q9Y5E4
Y:Q9Y5E3
Y:Q96T98
Y:Q9UN67
Y:Q9Y5F1
Y:Q9Y5F6
Y:O15379
Y:Q86WN1
Y:Q01959
N:Q08174-2
Y:P04150
Y:O75962
Y:Q8TEC5
Y:Q15319
Y:P00995
N:Q9NQ38-3
Y:Q8TF17
Y:O94929
Y:Q8TED9
Y:Q8TAA5
Y:Q8NBM8
Y:A1IGU5
Y:Q86YN6
Y:P50443
N:Q12766
Y:P07333
N:Q13428-7
Y:Q96RE9
Y:Q495M3
Y:Q9NYQ8
Y:P23415
Y:Q8TEQ6
Y:Q8TC56
Y:Q08881
Y:Q0D2K0
Y:O94823
N:F5HB82
N:O75330-3
Y:Q9NT68
Y:Q9HD67
Y:P54136
Y:O75094
Y:Q96EA4
Y:Q9H2T7
Y:P52952
Y:P35548
Y:Q9BYE9
Y:P52790
Y:Q96L73
Y:Q06495
Y:P00748
Y:Q7L591
Y:O75360
Y:O60765
Y:Q86Y25
Y:O95450
N:A6NFR6-4
Y:Q13501
Y:Q66K14
Y:Q9ULM6
Y:P35916
Y:P26572
Y:Q8NB50
Y:Q9C029
Y:P26639
Y:P58397
Y:Q9UHK6
Y:Q6PF05
Y:Q9BYV1
Y:Q9C093
Y:Q6KC79
Y:P39905
N:B4DLN2
Y:P10643
Y:P13671
Y:P55809
Y:P10912
Y:Q9NP92
Y:Q8N3A8
Y:Q8TE57
N:P17301
Y:O96033
Y:Q12988
Y:P49863
N:Q86Y33-2
Y:Q13233
Y:Q86T96
Y:P36406
N:Q96RT1-2
Y:P27986
Y:Q86Z20
Y:Q16625
Y:Q16637
Y:A6H8Y1
Y:Q9HCC0
Y:P46821
Y:Q92552
Y:Q8TED0
N:Q8N1W1-4
N:P07686
Y:Q969S9
Y:Q9Y6X4
Y:Q9P109
N:Q9Y5P4-3
Y:Q8NA72
Y:O00254
Y:Q13576
Y:O95263
Y:O00203
Y:Q08462
Y:Q6ZUX7
Y:P15848
Y:Q8N3K9
Y:P35443
Y:Q9BXG8
Y:Q7Z3T8
Y:P20585
N:F5H5A5
Y:Q8WXG9
Y:Q13591
N:Q8IV33
Y:Q96LP2
Y:O94955
Y:P29120
N:P20810-6
Y:Q9UIQ6
Y:Q9BVS4
Y:Q8NE79
N:Q8NFS9
Y:Q5T4I8
Y:Q9Y4K1
Y:A7XYQ1
Y:O75603
Y:Q5TCS8
Y:Q86VW1
Y:Q5TF39
Y:O60673
Y:O43734
Y:P42685
Y:Q9H0U9
Y:Q5R3K3
Y:Q5T215
N:O15131
Y:Q8HWS3
Y:P08922
Y:P26678
Y:P15822
Y:P17302
Y:Q92484
Y:Q8NI08
Y:P24043
Y:P05089
Y:P22413
N:O95677-4
Y:Q9Y450
Y:Q8N157
Y:Q99683
Y:P15260
Y:P21580
Y:Q008S8
Y:P28336
Y:Q5TFG8
Y:Q9UM63
Y:P46939
Y:O95278
Y:Q13255
Y:Q5TGI4
Y:O94885
Y:A2A288
Y:O95835
Y:Q8TD07
Y:Q6PHW0
Y:Q9ULL1
Y:Q02952
Y:Q9H993
Y:P03372
Y:Q8NF91
Y:Q8IVF5
N:G3XAA0
Y:Q8N103
Y:P17987
Y:O15245
Y:O15244
N:P08519
Y:Q12948
Y:P00747
Y:O60260
Y:Q5T5N4
Y:O15178
Y:O00584
Y:Q9BWV7
N:Q12799
N:P55196-5
Y:Q9UIL4
Y:Q8IZS6
Y:Q5T6L9
Y:Q6VVB1
Y:O00716
Y:Q06945
Y:Q8IZ57
Y:P80108
N:G5E949
Y:Q5VV43
Y:Q9NPJ3
Y:Q5VZK9
Y:O76038
Y:Q9Y2C5
Y:Q30201
Y:P58876
Y:O00478
Y:Q86YV6
Y:Q9UJN7
Y:Q96S55
Y:Q9GZK3
Y:Q15776
Y:Q969J2
Y:O75715
Y:O76000
Y:Q9UGF6
Y:Q9GZK4
Y:O15205
Y:Q9UBS5
Y:Q9BZY9
Y:Q8NE71
N:F8VX15
Y:Q6NYC8
N:Q08345-5
Y:Q5ST30
Y:Q9UIG4
Y:Q9UIG5
N:Q8TD31-2
Y:P10321
Y:Q96QC4
Y:Q06643
Y:O95873
Y:Q9UKT1
Y:Q99519
Y:Q53GD3
Y:B4E1Z4
Y:O77932
N:P22105-3
Y:P40425
Y:Q99466
Y:Q9BVA1
Y:Q03519
Y:P28062
Y:Q03518
Y:O15209
Y:Q9BW19
N:O60888-2
Y:Q86T20
Y:Q92625
Y:P36508
Y:Q9HB96
Y:O00294
Y:Q96RN1
Y:O15264
Y:Q9Y603
Y:Q7Z6J4
Y:Q5TGL8
Y:Q96JB1
Y:Q96T54
Y:Q7Z4U5
Y:Q8IV45
Y:O75521
Y:O43559
N:Q2TBC4-3
Y:P43080
Y:Q96PN7
N:P23942
Y:Q6AI39
Y:Q6ISU1
Y:Q14749
Y:Q13608
Y:Q14999
Y:Q5VUA4
Y:Q5JTD7
Y:Q9Y253
Y:Q8N319
Y:Q9UMQ6
Y:Q5JTZ9
Y:Q13950
Y:Q9UJA9
Y:Q13093
Y:Q16819
Y:Q5T601
Y:P22033
Y:Q7L2Z9
Y:P08F94
Y:Q5JVL4
Y:Q9Y6G1
Y:Q9UPZ9
Y:P48506
Y:Q9H511
Y:Q96P44
N:P00488
Y:Q5TDP6
N:Q5T1H1-1
Y:Q8NHY5
Y:Q8IYB5
N:Q92766-2
Y:Q5JSQ8
Y:P15924
Y:Q99715
Y:Q7Z7B0
Y:Q8NBS9
Y:Q86VQ0
Y:P21953
Y:Q96IP4
Y:Q9P2D0
Y:Q5JWR5
Y:P48163
Y:Q9H1N7
Y:Q5TB80
Y:O60281
Y:Q96KF7
Y:Q9NU23
Y:Q9NU22
Y:Q9P032
Y:Q6ZRQ5
Y:Q70EL2
Y:P01588
N:F5H0T8
Y:Q685J3
Y:P05121
Y:Q86VF5
Y:Q9H875
Y:Q8NEE6
N:Q8N2F6-2
Y:Q99543
N:P78509-2
Y:O43511
Y:P40879
Y:P09622
Y:P07942
Y:Q92823
Y:Q9H3W5
Y:Q9NRM2
Y:Q16821
Y:P13569
Y:Q8WZ74
Y:P23471
Y:Q8WVZ7
Y:Q8NA54
Y:Q8WXK1
Y:Q8N2E2
Y:Q9NUX5
Y:Q9Y6U3
N:O43316-4
N:A4D0Z6
Y:Q96JN2
Y:Q14315
Y:P15085
Y:Q9BYV8
Y:Q9HCM2
Y:P07738
Y:P21246
Y:Q70SY1
Y:Q9HCM3
Y:Q7Z2W4
N:P24557
Y:Q9NYW5
Y:O43451
Y:Q8IYP2
Y:P07477
Y:Q15942
Y:Q6IF42
Y:Q9UHC6
Y:Q8IY33
Y:Q9UG22
Y:Q8WWP7
Y:Q3YBM2
Y:P19801
Y:Q12809
N:Q96P47-4
Y:Q9P2E5
Y:Q9UGJ0
Y:Q7Z4T8
Y:Q8NEZ4
Y:Q96EV2
Y:Q15465
Y:Q6ZNB7
Y:Q5C9Z4
Y:Q86XI2
Y:Q15672
Y:Q6ZN28
N:Q96DT5
Y:Q9BYI3
Y:Q9Y5X2
Y:Q8IXQ5
Y:Q9NRB3
Y:O60443
Y:Q8NES3
Y:Q6PJG6
Y:Q9Y4A8
Y:Q6IPM2
N:P49639
Y:P31268
Y:P31271
Y:Q400G9
Y:Q8IXL6
Y:P41250
Y:Q02643
Y:Q9H0P0
Y:Q6W5P4
Y:Q9BSE4
Y:P78424
Y:Q7Z5N4
Y:Q14004
N:Q9HAC7-2
Y:P10071
Y:Q9BYC8
N:P35557-2
Y:O15498
N:D3DVK9
Y:Q9NY93
Y:Q8NF64
Y:P08833
Y:Q68CZ2
Y:Q8TDX9
Y:P85037
Y:Q86UQ4
Y:Q6PIW4
Y:P20711
Y:O75128
N:Q9Y4P8-4
Y:P00533
Y:Q9NS86
Y:P60709
Y:P40227
Y:Q9Y6H1
N:Q9NWF9-1
N:Q9H9J4-2
N:A8MUV8
Y:Q8IYX0
Y:Q8NCG7
Y:P08236
Y:A4D2P6
Y:Q9Y3A5
Y:B2RC85
Y:Q6UE05
N:P15502-2
Y:O00291
N:Q59ED7
Y:Q86UW9
N:Q8N3S3-3
Y:P16671
N:Q9Y6V0-5
Y:Q9Y222
N:P21439-2
Y:P08183
Y:Q9UBU7
Y:A4D1E1
Y:A4D1F6
Y:O43933
Y:Q5K651
Y:Q8IVG5
Y:P0CE71
Y:Q9UHR4
Y:O75127
N:Q75MK2
Y:Q8NHA4
N:Q9C037-2
Y:P49848
N:Q7Z7G8-2
Y:Q07617
Y:Q7LG56
Y:Q6UWB4
Y:P0C853
Y:O60353
N:A6NKC6
Y:Q9H295
Y:Q96RS6
Y:Q86WI1
Y:Q96KS9
Y:Q969S2
N:Q9UHF7-2
Y:P37268
Y:Q96HR3
Y:Q16394
Y:Q6R6M4
N:Q13822-2
Y:Q05707
N:P27216-2
Y:Q6P1N9
Y:Q12768
Y:Q06416
Y:O43525
Y:Q96QB1
Y:Q86X45
Y:P01266
Y:Q49AJ0
Y:Q9NPC2
N:Q96Q05-2
Y:A2RUS2
N:Q6ZUA9
Y:P55000
Y:P15538
Y:P19099
Y:Q969P6
Y:P57764
Y:A6NGR9
Y:Q6XQN6
Y:O75123
Y:Q8TD08
Y:Q6ZRV2
N:E9PPU0
Y:Q15149
Y:Q76KD6
Y:A6NE52
Y:Q8N531
Y:Q6P5W5
Y:Q96HA7
Y:Q96AC6
Y:Q50LG9
N:Q9C0H5-2
Y:Q8IZ26
Y:Q6ZMY9
Y:Q9GZQ3
Y:P17020
Y:Q9NP95
Y:Q9Y216
Y:Q15198
Y:Q9ULD2
Y:Q08830
N:Q15154
N:O15013-5
Y:Q8TC21
Y:P06858
Y:P54219
Y:P21281
Y:P54296
Y:Q08495
Y:O43593
Y:Q9H6H4
Y:Q8N145
N:P11686
Y:P13497
N:Q9UBN6
Y:Q9NYZ2
Y:O15204
Y:Q9H7D0
Y:P01148
Y:Q69YH5
Y:Q9UPQ4
Y:Q15822
Y:Q68CJ6
Y:Q96T53
Y:E5RIG2
Y:Q9UJV8
Y:Q14191
Y:Q9H9V4
Y:O94903
Y:Q96PE1
Y:Q6WKZ4
Y:P13945
Y:P49675
N:P11362-2
Y:Q9Y3Q7
Y:P00750
Y:Q9NVV9
Y:Q96K19
Y:Q68CP4
Y:Q14159
N:P78527
Y:Q9HAE3
Y:Q8TDY2
Y:O75608
Y:Q9H6I2
Y:P56715
Y:P00540
Y:Q8N3Y7
Y:O00560
Y:P35219
Y:Q9P2D1
Y:Q8NEM0
Y:Q8N8D7
Y:Q96JH7
N:Q1MSJ5
Y:Q9H2Y9
Y:Q99502
Y:O75762
Y:Q92953
Y:Q9BUB7
N:Q86YV5
Y:P02689
Y:Q5PT55
Y:P57768
Y:Q9C099
Y:P00915
Y:P00918
Y:Q8N8Y2
Y:O75131
Y:Q9NQW8
Y:O43353
Y:A1XBS5
Y:Q5HYA8
Y:Q75QN2
Y:O96020
Y:O00339
Y:Q6P6B1
Y:Q9UJ68
Y:Q9P1Z9
Y:P23025
Y:O00358
Y:Q8IXK2
Y:P39059
Y:P36897
Y:Q9Y283
Y:Q5BKX8
Y:P05062
Y:Q9Y5R5
Y:Q8NGS4
Y:Q8NGS5
Y:Q8NGS7
Y:Q8NGS9
Y:Q8NGT0
Y:Q8NGV5
Y:Q9BS92
Y:O95477
Y:Q9Y614
N:Q9Y2D5-4
Y:Q5JTZ5
Y:Q4LDE5
Y:Q6UWL2
Y:Q9BY10
Y:Q9Y6Q3
Y:P13716
Y:Q96FN5
Y:Q8IZC6
Y:Q7Z591
Y:P24821
Y:O00206
N:C9J1K8
Y:Q5VZ52
Y:Q8NGR8
Y:Q8NGR6
Y:Q8NH93
Y:Q8NGR4
Y:Q9HCK0
Y:Q8TEH3
Y:Q7Z7M1
Y:Q13285
Y:Q5JTN6
N:Q14C86-6
Y:Q9UKU9
Y:Q5VVW2
N:P61764-2
Y:Q5JU67
Y:Q9ULV3
Y:Q08379
Y:Q5T4B2
Y:Q9UPQ8
Y:Q5SRE5
N:O75970-2
Y:O14684
Y:Q9Y2K6
N:Q8NDA2
Y:P00966
Y:P35658
Y:Q5JSZ5
N:Q9Y6A1-2
Y:Q7Z333
Y:Q9H8H2
N:Q9Y5Q8-3
Y:Q15526
Y:Q76LX8
Y:Q86TH1
Y:Q9UL12
Y:Q15059
Y:P20908
Y:Q5T8A7
N:Q7Z4J2
N:B9EGP2
Y:Q5T5Y3
Y:Q9BSL1
Y:F1T0D9
Y:Q5SXM2
Y:Q96C92
Y:Q9NRR6
N:O15027
Y:P46531
Y:O15120
Y:Q5T5S1
N:Q6UXC1-2
Y:Q6ZST4
Y:Q6ZV77
Y:Q9Y5L3
Y:Q9UKM7
Y:Q2I0M4
N:Q8N7X2-4
N:Q86UR1-2
N:Q6ZV29-5
Y:Q9H9B1
Y:O95813
Y:Q5H8C1
Y:O75475
Y:Q6TFL3
Y:Q6ZN30
Y:Q7Z4H7
Y:Q9UI40
Y:Q5VW36
Y:P05000
Y:P01568
Y:P01570
Y:P01569
N:Q6DJX8
Y:P42771
Y:Q8N726
Y:P98155
Y:Q02763
Y:Q7Z2E3
Y:Q5T6F2
Y:Q5T7B8
Y:Q8NCR6
Y:P07902
Y:Q6ZU69
Y:Q5VYM1
Y:P55072
Y:Q15569
Y:P20594
N:Q9Y223-2
N:F6S928
Y:Q5SYB0
Y:Q15464
Y:Q8IVF6
Y:Q5VVP1
Y:Q4ADV7
Y:Q96PU4
Y:P23378
Y:Q4UJ75
Y:Q16595
Y:Q9UDY2
Y:Q8IY18
Y:Q9BX84
Y:Q92824
Y:Q96RL7
N:E9PHX5
Y:Q9Y617
Y:Q6ZQQ2
Y:P23468
Y:Q5T6V5
Y:Q9H9A7
N:Q16620-4
Y:Q5VYS8
Y:P07711
Y:O15269
Y:Q9NQL9
Y:Q00597
Y:Q13635
N:Q5T890
Y:P37058
Y:Q06187
Y:P06280
Y:P05543
Y:P29400
Y:O43602
Y:Q96EU7
Y:P42263
Y:O60880
Y:Q01968
Y:P00492
Y:Q13642
Y:O60481
Y:P0DI81
Y:P00740
Y:Q06787
Y:P22304
Y:Q13496
Y:P33897
Y:P32004
Y:P30518
N:P51608-2
Y:P04001
Y:P50402
Y:P31150
N:P11413-3
N:Q9Y6K9-2
Y:P00451
Y:O76039
Y:P46019
Y:P08559
Y:P51812
Y:O43462
Y:P78562
Y:Q96QS3
Y:P51843
Y:P51811
Y:P04839
Y:P00480
Y:Q00604
Y:Q2M3X9
Y:O75695
Y:P27918
Y:Q9H237
Y:P42768
Y:P15976
Y:P08247
Y:O60840
Y:O60826
N:P51795-2
Y:O95972
Y:P41229
Y:Q14683
Y:Q99714
Y:Q9UPP1
Y:P22557
Y:Q9UHD9
Y:O43307
Y:P10275
Y:Q92838
Y:P31785
Y:P08034
Y:P08842
N:O75027-2
Y:P46100
Y:Q04656
Y:P00558
Y:Q9Y462
Y:Q8WVV4
Y:P23352
Y:P51810
N:Q8TAB3-2
Y:O60687
Y:Q05066
