sys:1: DtypeWarning: Columns (3) have mixed types. Specify dtype option on import or set low_memory=False.
Y:Q96JB6
Y:Q8N2H3
N:D3DR62
Y:Q8WWQ2
Y:Q9NRU3
Y:Q9NQZ7
Y:Q7KZN9
Y:Q92887
Y:Q6XZF7
Y:P15169
Y:O15111
Y:Q69YN2
Y:Q6QNY1
Y:Q9P0L9
Y:O00767
Y:Q93098
Y:Q9NQW1
Y:Q9NWT6
Y:Q02962
N:B1AL17
Y:Q96RR1
Y:Q96I82
Y:Q9Y297
Y:Q9UGP5
N:P55075-4
Y:O75607
Y:Q5VV67
Y:O75364
Y:Q92538
Y:Q9UMX1
N:Q9NX94-2
Y:P05093
Y:Q9H8M5
Y:P49902
Y:Q15542
Y:Q14690
Y:Q9HA72
Y:Q8IU99
Y:Q9H668
Y:Q9UMD9
Y:Q86XK3
Y:Q8NDM7
Y:P78417
Y:Q9H4Y5
Y:Q5T655
Y:Q16690
Y:Q5T481
Y:Q53EL6
Y:Q9UQ13
Y:Q9HCL2
N:Q9ULC5-3
Y:Q9H6R6
Y:Q14520
Y:Q86VF7
N:P55210-3
N:Q5SXH7-4
Y:Q6PJP8
Y:Q8NBF2
N:P08588
Y:Q7Z3E2
N:Q9BXT4-3
N:Q5GFL6-2
Y:Q8N4X5
Y:O14639
Y:Q5W0V3
Y:Q8WWH5
Y:Q5VV63
Y:P56159
Y:Q96DC8
Y:Q17RR3
Y:P54315
N:Q8WW14
Y:Q7Z418
Y:Q8NEN9
Y:Q7L804
Y:P49683
Y:Q9HAU5
Y:Q14152
Y:P30048
Y:Q96HY7
Y:O95817
Y:Q9Y6Y8
Y:Q9NS39
N:P21802-18
Y:O95359
Y:Q32M84
Y:Q9HB21
Y:P0C7Q2
Y:Q92743
Y:Q9UGM3
Y:Q5SQS8
Y:Q86UP6
Y:Q8N5W8
Y:Q8IV42
Y:P45954
Y:Q8N436
Y:P04181
Y:Q9H008
Y:Q5VZQ5
Y:Q8N119
Y:P10746
Y:Q7L7V1
Y:Q8TC84
Y:O43184
Y:Q96M02
Y:Q6ZSG2
Y:Q14185
Y:Q8NCR9
Y:P46013
Y:B4DEE8
N:Q96CV9
Y:O76003
Y:Q7L590
Y:O14832
N:Q66LE6
Y:Q5VZ66
Y:Q86UX6
Y:Q6NUJ5
Y:Q14642
Y:Q9C056
Y:Q8IYW2
N:Q5SR76-1
N:Q86SQ6-1
Y:Q76NI1
Y:Q5T230
Y:O95231
N:P78325
Y:Q9BSJ2
Y:A6XND8
Y:P30084
Y:P05181
Y:Q8N0S2
Y:Q96SD1
Y:Q5JSS6
Y:Q8N326
Y:P78345
Y:Q96BW5
Y:O60494
Y:O14717
Y:B0YJ81
Y:Q504Y0
Y:Q08289
Y:Q6UX71
Y:O76041
Y:Q5VZT2
Y:Q9UBI1
Y:O75602
Y:P48426
Y:Q5W041
Y:Q9Y3D2
Y:Q5T5P2
N:Q5T5U3
Y:Q8IYQ7
Y:Q5T848
Y:Q8NEV4
Y:Q05329
Y:Q7Z5R6
Y:Q5T2R2
N:Q9UPS8-3
N:Q96GX5-3
N:Q5T8D3-3
Y:Q3KNS1
Y:Q9NP72
Y:Q8IYA7
Y:Q5T2S8
Y:Q5T2T1
N:Q6UWQ5-2
Y:O95425
Y:Q9P266
Y:Q9NVV4
Y:Q7Z4V0
Y:P37275
N:Q5JRX3
Y:Q8IWW6
N:Q96M83
N:Q9H943
Y:O14786
Y:Q8TEW0
Y:Q96KN9
N:Q9BXX3
N:F8WAJ5
Y:Q06732
Y:P07949
Y:Q8N6G5
Y:Q16600
Y:Q8NCK3
Y:Q9H2L5
Y:Q5T742
Y:P17026
Y:P09917
Y:Q5T0T0
Y:Q86XD8
Y:O60269
Y:P50391
N:Q5VTM1
Y:P13928
Y:P10745
Y:Q96JD6
Y:Q68DX3
Y:Q7Z5H3
Y:Q6ZS81
Y:Q8N456
Y:Q8IW00
Y:A6NMN3
Y:Q5T292
Y:P52895
N:Q711Q0-3
Y:Q03468
Y:Q16572
Y:P28329
Y:Q9ULD0
Y:P42330
Y:Q9NR71
Y:P17516
Y:Q9NQ94
Y:Q13976
Y:Q969E3
Y:A6NHL2
Y:P11226
Y:Q7Z628
Y:Q96QU1
Y:Q5VWN6
Y:O95229
Y:Q6P6B7
Y:Q8NFU5
Y:Q13261
Y:Q00059
Y:Q96FC7
Y:Q7RTY1
Y:Q16204
Y:Q12955
Y:Q8IZC4
Y:Q96SZ5
Y:P11161
Y:Q15652
Y:Q04759
Y:Q6NUK4
Y:Q9UI47
Y:Q9UKB3
Y:Q86TC9
Y:P30039
Y:P31942
Y:Q8NFU7
Y:Q6ZVD7
Y:Q9NR30
Y:P10124
Y:Q8IYB8
Y:Q2TB90
N:P19367-3
Y:P21452
Y:Q9Y4Z2
Y:Q9BRQ8
Y:Q2T9J0
Y:Q5VUG0
Y:Q96S42
Y:Q9ULE6
Y:P14222
N:Q5T4G1
Y:Q96M53
Y:O95470
Y:P61457
Y:Q9BZD2
N:Q9H251
Y:Q9H7M9
Y:P07602
Y:Q7LGC8
Y:Q92563
N:F5H874
N:Q9NXW2
Y:Q8WWZ8
Y:Q86X67
Y:O95905
Y:Q5T0N1
Y:P20073
Y:Q4VC12
Y:Q70EL1
Y:Q9H987
N:P00749
Y:P18206
N:Q86UX2
Y:Q8WYB5
Y:Q68J44
N:F2Z2C4
Y:Q96F45
Y:Q9H2I8
N:Q12791
Y:Q8TDM6
Y:O14802
N:P23771-2
N:E3VLC8
Y:Q8IWL2
Y:P35247
Y:P50995
Y:Q00266
N:Q5SQS7-2
N:P56975-4
Y:Q96JP9
Y:A6NDA9
Y:Q9P2V4
N:P47804-2
N:Q9H7U1-3
Y:Q9ULK0
Y:Q7Z5K2
N:Q9UHM6-2
Y:O75112
Y:P36894
Y:Q9H8L6
Y:P00367
N:O95340-2
Y:P60484
Y:Q5VYX0
Y:Q5W064
Y:P07098
Y:Q5VXJ0
Y:Q5VXI9
Y:Q5VYY2
Y:Q96FJ0
Y:P62736
Y:P25445
Y:P38571
Y:P09913
Y:Q5T764
N:Q96Q89-3
Y:Q15327
Y:Q5U5R9
Y:Q8TAT2
Y:P52732
Y:Q8TAG9
Y:Q6V0L0
Y:Q9NZM1
Y:Q53EZ4
Y:P02753
Y:P51160
Y:Q70Z53
Y:O95970
Y:Q9P212
Y:P33261
Y:P11712
Y:P10632
Y:Q6P461
Y:O00151
Y:Q9BX66
Y:P54886
N:P49961-2
N:E9PCC3
Y:P04053
Y:Q6ZUJ8
N:Q8N655
Y:Q14CB8
Y:Q5JTH9
Y:Q96T76
Y:Q9GZV1
Y:Q5T681
Y:Q5T686
Y:Q5T4F4
Y:Q9NQ79
N:Q7Z5L2-2
Y:O94779
Y:P06401
Y:Q9Y210
Y:Q6W4X9
Y:Q9P2H0
Y:Q13489
Y:Q13490
Y:Q8N131
Y:O60882
Y:Q9H306
Y:P22894
Y:P09238
Y:P08254
Y:P45452
N:Q8NCM8-2
Y:P35318
Y:Q9GZP0
Y:Q8WTU0
Y:P49662
N:P51878-5
Y:Q5EG05
N:A0AUX0
Y:Q9Y5Y7
N:Q8NAB2
N:Q9Y6F6-4
Y:Q2TBE0
Y:P24752
Y:Q14207
N:Q13315
Y:B4DZF2
Y:Q8NEV8
Y:Q49AG3
Y:P35241
N:Q6UX15-2
Y:Q9H0K1
N:Q9H6U8
Y:Q9BRP7
Y:Q9H5F2
Y:Q96A22
Y:P10515
Y:Q8WWB5
Y:O14521
Y:Q03393
Y:Q6UQ28
N:P13591
Y:Q9H892
Y:P14416
Y:Q9H3S3
Y:O43264
Y:O95264
N:Q7KZM7
Y:Q8N323
Y:Q6UWF7
Y:Q96DL1
Y:Q9BRD0
Y:Q6Q788
N:P06727
Y:P02656
Y:P02647
Y:Q9Y2K2
Y:Q8NBJ9
Y:Q01995
Y:Q16549
Y:P56817
Y:Q9UPV0
N:F8VQR6
Y:Q13651
N:Q9NRS4-3
Y:Q8IWT1
Y:O60939
Y:Q86YT9
Y:Q6UWV2
Y:Q03164
Y:Q86YD3
N:Q9NQC8-2
N:O43280
Y:P32302
Y:O00526
Y:P08397
Y:Q9H3H5
N:O14523-2
Y:Q9BQA5
Y:Q9H172
Y:Q86UT6
N:Q96K76-2
Y:P22681
Y:P43121
Y:Q9BY79
Y:O75604
Y:Q9UBP4
Y:Q86UD1
Y:Q9UKI9
Y:Q9NZN5
Y:Q16099
Y:O75443
Y:O75845
Y:Q92673
Y:Q8IZY5
Y:O94851
Y:Q8TF42
Y:O95727
Y:Q6NUN7
Y:Q9H6B4
Y:Q6ZW33
Y:Q9NY72
Y:O95125
Y:Q8NH79
Y:Q8NGM8
Y:Q6GV28
Y:Q8NGN1
Y:Q8NGN2
Y:Q8NGN3
Y:Q8NGN6
Y:O00534
Y:Q8WZ84
Y:Q9GZM6
Y:Q96RD0
Y:Q8NGG8
Y:Q96RC9
Y:Q8NGG7
Y:Q96QZ0
Y:Q9HAT2
Y:Q96AP7
Y:Q9HC84
Y:Q96MS0
Y:Q8WZ75
Y:Q6WQI6
Y:Q14CZ8
Y:Q0P6D6
N:Q8TED4-2
Y:Q96KN3
Y:Q99689
Y:O14757
Y:P26436
Y:Q8WXA2
Y:Q9BZE2
Y:Q96M11
N:Q4KMG0-2
Y:Q96CM3
Y:Q96CU9
Y:Q8IZU9
Y:P48048
Y:P48544
N:Q9HCN2-3
N:P28347
Y:Q96B21
N:Q9NQV6
Y:Q9H0E2
Y:Q06481
Y:Q9Y5Y6
Y:Q8TE58
Y:Q92543
Y:Q7Z5L4
Y:Q9UKU7
Y:Q8NCI6
Y:Q9P2W7
Y:Q9BSF8
Y:P01270
Y:Q6VVX0
Y:P01258
Y:Q1MX18
Y:Q6IQ23
Y:O00443
Y:Q6L8G9
Y:P80303
Y:B2RC52
Y:Q09428
N:Q7RTU8
N:Q6ZRI0-2
Y:P07339
Y:Q9UGK8
Y:Q96ER3
Y:Q96LB0
Y:Q96LA9
Y:P35542
N:P02735
Y:Q9UPZ3
Y:P00338
Y:P07864
Y:Q8NBV8
N:A6NIV8
Y:Q68D10
N:D6RGV7
Y:P54829
Y:Q96LB2
Y:P33241
Y:Q96LB1
Y:Q8IUH4
Y:P50461
Y:Q8TD33
N:P45378-2
Y:Q16540
N:Q8IVL1-3
N:Q9BUP3-3
N:O60678
Y:Q9Y345
Y:Q92832
Y:F8WCM5
N:P07101-2
Y:Q9NTG7
Y:Q75V66
Y:Q9P2U8
Y:Q9NPI8
Y:Q9UNM6
Y:Q9Y5U2
Y:Q9NZQ8
Y:P51787
Y:Q86TE4
N:E9PII6
Y:Q1EHB4
Y:Q96HJ3
Y:Q9BXB1
N:P23560-4
Y:Q8NI77
Y:A6NJ78
Y:Q96BI1
Y:A6NNB3
Y:P01225
Y:Q01629
Y:Q9H0X9
Y:P59894
Y:P26367
Y:Q01628
N:P19544-7
Y:Q86SM8
Y:Q9BZD6
Y:Q2KHR3
Y:Q96QD5
Y:Q9NUJ3
Y:Q9H422
Y:Q9UK99
Y:Q9H0A0
Y:Q8N961
Y:Q9NZC4
Y:Q96GX9
Y:O00330
Y:P16070
Y:Q6UXH9
Y:Q86VR8
Y:Q6MZQ0
Y:P15918
Y:P55895
Y:P52961
Y:Q9GZZ6
Y:Q76KP1
Y:Q6IA17
Y:Q13586
N:A1A5B4
Y:Q96AE7
Y:Q8NGK2
Y:Q96Q83
Y:Q96QU6
Y:Q93063
Y:Q9H161
Y:P27701
Y:Q8NGK3
N:Q8WUV1
Y:Q8NGK4
Y:Q8NGK5
Y:Q96A29
Y:Q9UQF2
N:Q9Y5Y5-2
Y:Q8WZ69
Y:Q8N3Y3
Y:Q96BD5
Y:Q8NH67
Y:Q6AZZ1
Y:Q13574
Y:Q8NGF3
Y:Q9H9D4
N:Q8TCB6
Y:P00734
Y:O75096
Y:Q8N6H7
Y:Q9UKS6
Y:Q92466
Y:P11117
Y:Q8WXG6
Y:Q14896
Y:Q96H72
Y:Q13702
Y:Q6P0A1
Y:Q9Y6C9
Y:Q5U5Z8
Y:Q8N3X1
Y:Q12769
Y:A6NGY5
Y:Q12913
Y:Q8NGF8
Y:Q8NGF1
Y:Q8NH49
Y:Q6IF82
Y:Q8NGJ8
Y:Q04609
Y:Q8NH64
Y:Q8NGK0
Y:Q8NGK1
Y:Q8NGJ6
Y:Q8NGJ7
Y:P13489
Y:Q96R67
Y:Q9NRE1
Y:Q8NGJ5
Y:Q8NH60
Y:Q8NGJ4
Y:Q8NH83
Y:A6NHA9
Y:Q9H2C8
Y:P68871
Y:P02042
Y:D9YZU8
Y:Q9Y5P0
Y:P01112
Y:Q9Y5P1
Y:Q9H339
Y:Q9H340
Y:Q8IYG6
Y:Q8NH59
Y:Q9H343
Y:Q9H344
Y:Q9H346
Y:Q8NH70
Y:Q8NGL6
Y:Q9H347
Y:Q8NGL9
Y:Q8IYU4
Y:Q8NH73
Y:Q8NH72
Y:Q8NGL4
Y:Q8NGL3
Y:Q8NGL2
Y:Q8NGL1
Y:Q8NGK9
Y:Q8NGJ2
Y:Q8NH69
Y:Q13606
Y:O95221
Y:Q8N127
Y:Q8N0Y5
Y:Q8N162
Y:Q8IXW0
Y:Q8N146
Y:Q8NH50
Y:Q8NH18
Y:Q8NGG2
Y:Q8NGG3
Y:Q8NGF0
Y:Q8NG75
Y:Q8NGG4
Y:Q8NH51
Y:Q8NGG5
Y:Q8NGP2
Y:Q8NH10
Y:Q8NH85
Y:Q02833
Y:Q8NGP3
Y:Q8NGP4
Y:B2RNG4
Y:Q96RB7
Y:Q6IEU7
Y:Q8NGP8
Y:Q8NGF4
Y:Q8NGP9
Y:Q8NH87
Y:Q8NGQ1
Y:Q8NH90
Y:Q9C035
Y:P35414
Y:Q9C0C2
Y:Q08945
Y:P56373
Y:Q9Y2Y8
Y:Q8IYM9
Y:Q8NBI5
Y:O75387
Y:P05155
Y:B2RXH4
Y:O60716
Y:Q8NGI3
Y:Q8NGI2
Y:Q8NGQ2
Y:Q8NGE9
Y:Q8NH92
Y:Q8NH56
Y:Q8NGQ4
Y:Q8NGF6
Y:Q8NGF7
Y:Q96R09
Y:O60711
Y:Q96JP5
Y:P26441
Y:Q8NGI0
Y:Q6IB77
Y:Q8WU03
Y:Q96RD3
Y:Q6SJ93
Y:Q2M385
Y:Q8NGH9
Y:Q8NGI9
Y:Q8NGJ0
Y:Q8NGJ1
Y:Q8NGI4
Y:Q8NGE8
Y:Q13277
Y:Q9NX20
Y:P27352
Y:P20061
Y:Q8NH54
Y:Q01362
Y:Q9H2W1
Y:Q96JQ5
Y:Q96DS6
Y:Q9GZW8
Y:Q96JA4
Y:Q5J8X5
Y:Q9BY19
Y:Q8N5U1
Y:Q96PG2
Y:Q9H6F5
Y:Q9Y5Y4
Y:P60852
N:Q24JP5-2
Y:P30203
Y:P06127
Y:A5D8V6
N:Q9P1Y6-3
Y:Q3LXA3
Y:Q9P0N5
Y:Q9NX18
Y:Q7Z5V6
Y:Q8NH76
Y:Q92985
Y:Q9Y4D2
Y:Q9Y2G1
Y:Q9Y5Q0
Y:Q8TBN0
Y:O76090
Y:Q9HBB8
Y:Q9NQS7
Y:Q96RD2
Y:O95969
Y:Q6IF63
Y:Q09666
Y:Q8N5U0
Y:Q32P44
Y:Q03395
N:Q8N612-2
N:Q14697-2
Y:A8MUP2
N:G3XAE4
Y:Q9H5J0
Y:A0PJW6
Y:Q8IV77
Y:P32239
Y:Q6T423
N:F5H4Y9
Y:Q969G5
N:O95197-2
Y:Q9BUA3
Y:Q8IZ40
N:P21917
N:A8MU17
Y:Q9BRQ3
Y:P26885
Y:Q01970
Y:Q9NYG8
Y:Q9NTU4
Y:P30044
Y:A6NC98
N:P17405
Y:O75676
Y:Q96S37
Y:Q9P2S2
Y:Q7LDG7
Y:P11217
Y:O00255
Y:Q6DT37
Y:P02790
Y:Q2TAZ0
Y:P36404
Y:Q9NRS6
N:A6NKF1
Y:Q9UQQ1
Y:Q96FF9
Y:O95159
Y:O76062
Y:Q9UHR6
Y:Q13405
Y:P07384
Y:Q9Y5J6
Y:Q14181
Y:Q8N413
Y:Q96M86
Y:Q96KG9
Y:O60232
Y:Q8N3D4
Y:Q16584
Y:Q9H6A9
Y:Q96FS4
N:Q92993-3
Y:Q8TDP1
Y:O95967
Y:P56202
Y:O43427
Y:Q9H3H3
Y:O43290
Y:Q8N9N8
Y:O75531
Y:Q8NEC5
Y:Q96A11
Y:Q9H0B6
Y:Q9HCU0
Y:O43505
Y:O43159
Y:Q8N2H9
Y:Q9NY33
Y:Q8NFJ9
N:Q08043
Y:O14773
Y:O15020
Y:P11498
Y:Q6PJG9
Y:Q8IV01
Y:Q8TE77
Y:Q9HCU8
Y:Q9UBD9
Y:Q99638
Y:A5YM72
Y:Q9UBS0
Y:Q14761
Y:Q8TDT2
Y:P57796
Y:Q9NPB3
Y:P09211
Y:P49821
Y:O75333
Y:Q96HD9
Y:P48448
Y:O00217
Y:Q13488
Y:A6NM03
Y:Q96F05
Y:Q9H205
Y:O75197
Y:O95222
N:Q5H9R7-5
Y:P22466
Y:Q9Y4I5
Y:P50416
Y:Q9H207
Y:P38935
Y:Q96AM1
Y:Q8NHX9
Y:Q9H208
Y:Q9H209
Y:Q96EZ4
Y:Q9H210
Y:Q8NGH3
Y:Q9UL58
Y:P11487
Y:Q5XXA6
Y:Q13158
Y:Q13136
Y:Q9UL59
Y:Q86W24
Y:O75526
Y:Q9UBM7
Y:Q6IA69
Y:P26371
Y:Q9NVL1
Y:Q8NET1
Y:O95998
Y:Q14980
Y:Q8WZ04
Y:O15357
Y:O14813
Y:Q9H078
Y:O00408
Y:Q96P48
Y:P41231
Y:Q96PE2
Y:Q9BRP4
Y:P55851
Y:P55916
N:Q4AC94-1
Y:Q7Z4N8
Y:Q6PCE3
Y:Q9Y6H6
N:Q6WN34-2
Y:Q6P2D8
N:A8K327
Y:O94956
Y:Q6UWY5
Y:Q8WTR4
Y:P50454
Y:Q96JE9
Y:Q3SYC2
Y:Q96PD7
Y:Q14392
Y:Q8WUA8
Y:P47874
Y:Q13402
Y:Q6BCY4
N:Q6W3E5-2
N:Q7RTZ1
Y:Q96T23
Y:O95298
Y:Q9BVK2
Y:Q9P2H5
Y:Q8WZ92
Y:Q96I59
Y:Q8WZ94
Y:Q9H936
Y:Q8NH74
Y:P58181
Y:O00303
Y:Q9HB75
N:Q7Z5B4-5
Y:Q96AD5
Y:A6NEQ2
Y:P42785
Y:Q8IXT1
N:Q8N4Y2-3
Y:Q9GZT6
Y:P48509
Y:Q9BYT3
Y:Q9H061
N:Q8IWF9-2
Y:Q6ZN84
Y:Q16798
Y:Q9ULV1
Y:Q86UB9
Y:Q9BWS9
Y:P78524
Y:P53634
Y:P14679
Y:Q9NQ31
Y:Q9NQ32
Y:P0CI25
N:Q9NQ33
Y:Q9Y3Q0
Y:Q9UHD1
Y:Q9NQ36
N:Q8TDW7-3
Y:Q6IQ26
Y:P49286
Y:Q05D60
Y:Q9C0D2
Y:Q9NVC6
Y:Q6MZM0
Y:Q96RD7
Y:Q9NYM4
Y:P49959
Y:P22083
Y:Q7Z3Z4
Y:Q8IY63
Y:Q6B0I6
Y:B2RXH2
Y:O94919
Y:P58005
Y:P52747
Y:Q86XR8
Y:Q13614
Y:Q8IZL2
Y:Q8N4S0
Y:Q9UH65
Y:Q86WG5
Y:Q8NEG0
Y:A0JNW5
Y:Q8N2C3
Y:Q6UVW9
Y:Q6P3W7
Y:Q8NDX2
Y:Q86XJ1
N:Q32M45-2
Y:Q5QGZ9
Y:Q9P126
Y:Q2HXU8
Y:O75691
N:G3XAE8
Y:Q8WUD6
Y:Q3T906
Y:Q8NC01
Y:Q9NWS1
Y:Q9BXN2
Y:P05019
Y:P00439
Y:Q96LP6
Y:Q8WWQ8
Y:Q69YU5
Y:Q13569
Y:Q9H1C3
Y:Q13241
Y:Q8N5I9
Y:Q2M389
Y:Q8NEU8
Y:O43908
Y:P26715
Y:O60285
Y:Q8N4U5
Y:Q9NW08
Y:Q49AM1
Y:Q6J9G0
Y:Q13610
Y:Q2TBF2
Y:Q15020
Y:Q9H1K1
Y:Q4V9L6
Y:Q14242
Y:Q70CQ3
Y:Q6NS38
Y:P13051
Y:Q9NYW3
Y:Q9NYW2
Y:O00763
Y:Q9NYW1
Y:Q9NYW0
N:F5H3C6
Y:Q7Z3V4
Y:Q16378
Y:Q96EY8
Y:Q03426
Y:Q9HBA0
Y:Q9BT92
Y:Q14161
Y:Q8IZ07
Y:Q9NYV9
Y:P16615
N:P02810
Y:Q9NYV8
Y:P10916
Y:P59544
Y:P59543
Y:P59542
Y:P59538
Y:Q9UQQ2
Y:Q99700
Y:P59540
N:G3XAJ0
Y:Q8NCL8
N:Q06124-2
Y:P00973
Y:Q7RTR8
Y:O95294
N:Q8TDD1-2
Y:Q96K30
Y:Q8IUD2
Y:Q6J4K2
Y:Q8NHP8
Y:Q9Y4C8
Y:Q99593
Y:O15119
N:P02812
Y:Q71F56
Y:Q9H741
Y:Q8N3Y1
Y:P29475
Y:P40937
Y:Q8N0Z9
Y:Q9H2K8
Y:A7MD48
Y:Q9UJY1
Y:Q8IWA6
Y:O14578
Y:P49023
Y:O43716
Y:Q5HYK3
Y:P16219
N:P20823
Y:Q96C57
Y:Q15646
N:Q99572
Y:Q99571
Y:Q96RR4
N:Q96D31
N:P32754
Y:O00233
Y:Q8TBY9
N:Q4VC05-2
Y:Q8N309
Y:Q9C0J1
Y:Q9NR28
Y:Q96AX1
N:P30622-1
Y:O75581
Y:Q8TDS4
Y:Q9BXC0
N:Q6P9F0-2
Y:O75146
Y:Q9NP78
N:Q66PJ3
Y:Q9BZ72
N:Q99550
N:A3KN83-2
Y:Q8NHQ9
Y:Q14232
Y:Q9Y487
Y:Q8IVF4
Y:Q53HC0
N:Q9Y618
Y:Q9H8J5
Y:Q969J3
Y:Q8IY37
Y:Q86V21
Y:Q9BY84
Y:Q15760
Y:Q8N3T6
Y:Q8N697
Y:Q14C87
Y:Q8NFJ5
Y:Q96J94
Y:O15034
Y:Q9NZD1
Y:P32856
Y:Q6QNK2
Y:Q12872
Y:O75385
Y:Q9Y606
Y:F1T0A1
Y:Q8N8A6
Y:Q9HCM7
Y:Q07864
Y:Q86XL3
Y:Q08378
Y:P52738
Y:P21506
Y:Q14587
Y:Q495D7
Y:Q13224
Y:Q6VMQ6
Y:Q6P4A8
Y:P25092
Y:A2RU48
Y:Q5U649
N:Q93070
Y:P08493
Y:Q96DN0
Y:Q8N1E6
Y:Q9H628
Y:O75747
Y:Q86V24
Y:Q86YW0
Y:Q7Z3S7
Y:Q8N967
Y:Q14432
Y:Q8IZD4
Y:Q9NPD5
Y:Q9Y6L6
Y:P46721
Y:P10997
Y:P46063
Y:P54840
Y:P07195
Y:Q15842
N:Q13936-11
Y:P35711
N:Q9UPP2-2
Y:C9JDV5
N:Q12912
Y:F8W8F9
Y:P01116
N:Q8N9Z9-5
Y:Q14714
Y:Q14571
Y:A8MTZ7
Y:Q8WYA1
N:Q86W92-2
Y:Q6BDI9
Y:P82673
Y:P12272
Y:Q7Z6B0
N:Q7RTY7
Y:Q08050
Y:O15397
Y:Q6IMN6
Y:A1L157
Y:Q96FC9
N:Q15561
Y:Q6ZUT9
Y:P48065
Y:Q9HCM1
Y:Q96M96
Y:O00429
Y:Q9Y2Z4
N:A0AV37
Y:Q9NSD5
Y:Q6XYQ8
N:Q9BSW2-2
Y:Q5I7T1
N:Q7Z4S6-2
Y:Q5S007
N:Q6ZMN7-2
Y:P29375
Y:Q96MT3
Y:Q9H0K6
Y:Q9NWZ3
Y:Q9H0C3
Y:Q9GZV9
N:B7Z9U3
Y:Q6ZNG2
Y:P10767
N:E9PCT2
N:Q96B01-2
Y:Q9NR20
Y:Q969I6
Y:O75969
Y:O95398
Y:P11473
Y:Q9NY28
Y:Q9BVX2
Y:P02458
Y:P08237
Y:Q52MB2
Y:Q8NGE0
Y:Q75WM6
Y:Q96N77
Y:O95626
Y:Q6X4T0
Y:Q8NH09
Y:P00709
Y:Q9H9L4
Y:O60563
Y:O43306
Y:P54284
Y:Q8IXS2
Y:O00744
Y:O94850
Y:P54619
Y:O14686
Y:O43323
Y:Q8IYM0
Y:Q09470
Y:Q7Z5W3
Y:P41181
Y:P21695
Y:Q8N5B7
Y:A6NE01
Y:Q71RC2
Y:Q86WS5
N:P49281-2
Y:Q6P1Q0
Y:Q9H175
Y:Q9UBW5
Y:Q9UNI1
Y:Q8NCL4
Y:Q2Y0W8
Y:Q9BR77
N:Q7Z3H0-2
Y:P37023
Y:P22736
Y:Q6KB66
Y:P08729
Y:Q14533
Y:O43790
Y:P78385
Y:P78386
Y:O95678
Y:P04259
Y:P02538
Y:P13647
Y:Q3SY84
Y:Q7RTS7
Y:Q14CN4
Y:Q86Y46
Y:P35908
Y:P04264
Y:Q7Z794
Y:Q01546
Y:P12035
N:P19013
Y:Q5XKE5
Y:Q8N1N4
Y:P05787
Y:P05783
Y:Q63HR2
Y:P24592
Y:O75908
Y:P26010
Y:P13631
Y:Q14674
Y:Q9HB07
Y:Q9NRG9
Y:Q16671
Y:O15130
Y:Q9P1Z2
Y:O43248
Y:P09017
Y:P55160
Y:Q13522
Y:A2RU30
Y:Q8NGE7
Y:Q8NGE5
Y:A6NCV1
Y:A6NF89
Y:Q96RD1
Y:A6NL08
Y:A6NJZ3
Y:Q9NZP2
Y:A6NIJ9
Y:Q8NGE1
Y:Q8NGE3
N:B7Z1T5
N:Q13683-3
Y:Q92781
Y:Q99542
Y:P40967
Y:P51687
Y:P62854
Y:P21860
Y:Q9BSJ8
Y:Q504Q3
Y:P52630
Y:Q9UNS1
Y:P30301
Y:Q9UI32
Y:Q9UIF9
Y:P49642
Y:O15218
Y:O15060
Y:Q9UBC5
Y:O14524
Y:Q07954
Y:Q9Y2K5
Y:P55103
Y:P08151
N:Q9BRR9-2
Y:Q12840
Y:Q8TBX8
N:F8W7Z4
Y:Q8NG04
Y:Q00973
Y:Q13438
Y:F8VVT9
Y:B7Z718
Y:P11802
Y:O15528
Y:Q96AZ1
Y:Q9Y6H3
N:Q9NQ90-3
Y:P04275
N:Q7Z3U7-4
Y:P37288
Y:Q6NUT2
Y:Q3KR16
Y:P19438
Y:Q6L9W6
N:P37088-2
Y:Q96MD2
Y:P36941
Y:P15586
N:F5GYJ9
Y:P26842
Y:Q9BX59
N:Q8IXL7-2
Y:Q15021
Y:P04406
Y:Q9HC24
Y:Q9Y616
N:Q9Y3R0-3
Y:Q14839
Y:Q9GZX6
Y:Q8TC05
Y:P18627
Y:P01730
Y:P14384
Y:Q16538
Y:P16520
Y:P61626
Y:P60174
Y:Q8WU20
Y:Q8N1M1
Y:Q53EV4
N:F8VY44
Y:Q6P1A2
N:P23467-3
Y:Q15256
Y:P09871
Y:O75473
Y:O60293
Y:Q9H0W7
Y:Q8IWU9
Y:Q9NZP8
Y:P82980
Y:Q9BQT9
N:P50542-3
Y:Q9NR16
Y:Q9BXY5
Y:P48060
Y:Q86VB7
Y:Q8TAM1
Y:Q8IUH5
Y:Q96AV8
Y:P41238
N:Q8IVL0-2
Y:Q9NR23
Y:Q6W0C5
Y:Q8TDB8
Y:Q96IZ0
N:Q9UMZ3
Y:P23409
Y:Q16581
Y:Q9UMR7
Y:Q8N6Q8
Y:Q8N394
Y:Q86YD7
Y:Q9H2J7
Y:Q96JM4
Y:Q9H4A3
Y:Q9UBM8
Y:Q8WXI8
Y:Q9GZX7
Y:Q8NA57
Y:Q8N999
Y:O15078
Y:P21583
Y:Q16828
Y:Q8N4A0
Y:P78364
Y:O60938
Y:P51884
Y:P07585
Y:P01023
Y:P20742
Y:Q6ZR37
Y:O14508
N:Q9Y592
Y:Q6ZV73
Y:Q9HBM0
Y:Q9H0E7
Y:Q9HB63
Y:Q502W7
Y:Q96NU7
Y:P42357
Y:P09960
Y:P41970
N:E9PJL5
Y:Q12918
Y:Q9UHP7
Y:P42166
Y:Q00325
Y:Q9NZS2
Y:Q8N0X4
Y:O95409
Y:P05165
N:Q5T4D3-3
Y:O95965
N:Q92915-2
Y:Q5VZV1
Y:Q8NDH2
Y:Q6UW63
Y:P28715
Y:Q12908
Y:P49917
Y:Q9Y4H2
Y:P02462
Y:P08572
Y:Q9NX57
N:Q8IW45-2
Y:Q9HA77
Y:Q9NXR5
Y:Q96KW9
Y:E9PEJ6
N:P08709-2
Y:P00742
Y:Q13619
Y:P11279
Y:Q15835
Y:Q9H1J1
Y:Q96JM3
Y:Q6XPS3
Y:Q9UJ78
Y:Q9Y6H8
Y:P29033
Y:O95452
Y:Q13099
Y:Q9C0E2
Y:Q9NRM7
Y:Q8IX90
Y:P31371
Y:Q13326
Y:Q9NZJ4
Y:Q9NS68
Y:Q99797
Y:Q96N96
Y:P0C862
Y:Q9UKK3
Y:P54707
Y:Q9BXT8
Y:Q9HC77
Y:Q8N7J2
Y:Q9Y217
Y:Q9BVL2
Y:Q9Y252
Y:Q9UPY6
Y:P46778
N:Q92664
Y:Q9H2K0
Y:Q8N448
Y:P52945
Y:Q99626
Y:P36888
Y:Q5W0Q7
Y:Q5VYS4
Y:Q8WXD0
N:P51587
Y:Q9UEF7
Y:Q9Y3M8
Y:Q9NX45
Y:Q8NEM7
Y:Q8N752
Y:Q15063
Y:Q5SZK8
Y:Q86XN7
Y:Q9Y2V7
Y:Q92665
Y:Q9Y619
Y:P32519
Y:Q6N069
Y:A3KMH1
Y:Q9UKA4
Y:O14788
Y:Q8N7L0
Y:Q9Y5T4
Y:Q8TC92
Y:Q8IV20
Y:Q15714
Y:Q9UHK0
Y:Q96JB2
Y:Q5W0A0
Y:Q8NA61
N:Q5T200-2
Y:Q96IY4
Y:P13796
N:Q05C16
Y:Q9H714
N:F8W6F0
Y:P10768
Y:P28223
Y:Q9P2R7
Y:P06400
Y:P43657
Y:O95199
Y:Q9Y2H6
N:Q96T68-2
Y:Q8NDN9
Y:Q969Q4
N:O60858-3
N:Q6UYE1-2
Y:Q5TBB1
N:Q86V42-2
Y:Q6NSX1
Y:P35670
Y:Q2TAA5
Y:Q5TAP6
Y:Q6P3R8
Y:Q6ZN64
Y:Q9NS62
Y:Q8WWK9
Y:Q32P51
Y:O75829
Y:O95206
Y:Q6UX06
Y:Q9NSV4
Y:Q08AG7
Y:Q6PGQ7
Y:Q9Y2L1
Y:Q8WXW3
Y:O60343
N:E9PLH4
Y:O75503
Y:O75592
Y:O95171
Y:P24530
Y:Q9NV92
Y:O43597
Y:Q9H5Y7
Y:P78333
Y:Q9Y625
Y:O95455
Y:O15439
Y:Q86YF9
Y:Q9NYU1
Y:Q8IZP7
Y:Q8IZP6
Y:Q9Y4F1
Y:P46059
N:Q9BZ29
Y:Q96JK4
Y:O00423
Y:Q64LD2
Y:P80370
N:E9PKS8
N:Q6ZN33
Y:Q14204
Y:Q9UQ07
N:A8K0R7-5
Y:Q9BW66
Y:O15040
Y:Q13114
Y:Q9BXJ7
Y:Q9Y5S2
Y:Q17RC7
Y:Q03169
N:P27448
Y:O43542
Y:P56378
N:Q86U10-3
Y:Q27J81
Y:Q96BZ4
Y:Q8IVF2
N:Q9Y219-2
N:E9PB38
Y:Q13330
Y:P01877
Y:P01857
Y:Q8NH05
Y:Q8NGD0
Y:Q8NGD1
Y:Q8NGD2
Y:Q8NGD3
Y:Q8NGD4
Y:Q8NH41
Y:Q8NH42
Y:Q8NH43
Y:Q8IXE1
Y:Q8NGC1
Y:Q8NGC7
Y:Q8NGC9
Y:Q8N0Z6
Y:Q9UGN5
Y:Q99973
Y:A6NCF5
Y:P27695
Y:P00491
Y:P60153
Y:Q8TAA1
Y:Q8NH40
Y:P03950
Y:P34096
Y:Q14507
Y:P56851
Y:Q93091
Y:P12724
N:Q9H7H0-3
Y:Q9NP94
Y:Q9UN36
Y:Q9H1E1
Y:Q8TDE3
Y:Q8TER5
Y:Q8NGC0
Y:Q96KN7
Y:Q9Y467
Y:Q8NGC4
Y:Q8NGC3
Y:Q8NGC2
N:Q15070
Y:Q9UM01
Y:Q86TS9
Y:P50281
Y:Q7Z4F1
Y:Q8IYK8
Y:Q86U06
Y:Q9H972
Y:P28074
Y:Q9UKV3
Y:Q9NWQ9
Y:Q8IX15
Y:O43281
Y:P13533
Y:P12883
Y:Q8NEJ9
Y:Q9BU02
Y:O75843
Y:Q8ND23
Y:P54845
N:Q16822
Y:Q8TEB1
Y:Q9UL46
Y:Q96EP0
N:O95072
Y:Q8TEX9
Y:Q6SA08
Y:Q9P2T1
Y:Q9BSI4
Y:P22735
Y:Q96LJ7
Y:Q86U38
Y:Q9Y572
N:Q14934-3
Y:Q9P2P1
Y:O15037
Y:P23946
Y:P08311
Y:P20718
Y:P10144
Y:P55316
Y:Q7L622
Y:Q8WVM8
Y:O43405
Y:Q13033
Y:Q9ULT8
Y:Q8TB37
Y:Q13023
Y:Q9Y281
Y:Q9NRL2
Y:O15091
Y:P25963
N:Q6GYQ0-2
Y:Q9NS73
N:P43699-3
Y:P55771
Y:Q9BQT8
Y:Q8TD10
Y:P55317
N:G3V3A5
Y:Q15436
Y:Q9H307
Y:O15320
Y:Q5H9T9
Y:Q9NXS3
Y:Q9Y4F4
Y:Q6P0N0
Y:Q7Z553
Y:Q96L50
Y:Q10469
Y:Q9NVR5
Y:O60524
N:A1A4T8-2
Y:Q9H867
Y:Q07890
Y:Q9H9P8
Y:Q99766
Y:Q9Y4K4
N:G5E9T1
N:Q8N4C6-7
N:Q7Z5M8-2
Y:P06737
Y:Q9C026
Y:Q14112
Y:Q13258
Y:Q9P2K2
Y:Q8N3F9
Y:P12644
Y:Q99675
Y:P30793
Y:O75717
Y:P17931
Y:Q15398
Y:Q9NWN3
Y:Q6ZNE5
Y:Q6SJ96
Y:Q9NX78
Y:F1T0D1
Y:O00471
Y:Q9H0R1
Y:Q9NVL8
Y:P29374
Y:Q9NYF0
Y:Q8IZ08
Y:Q96EM0
Y:Q16799
Y:Q63HM2
Y:Q8N1H7
Y:O95475
Y:Q15475
Y:Q9UIU6
Y:P51948
Y:Q32P41
Y:Q8IZM9
Y:P24723
Y:Q16665
Y:Q17RD7
Y:Q8NCM2
N:Q8WXH0-2
Y:P24588
Y:Q96LQ0
Y:Q59FP5
Y:P18283
Y:Q9BYC5
N:Q9NQX3-2
Y:Q9NYT0
Y:Q9ULM0
Y:P78540
Y:Q96NR8
Y:O15315
Y:Q9NVH0
Y:Q8N428
Y:Q9NUM3
Y:Q14973
Y:Q92623
N:P80192-4
Y:Q96RV3
Y:O43166
Y:Q8WV16
Y:P49768
Y:P49757
Y:P49753
Y:Q8N9L9
Y:Q3I5F7
Y:Q4LDG9
Y:Q8ND90
Y:Q6PJG2
Y:Q96MY7
Y:Q9Y2Z9
Y:O75356
Y:Q8ND07
Y:Q02252
Y:P58304
Y:O14678
Y:Q9H8Y1
Y:P61916
Y:Q14767
N:Q9Y6S9-2
Y:P49770
Y:Q9UHC1
Y:Q8TD19
Y:Q8WYK2
Y:Q9UPI3
Y:Q6EMB2
N:Q5F0P7
Y:Q9UNK9
Y:Q9C0C6
Y:Q9UKY4
N:O43708
Y:Q6PL24
Y:Q9P1V8
Y:Q6H9L7
Y:O15270
Y:Q8N769
Y:Q92813
N:F5GYU5
Y:Q8WXE9
Y:Q9UBV2
Y:P54803
Y:Q8IYL9
N:B2R8T4
Y:Q9P0W8
Y:Q16825
N:Q05BV3
Y:Q9NUW8
Y:Q9HB14
Y:Q9H7Z3
Y:Q7Z3D6
Y:Q9P219
Y:Q8N9U0
Y:Q9UBX5
Y:Q15643
N:P54252-2
Y:Q8TB24
Y:Q8TBA6
Y:P10645
N:Q9P2D8
Y:Q8N9Y4
Y:P40305
Y:Q9UK55
Y:P08185
Y:P01009
N:Q86WD7-7
Y:Q8IW75
Y:P05154
Y:P01011
Y:Q9UPY3
Y:Q96JQ2
Y:Q6ZMZ3
Y:O95988
Y:P56279
Y:P30411
Y:P46663
Y:Q96BY7
Y:Q96M32
Y:Q52M58
Y:Q9C0K0
N:Q5XG99-2
Y:Q8TE56
Y:Q8IU89
Y:Q8NG48
Y:P47895
Y:Q86X52
Y:Q8NGB6
Y:Q8N0Y3
Y:Q96RT8
Y:Q7L576
Y:Q7RTP0
N:Q8N9W4
Y:Q9NZP6
Y:O60312
Y:P28472
Y:Q04671
Y:Q99767
Y:O60320
Y:Q07157
Y:Q9Y2M0
Y:Q7Z4N2
N:Q68DA7-5
Y:Q15413
Y:Q9NQS1
Y:Q9NPE3
Y:Q86Y26
Y:P68032
Y:Q7L8W6
Y:Q9Y2V0
Y:Q7Z699
Y:Q8NAA6
Y:Q8N8G6
Y:P07996
Y:Q8NA03
Y:Q9P2K8
Y:P37108
Y:O60566
Y:Q9NQU5
Y:Q00722
Y:A7MBM2
Y:Q9Y448
Y:P26440
Y:Q8TBE0
Y:Q8NCH0
N:Q9BV29-2
Y:Q96TC7
Y:Q96K21
N:O43278-2
Y:Q9ULG1
N:Q9BXS6-2
Y:Q9Y375
Y:P29376
Y:Q06418
N:E7ENI0
Y:O60336
N:P0C869-6
Y:Q9NRC6
Y:Q9H223
Y:Q86XP0
Y:Q68DD2
N:P20807-3
Y:Q9NVX0
Y:Q9P2P6
Y:Q8IWY9
Y:Q8IWV7
Y:P16452
Y:O43548
Y:O60294
Y:Q8IWY8
N:Q12888-2
Y:P78559
Y:Q96P56
Y:Q9HB65
Y:Q9H967
Y:Q05D32
Y:O75822
Y:Q96JI7
Y:C9JE40
Y:P61769
Y:Q86WT6
Y:Q8NHR7
Y:Q00796
Y:Q9NRD8
Y:Q1HG44
Y:A8K9Q6
Y:Q9NRD9
Y:O43868
Y:Q9BVQ7
Y:Q9Y6N5
Y:Q8NFY4
Y:Q9P2K5
Y:Q13621
Y:P35555
N:O94986
Y:Q6S5L8
Y:Q01415
Y:P21781
Y:Q8N5C7
Y:Q8TF62
Y:O14975
Y:P19113
Y:P40818
Y:Q96QT4
Y:Q9UPM8
Y:Q5GJ75
Y:P11511
Y:Q6ZMI3
Y:Q8TDJ6
Y:Q8WXD2
Y:Q8IV50
Y:Q9NZR1
N:Q9HD36
Y:O14775
Y:Q9NQX4
Y:Q9Y4I1
Y:Q3MJ13
Y:Q8NB66
Y:P51159
Y:Q92521
Y:Q9ULG6
Y:Q8WXU2
Y:Q2VWP7
N:P46934-3
N:Q2KHR2
Y:Q6N043
N:Q99081-3
Y:Q0VF96
N:P0CAP1-11
Y:O94788
Y:O43315
Y:P11150
N:Q6ZNA4-2
Y:Q12965
Y:Q709C8
Y:A6NLJ0
Y:Q9Y4G6
N:D9YZV8
Y:P83111
Y:Q8WW43
Y:O43570
Y:Q9Y6I4
Y:Q6P050
Y:Q13596
Y:P23284
N:O95190
Y:Q8TD55
Y:Q495B1
Y:Q96DP5
Y:C9JR72
Y:O76031
Y:O75339
Y:Q8TDY8
Y:Q9P035
Y:O60721
Y:A6BM72
Y:Q8TF46
Y:Q9BVW5
Y:Q02750
Y:Q9H900
Y:Q6UWM7
Y:P84022
Y:Q6PD74
Y:Q96GE6
Y:Q9NWW5
Y:Q9UKX5
Y:Q6UW49
Y:Q96PH1
Y:O94923
Y:B2RTY4
Y:Q96LD8
Y:Q96J87
Y:P06865
Y:A6NGA9
Y:Q96RK4
N:Q9BRR6-2
Y:Q9Y3Q4
Y:Q5ZPR3
Y:Q8IYX1
Y:P29590
Y:Q6UXK2
Y:Q9BX79
N:Q8N5R6-6
Y:P05108
Y:P04798
N:P05177-2
Y:P41240
Y:Q9HAT1
Y:Q6PHR2
Y:P34949
Y:Q6ZRI6
Y:Q96FI4
Y:Q9NTJ4
Y:Q6UVK1
Y:Q2M3C6
Y:P13804
Y:Q9BY12
Y:O43586
Y:Q9H792
Y:A6NKC9
Y:Q96GR2
Y:P48200
Y:P30532
Y:P32297
Y:P30926
Y:Q9UKP4
N:E9PBP2
Y:Q9Y3Q3
Y:Q9UPX6
Y:P49914
Y:Q9HBF5
N:Q8NBB2
Y:Q16548
Y:P16930
Y:Q9HBZ2
Y:Q8WUJ3
Y:Q6P656
Y:Q14005
Y:Q7Z5M5
Y:Q7Z2Z2
Y:Q658L1
Y:Q8TF30
Y:Q9NSB8
Y:Q9BZW5
Y:P82987
Y:Q7Z7L9
Y:Q6P4I2
N:P08949-2
Y:Q92610
Y:Q96L96
Y:O00337
N:Q12802-2
Y:Q9H2W6
Y:P82912
N:E7EX88
N:Q08431
Y:P12271
Y:Q9NVI1
Y:P54098
Y:Q9UBD6
Y:Q7Z2Z1
Y:Q2M1P5
Y:O60240
Y:Q6P2C0
Y:Q9BRJ9
Y:Q0VG99
Y:P15144
Y:P48735
Y:Q6ZNW5
N:A6NNM8-2
Y:Q9NPE2
Y:Q6NX45
Y:Q6UUV7
Y:P54132
Y:P09958
Y:Q9H3U1
Y:Q9H267
Y:Q9UIG8
Y:Q32M92
Y:Q3ZCQ3
Y:O14647
Y:Q96B86
Y:Q6DN12
Y:Q8NCT1
Y:Q8N8A8
Y:P08069
Y:A6NFU8
N:O15061
Y:Q86X40
Y:Q5U623
Y:Q96M29
Y:P53384
Y:P33076
Y:Q96CC6
Y:P35346
Y:Q05952
Y:Q99732
N:Q6PKC3-2
Y:Q8IWR0
Y:Q02223
Y:O95180
N:Q9NRR2
Y:Q9BRF8
N:Q5J9I4
Y:O94812
Y:Q92889
Y:Q9NZS9
Y:P51798
Y:Q6P996
Y:Q96AB6
Y:Q9NYV6
N:Q96A99-2
Y:Q9Y4R8
Y:Q96RY7
N:Q3MNF1
Y:Q9BSN7
Y:P33527
Y:O95255
Y:Q86Y38
Y:Q9UPT6
Y:P82930
Y:Q6PJ21
Y:Q9Y5Y2
N:E9PGU3
N:B1AK40
N:C9J0S1
Y:Q7Z402
Y:Q99807
Y:Q3MIP1
Y:Q6UXY8
Y:Q9NZC3
N:O43303-2
Y:Q1ED39
Y:Q8N0W5
Y:Q92901
Y:Q12788
Y:P07911
Y:P55789
Y:Q8N807
Y:Q6NUN0
N:Q86UK7
Y:Q08AH3
Y:Q08AH1
N:Q8N729
Y:Q9NXG2
Y:Q53FZ2
Y:P78549
Y:Q8TD57
Y:P49815
Y:Q96B96
Y:Q05996
Y:P98161
Y:P22695
Y:A6NCI4
Y:O00418
Y:P69905
Y:Q9NVU0
N:Q6PL45-2
Y:Q66K89
Y:Q70CQ4
Y:P51170
Y:Q99758
Y:P51168
Y:Q9UJY4
Y:Q5JPH6
Y:Q86YC2
Y:O43745
N:P05771-2
Y:Q7Z6E9
Y:Q8NDV7
Y:Q7L2K0
Y:O00634
Y:O94778
Y:Q63HK3
N:Q9ULP9-2
Y:Q6PRD7
N:Q8N371-3
Y:Q8WV22
Y:P24394
Y:Q9HBE5
Y:Q12789
Y:O60303
Y:Q9UQ35
Y:Q13286
Y:Q0VD83
Y:Q8NEV9
Y:P50226
Y:P50225
Y:Q9Y6M0
Y:Q96DA0
N:P49411
Y:Q9NRF2
Y:O14983
Y:P15391
Y:Q8NCF5
Y:P16150
Y:Q15274
Y:O60844
Y:Q14764
Y:Q6UXD5
Y:Q9BW71
Y:P04075
Y:P27361
Y:Q8NCW0
Y:O95400
Y:Q8WYJ6
Y:Q96MX3
Y:Q99611
Y:P20701
Y:Q9H5H4
Y:Q96H86
N:A8MV39
Y:P56747
Y:Q9NWW0
Y:P15735
Y:A1A5D9
Y:Q9H2F3
Y:Q96K58
N:O15015-2
Y:Q9BQB6
Y:P35637
Y:P11215
Y:P20702
Y:Q96C12
Y:O43294
Y:P31639
Y:Q9NZD4
Y:O95201
Y:Q14586
Y:O94810
Y:O43749
Y:P98182
Y:O15553
Y:Q13087
Y:O14978
Y:Q96N20
Y:O15169
Y:O95371
N:Q6WMU8
Y:Q96LX8
Y:Q9H7X0
Y:Q96AJ1
N:C9JLH9
Y:Q8IY92
Y:P24855
Y:Q12931
Y:Q92793
Y:Q13084
Y:Q9HCN3
Y:Q01664
Y:Q9BZE0
Y:Q6EMK4
Y:P57737
Y:Q96EY1
Y:Q9HBL8
Y:Q8NEM2
Y:Q96QK1
Y:Q9Y5N6
Y:Q8NC67
Y:Q6ZW76
Y:Q93100
Y:Q8IYS4
Y:Q96J66
Y:Q8IYM1
Y:Q49A26
Y:Q9NPG3
Y:O60437
Y:Q8WTQ4
Y:Q7Z614
Y:Q9HC29
Y:Q9UK23
N:Q9NQC7-2
Y:Q6UX73
Y:Q9NSC2
Y:Q9BT22
Y:Q96G04
Y:O15405
N:Q3L8U1-2
Y:Q08999
Y:Q68CZ1
Y:Q9C0B1
Y:P78415
Y:P08253
Y:P23975
N:P23141-2
Y:Q6NT32
Y:Q8N543
N:Q9BXC9
Y:P47944
Y:Q8N339
Y:P04731
N:P55017-2
Y:Q15011
Y:P11597
Y:Q9Y2Y0
Y:O00626
Y:Q6FI81
N:Q9Y653-2
Y:Q86Y34
Y:Q8IY82
Y:Q14028
N:Q6URK8-2
Y:Q9BQ65
Y:P51511
Y:Q6PEW0
Y:Q8TBK2
Y:P00505
Y:Q9BRB3
Y:P55287
Y:P33151
N:E5KNQ5
Y:Q8TAZ6
Y:Q13564
Y:O75309
Y:Q9ULV5
Y:Q86VI1
N:Q96BJ8-3
Y:Q8WV35
Y:Q58EX7
Y:Q17RG1
Y:Q1X8D7
Y:Q8WTX9
Y:P80365
Y:Q96AP0
Y:Q9NPB6
Y:Q96BT3
Y:P40313
Y:P04180
N:Q9H4A9
Y:Q9NUL7
Y:Q12968
N:Q9H6T0-2
Y:Q96CW6
Y:P22223
Y:O00219
Y:Q969X6
Y:Q9HBH1
Y:P15559
Y:Q9ULX3
Y:A5D8T8
Y:Q96KV7
Y:Q8NCN5
Y:P49588
Y:Q9UMR2
Y:Q8N0W3
N:Q9H9E3
Y:Q6ZMJ4
N:F8WD23
Y:Q8IYT2
Y:P17027
Y:P17023
Y:P17735
N:Q96A59-2
Y:O43747
Y:P0C7T5
Y:Q02127
Y:P00738
Y:Q8IXI1
Y:P00739
N:Q8TBY8-2
Y:Q15911
Y:Q6PCD5
Y:Q8NB16
Y:Q7L5A8
Y:Q6GPI1
Y:P56945
Y:Q9GZX3
Y:Q9GZS9
Y:Q9BUB4
N:Q15046-2
Y:Q9NYB0
N:E9PFZ6
Y:Q8TE60
Y:A2IDD5
Y:P0C024
Y:Q9H6Q4
Y:O75596
N:O75444-1
Y:Q96H22
Y:O43313
Y:Q6P387
Y:P23434
N:Q7Z442
Y:Q9HAY6
Y:Q9H2C0
N:Q13421-3
Y:Q96KJ4
Y:Q8WUS8
Y:Q99547
N:P55290
Y:Q9UJJ7
Y:Q8WVB6
Y:Q9UJX0
Y:Q7Z6G3
Y:A6NNN8
Y:Q14703
Y:Q3SXM5
Y:Q8NEP3
N:Q15572-2
Y:Q8NCV1
Y:Q8TDN1
Y:Q9HC57
Y:O75185
Y:Q6P9B6
Y:Q14694
Y:Q9H0B8
N:Q9NXF8-2
Y:O60268
Y:Q6ZTR7
Y:Q96S07
N:E9PAM1
Y:Q99958
Y:Q9BUU2
Y:Q8WYQ9
Y:Q8TBB5
Y:P80404
Y:Q96JG9
Y:Q86VM9
Y:Q9P0M4
Y:P13498
Y:P53602
Y:Q2VPK5
Y:Q9H211
Y:P07741
Y:P34059
Y:O15305
Y:Q4G176
Y:P55291
Y:Q9UQ90
Y:P26373
N:Q9UBL6-2
Y:P16444
Y:Q96N06
Y:Q8N554
Y:O15360
Y:Q13509
Y:Q6ZN54
N:O95177
Y:O95995
Y:Q9NQW5
Y:Q96S06
Y:Q14CZ0
Y:Q12879
Y:Q9UKX3
Y:P13535
Y:Q9Y623
Y:Q9UKX2
Y:P11055
Y:O75880
Y:Q3LIE5
Y:Q9NYC9
N:F5H0A2
Y:O00159
Y:Q12887
Y:Q96T59
Y:Q01453
Y:Q9BXF9
Y:Q8N9R6
Y:Q14162
Y:Q96ET8
Y:O95170
Y:Q96NA2
Y:Q6P2Q9
Y:Q9HBT8
Y:Q86UD7
Y:Q562E7
N:Q9HBT7
Y:P08697
Y:Q9P2J8
Y:P36955
Y:O14836
Y:Q8IYR2
Y:Q8NFG4
N:Q9UBM1-2
Y:Q7Z5J4
N:P36956-4
Y:P27694
N:Q9H069-2
Y:Q8N5M1
Y:Q9UKN7
Y:Q15334
Y:Q13045
Y:Q96C03
Y:Q13472
Y:Q8TEV9
Y:P34896
Y:A8MZ36
Y:A6ND36
Y:A0PJK1
Y:O95208
Y:Q9BZG8
Y:Q96FL8
N:P51648-2
N:Q86VL8-3
Y:P30838
Y:Q8IYT8
Y:O43572
Y:Q5M775
Y:Q86US8
Y:Q8N6N6
Y:P46734
Y:Q14500
Y:Q2NL82
N:O43147-2
Y:Q99583
Y:Q86W50
Y:Q9Y6I7
Y:P43034
Y:O00182
Y:O75153
N:Q6ZQX7-4
Y:P35228
Y:Q8N511
Y:Q9HB31
Y:P04004
Y:Q96NT5
N:E7ETH5
Y:O15353
Y:Q96S52
Y:Q14667
Y:Q99470
N:Q8NCQ7-2
Y:Q86SG6
Y:Q8WU58
Y:Q14254
Y:Q6UX07
Y:Q53EL9
Y:Q92614
Y:Q6UXT9
Y:Q76I76
Y:A4FU69
Y:P31645
Y:Q684P5
Y:Q8IUI8
Y:Q96QE3
Y:Q96QE5
Y:Q8IUD6
Y:P21359
Y:P23515
Y:P34910
Y:P34982
Y:Q9NYH9
Y:P47890
Y:P58872
N:E1P660
Y:O94832
Y:Q9Y585
Y:Q9P1Q5
Y:Q9Y2Y6
Y:Q8IXA5
Y:P47893
Y:P47881
Y:P51671
Y:P80075
Y:Q99616
Y:A2RUQ5
Y:P30953
Y:P47888
Y:Q92526
Y:Q96NB3
Y:P49916
Y:P47887
Y:Q9NVX2
Y:Q8IWX7
Y:Q8NHS9
Y:Q08AF3
Y:Q7Z7L1
Y:Q8IYM2
Y:Q68D06
Y:P45381
N:Q6IEE8-2
Y:P0C7P3
Y:O00623
Y:Q8NHY3
Y:Q8WW18
Y:Q8NET8
Y:A2RTY3
Y:Q8NG50
Y:O75951
N:Q16627-2
Y:Q16663
N:P55773-2
Y:P10147
Y:Q8NER1
Y:Q96H55
N:O60931-2
Y:Q8N4C9
Y:O75478
Y:Q9UMZ2
Y:Q9Y2R4
Y:P35680
Y:Q8TF76
Y:P38570
Y:Q9BRJ2
Y:Q6PRD1
Y:P49720
Y:A8MV24
Y:Q5MNV8
Y:Q8IUK5
Y:Q15648
Y:Q9NYV4
Y:Q8N5S9
Y:Q14849
Y:O15273
Y:P11086
Y:P04626
Y:Q6X784
N:Q8TAX9-3
Y:Q96QA5
Y:P09919
Y:O75448
Y:Q99741
Y:P11388
Y:Q8IZW8
Y:P32248
Y:Q2M2I5
Y:Q7Z3Z0
Y:Q7Z3Y9
Y:Q7Z3Y8
Y:Q7Z3Y7
Y:P13645
Y:Q8N816
Y:Q99456
Y:Q9C075
Y:Q6A163
Y:Q6A162
Y:Q9BYR7
Y:O43149
Y:Q9BYR3
Y:Q9BYR4
Y:O76011
Y:Q15323
Y:O76014
Y:O76015
Y:Q14532
Y:Q92764
Y:O76013
Y:P13646
Y:P19012
Y:P35527
Y:P02533
Y:P08779
Y:Q04695
Y:P41567
Y:P01350
N:P54257-2
Y:P14923
Y:Q92791
Y:Q96AY3
Y:Q969T7
Y:P53396
Y:P09543
Y:Q96C10
Y:Q9BQS6
Y:O43612
Y:P51692
Y:P40763
Y:Q6NZI2
Y:P54802
Y:P14061
N:Q13057-2
Y:Q9UH92
Y:Q9P2W1
Y:P23258
Y:Q9NRH3
Y:Q7Z736
Y:P78357
Y:Q9BRG1
Y:Q96J92
Y:O75106
Y:Q16853
Y:P35575
Y:Q96C34
Y:P38398
Y:Q14596
Y:Q14562
Y:P43268
Y:P50221
Y:Q9BQB4
Y:Q13368
Y:Q6UXG3
Y:P01298
Y:P10082
Y:Q8N159
Y:Q9BUM1
N:Q9UQL6-3
Y:Q8N3J3
Y:Q495Z4
Y:Q71RG4
Y:P02730
Y:Q9BZJ4
Y:P28799
Y:P08514
Y:Q9UKJ3
N:A2RUB1-5
Y:Q9P298
Y:P14136
N:Q86Y91
N:Q8NC06-2
Y:Q96LK8
Y:Q6ZMD2
Y:Q8IUH8
N:P10636-9
Y:Q7Z3B3
N:Q9BQG0-2
Y:Q6P531
Y:O14905
Y:Q2TAL5
Y:O14653
Y:P12829
Y:P05106
Y:P16050
Y:Q8IY85
N:Q8IZL8
Y:Q9UL17
Y:Q9BZF2
Y:Q96FV2
Y:Q3SY56
Y:Q9NVS9
Y:Q96JB5
Y:Q86WV1
N:Q9H2A7
Y:P14653
Y:P14651
Y:P09629
Y:Q96KF2
N:G5E937
Y:Q7Z5L0
Y:Q13137
Y:P28072
Y:P09681
Y:O14939
Y:Q8NHY0
Y:O14610
Y:Q9P2A4
Y:P08138
Y:P78383
Y:Q8N4C8
Y:Q04844
Y:Q16586
Y:P02452
Y:Q6UXU6
N:A5CKE2
Y:Q9H1B5
Y:Q96AY2
Y:O15335
Y:Q9HA92
N:D3DTL2
N:Q8TBZ2
Y:Q9H201
Y:O94983
Y:O15438
Y:Q8TEU8
Y:O60271
Y:Q9NWF4
Y:P35125
N:Q5VIR6-4
Y:Q96JF6
Y:Q8N4N8
Y:Q9Y6N1
Y:Q6ZWJ1
Y:Q16534
Y:Q9H6R0
Y:Q9UKL6
Y:Q9H081
Y:Q9C000
Y:Q8N957
Y:Q13253
Y:Q14258
Y:Q9HB40
Y:Q92667
Y:Q9NWM3
Y:Q15615
Y:P58180
Y:P11678
Y:Q9NXB0
Y:P22079
Y:P05164
Y:O95153
Y:Q68DV7
Y:Q4G112
Y:Q9NYA4
Y:O43236
Y:Q8NEP4
Y:O43502
Y:O94972
Y:Q8ND04
Y:Q9UJT1
Y:Q6AI08
Y:P22748
Y:Q92624
Y:Q9H6U6
Y:Q86X59
Y:P57082
Y:Q9H009
N:Q9BX63
Y:Q9H0H0
Y:Q9UHV7
Y:Q9UBG0
Y:Q8NA82
Y:P12821
Y:Q9H252
Y:Q9BSH4
Y:Q99759
Y:Q8IY81
Y:Q14406
Y:P01241
Y:P40259
Y:P35499
Y:P13598
N:Q8IWB9-2
Y:Q9UHN1
Y:P17844
Y:Q96GE4
Y:O60309
Y:O75916
Y:Q9NZN9
Y:Q9BZ71
Y:Q8N8E3
Y:P02749
Y:P17252
Y:P57678
Y:Q06432
Y:P42694
Y:Q9H8H0
Y:Q2M2W7
Y:Q86W34
Y:O15403
Y:Q96EG1
Y:Q5MNZ9
Y:P10644
Y:Q96MK3
N:Q6GPH4-2
Y:Q8N4B4
Y:O94911
Y:Q8IUA7
Y:Q969V4
Y:Q8N139
Y:Q8WWZ4
Y:Q8WWZ7
Y:Q9NPI9
Y:P63252
Y:Q9HC36
Y:P18054
Y:Q8NCK7
N:Q8IUN9-2
Y:P48436
Y:Q8N1S5
Y:Q8WTW3
Y:Q9BSJ5
Y:P49748
Y:Q8TE02
Y:O95471
Y:P14672
Y:Q9Y2T7
Y:Q13227
Y:Q9BSA4
Y:Q96JN8
Y:Q9GZS0
Y:Q2TAC6
Y:Q7Z601
Y:Q15027
Y:Q9UGN4
Y:Q08708
Y:Q6UXZ3
Y:Q96MU5
Y:Q496F6
Y:Q8TDQ1
Y:Q96AX2
Y:O14745
Y:Q9BTE0
Y:Q8NE00
Y:Q14957
N:P22570
N:Q13470-2
Y:Q495M9
Y:Q7RTS6
Y:Q9NRY6
Y:Q7RTS5
Y:Q86X02
Y:Q14197
Y:Q8TCD5
Y:Q9Y2R9
Y:Q9HC21
Y:Q0P670
Y:Q8N9M5
Y:P11230
Y:Q8WXE0
Y:Q7Z6J9
Y:Q6P1M3
Y:O94762
Y:Q9P1Z0
Y:P16144
Y:P51570
Y:Q70J99
Y:Q6PJ69
Y:Q96DV4
N:A6NLR5
N:Q15067-2
Y:Q00526
Y:Q92817
Y:Q401N2
Y:Q96PX1
Y:Q9H0J4
Y:Q9C0C9
Y:Q16613
N:Q6PJF5-2
Y:Q00LT1
Y:Q9NSC7
N:Q8IZK7
Y:P34810
N:Q3V5L5-5
Y:O75352
Y:P51116
Y:Q92503
Y:Q96F10
Y:P04278
Y:Q9UHD8
Y:P14415
Y:P04637
Y:Q9BUR4
N:G3XAB8
Y:Q7Z403
Y:Q8IU68
N:O15392-2
Y:Q9P225
N:Q9P275-2
Y:Q8WVQ1
Y:Q8NFI3
N:O15054-1
Y:Q6PEY1
Y:Q6P9G0
Y:Q6UWV6
Y:Q14781
Y:Q9HC52
Y:P10253
Y:Q9BXL6
Y:P51688
N:Q9HCF4
Y:Q63HN8
Y:Q8N8Q3
N:Q8N137-2
Y:Q02846
Y:Q9UQB8
Y:Q6ZMQ8
N:Q9UPN4-2
Y:Q9HBR0
Y:Q8N8V8
N:Q9P281
Y:P63261
Y:O15296
Y:Q0VG06
N:Q9H1Z9
Y:Q6PK04
Y:Q0P5N6
Y:O14964
Y:P47871
Y:O75342
Y:P32322
Y:Q9BZE9
Y:P49327
Y:Q2TAC2
Y:Q9BYJ1
Y:P48730
Y:Q9BYE0
Y:P09564
Y:Q9UKP6
Y:Q6PK18
N:Q8WVB3-2
Y:O15534
Y:Q9HA64
Y:Q32MQ0
Y:Q9BTW9
Y:Q67FW5
Y:Q96GD4
Y:O15067
Y:O94989
Y:Q2M2E3
Y:Q6ZNG9
Y:Q96M95
Y:Q8IWD5
Y:O95631
Y:Q8N1V2
Y:Q12979
Y:A6NNS2
Y:O95838
Y:Q8J025
Y:Q99747
N:D6RFZ0
Y:Q53F39
Y:O14732
N:A6NC57
N:Q8N5P9
Y:Q9Y4W6
N:Q96EE3-1
N:E9PF99
Y:Q96ND0
Y:P33032
Y:Q01718
Y:Q8TB69
Y:B2RU33
N:F8WAG3
Y:Q5FWF5
Y:Q96RT6
Y:Q99708
Y:Q24JQ0
Y:O14730
Y:O15118
Y:Q16787
Y:O75952
Y:Q9BXW6
Y:Q9P2X3
Y:Q9H3N8
Y:Q92750
Y:Q7L1S5
Y:Q8N3J2
Y:P19022
Y:O14777
Y:Q14574
Y:Q02487
Y:Q08554
Y:Q02413
Y:Q9BXX0
Y:Q86SJ6
Y:P32926
Y:Q14126
Y:P02766
Y:Q9UBX8
Y:Q92539
Y:Q9Y2L5
Y:Q8WVD3
Y:Q16820
N:Q9H706-3
Y:Q5BJE1
Y:P52179
Y:Q9C0F0
Y:Q86W11
Y:P17028
N:Q96N95-3
Y:Q10472
Y:Q5KU26
Y:Q32NC0
Y:Q13433
Y:Q6IA86
Y:Q96EN8
N:Q2V2M9-3
Y:Q68CL5
Y:Q15583
Y:Q86T90
Y:O14490
Y:Q9H2B2
Y:Q9Y6X0
Y:Q15849
N:Q13336-2
Y:Q6ZMC9
Y:Q9HCE0
Y:Q9H939
Y:F5GZB4
Y:Q8IYF1
Y:Q8IYT4
Y:Q9H0R4
Y:Q9Y5U9
N:O43310-2
Y:Q7RTS9
Y:Q9Y5X9
Y:P42765
Y:Q9ULV0
Y:Q96M91
Y:Q9UIS9
Y:Q96BD8
N:E9PAT5
Y:P23368
Y:Q9H777
Y:Q13485
Y:P43146
Y:Q9UNA4
N:Q8IYD9-2
Y:Q8N1N2
Y:Q9H2F9
N:E9PH57
Y:Q9Y2J2
Y:O43173
N:P22830-2
Y:O43520
Y:Q86TB3
Y:Q9UDY8
Y:Q9HCE3
Y:P07492
Y:Q9Y2V3
Y:P49257
Y:Q6UXH8
Y:P32245
Y:Q9HBT6
Y:O95427
Y:Q9Y6Q6
Y:Q9C0B9
Y:P36952
Y:Q96P63
Y:P29508
N:Q96P15
Y:O75635
Y:P05120
Y:P50452
Y:Q9ULB5
Y:Q8IZU8
Y:Q8TAI1
Y:Q68D86
Y:Q15762
Y:Q86VV8
N:Q9P2N2
Y:Q7L5Y1
Y:Q8TDF5
N:B3KST3
Y:Q9BVV7
Y:Q96KP4
Y:Q96KN2
Y:Q9C0G0
Y:Q8N4Q0
N:Q6ZSZ6
Y:Q92618
Y:Q9UL36
Y:P47211
Y:Q9BXA9
Y:O43861
N:B5B2M5
Y:Q9Y5B0
Y:P28827
Y:Q8N0V3
N:Q9Y4B5-3
Y:P18509
Y:P19404
Y:Q6UB98
Y:Q15311
Y:Q8TF05
Y:Q86VQ3
N:Q9P0L0-2
Y:O60391
Y:P25940
Y:Q9NQ55
Y:Q96G91
N:P26358-2
Y:P05362
Y:Q14773
Y:Q9UMF0
Y:Q8IZY2
Y:P32942
Y:P29597
Y:Q16543
Y:P27815
Y:Q9H228
N:Q8N9T8
Y:Q92619
Y:Q8IWA5
Y:Q12906
Y:P50570
Y:P36969
Y:P01130
Y:Q63ZY3
Y:Q96HP0
Y:Q6UXH0
Y:Q9UKR8
Y:O95716
N:P0C7I6-2
Y:Q6NVH7
Y:P19235
N:B5ME84
Y:A5D8V7
Y:P14314
Y:Q96CK0
Y:Q9BQ95
Y:P13686
Y:Q8IYI8
Y:Q8NDP4
Y:Q9H0M5
Y:Q15831
Y:Q08AG5
Y:Q96I27
Y:P52737
Y:P15621
Y:Q9H7R0
Y:Q9Y2A4
Y:O00754
Y:Q9BRX9
N:Q5XUX1-3
Y:Q96ED9
Y:O75792
N:Q9BSG5-2
Y:Q9Y2H9
Y:Q13351
Y:Q92947
Y:P54725
Y:Q9BTL4
N:O00555
N:Q2TAK8
Y:P13994
Y:O75251
Y:Q9UNZ5
N:A8K0A0
N:Q0VDD7-2
Y:Q6P1N0
N:F5H7F9
Y:P22670
Y:A6NDB9
Y:E9PIW9
Y:O94910
Y:P48960
Y:O00148
N:Q16512-2
Y:P34995
Y:Q9NZ01
Y:O95996
Y:Q9BY15
Y:Q96JL9
N:Q9UHX3-3
Y:Q6UW60
Y:O76099
Y:O76100
Y:Q96HR9
Y:O14581
Y:Q8IYK2
Y:O60431
Y:A1L0T0
Y:Q9UM47
Y:O60885
Y:Q86YV0
Y:Q96PD5
Y:Q6NT55
Y:Q08477
Y:Q9HCS2
Y:O60404
Y:Q9Y4A9
Y:P78329
Y:Q9HBI6
Y:Q8NGA5
N:P15923-2
Y:Q96Q77
Y:Q96L12
Y:Q96RI0
N:Q8IZJ3
Y:Q9BT25
Y:Q9NZ43
Y:Q9H607
Y:Q8N6Y0
Y:Q8NAG6
Y:Q969Y2
Y:Q96EY5
Y:Q86XR2
Y:Q9UPW8
Y:Q66K74
Y:Q9Y2A9
Y:P51460
Y:P52333
Y:O60423
Y:Q92911
Y:Q8TBH0
Y:P42701
Y:O60307
Y:O00459
Y:Q567V2
Y:Q08493
N:E9PDE0
Y:Q99988
Y:Q8N386
Y:P55199
N:Q14318-2
Y:Q9BQD3
Y:O75462
N:Q6UUV9-2
Y:P49747
Y:O14579
Y:Q9Y6V7
Y:Q9NSC5
Y:Q8IX01
Y:Q969E2
Y:O14593
Y:O14594
Y:Q9BZW4
Y:Q8IWZ8
Y:Q86YP4
Y:Q9P107
Y:Q8IZC7
Y:P17017
Y:Q5JVG8
Y:P35789
Y:O95780
Y:Q9HBH9
Y:Q68DY1
Y:Q1ZYL8
Y:O14617
Y:Q03923
Y:Q96N38
Y:Q8TF32
N:P17019
N:Q6ZR52-2
Y:Q86V71
Y:Q8IYN0
Y:O43345
N:Q8TEK3-2
Y:Q8N7Q3
Y:P03971
Y:Q96MG2
N:P54368
Y:Q9P255
N:A8MXY4
Y:Q05481
Y:Q8TD23
Y:Q7Z410
Y:Q96N22
Y:O75437
N:Q03252
N:O43688-2
Y:Q86TJ5
Y:Q8NEP9
Y:Q9HAH1
Y:Q68EA5
Y:Q15935
Y:P47985
Y:Q8N344
Y:P30679
Y:O95977
Y:Q969V3
Y:Q6ZPD9
Y:Q96NW4
Y:Q6ZS82
Y:P82251
Y:Q96ST8
Y:Q9BTP7
Y:Q8IUC4
Y:Q9BRR8
Y:Q6ZMY6
Y:O75074
Y:Q9NS82
Y:P12955
N:P08651-2
N:Q8ND56-2
Y:P06744
Y:A6NCJ1
N:P17039-2
Y:Q3KQV3
N:A8MXP7
N:Q07699-2
N:F5H174
Y:Q96DB9
Y:Q17R55
Y:Q86X29
Y:P81172
Y:P20916
Y:P20273
Y:O14842
Y:Q8TF64
Y:P21731
Y:Q6E0U4
Y:P20648
Y:P14854
Y:O00322
Y:Q9Y2Y4
Y:Q9P2T0
Y:Q9H665
Y:Q96GY3
N:E5RFB9
Y:Q9UF12
Y:O60500
Y:Q6UWL6
Y:Q8NI38
Y:Q9BTN0
Y:A6NFY7
Y:Q8N205
Y:Q8NA92
Y:O60331
N:O43379-4
Y:Q8N9K5
Y:Q15072
Y:Q8TAF7
Y:Q3ZCX4
N:O95049-2
Y:O96018
Y:Q96IS3
Y:P42679
Y:P10072
N:E9PGN4
Y:Q7Z3V5
Y:Q8NDQ6
Y:Q96SK3
Y:Q9UPR6
N:Q86YE8-3
Y:Q6ZQQ6
Y:O60292
Y:O43291
Y:Q5BJH7
Y:Q9Y257
Y:Q6ZRH7
Y:Q17RN3
Y:Q8TDF6
Y:P21817
Y:Q86WG3
Y:O43707
Y:Q6ZSI9
Y:P56470
N:Q6ZS11
Y:Q15653
Y:Q9NP81
Y:Q9NPI5
Y:Q8IZJ0
Y:Q8IU54
Y:P26651
Y:Q9H7P9
Y:Q9NYJ7
Y:Q8N6I1
Y:Q8TCE9
Y:Q05315
Y:Q9Y6R7
Y:Q86UE3
Y:Q9BXM0
Y:Q9H254
N:Q8N2S1
Y:P36507
N:Q96D53
Y:P11509
Y:P20853
Y:P20813
Y:P24903
Y:Q96SQ9
Y:Q8N6T7
N:P01137
Y:Q9BPU9
Y:Q9NQT4
Y:P12694
Y:Q9NW81
Y:Q8TF21
Y:Q3KPI0
Y:O75871
Y:Q14002
Y:P06731
Y:P40199
Y:Q6UWN0
Y:P39019
Y:Q14213
N:Q92888-3
N:E9PC51
Y:Q6ZN55
Y:Q8TF50
Y:Q8NBT3
Y:Q96IW2
Y:Q05469
Y:Q96BF3
Y:P13688
Y:P31997
Y:Q9BTV5
Y:Q16557
Y:Q9UQ74
N:Q9UGK3-2
Y:Q15238
Y:Q00887
N:Q8N6Q3
N:Q9BY14
Y:Q6NSJ2
Y:O95571
N:P18887
N:Q13111
Y:Q9H609
Y:Q8NFZ8
Y:Q03405
Y:Q6NXR0
Y:Q6UWN5
Y:Q8N7M2
N:Q494X3
Y:Q02386
Y:Q9BZV1
N:Q9UK13
Y:Q12901
Y:Q9UIE0
N:G5E9B9
Y:Q9UK11
Y:Q2VY69
Y:Q9NZL3
Y:Q9UK10
Y:Q14588
Y:A6NK53
Y:Q14590
Y:Q9UJU3
Y:Q9UJW7
Y:Q9UJW8
Y:Q96Q06
Y:P15151
Y:Q00G26
Y:Q9ULV8
Y:P50895
Y:P02750
Y:P02649
Y:P55056
Y:P02655
Y:Q2M3D2
Y:P06732
Y:P18074
Y:O15446
N:Q7Z7F5
Y:P53539
N:O75298-2
Y:P50552
Y:P46093
Y:P48546
Y:Q9NXS2
Y:Q8N196
Y:Q09013
Y:Q3SX64
Y:O75594
Y:Q6B9Z1
Y:Q6UXB1
Y:Q969H8
Y:Q9Y2N7
Y:Q86V59
Y:P43119
N:F8VYA6
Y:Q9H9S5
Y:Q15758
Y:Q9UPT8
Y:Q9Y3X0
Y:P21730
Y:Q14147
Y:Q9H0D2
Y:Q8IUC6
Y:Q9NZM4
Y:Q9NZN4
Y:Q9NZM5
Y:O43186
Y:Q06520
Y:O60664
Y:Q96BH3
Y:Q9NP86
Y:Q9UP65
Y:P18858
Y:Q9Y2G2
Y:Q8NC26
Y:Q96M63
Y:P54852
Y:Q96AN5
Y:Q9BQ67
Y:Q9UNX9
Y:Q2M2I3
Y:Q9NRA0
Y:Q10981
Y:P19526
Y:Q9NSA1
Y:O15382
Y:Q9BPX1
Y:Q9H4M7
Y:O75807
Y:O00295
Y:Q02818
Y:Q9UQ10
N:Q07812-2
Y:P02792
Y:P13807
Y:P01229
Y:P34130
Y:Q9NVV2
Y:O75145
Y:Q8TD43
Y:Q9GZN6
Y:Q9UK85
Y:Q8N6L0
Y:Q9NWS0
Y:Q8IZ83
Y:O14669
Y:Q9H7N4
Y:Q14653
Y:Q9HB09
Y:Q13477
Y:Q9UJT2
Y:Q9BT04
Y:Q71SY5
Y:Q96T60
Y:Q9HA65
Y:P37198
Y:Q9Y2D1
Y:Q8IV63
Y:Q8WTR7
N:Q7Z406-2
Y:Q14003
Y:O96009
Y:Q01892
Y:Q14324
N:Q6IPT2-2
Y:A6ND91
Y:Q9Y566
Y:O75388
Y:Q6RUI8
Y:P06870
Y:Q9H2R5
Y:Q8NCW4
Y:P20151
Y:Q9Y5K2
N:Q9Y337
Y:Q92876
Y:O60259
Y:O43240
Y:Q9UBX7
Y:Q9UKR3
Y:Q9P0G3
Y:Q7Z7A3
Y:Q9Y336
Y:P20138
Y:Q86VR7
N:P38117-2
Y:Q96LC7
Y:Q9NYZ4
N:A8MTB9
Y:Q96PQ1
Y:O43699
Y:Q9Y473
Y:O15389
Y:Q92839
Y:P21462
Y:Q9BSK1
Y:Q9BS31
Y:Q6PF04
Y:Q9GZX5
Y:Q8N8J6
Y:Q8N883
Y:Q08AN1
Y:Q6ZNA1
Y:Q5HY98
Y:Q8WV37
Y:Q8N9Z0
Y:Q3MIS6
Y:Q8N4W9
Y:Q9NV72
Y:P51522
Y:Q8N823
Y:Q6ZNG1
Y:P17035
Y:Q5VIY5
Y:Q0VGE8
Y:Q9HCG1
N:Q09FC8-5
Y:Q96SE7
N:Q9H7R5-2
Y:Q86XU0
Y:Q8NFZ6
Y:Q7L2R6
Y:Q6ZN06
Y:P59046
Y:P05129
Y:Q9BXT2
Y:Q6UX27
Y:Q8WWF5
Y:B6A8C7
N:Q8IYS5-7
N:A8MWV3
Y:Q8WWY3
Y:Q96BZ8
Y:Q7Z404
Y:Q96N66
Y:Q9BSV6
N:O75022-3
N:O75023-3
N:E7EVY1
Y:Q6GTX8
N:Q96PV6-2
Y:Q96B70
Y:Q6ISS4
Y:O75019
N:Q8NHL6-3
Y:Q8NHJ6
Y:P43630
Y:P24071
Y:O76036
N:E7EPM2
Y:Q9NX02
N:Q9HCN6-3
Y:Q8TE68
Y:Q9BZL4
Y:P19429
N:Q8N9W5
Y:O00445
N:Q9HD43
Y:Q8N661
Y:A6NC51
Y:P20809
Y:P59045
Y:Q96MN2
Y:Q86W25
Y:Q86W28
Y:P59047
Y:Q9UBC7
Y:A6NJL1
Y:Q9BUG6
Y:Q96NG8
Y:Q5HYK9
Y:Q9BX82
Y:Q8NHY6
Y:Q6ECI4
Y:P36776
Y:Q9NQZ8
Y:Q9Y2P0
Y:Q9GZU2
Y:Q86XM0
Y:Q9HBJ7
Y:Q96PE6
Y:O43296
Y:Q5CZA5
Y:Q08ER8
N:E9PB31
Y:Q96G46
Y:Q9HCX3
Y:Q8NEK5
Y:P17021
Y:O43361
Y:Q9GZP7
Y:Q68DY9
N:E9PED0
N:Q6P9A3-2
Y:P35613
N:Q7Z398-2
Y:Q6P9A1
Y:P52741
N:B9ZVW1
Y:Q8NAM6
Y:Q7Z340
Y:Q13106
Y:Q8TAW3
Y:P51993
Y:Q9H707
Y:Q8TAU3
N:P21217
Y:Q8WXB4
Y:P52742
N:B4DG23
N:Q11128
N:Q96GC6
Y:Q6NX49
Y:P04217
Y:Q6ZNH5
Y:Q96EG3
Y:Q8IVC4
Y:P52740
Y:Q6AW86
Y:Q9NWS9
Y:Q9Y2P5
Y:Q96K62
Y:P28698
Y:Q13938
Y:Q9H6Z4
Y:P48378
Y:Q5FVE4
Y:Q9BT30
Y:P35269
Y:Q8N5S1
Y:Q8IV53
N:Q9BV68-2
Y:O43557
Y:P01024
Y:Q9NPR9
Y:Q9BRG2
Y:P15498
Y:Q14246
Y:P06213
Y:O75781
Y:Q6ZSZ5
Y:Q96HA9
Y:Q8NA69
Y:Q8IVT2
Y:Q9GZU1
N:Q8IY17-2
N:Q9P1Y5-2
Y:Q15833
Y:Q8IX19
Y:Q8IUR0
Y:P06734
Y:Q9NNX6
Y:Q9H2X3
Y:Q6NSJ5
Y:Q13487
Y:Q75N90
Y:Q9HA82
Y:Q9NPF0
Y:O95182
Y:Q9BY76
Y:P24158
Y:Q9P0N8
Y:P08246
Y:Q96QH2
N:A8MY94
Y:P00746
Y:Q9H324
Y:Q9Y2X0
Y:Q8WWY6
N:B5ME49
Y:Q969F8
N:Q8NG99
Y:Q8NGA0
Y:Q8NG95
Y:Q96PQ6
Y:Q96RA2
Y:Q8NG98
Y:Q9BR84
Y:Q13360
Y:Q96MR9
Y:Q9BUY5
Y:Q147U1
Y:O95897
Y:Q9NP74
Y:P35573
Y:Q6UVJ0
Y:Q9NUP7
Y:Q96DD0
N:P11182
Y:P19320
Y:O95155
N:O60333-2
N:P12107-2
Y:Q96LA8
Y:Q9UKW4
Y:Q5T8I9
N:E9PAZ5
Y:O00186
Y:Q5T1N1
Y:Q96S66
Y:Q6UXG2
N:Q6PGN9-2
Y:A2RUH7
Y:Q5T6C5
Y:Q8N9H9
Y:P19087
Y:Q03013
N:Q8TE67-3
Y:P09603
Y:O95076
Y:Q9H1V8
Y:Q03721
Y:Q13148
Y:O00187
Y:O15374
Y:Q5T3J3
Y:Q9H6A0
Y:Q15782
Y:Q9BZP6
Y:Q8TCI5
Y:Q12889
Y:Q8NEQ5
N:P33765
Y:Q6ZVT0
Y:Q9UHI6
Y:O43827
Y:Q8TDW4
Y:Q5JR12
Y:Q9Y5Z9
Y:P53985
Y:Q9Y5U5
Y:Q9Y6B7
Y:Q9H816
Y:Q86Z02
Y:Q9UPN9
N:Q68D51-3
Y:P23109
Y:P01111
Y:P01222
Y:O60636
Y:Q9P2K9
Y:P01138
Y:Q8TAA9
Y:O14958
Y:Q9UK22
N:A6NJZ6
Y:Q9NRD1
Y:Q9P2B2
Y:Q93033
Y:Q9UNY4
Y:Q9H8W5
Y:Q8NBI3
Y:Q5VWP2
Y:Q5T7M4
N:Q5SNV9
Y:Q9NXN4
Y:Q9UNX4
Y:P42898
N:P01160
Y:Q96SF7
Y:Q9UGM6
Y:Q9NYQ3
Y:P26439
Y:P14060
Y:Q02809
Y:O43175
Y:P54868
Y:Q9BYZ8
Y:Q9UKF2
Y:Q04721
Y:O95140
Y:Q5JXC2
N:P28908
Y:A6NNF7
Y:P20333
Y:Q5THJ4
Y:Q8N0Z8
N:Q5VUY0
Y:Q8N1D5
N:O95522
N:O95521
Y:O60812
Y:O60811
Y:Q9NWT8
Y:Q5VT99
N:Q86YL7-3
Y:Q13029
N:Q5VU43
Y:Q9NVI7
Y:Q7Z3S9
Y:Q6ZVN8
Y:O75578
Y:Q8N283
Y:Q86WJ1
Y:O00512
N:Q9NPH0
Y:P36382
Y:P48165
Y:A4FU01
Y:Q53GL0
N:P82921
Y:O43395
Y:Q5VT52
Y:Q16610
Y:Q6UY14
Y:Q07820
Y:Q86X24
Y:P25774
Y:P43235
Y:P27540
Y:Q96G23
Y:O76027
Y:Q8N5J2
Y:Q86TP1
Y:Q7Z465
Y:Q8TAK5
Y:Q9H3T2
Y:Q9NZQ9
Y:Q8N1G0
Y:P48382
Y:P28070
Y:Q7Z3K3
Y:Q9NNX1
Y:Q9BYD2
Y:Q9Y2W6
Y:Q8N1Q8
Y:Q5QJ38
Y:Q07283
Y:Q86YZ3
Y:P20930
Y:Q5D862
Y:Q9UBG3
Y:Q5TCM9
Y:Q9UGL9
Y:Q9BYE3
Y:Q5TA76
Y:Q5TA82
Y:O14633
Y:Q5TA79
Y:Q5TA78
Y:Q5T750
Y:Q5T749
Y:Q5T753
Y:Q5T752
Y:P07476
Y:Q96PI1
Y:P35321
Y:Q9UBC9
Y:P22528
Y:P22532
Y:P23490
Y:Q96LB9
Y:Q96LB8
Y:Q86SG5
Y:P31151
Y:P06703
Y:P33764
Y:P16066
Y:Q5K4L6
Y:Q53ET0
Y:Q8TEY5
Y:O76095
Y:Q5VU65
Y:P06753
Y:O00165
Y:Q96PS8
Y:Q674X7
Y:P08887
Y:Q5VZ19
Y:P17787
Y:P55265
Y:Q15126
Y:Q96AQ6
N:P29353-6
Y:Q5T197
Y:Q13444
Y:P52797
Y:P20827
N:B4DEH1
N:Q0VAP5
Y:P49746
Y:Q96AX9
Y:P04062
Y:P81408
Y:Q9P1Z3
Y:P30613
N:Q9NR48-2
Y:Q9BUK6
Y:Q9H869
Y:P51398
N:Q3T8J9-3
Y:Q9BT88
Y:Q8TDU9
Y:Q9NRR5
Y:P02545
Y:Q9H3S1
Y:Q6P1K2
Y:P02818
Y:Q9BSE2
Y:Q8WWB7
Y:P49368
Y:Q96A04
Y:Q9H310
Y:Q86VI3
Y:A2A3L6
Y:Q8NCW5
Y:Q96GW7
Y:P48681
Y:Q9H9L3
Y:Q96FB5
Y:P51858
Y:Q92733
Y:B1AJZ9
Y:Q9NP31
Y:P14616
Y:P04629
Y:Q5VY43
Y:Q8N4P6
N:O15085-2
Y:Q6ZN32
N:P21127
Y:Q96RD9
Y:Q96PJ5
Y:Q96P31
Y:Q96LA6
Y:O43866
Y:P08217
Y:Q96J84
Y:P08218
Y:P06126
Y:P29017
Y:P15812
Y:P55211
Y:Q8NGX3
Y:Q6IF99
Y:Q8NGX6
Y:Q8NGX8
Y:Q8NGY0
Y:Q8NGY1
Y:P02549
Y:Q8NGY2
Y:Q8NGY3
Y:Q8NGW6
Y:Q8NGY5
Y:Q8NGY6
Y:P41218
N:Q16666-2
Y:O14862
N:Q8N126-2
Y:P12319
Y:Q5JRS4
Y:P30954
Y:Q8NHC4
Y:Q9BVJ7
Y:Q6DN72
Y:Q9P0V8
Y:Q9UL16
Y:Q92681
Y:Q9P2J2
Y:Q96A28
Y:Q9H3S5
Y:P78508
Y:P50993
Y:Q13733
Y:P31415
N:P53621-2
Y:Q92542
Y:Q8IWE5
Y:Q13291
Y:P09326
Y:Q9NQ25
Y:Q9HBG7
N:Q9BZW8-2
Y:Q8WWA0
Y:Q8WUP2
Y:Q8WWU7
Y:Q7Z6I6
Y:Q96NY8
Y:Q8NEP7
Y:Q9UK80
Y:P50336
Y:O75173
Y:O75306
Y:P25189
Y:P12318
Y:P17066
Y:P08637
N:Q7L513-9
Y:Q9UNI6
Y:P18850
Y:Q68BL8
Y:Q5T0L3
Y:O14796
Y:Q96T58
Y:Q16832
Y:Q9BZD4
Y:Q8NEQ6
Y:P51800
Y:P51801
Y:Q96AQ9
Y:P29317
Y:Q8IW93
Y:Q8N7C0
Y:Q6P3S6
Y:Q96BN2
Y:Q71H61
Y:Q96JY0
Y:Q99795
Y:Q5VZP5
Y:Q7Z572
Y:Q6JBY9
N:Q9NVZ3-2
Y:Q96PN6
N:Q58WW2-2
Y:O60806
Y:Q9UBD3
Y:O95544
Y:Q07507
Y:Q9H2G9
N:Q5TID7-3
Y:O60779
N:P12259
N:P16109
N:P14151
Y:P16581
Y:O95568
Y:Q9NSG2
Y:Q8IZE3
Y:Q5VVY1
Y:Q5T7V8
Y:P54821
N:F5GWX6
Y:P31513
Y:Q99518
Y:Q01740
Y:P31512
N:Q9Y520-4
Y:Q99972
Y:Q8N6R0
Y:Q92535
Y:O95561
Y:Q9NQ11
Y:P21912
Y:Q5TAH2
Y:Q6PI48
Y:P01008
Y:Q5R372
Y:Q9UQP3
Y:Q92752
Y:Q9ULC6
Y:Q9ULW8
Y:Q9UM07
Y:Q9BXP8
N:O14525-2
Y:Q9C0B6
Y:Q96JE7
Y:Q5T0J7
Y:Q5T0J3
Y:Q86X27
Y:Q9H497
N:P42684-3
Y:Q9HCE6
Y:P35610
Y:Q5T1B0
Y:Q9NP85
Y:Q8NAT2
Y:Q5JTV8
Y:Q5VT06
Y:O00391
Y:Q969G2
Y:Q5VZ46
Y:Q95460
Y:Q5VY09
Y:Q9H568
N:Q15878-3
Y:Q5T619
Y:P15104
Y:Q5T9Z0
Y:O15492
N:Q9BZQ2-3
Y:P11047
Y:Q13753
Y:Q92540
Y:P19878
Y:Q8WW27
Y:Q8WW01
Y:Q9BZQ6
Y:Q9BZQ8
Y:Q5T5J6
Y:Q96RW7
N:Q92954
Y:P12270
Y:Q5SWX8
Y:P35354
Y:P47712
Y:Q96ID5
Y:Q5VTJ3
Y:Q8TE23
Y:P30038
Y:O14921
Y:Q6P1J9
Y:Q5T4S7
Y:Q8N766
Y:O14764
Y:Q8NHP1
Y:O95154
Y:O43488
Y:Q6ZP29
N:P08603
Y:Q03591
N:Q92496
Y:Q9BXR6
Y:P05160
Y:Q8IZT6
Y:Q5SVQ8
Y:P82279
Y:Q96LB4
Y:P08575
Y:Q05513
Y:Q5TGY1
Y:Q15058
Y:Q5T1V6
N:Q08AD1-3
Y:Q3KP66
Y:Q13698
N:F8WAI1
N:Q13835-2
N:P45379-10
Y:O00515
Y:Q9NXI6
Y:Q9Y5J5
Y:P21291
N:Q8NEY1-3
Y:Q96DD7
Y:Q99595
Y:Q9H4A4
Y:O60883
Y:Q9HBX8
Y:Q5T2D3
Y:O60237
Y:Q9UHQ9
Y:Q8IXX5
Y:P14555
Y:P36222
Y:Q13231
Y:P78543
Y:P51888
Y:Q9UBM4
Y:O75152
Y:Q9UN79
Y:Q9NVF9
Y:P00797
Y:Q15726
Y:Q9Y2H5
Y:Q5SWA1
Y:O15151
Y:O75325
Y:Q5R387
Y:Q02246
Y:Q6P7N7
Y:Q6XUX3
Y:Q9H093
N:Q68G75-5
Y:Q8N468
Y:Q6GTS8
N:B1AVM8
Y:P47901
N:P14091-1
N:Q5TIE3-2
Y:Q14164
Y:P41214
Y:P22301
N:Q5VUT3
Y:Q13007
Y:P01833
Y:Q9BW04
Y:P20851
Y:P04003
N:P08174-2
Y:P20023
Y:E9PDY4
Y:Q2VPA4
N:P15529-2
Y:O75051
Y:P32320
Y:Q9BXM7
Y:Q96NX5
Y:Q13751
Y:P39656
Y:Q9P2E2
N:Q9Y228-2
Y:Q96LT6
Y:O14896
Y:Q68CQ4
Y:Q5VTY9
Y:O00463
Y:Q7Z3Z2
Y:O43432
Y:P51955
Y:Q9NZJ0
Y:Q6NZ36
Y:Q8IYT1
Y:Q96IY1
Y:Q537H7
Y:Q9Y5Y0
Y:Q5VTE6
Y:Q96S38
Y:Q9NRG4
Y:Q15678
N:P42892-4
Y:Q9Y597
Y:O75445
Y:P62508
Y:Q96L03
Y:Q9H094
Y:Q9Y3B9
Y:P05186
Y:Q5VWZ2
Y:P07814
Y:Q9NSE4
Y:Q9H2M9
Y:Q86UV5
Y:Q5VT66
Y:Q14774
Y:Q5SZI1
Y:P98160
Y:Q6UWX4
Y:Q15573
Y:P08861
Y:O60602
Y:Q8N715
Y:P17655
Y:P56705
Y:O15381
N:Q0VDD8-4
Y:Q14739
Y:P07099
Y:O94886
Y:O75610
Y:O00292
Y:Q6IQ49
Y:Q9H3P7
Y:P09874
Y:P27987
Y:P49810
Y:Q8NI60
N:Q5VT25-5
Y:Q5SXM1
Y:Q9H9V9
Y:Q5SQN1
Y:A1L453
Y:Q9NUA8
N:Q7Z7F7-2
Y:Q5T442
Y:Q5T440
Y:Q5VST9
Y:P29322
Y:P68133
Y:Q8WUM0
Y:Q9NRK6
Y:P02747
Y:Q14146
Y:P02746
Y:Q10471
Y:Q14746
Y:P01019
Y:O14815
Y:Q9H425
Y:Q9H2C2
N:Q8NDD1-2
Y:O15228
Y:Q9H040
Y:Q9GZT9
N:Q9NRI5
N:P29323-3
Y:Q9P2F8
Y:Q9BSD7
Y:A6NKB5
Y:O60683
Y:Q86V48
Y:Q13395
Y:Q15813
Y:Q99698
Y:P14543
Y:Q86YB8
Y:Q8WWZ3
N:O00214-2
Y:Q9H583
Y:P35609
Y:Q99707
Y:Q92736
Y:Q8TDY4
Y:Q12836
Y:Q14209
Y:Q02535
Y:P20309
Y:P62913
Y:Q14241
Y:Q14376
Y:P35914
Y:P07954
Y:P04066
Y:Q9H1Y3
Y:P34972
Y:Q9UQ84
Y:Q86SQ7
Y:Q5VTT5
Y:Q9NVE7
Y:Q8N6P7
Y:Q5SY80
N:G3XAF0
Y:Q9H5Q4
Y:Q6PJW8
Y:Q8NBX0
Y:Q8WYP5
Y:Q8IW36
Y:Q96BR6
Y:Q96P20
Y:Q5JQS5
Y:Q8N628
Y:Q8NGZ3
Y:Q8NGZ6
Y:Q8NHC5
Y:Q8NGX0
Y:Q8NG06
Y:Q7Z3T1
Y:A6NH00
Y:Q8NG84
Y:Q8NH16
Y:Q8NG85
Y:Q96R28
Y:Q8NG76
Y:Q8NG77
Y:Q8NG81
Y:Q8NHC7
Y:O43869
Y:Q8NH03
Y:Q5TZ20
Y:Q8NH01
Y:Q8NH04
Y:Q92956
Y:A6ND48
Y:Q9BU19
Y:Q495T6
Y:O95926
Y:Q9BUV0
Y:Q02161
Y:O95807
N:P18577
Y:Q5SW96
Y:Q9NZV5
Y:Q9H019
Y:Q9H7T9
Y:Q86WK9
Y:Q92935
Y:Q969Q1
Y:O00488
Y:Q53GM7
Y:Q7RTX7
Y:Q6P2H3
Y:Q5T124
Y:P31358
Y:Q8N1P7
N:Q8IZ20-2
N:Q86SQ9-2
Y:P05204
N:Q15418-2
Y:Q9NUD9
Y:Q9H9Y4
Y:Q96I76
Y:Q15466
Y:Q8NAX2
Y:P19634
Y:O95382
Y:Q6UWJ8
Y:P46089
Y:P15927
Y:Q92485
Y:P25105
Y:P58004
Y:Q9Y5A9
Y:P41143
Y:Q8TDY3
Y:Q08170
Y:Q9BV79
Y:Q92729
Y:O75056
Y:P05413
Y:Q96SA4
Y:O43613
Y:Q07092
Y:Q6ZMY3
Y:Q9BUN5
N:F5H7T8
Y:Q96PN8
Y:Q96BR9
N:Q9P206-2
Y:P54577
N:F8WEV3
Y:Q969K7
Y:P54819
Y:Q96A70
Y:Q5VV41
Y:Q8IXK0
Y:P17040
Y:O75095
Y:Q6P1W5
Y:Q9NTQ9
Y:O75712
Y:P35212
Y:Q9P2S5
Y:Q5SVZ6
Y:Q5VZL5
Y:Q8IZA0
Y:Q9HAW4
Y:Q9UIF3
Y:Q9NX46
Y:P25067
Y:Q3KQU3
Y:Q2M243
Y:Q8N2I9
Y:Q8WVF1
Y:Q99062
Y:Q8N1G4
Y:Q13003
Y:O60308
Y:O76075
N:O14645
Y:Q8IYL3
Y:Q5JZY3
N:P32019-2
Y:P57773
Y:Q9NX52
N:Q96PK2
Y:O94854
Y:Q7Z5Y6
Y:Q9NQ87
Y:P34820
Y:Q9H3H1
Y:P12524
Y:Q01518
Y:P50897
Y:Q13129
Y:O75844
Y:Q14055
Y:Q8WU79
Y:Q9UJL9
Y:Q49AA0
Y:Q9H790
Y:P56696
Y:Q499Z3
N:Q5T1R4-2
Y:Q16661
Y:Q02747
Y:Q9UPW0
Y:Q9H0C1
Y:Q5VVM6
Y:Q8N6F1
Y:Q32P28
Y:Q96PL5
Y:P11166
Y:Q99848
N:Q96MR6-2
Y:Q96AQ2
Y:Q8IVY1
Y:P40238
Y:P10586
Y:O75164
Y:O60909
Y:Q99661
Y:P62241
Y:Q8NFU0
Y:C9JJ37
Y:Q9Y6C5
Y:Q9NR50
Y:P06132
Y:E5KP28
Y:Q96GM8
Y:Q9Y4U1
Y:P49321
Y:Q96LX7
Y:Q9HC44
Y:Q9Y573
Y:Q6P0Q8
Y:Q92569
Y:Q8WZA1
Y:Q92698
Y:Q15345
Y:P07919
Y:Q96CB9
Y:Q8NFW5
Y:Q5TC12
N:Q6PEX7
N:P13584-2
Y:Q5TCH4
N:Q15468-2
Y:Q13461
Y:Q2M3M2
Y:Q9NWH7
Y:Q5VU57
Y:P26378
Y:P42566
Y:B1AKJ5
Y:Q96EK9
Y:O95405
Y:Q5T0F9
Y:Q13415
Y:Q5TAX3
N:Q7Z5L7-3
Y:O00341
Y:P23786
Y:Q14114
Y:Q8NBF1
Y:Q9BXS4
Y:Q5VXM1
N:Q8WXI4-2
Y:Q8WW52
Y:Q68CQ1
Y:O95801
Y:Q7L3T8
Y:Q5TAA0
N:Q3ZCV2
Y:Q15392
Y:Q8WZ55
Y:Q8NBP7
N:B7WPF4
Y:Q5VWT5
Y:P07357
N:P07358
N:O75553-6
Y:Q96E52
Y:P09758
Y:Q5VVJ2
Y:O75161
N:Q96C11-3
Y:Q8NI35
Y:Q5T7N2
Y:Q5T7N3
Y:Q6ZRF8
N:Q96N67-5
Y:Q6NV75
Y:A2A2G4
Y:A8K855
Y:P36871
Y:B1AK53
Y:Q93038
Y:O94827
Y:O75061
Y:Q5SY16
Y:P48357
Y:Q7RTX1
Y:P10074
Y:Q07343
Y:Q9BQI5
Y:Q8N7M0
Y:Q9Y5Q6
Y:Q5VTH9
Y:Q9NTN3
Y:Q5JVX7
Y:Q5VWK5
Y:Q16518
Y:Q5TB30
Y:Q96NW7
Y:Q9H9A6
Y:P32929
Y:O95218
Y:A6PVS8
N:Q59H18-1
Y:Q5RHP9
Y:Q08257
Y:Q6IPR3
N:P11310-2
Y:O15457
Y:Q8WXJ9
Y:Q8NDV1
Y:Q9Y6Y1
Y:Q9Y6K8
Y:Q0ZGT2
Y:Q8TF65
Y:P56645
Y:Q53G44
N:O95399-2
Y:Q8TCB0
Y:Q9HBW9
Y:Q07011
Y:Q99497
Y:Q9UJM3
Y:Q8WZ79
Y:Q01459
Y:Q9Y2D8
Y:Q9UBY5
Y:Q8IZK6
Y:Q8IWG1
Y:Q5VT97
Y:O95999
Y:Q9NWK9
Y:Q17RW2
N:Q9ULJ1-4
Y:Q9UQC9
Y:A8K7I4
Y:Q14CN2
Y:Q9Y3T9
Y:Q16513
Y:Q9H0R5
Y:P32455
Y:P32456
Y:Q8N8V2
Y:Q96PP9
Y:Q96PP8
Y:Q6ZN66
Y:Q6P9F7
Y:P23280
Y:Q8TDW0
Y:Q6PXP3
N:Q494U1-2
Y:Q9H582
Y:A2PYH4
Y:O00311
Y:Q03167
Y:Q58F21
Y:Q5XKL5
Y:E9PEZ5
Y:Q92990
Y:Q99684
Y:O95479
Y:P46777
Y:Q9Y3A6
Y:O75815
Y:Q5QJE6
Y:P78363
Y:P05161
Y:P13726
Y:Q8N4M1
Y:Q9Y3V2
Y:Q9BSK2
N:Q12882
Y:O94985
N:O00468
N:Q9UNH6-3
Y:Q7Z2D5
Y:Q8WZA0
Y:Q9NU02
Y:Q9NPJ1
Y:Q5VYV7
Y:P78504
Y:Q92530
Y:Q9NUR3
Y:Q9H4I0
Y:Q9NUV7
Y:B1AKI9
Y:Q9H501
Y:Q5TEU4
Y:Q5TEA6
Y:Q9H1M4
N:A1Z1Q3-2
Y:Q9NZU0
Y:Q5JXA9
Y:Q9H106
Y:O00241
Y:Q9P1W8
Y:Q96L93
Y:Q9NRC9
Y:Q7Z7B8
Y:Q12934
N:Q9P2E9-3
N:F5H3F6
Y:Q9BQP7
Y:Q9H8E8
N:P52736-2
Y:Q15437
Y:Q9UJQ7
Y:P78324
Y:Q9HC58
Y:P01213
N:Q8WYP3
Y:Q9BZJ0
Y:Q8NHU2
Y:Q2PPJ7
Y:Q9H1M3
Y:P15863
Y:B0ZTD4
Y:Q08188
Y:P31391
Y:P07204
Y:Q9NPY3
Y:Q9H116
Y:Q9H114
Y:O60676
Y:Q9H4G1
Y:Q5W186
Y:P01034
Y:P01036
Y:P01037
Y:O95932
Y:P28325
Y:Q9H7V2
Y:Q9HDC9
Y:Q9NUB1
Y:Q9NZR4
Y:O75354
Y:P11216
N:Q8N2K0-2
Y:Q8TDI7
Y:Q14691
Y:Q9Y2I6
Y:Q9Y3M9
Y:Q9NUD7
Y:O43837
Y:Q9H1Q7
Y:Q9H269
N:P18433-4
Y:Q30KQ4
Y:O75628
Y:P41134
Y:Q96KJ9
Y:O43555
Y:Q9H1R3
Y:P01185
N:P08631
Y:Q9H488
Y:O94941
N:Q8IXJ9
Y:Q7L8L6
Y:Q9UBC3
Y:Q8TC36
Y:Q8N4F0
Y:Q8NFQ5
Y:P59826
Y:P59827
Y:Q96DR5
Y:Q9BQP9
Y:Q8TDL5
Y:Q9BY32
Y:Q13424
Y:Q8NBS3
Y:Q9BQM9
Y:Q01094
Y:Q9Y6I8
Y:Q9H444
Y:Q9UKM9
Y:P20042
Y:P42127
Y:Q5TEA3
Y:P23526
Y:Q9GZP1
Y:Q14686
Y:P48637
N:A7E2Y1
Y:Q9BV94
Y:Q9UNN8
Y:Q9Y5R2
Y:Q9BQN1
Y:Q9NVA1
Y:P43026
Y:Q9BV73
N:E9PFA0
N:Q9Y282-3
Y:Q99829
Y:Q9NTZ6
Y:Q9BVI0
N:Q96M20-2
Y:Q9Y312
N:Q9Y2H0-1
Y:Q9H6Q3
Y:O75882
N:O94964-4
Y:A0PJX2
Y:Q9Y3Z3
Y:P04844
Y:P01286
Y:Q9BZ11
Y:O43156
Y:Q9BZZ2
Y:P21980
Y:Q5JYT7
Y:Q96RU7
Y:P17213
Y:P18428
Y:Q96MM6
Y:Q9H9F9
Y:Q9H5Z1
Y:Q7Z434
Y:Q9BZ23
N:A2A284
Y:Q9H4I2
Y:Q9BQK8
Y:Q9NT22
Y:O14522
N:Q9Y468-1
Y:Q9HBY8
Y:P10244
Y:Q9H1H1
N:G3XAC7
Y:Q9BR39
Y:Q9NX31
Y:Q96BZ9
Y:Q9H3Y0
Y:P41235
Y:P00813
N:Q9H427
Y:Q4VXU2
Y:Q13043
Y:Q96KK3
Y:Q8TCV5
Y:P19957
Y:Q02383
N:O95460-2
Y:P31431
Y:Q9Y2B4
Y:Q969N2
Y:P49223
Y:O95925
Y:Q8IUA0
Y:Q8NEX5
Y:Q8IUB3
Y:Q6UDR6
Y:Q8IUB2
Y:Q9H147
Y:Q969T3
Y:Q96MP5
Y:Q9BR11
Y:Q9BR10
Y:Q9BR09
Y:P10619
Y:P55058
Y:Q9H4Z2
Y:P14780
Y:Q9H2X9
Y:P25942
Y:Q96S44
Y:O95528
Y:O00167
N:Q9ULU4-13
Y:Q9Y6Q9
Y:Q8IWU5
Y:P04156
Y:Q8TCU6
Y:Q9Y6D5
Y:Q96GQ7
Y:Q9P2E3
Y:Q14721
Y:Q16647
Y:O43286
Y:Q9UM82
Y:O95863
Y:P17676
Y:Q96MK2
Y:O60762
Y:Q13469
Y:Q9UJQ4
Y:Q9NPA5
Y:Q9NRE2
Y:O75362
Y:O75363
Y:Q07973
Y:Q8NFJ6
Y:Q96KR6
Y:O14965
Y:Q9NQ75
N:Q6ZNI0
Y:Q9BY42
Y:Q5JX69
Y:Q9NPB8
Y:P18075
Y:Q9Y5K1
Y:Q9H0Z9
Y:Q8NI51
Y:P35558
Y:Q9H171
Y:Q969W9
Y:Q9H1P6
Y:O95292
Y:Q8NCL9
Y:Q8NDH3
Y:Q5JWF2
Y:Q9UBR2
Y:Q9H4B7
Y:P56381
Y:Q5JPB2
Y:P14138
Y:Q96KR7
Y:Q9BX26
N:Q8IXH8-4
Y:P05060
Y:Q9UJA5
Y:Q9UJA3
Y:Q8WUT4
Y:P55283
Y:Q9BQL6
Y:O75177
Y:Q9H4K7
Y:Q9Y5N1
Y:O15230
Y:Q9BTV7
Y:Q8NC74
Y:Q9H1L0
Y:Q96BD0
Y:P30989
Y:Q9NZT2
Y:Q14050
Y:Q9UL49
Y:Q9BTC0
Y:Q9BYT1
Y:Q96CA5
Y:Q8IVV8
Y:Q9P218
Y:P43681
Y:O43526
Y:Q9H3Y6
Y:Q9BYK8
N:Q9NZ71-6
Y:Q8N5A5
Y:Q9H400
Y:Q9NR83
Y:Q86UZ6
Y:Q9H3Z7
Y:Q9H3Z4
Y:Q96KM6
Y:O94906
Y:P35713
Y:P48146
Y:P12643
Y:Q9NQ40
Y:Q8N687
Y:Q9H1E5
Y:Q9Y264
N:Q15147-4
Y:Q2I0M5
Y:Q9P286
Y:P56180
Y:P57052
Y:Q9NSI8
Y:P48552
Y:P78310
Y:Q9NYK6
Y:P98073
Y:O15394
N:Q9NYK5-2
Y:P57087
Y:P05067
Y:Q96J86
Y:Q9UHI8
Y:Q9UNA0
N:Q9Y5N5
Y:O94822
Y:Q9Y5T5
Y:P50990
Y:P57077
Y:O14867
Y:P39086
Y:P56750
Y:P56748
Y:Q3LHN0
Y:Q6PEX3
Y:Q3LI81
Y:Q52LG2
Y:Q3LI77
Y:Q3LI76
Y:Q3LHN2
Y:Q3LI73
Y:Q3LI67
Y:Q3MIV0
Y:Q8IUC1
Y:Q3LI54
Y:Q13009
Y:P00441
Y:O60287
Y:O43426
Y:P48551
Y:P17181
Y:P38484
Y:P22102
Y:P18583
Y:O95825
Y:Q9Y6J6
Y:P58511
Y:P15382
N:Q01196-8
Y:Q9NVD3
Y:P16152
Y:O75828
Y:Q9Y3R5
Y:O95500
Y:Q14190
Y:P50747
Y:P57054
Y:P53804
Y:Q99712
Y:O95456
Y:Q9NSI6
Y:O00258
Y:O95447
Y:P55822
Y:Q9Y2C3
Y:Q9NSI5
Y:O60469
Y:P58499
Y:P20591
N:F8WES1
N:P57078-2
Y:P57071
Y:Q9Y426
Y:Q9ULJ3
N:Q5DID0-2
Y:Q03403
Y:P04155
Y:P57727
N:P57075-2
Y:P57057
Y:P57081
Y:P35520
Y:P02489
Y:P57059
Y:P04080
Y:P56182
Y:P48553
Y:Q15269
Y:P30042
Y:O75144
N:Q9UJW3-2
Y:O43918
Y:P17858
Y:O43822
Y:O94759
Y:P60331
Y:P60368
Y:P60369
Y:P60372
Y:P60370
Y:P60371
N:P60409-2
Y:P60410
Y:P60411
Y:P60014
Y:P60412
Y:P60328
Y:P59991
Y:P60413
Y:P05107
Y:Q9NSI2
Y:P39060
Y:P41440
Y:P12109
Y:P12110
Y:O95954
Y:Q9H0A9
Y:P48449
Y:O60318
Y:O95613
Y:Q14689
Y:Q96SF2
Y:Q5GH77
Y:Q2WGN9
Y:Q96F46
Y:Q9BXW7
Y:Q9NZK5
N:E2QRE6
Y:Q9BXK5
N:P55957-2
Y:Q7RTP6
N:Q6ICK5
Y:Q7Z412
Y:Q9NY65
Y:Q9UMW8
Y:Q14129
N:O43272
Y:P98153
Y:Q96PF2
Y:Q96DF8
Y:O15499
Y:P53675
Y:Q9NQ50
Y:Q92890
Y:P13224
Y:D9ZGG0
Y:Q9BYB4
Y:Q7L3V2
Y:Q9NNW7
Y:P21964
Y:O00192
Y:Q6ICL3
Y:Q8WYQ5
Y:Q8IZ69
N:Q3LFD5
Y:Q16587
N:E5RFB8
Y:P05546
Y:Q9BT49
Y:O15547
Y:O43246
N:Q8IYX3-2
Y:P49593
Y:O95985
Y:P12018
Y:Q86YH2
Y:P59817
Y:P78395
Y:Q14390
Y:Q9UHP6
Y:O95755
Y:P11274
Y:P15814
Y:Q6PGQ1
Y:Q8IZJ4
Y:P24347
N:Q96Q80-2
N:Q9BYW1-3
Y:P30711
Y:Q9Y6J0
Y:Q9UGT4
N:Q6GMP0
Y:P29274
Y:Q9UBR1
Y:Q2VPJ9
Y:P19440
Y:Q7Z3Z3
Y:Q2NKQ1
Y:P26998
Y:P43320
Y:A4QPB2
N:F5GYU7
Y:Q9BYH1
Y:Q6ICH7
N:Q9NQG7-3
Y:Q9UH36
Y:P53674
Y:P53673
Y:Q10571
Y:Q8IWL3
Y:O95567
Y:O75677
N:P12036
Y:Q13769
Y:P35240
Y:Q9H1I8
Y:Q8N7B1
Y:P13725
Y:Q9BXI6
Y:Q569K6
Y:Q9Y6U7
Y:O76054
Y:Q9UDX4
Y:Q9UDX3
Y:Q99999
Y:O00541
Y:P20062
N:E7EWD0
Y:Q9NZ20
Y:P53671
Y:Q96FE7
Y:Q9HBE1
Y:A8K8P3
Y:Q5THK1
N:A8MPX9
Y:Q9Y442
Y:P13866
Y:Q6IC83
Y:O75678
Y:Q9NY91
Y:O75679
Y:Q8NFQ6
Y:Q9Y3I1
Y:P35625
Y:O95461
Y:Q2M1V0
Y:Q9UGU5
N:O60784-2
Y:P09601
Y:P33992
Y:Q9BWW8
Y:Q9BWW9
Y:O95236
N:Q9BPW4
Y:Q9BQE5
Y:O14791
Y:P35579
Y:Q8IWF2
Y:Q15080
Y:P32927
Y:Q8IU80
Y:P14784
N:Q9BXI9-2
Y:P32745
Y:P15153
Y:Q9UIA0
Y:O00587
Y:Q9BWT7
Y:P05162
Y:Q9Y3L3
Y:Q9H2D6
Y:O75600
Y:Q8N3F8
Y:P56693
Y:O95907
Y:O60733
N:O43731-2
Y:Q14565
Y:Q15040
Y:Q9UH99
Y:Q9UH17
Y:Q8IUX4
Y:Q9HC16
N:B7TQM3
Y:Q9NQG6
Y:P18848
N:Q9P0X4-4
Y:Q8IYW4
Y:Q8NEG4
Y:P30566
Y:Q96HU1
Y:Q969V6
Y:Q99705
Y:O43808
Y:P50502
Y:Q9NQH7
Y:Q09472
Y:Q969R5
Y:Q6NUI6
Y:Q5TIA1
Y:Q12772
Y:P17050
Y:Q6ICB4
Y:P56556
Y:Q6NWU0
Y:Q9UGU0
Y:Q8NET5
Y:Q9Y3A4
Y:Q9H4I8
Y:P00387
Y:Q9NPC4
Y:Q9NP61
Y:Q9UNF0
Y:Q13323
Y:Q8IVS2
Y:B1AH88
Y:P30536
Y:Q14166
Y:Q8IWY4
Y:Q5THR3
Y:Q7Z6Z6
Y:Q9NST1
Y:Q9Y512
Y:Q9HBI1
Y:B1AHC3
N:Q96EK2-3
Y:O75631
Y:Q9NWS6
N:Q8NDV3-3
Y:Q9H4K1
Y:P23142
Y:Q9NV39
Y:Q07869
Y:Q6NVV7
Y:Q9NTG1
N:Q9NYZ3
Y:O75648
Y:Q9NYQ6
Y:Q8TCT0
Y:O95696
Y:O75132
Y:Q9BV10
N:Q6UXH1-5
Y:Q6ZVW7
N:B5MDV0
Y:Q15049
Y:Q9BXT6
Y:Q9BVL4
Y:Q96RT7
Y:Q969S8
Y:Q15759
Y:O15031
N:O75170-4
Y:Q9BU23
Y:O43819
Y:P19971
Y:A1L190
Y:Q92523
Y:P15289
N:F2Z3L0
Y:Q9UBZ9
N:P51826-2
Y:Q53T94
Y:Q1L5Z9
Y:Q9NZI5
Y:Q5H8A3
Y:Q99743
Y:O95759
Y:O14901
Y:Q8NC42
Y:P27930
Y:P14778
Y:Q9HB29
Y:Q01638
Y:Q13478
Y:O95256
Y:Q6AI14
Y:Q8NBP5
Y:Q96LS8
Y:Q9Y5Y3
Y:Q8WUH2
Y:Q9BVC5
Y:Q9H1Z8
Y:Q9BSC4
Y:Q96JF0
Y:Q6IMI6
N:O00338-2
Y:O75897
Y:Q8NEY4
Y:Q15084
Y:P49792
Y:Q96M89
Y:Q9UNE0
N:O15259-2
Y:O43683
N:E9PB20
Y:Q12866
Y:Q53RD9
Y:Q8N5P1
Y:Q9H9Y6
Y:P01583
Y:O75116
Y:Q9NZH6
Y:Q9NZH8
Y:Q9UHA7
N:Q9NZH7-2
Y:Q9UBH0
Y:Q8WWZ1
Y:Q8NDX1
Y:Q06710
N:Q8N608-2
Y:Q9NY99
Y:Q4ZG55
Y:O95665
Y:Q9NVP1
Y:Q567U6
Y:Q14693
Y:Q658P3
Y:Q3KRA6
Y:P07108
Y:P47872
Y:Q4G0U5
Y:Q53S58
Y:Q9HCM4
Y:P10070
Y:Q8WYK1
Y:P04921
Y:O00499
Y:Q4G0S4
Y:P19447
Y:P04070
Y:Q96ST2
Y:Q6PIF6
Y:Q9C0J8
Y:Q92519
Y:Q96LY2
Y:Q6PEY2
Y:Q99952
Y:P0CG37
Y:Q8TDV2
Y:Q8N944
N:E7EV07
Y:Q96AQ1
Y:O43194
Y:O14513
Y:Q56UN5
Y:Q15042
Y:Q5FWF4
Y:Q15032
Y:P09848
Y:Q6IQ16
Y:Q9NZR2
Y:P07202
Y:Q16719
Y:Q4AE62
Y:O60315
Y:O43929
Y:Q9P267
Y:Q9H3L0
Y:Q6ZSC3
Y:Q13287
Y:P98066
Y:Q5UIP0
Y:P20929
Y:O00305
N:Q96PY5-3
Y:A2RRP1
Y:Q8IUC8
Y:P43304
Y:Q7Z7M9
Y:Q8NER5
Y:Q04771
Y:O95045
Y:Q8NFR7
Y:A0PJW8
Y:Q9C0D5
Y:Q8N9V3
Y:Q9UIF8
Y:Q9H992
Y:P04198
Y:Q13018
Y:Q92844
Y:Q9BYX4
Y:P28676
Y:Q9NS40
Y:Q92626
Y:Q14449
N:Q9NY46-3
N:Q99250-2
Y:Q7Z4L5
N:P35498-2
N:E7EUN6
Y:Q01118
N:A4UGR9
Y:Q8IVI9
Y:O95342
Y:P98164
Y:O60662
Y:Q53R41
Y:Q13427
Y:Q8WXR4
Y:Q99259
Y:Q9H8Y8
Y:Q53TN4
Y:O75746
Y:Q15118
Y:Q9NYL2
Y:Q02447
Y:Q0VDG4
Y:O43516
Y:Q53SH4
Y:P35453
Y:Q09MP3
Y:P28358
Y:Q16236
Y:O00116
Y:Q8N4P2
Y:Q86WT1
Y:Q96SB8
N:Q9BZF3-3
Y:O75569
Y:Q0ZLH3
N:Q8WZ42
Y:Q17RS7
N:Q6ZP82
Y:Q569K4
Y:Q9HCG8
Y:Q9BQ31
Y:P13612
N:Q49MI3-2
Y:Q13562
Y:P28290
Y:Q8IXB1
Y:Q92765
Y:Q7Z570
Y:Q5CZC0
Y:P06756
Y:Q16602
Y:P10646
Y:Q969H9
Y:P02461
Y:P05997
Y:Q9NP59
Y:Q9NWL6
Y:Q7Z5J8
Y:P54277
Y:O14793
Y:Q9BSF0
Y:Q6NVY1
Y:P49441
Y:Q6ZSS7
Y:P42224
Y:Q14765
Y:O95810
Y:Q9ULF5
Y:Q8WXX0
Y:Q9Y5Q9
Y:Q9H8M1
Y:P10809
Y:Q15111
Y:A2RUC4
Y:Q9P2L0
Y:Q6PI47
Y:Q562F6
Y:Q06278
Y:P49759
Y:Q9H2H8
Y:Q9GZT8
Y:O15519
Y:O15232
N:Q92851-4
N:G5E9S3
Y:O60296
N:E9PGG4
Y:Q96JB8
Y:Q96Q42
Y:O75084
Y:Q13873
Y:Q6UW02
N:Q8TB72-3
N:Q8TEW8-2
N:O60462
N:Q53TQ3-2
Y:P28331
Y:P46091
Y:Q9HCK1
Y:A2CJ06
Y:Q5I0G3
Y:Q9NYY8
Y:Q8IVL8
Y:Q53T59
Y:Q8WXB1
Y:Q13467
Y:P07320
Y:P07315
Y:P07316
Y:Q0P641
Y:O75874
Y:Q9Y2I7
Y:P11137
Y:Q8N2C7
Y:P31327
Y:P04114
Y:Q9UKS7
Y:Q8N0X2
Y:Q99728
Y:Q86UK0
Y:P31939
N:P02751-15
Y:Q9BY49
Y:Q9NZC9
Y:P24593
Y:Q9HBL0
Y:P25024
Y:Q13685
Y:Q8N490
Y:Q969X1
Y:Q9GZU7
Y:P09327
Y:Q86T82
Y:P52746
Y:Q9Y276
Y:Q9NRP7
Y:Q14679
Y:Q02318
Y:Q9UGI9
Y:Q9GZT5
Y:Q6ZU64
Y:Q14623
Y:Q9H9Q4
Y:Q9BV87
Y:Q8NC44
Y:Q9NP58
Y:Q7Z3C6
Y:Q9H8Y5
N:O75716
Y:P25686
Y:Q16849
Y:P17661
Y:Q96IJ6
N:Q96FT7-4
Y:P05111
Y:Q8N1F8
Y:P48751
N:G5E9C1
Y:Q96PD6
N:Q8WWG9
Y:P13521
Y:Q9H9J2
Y:Q9H5Z6
Y:Q13618
Y:Q9P242
Y:P35568
Y:P53420
Y:Q01955
Y:Q9GZY8
Y:Q53S99
Y:Q9BZV2
Y:Q8N136
Y:Q2M3C7
N:Q9HB58-6
Y:Q13342
N:P23497-4
Y:Q9NQX7
Y:Q9Y2T6
Y:P41595
Y:Q8NFL0
Y:Q53QW1
Y:P23582
Y:Q8IYB7
Y:P05187
Y:P10696
Y:O95672
Y:Q07001
Y:P07510
Y:Q9BUP0
Y:Q6Y7W6
Y:O60928
Y:Q8N5V2
Y:Q9Y3R4
N:Q92835
Y:P10523
N:Q9NVE5-3
Y:P22309
Y:Q8NCD3
Y:Q7Z2W7
Y:Q9P0V3
Y:Q9UPQ3
Y:Q6ZVZ8
Y:Q86XH1
Y:P12111
Y:Q9BV36
Y:Q9H0T7
Y:Q32MZ4
N:Q6ZP01
Y:Q96I15
Y:Q6ZVH7
Y:Q9H0C8
Y:O15055
N:Q8TDR0-2
Y:Q6IFH4
N:Q8WXC7
Y:Q8NGW1
Y:P35052
Y:Q9P2S6
Y:Q9HC96
Y:Q9HC97
Y:P21549
Y:Q08AI8
Y:Q8TER0
Y:Q7Z6M4
Y:Q96RG2
Y:Q6IWH7
Y:Q00341
Y:O94887
Y:O00506
Y:Q8WY91
Y:Q9Y4P1
Y:Q9H6R7
Y:Q8N465
Y:Q9H3Q3
Y:Q15116
Y:Q14D33
Y:Q53FA7
Y:Q86W67
Y:Q9NZM3
Y:Q15788
Y:Q9BU64
Y:O60266
Y:P40939
Y:P55084
Y:P24666
Y:Q8IZF5
Y:Q96MC2
Y:Q9HC10
Y:A6NJV1
Y:A0PJX0
Y:Q6NUQ4
Y:Q8NDL9
N:Q9Y6C2
N:P50053-2
Y:Q99674
Y:Q96SE0
Y:Q7RTU1
Y:Q9Y289
N:Q6UW56-3
Y:Q8N7S2
Y:P39210
N:Q9UI10-2
Y:Q8N8E2
Y:Q9UHY1
Y:Q9UG01
N:Q14397
Y:Q68DN1
Y:Q9BWU0
Y:Q6P1J6
Y:Q6ZUX3
Y:A6NGG8
Y:Q8N3C7
Y:Q9UM73
Y:Q6UWP7
Y:Q6MZZ7
Y:Q96FL9
Y:P47989
Y:Q9UBP0
Y:Q6P3X3
N:D6W583
Y:Q8WVT3
Y:Q9NZV1
N:Q9UHY8-2
Y:Q9BWP8
Y:Q9P2D3
Y:Q6IMI4
Y:Q03701
Y:Q7L592
Y:O94806
Y:Q16769
Y:Q53TK1
Y:Q8NHH9
Y:Q96C23
Y:Q8WXD5
Y:Q6P158
Y:Q502X0
Y:Q07889
Y:Q5MAI5
Y:Q9HC35
Y:Q8TDS5
Y:P46952
Y:Q6YHU6
Y:Q8IVE3
Y:Q8TCX1
Y:Q9H222
Y:Q9H221
Y:P42704
Y:Q07837
Y:O95343
Y:Q8N5C6
Y:Q02156
Y:Q99814
Y:Q8NI22
Y:Q9ULT0
Y:Q8N801
Y:P16422
Y:P43246
Y:P52701
Y:Q86XK2
Y:Q53S48
Y:P22888
N:P23945
Y:Q96DZ1
Y:O95800
Y:Q14997
Y:Q8N831
Y:Q8N5S3
Y:Q9NQC3
Y:Q8NHS4
Y:P46199
Y:Q96G28
N:Q5MIZ7-3
Y:Q8TCS8
Y:Q86Y07
Y:Q9NW38
Y:Q92968
Y:Q70CQ2
Y:Q3B820
Y:Q86X19
Y:Q8NDI1
Y:O95876
Y:Q9P1Q0
N:Q6ULP2-4
Y:P43007
Y:Q76N32
Y:O00470
Y:Q9NY74
Y:Q13901
Y:Q96MX6
Y:Q9NRX1
Y:P08567
Y:Q5FWF7
Y:Q8IW19
Y:Q8TCW9
Y:P42331
Y:O95393
Y:Q86XP6
Y:Q9H6X2
N:Q06210-2
Y:Q9UMS0
Y:Q2M2I8
Y:Q5EBM0
Y:Q6LES2
Y:Q8WXG1
Y:Q53RT3
Y:Q9NWW7
Y:Q9UHG3
Y:P01135
Y:P35612
Y:Q6QHK4
Y:Q8N1N0
Y:Q9UJ71
Y:Q9UIW0
Y:P15313
Y:Q8N9V6
Y:Q96PE7
Y:O00566
Y:P50876
Y:Q14966
N:O75923-13
Y:Q9NR63
Y:P35270
Y:A8MTQ0
N:Q8TCU4
Y:Q9UHE5
Y:Q16854
Y:Q9BY07
Y:Q14203
Y:Q13724
Y:Q96EL3
N:Q17RM4-2
Y:Q49AM3
N:Q6XYB7-2
Y:O43464
Y:P58215
Y:Q8TC57
Y:P52789
Y:Q9NR33
Y:Q9H8M9
Y:P16383
Y:Q86UE6
Y:P53597
N:Q86V40-2
Y:P63313
Y:Q9HCS4
Y:Q6NUM9
N:Q96FG2-6
Y:P40121
Y:P38435
Y:Q9P0P0
Y:P07988
Y:P22749
Y:Q96SQ7
Y:Q9UNP4
Y:O95602
Y:Q96EY7
Y:Q16891
Y:Q9NZE8
Y:Q9H902
Y:Q9Y4C1
N:P01732-2
Y:Q8NB12
Y:P07148
Y:Q86YJ6
Y:Q9ULH0
Y:Q96LM6
Y:Q9NZJ5
Y:P49247
Y:Q6ZWT7
Y:O43150
Y:Q8WW24
Y:Q8N271
Y:Q9Y2W7
Y:P78536
N:P18089
Y:Q6HA08
Y:Q9NQZ5
Y:O75204
Y:O75643
Y:Q6GPH6
Y:Q15003
N:Q9P2N6-3
Y:Q6P4Q7
Y:Q8IXR5
Y:P42025
Y:P43403
Y:Q502W6
Y:Q16281
Y:Q96PE3
Y:Q86WW8
Y:Q8TCC3
Y:O60841
Y:Q96K78
Y:Q92734
Y:Q9BXW9
Y:Q9BZV3
Y:Q9BQF6
Y:Q7L0Y3
Y:O95625
Y:P40337
N:Q8TCW7-2
Y:O43187
Y:Q93075
N:Q9UBU3-3
Y:P55735
Y:Q13740
Y:Q13191
Y:Q8NEL0
Y:Q9UM44
Y:Q9Y2K3
Y:Q8TCG1
Y:Q9BQ08
Y:O95843
Y:Q86VD1
Y:Q7Z7J5
Y:Q7L190
N:P40200-2
Y:Q86SQ0
Y:Q9NUJ1
Y:Q5BVD1
Y:Q4G0N8
N:P41217-3
Y:Q7Z6A9
N:Q8TD46
Y:Q8N3Z3
Y:Q6NW34
Y:Q9BWV1
Y:P35367
Y:Q96MT7
Y:Q8N0Z3
Y:Q9NXL6
Y:Q68DE3
Y:Q8IYP9
Y:Q8NCU4
Y:P51504
Y:O95352
Y:Q5DX21
Y:Q96BW9
Y:Q96M34
Y:O75841
Y:O60513
Y:Q2M1Z3
Y:Q9NV64
Y:Q9NPL8
Y:Q53H76
Y:Q9HBU9
N:Q7Z4T9-7
Y:F1D8P9
Y:Q8NFN8
Y:Q93099
Y:P29083
Y:Q9Y2K9
Y:O75417
Y:A6NJG6
Y:Q9UH90
Y:P14317
Y:Q14789
Y:Q15051
Y:Q16348
N:Q86SU0-2
Y:P42081
Y:P41180
Y:P01040
Y:P52294
Y:Q8IXQ6
Y:Q8TDB6
Y:Q460N3
Y:Q96EW2
Y:Q9P283
Y:Q15746
N:Q49A88-6
Y:P37231
Y:P11172
Y:P18084
N:Q9H3R2
Y:Q9ULI3
Y:Q8NCE0
Y:Q6GMV1
Y:Q96GZ6
Y:Q2QGD7
Y:Q96N76
Y:Q9H000
Y:Q8NET6
Y:P04049
Y:Q9BRQ6
Y:P49736
Y:Q9NZ53
Y:Q3ZCT8
Y:P57772
Y:Q8NHS0
Y:P23769
Y:P51149
Y:O75155
Y:Q9H845
Y:Q9HA90
Y:P14770
Y:Q6NXP0
Y:O95243
Y:Q9HBG6
Y:P08100
Y:Q8IZA3
Y:Q9Y4D7
N:E9PG60
Y:O94876
Y:P20396
N:A8TX70-2
Y:A6NMZ7
Y:P98194
Y:Q8NG66
Y:P09001
Y:Q9UQ52
Y:O75165
Y:Q7Z494
Y:Q6UXF1
Y:Q13515
Y:Q92547
Y:P02787
Y:Q9Y5M8
Y:Q8TEM1
Y:Q92959
N:Q9Y2J4-2
Y:Q06190
Y:P05166
Y:Q8WVM7
N:P98095-2
Y:Q8TBE7
Y:P16333
N:P56856-2
Y:Q8IYY4
Y:Q9UNA3
Y:A0FGR9
N:Q9NVQ4-3
Y:O00755
Y:P58012
Y:P82650
Y:Q9H4D0
Y:Q8IWZ5
Y:Q8NAP3
Y:Q8WTQ7
Y:Q9BTV4
Y:Q01831
Y:Q8IZH2
Y:Q13535
Y:Q14651
Y:Q9UKZ9
Y:Q8IVB4
N:O00469-2
Y:Q9NRQ2
Y:O15162
Y:A0PG75
Y:Q8ND61
Y:P30556
Y:P15086
Y:Q6ZNL6
Y:P46976
Y:Q14527
Y:Q969F9
N:P00450
Y:Q86X83
Y:E9PHT4
Y:O75157
Y:Q9BY44
Y:Q7L0X2
Y:P58418
Y:Q86YW9
Y:O14626
Y:Q9BY21
Y:Q9BPV8
Y:Q9H244
Y:Q6WRI0
Y:Q9H1K0
Y:Q6P093
Y:P22760
Y:Q6UXP3
Y:Q96DR7
Y:Q9H2U1
Y:Q9Y215
Y:Q6P1S2
Y:O00400
Y:Q6ZMV7
Y:P43251
Y:Q14D04
Y:P26022
Y:A1A4F0
Y:Q96RP9
Y:Q9BS40
Y:P49788
Y:Q9H3U5
Y:Q9P2H3
Y:Q9NTJ3
Y:Q8N4G2
Y:O75752
Y:Q96D46
Y:A6NHN0
Y:Q8N3T1
Y:Q96HP4
Y:Q14699
Y:P14410
Y:O94933
Y:P06276
Y:A8MT70
Y:O75830
Y:Q8IV35
Y:Q99574
N:Q03112-3
Y:Q9BYD9
Y:Q8IZ02
Y:A6NIV6
Y:Q6UY01
Y:Q7Z3H4
Y:Q8TBB6
Y:Q6P5R6
Y:P11168
Y:Q9UKE5
Y:Q13393
Y:Q53EP0
Y:Q92609
Y:Q92847
Y:P50591
N:F5H7K4
Y:Q9H8V3
Y:Q9BXB7
Y:Q58DX5
Y:P42336
N:Q9NPA1-2
Y:Q9HD33
Y:Q96RQ3
Y:Q9UQV4
Y:Q8WZ60
Y:Q9ULM3
Y:Q9H300
Y:Q70Z44
Y:Q8WXA8
N:A5X5Y0-3
Y:Q13144
N:B9EGN7
Y:Q92685
N:O60344
Y:Q13200
Y:Q04637
Y:Q6UXB0
Y:P51788
Y:Q9H2X0
Y:Q9HAY2
N:Q8N3P4-3
Y:Q08426
Y:O43283
Y:Q8WWY8
Y:Q9HC62
Y:P49619
Y:Q9UBS4
N:F5H0Q5
Y:Q9UGM5
Y:P04196
Y:P01042
Y:Q15848
Y:P59025
Y:Q96DX8
Y:P61278
Y:Q5QGT7
Y:Q93052
Y:Q9H3D4
Y:Q9Y5I7
Y:Q6UWW9
Y:Q9NPH3
Y:Q765I0
N:Q8IVM0-2
Y:Q56P42
Y:Q4VNC0
Y:Q4VNC1
N:E5KLJ5
Y:P22792
Y:Q8TF66
N:Q2T9K0-6
Y:Q9H089
Y:E9PH32
N:E7ESK3
N:Q07912-3
Y:Q96L42
Y:Q8WVZ1
Y:Q86UW1
Y:Q96DZ7
Y:Q8IYW5
Y:Q147U7
N:Q8TBF5
Y:Q96HI0
Y:Q86VD9
Y:P08582
N:Q12959-2
Y:Q96QD9
N:Q96II8-3
Y:Q9H095
Y:P18077
Y:Q8N7U6
Y:Q92831
Y:Q5FBB7
Y:P51965
Y:P10828
N:Q6ZWH5
Y:Q9Y6M7
Y:O95936
Y:Q504Y3
Y:D2JYI1
Y:Q01344
Y:Q96Q11
Y:Q9BXB5
Y:Q8N335
Y:Q9NX76
Y:Q9Y6G9
Y:Q9H9A5
N:P16278
Y:O75718
Y:O60279
Y:Q9NZI7
N:E9PFU1
N:O00533-2
Y:Q99469
Y:Q9C098
Y:O15050
Y:P40692
Y:Q9Y608
Y:Q13439
Y:Q8IVJ8
Y:Q13797
Y:O15195
N:B3KR14
N:Q9Y238-3
Y:P09110
N:Q99836
Y:O95747
Y:Q9Y267
Y:O75191
Y:Q13705
Y:Q14524
Y:Q9Y5Y9
Y:Q6UXK5
Y:Q9UI33
Y:Q9BQQ3
N:Q8NDW8-7
Y:Q96S65
Y:Q702N8
Y:P49238
Y:P51685
Y:Q96DW6
Y:Q8NFW9
Y:O75355
Y:P35222
Y:Q96C45
Y:P30414
Y:Q2TBA0
Y:Q9HCP6
Y:Q8IYE1
Y:O00590
Y:Q9UNU6
Y:Q9UFP1
Y:Q9NRH2
Y:Q9NW15
Y:Q8WTS1
Y:Q8NBK3
Y:Q8N9V7
Y:Q8N3R3
Y:P59923
Y:Q9P0L1
Y:Q8TBZ5
Y:Q96CX3
Y:Q9NS87
Y:P49221
Y:Q15024
Y:P05452
Y:Q9H5V8
Y:Q15031
Y:Q9NTJ5
Y:Q9NP91
Y:Q9NQ48
Y:P51686
Y:Q9BQS8
Y:O00574
Y:P51677
Y:P51681
Y:O00421
Y:P02788
Y:Q9BYS8
Y:P13385
Y:Q60I27
Y:Q8NEW7
Y:Q9UI38
Y:P08590
Y:Q03431
Y:Q6ZNJ1
Y:Q9BYW2
N:G5E9P1
Y:Q9HAQ2
Y:Q9H3S7
Y:Q12770
N:O95196-2
Y:Q92922
Y:P27816
Y:P30304
Y:Q86UQ0
Y:P0C7L1
N:E9PG36
Y:O43157
Y:Q8WXE1
Y:Q9NSU2
N:B4DQK7
Y:Q02388
Y:P31930
Y:A2RUT3
N:Q5Y190
Y:O43772
Y:Q5D0E6
Y:Q9BU61
Y:O94966
Y:P55268
Y:Q8IV32
Y:Q8IYA8
Y:Q6ZUJ4
Y:Q13107
Y:P07203
Y:P48728
Y:Q14118
Y:Q9UPA5
Y:P13798
Y:G3XAK1
Y:Q5XPI4
N:Q9Y5P6-2
Y:P41226
N:Q04912
Y:P78332
Y:Q13275
Y:P11488
Y:Q12894
Y:O43820
Y:Q12891
Y:Q9NS23
N:Q9NY47-2
Y:Q9UK00
Y:Q9Y5R4
Y:Q9Y4B4
Y:Q9Y6I9
Y:Q8N6M8
N:Q9Y6F1-2
Y:Q9BZJ7
Y:P57723
Y:Q9BUJ0
Y:Q03154
Y:Q16829
Y:Q8NBT0
Y:Q9NR96
Y:Q8IVS8
N:C9JXH6
Y:Q92560
Y:Q9NS98
Y:P63316
Y:Q9Y2I1
Y:Q9NY15
N:E9PAL9
N:Q86U86-3
Y:Q9BVP2
Y:Q68CQ7
Y:P51957
Y:P19827
Y:Q06033
Y:Q14624
Y:Q96AA3
Y:Q05655
Y:Q8NE62
Y:Q9NRM6
Y:Q9H981
Y:Q9Y6D0
Y:Q9HBL6
Y:O15083
Y:A2RUB6
N:Q9UK61-3
N:Q9NR81-2
Y:Q8NFM7
Y:Q9UBX0
Y:Q9UKG1
Y:Q6ZR08
Y:Q6L8Q7
Y:O75369
Y:Q13609
Y:Q7Z7A4
Y:P11177
Y:O95990
Y:Q96BQ1
N:Q6ZVT6-2
Y:P23470
Y:Q8TBJ5
N:O15265-2
Y:Q7Z3G6
Y:Q9P2N4
N:F8WAB8
Y:Q96JA1
Y:Q8NFY9
Y:Q96I99
Y:P82094
Y:Q0VAK6
N:O75030-2
Y:Q9HC23
Y:Q6PI26
Y:Q9UPQ7
Y:Q9P232
N:Q14831-2
Y:Q9HCK4
Y:Q9Y6N7
Y:Q04446
Y:Q9Y2M2
Y:Q9UQN3
N:P28069-2
Y:P56539
Y:P30559
Y:P29320
Y:Q9NS91
Y:O43295
Y:P07225
Y:Q3SXY8
Y:Q86XF0
Y:Q9BV44
Y:Q9C0A6
Y:Q8NCE2
Y:Q9H0F7
N:Q68DQ2
Y:Q8IUF8
Y:Q9NZP5
Y:A6NKK0
Y:A6NHG9
N:P55201-2
Y:A6NDH6
Y:E5KPN0
Y:Q8NGV6
Y:Q8NGV7
Y:A6NMS3
Y:A6NET4
Y:P49685
Y:P36551
Y:Q9Y274
Y:Q96PD2
Y:Q9Y4R7
Y:Q6P087
Y:Q8NFR9
Y:Q8NAC3
Y:Q4L180
Y:Q96HD1
Y:Q9BQ75
Y:Q5FWE3
Y:P08319
N:P28332-2
Y:Q9NRM0
N:P00325
N:P00326
Y:P40394
Y:Q53FE4
Y:P55157
Y:O75083
Y:Q8N441
Y:Q9C0K1
Y:O00462
Y:Q86UD5
Y:Q9BUT1
Y:Q02224
Y:Q9C0D4
Y:P29371
Y:Q6N021
Y:Q9H2U2
Y:Q9NXL2
Y:Q96CB8
Y:Q495C1
Y:Q6UXI9
Y:Q8TEA7
Y:Q12904
Y:Q9UBU2
Y:Q16836
Y:Q8TBG4
Y:O95487
Y:Q9NWR8
Y:P55212
Y:P05156
N:Q3SXY7
Y:P01133
Y:Q07075
N:Q99697-2
Y:Q63HQ0
Y:Q96CG3
Y:Q96QP1
N:G5EA02
Y:O14792
N:Q01484-4
Y:Q5FYB0
Y:Q16880
Y:Q9H3R1
N:Q9BUD6
N:Q9UMS6-2
Y:Q9NPC6
Y:Q70EK8
Y:O76074
Y:Q9NQX1
Y:Q96KP6
Y:Q96P65
Y:Q4W5P6
N:Q06265-2
Y:P20248
Y:Q8IWZ6
Y:Q2LD37
Y:Q6ZW61
Y:P53370
Y:O95757
Y:O00444
Y:Q8NHS3
Y:Q659C4
Y:Q6IE81
Y:Q96NL6
Y:Q8N1A6
Y:Q2YD98
Y:Q8NFC6
Y:Q9UK39
Y:Q99735
Y:O14967
Y:P25874
Y:Q6ZT07
Y:Q9Y3S2
N:Q13480-2
N:G3V0I6
Y:Q8IVH4
Y:Q12837
Y:Q8NA56
Y:Q6P2P2
Y:B0ZBF6
Y:P50851
Y:Q7RTY5
Y:O75879
Y:Q8IY51
Y:Q9C0D6
N:A2VDJ0-5
Y:O60603
Y:Q96HF1
Y:Q6V1P9
Y:Q9P2K1
Y:P02675
Y:P02671
Y:P02679
Y:O95237
Y:Q49MG5
Y:Q02108
Y:Q10588
N:P42262-2
Y:Q7Z5S9
Y:Q16134
Y:Q08752
Y:Q9BYJ0
Y:Q9P278
Y:Q96LM5
Y:O43490
Y:Q6NXT6
Y:Q8N475
Y:Q96HR8
Y:Q9H0I9
Y:Q96EY4
Y:Q96MZ4
Y:Q15800
Y:P16870
Y:O43897
Y:Q9BQ16
Y:Q9UJ72
Y:Q8IY21
Y:Q5H9U9
Y:B2RTX2
Y:Q8N4T8
Y:Q7Z6J0
Y:Q96PY6
Y:A0AVI4
Y:Q9Y6A5
Y:P09417
N:Q9C0F1-2
Y:A0PK11
Y:P15428
Y:Q9ULE4
Y:Q8IZU2
Y:Q8NEY3
Y:Q9NXF7
Y:Q9BPX3
Y:Q8TAT5
Y:P20933
N:P22607-2
Y:Q6NW29
N:Q96LW4
Y:Q71F23
Y:A6NFD8
Y:P12235
Y:Q9P2B7
Y:Q9H3E2
Y:Q7Z713
Y:Q8TBZ0
Y:O15455
Y:A5PLN7
Y:Q6ZWL3
N:P03952
Y:P03951
Y:P48039
Y:Q8N9V2
Y:Q14331
Y:Q7Z5Q5
Y:Q68CZ6
Y:Q8IWK6
N:Q9H227
Y:Q9HCC9
Y:Q9UBK2
Y:P08294
Y:Q8N0V4
Y:Q9HD40
Y:Q8TCG2
Y:Q9H5U6
Y:Q9UJX5
Y:O95436
Y:Q68CR1
Y:Q8N5G0
Y:P78312
Y:Q8N5T2
Y:Q8NFZ5
N:D6R919
N:P35611-3
Y:P78316
Y:P32298
Y:P42858
Y:O14924
Y:Q04756
Y:Q18PE1
N:Q8N1M3
Y:P30533
Y:Q8WZ64
N:Q6ZMT9-2
Y:Q15928
Y:Q9ULI1
Y:Q8IY42
Y:Q96G03
Y:Q86TI0
N:Q9NZH5-2
Y:Q9BXR5
Y:Q15399
Y:Q9Y2C9
Y:Q8IWE2
Y:Q8N614
Y:Q96PQ7
Y:Q8NEZ3
N:P35251-2
Y:Q86Z14
Y:Q86UW6
Y:Q9UGM1
Y:A0AV96
Y:Q8NE18
Y:P09936
Y:Q9UPQ0
Y:Q99453
Y:Q7RTM1
Y:Q6PML9
Y:A0PJX4
Y:Q9Y2Q0
Y:Q9NX58
Y:A8MXD5
Y:Q6ZSB9
Y:Q9P2W9
Y:Q8N8F6
Y:Q8N442
Y:P48169
Y:Q9NX08
Y:Q9P241
Y:Q9Y5Q5
Y:Q6ZNB6
Y:P29973
Y:Q6NVV3
Y:P42681
Y:O94915
Y:P28360
Y:Q9H720
Y:Q5H8A4
Y:Q68CR7
Y:Q16585
Y:Q8WU76
Y:Q9NY57
Y:P16234
Y:Q99440
Y:P10721
Y:Q86UK5
Y:P35968
Y:O15516
Y:P48645
Y:Q66GS9
Y:Q6ZU35
Y:Q4L235
Y:P57679
N:P22234-2
Y:Q8NC60
Y:Q16270
N:A0EJG6
Y:Q6ZRC1
Y:P35913
N:E9PE04
Y:O76024
Y:Q9Y2E5
Y:P54756
Y:A0AVT1
Y:P30968
Y:Q6ZWK6
Y:Q96MU7
Y:Q9UL52
Y:P54855
Y:Q9BY64
Y:P06133
Y:Q9Y4X1
Y:P47710
Y:Q6MZM9
Y:A1E959
Y:P07498
Y:Q96KC9
Y:Q99954
Y:Q8TAX7
Y:Q6UX39
Y:Q9NP70
Y:Q9NRM1
Y:Q9NQZ2
Y:A5JJ20
N:D6RAK8
Y:O15072
Y:P02768
Y:P02771
Y:Q6NUJ1
Y:P43652
Y:Q6ZTQ3
Y:O14944
Y:P35070
Y:Q92772
Y:Q96PQ0
Y:O14830
Y:Q02083
Y:Q9NVU7
Y:Q5M9N0
N:E9PDT7
Y:A6NEL2
Y:Q16589
N:E9PHH6
Y:P12429
Y:Q9NSY1
Y:Q9BSU3
Y:P58335
Y:P12034
Y:Q6V702
Y:Q8TE82
Y:O94979
Y:Q9H5L6
Y:O15254
N:Q96H96
Y:Q8TDG4
Y:O14976
Y:Q8IYL2
Y:Q96P69
Y:Q66K79
N:Q12923-4
Y:Q3KNW5
Y:Q96KX1
Y:Q14515
Y:Q9NZW4
N:Q13316-2
Y:P21815
Y:Q9NQ76
Y:P10451
Y:Q13563
Y:Q9UNQ0
Y:Q8N3J5
Y:Q8IVU3
Y:Q9UII4
Y:Q15034
Y:O94988
Y:Q4W5G0
Y:Q6ZVF9
Y:P37840
Y:Q13201
Y:Q9C0I3
Y:O43424
N:Q9H4L7-2
Y:Q96HC4
Y:O00238
Y:O95185
Y:P29803
Y:P21918
Y:P35475
Y:Q9H2B4
Y:Q8N412
Y:P11766
Y:Q86UG4
N:P19021-5
Y:Q6P4H8
Y:Q9NXP7
N:O43314-2
Y:P48643
Y:Q96DG6
Y:Q9BQG2
Y:Q969F2
Y:Q96C74
Y:Q9Y666
Y:P16591
Y:O43164
Y:Q8NI36
Y:Q16566
N:B7Z5D2
Y:Q9HCS5
Y:P25054
Y:Q9BXA7
Y:Q9H6S0
Y:Q9NQ86
Y:P53609
N:Q8NEF3-2
Y:Q92572
Y:Q6Q4G3
Y:Q9Y6G5
Y:Q9H2E6
Y:Q9Y485
Y:P51659
Y:A1A519
N:Q569H4-3
Y:Q695T7
Y:P28300
Y:Q6S9Z5
Y:Q9Y6H5
Y:P45877
Y:Q96N87
Y:Q8N960
Y:Q9ULD9
Y:O14746
Y:P49419
Y:Q9H814
Y:P20700
Y:Q96KG7
Y:Q4LDR2
Y:P35556
Y:Q9Y2P4
Y:Q8TE59
Y:Q70JA7
Y:Q8TEU7
Y:P08700
Y:P04141
Y:P50479
Y:Q9H015
Y:O76082
Y:P10914
Y:Q96KA5
Y:Q92878
Y:P05112
Y:Q6ZMN8
Y:Q2M3V2
N:Q2M3G4-2
Y:O60383
Y:O14949
Y:Q9UHB7
Y:Q6MZW2
Y:Q8IVW4
Y:Q9NQC1
Y:Q9Y6B6
Y:P49069
Y:Q86XQ3
Y:P78337
Y:Q8TF63
Y:P15248
N:Q9UKT6
Y:O14960
Y:Q15582
Y:Q8TE73
Y:Q9UBF9
N:Q9NZM6-5
Y:Q9NYF5
Y:Q9H0E9
Y:O95235
Y:P30307
Y:Q7LBC6
Y:P18146
Y:P38646
Y:P35221
Y:P43243
N:Q9UHI7-2
Y:Q86WV6
N:Q8IWZ2
N:O95704-2
Y:Q96DC7
Y:Q9H6Y2
Y:P12081
Y:Q9Y5F3
Y:Q9Y5E7
Y:Q9Y5E6
Y:Q9Y5E5
Y:Q9Y5E4
Y:Q9Y5E3
Y:Q96PX9
Y:Q9Y5E2
Y:Q9NRJ7
Y:Q9Y5F2
Y:Q9Y5F1
Y:Q9Y5E8
Y:Q9BXI2
Y:Q9Y5F6
Y:O15379
Y:Q8NC24
Y:Q86WN1
Y:Q8WWN8
Y:Q01959
N:Q08174-2
Y:Q14154
Y:Q9NPG4
Y:P04150
Y:O75962
N:G5EA01
Y:A6NFK2
Y:Q8TEC5
Y:Q9P2J5
Y:Q15319
Y:Q8TDV0
Y:Q8WU08
Y:Q96BN8
Y:Q96AA8
Y:Q9HCJ1
Y:P00995
N:Q9NQ38-3
Y:Q6UWN8
Y:Q6PIJ6
N:Q712M9
Y:P07550
Y:Q8TF17
Y:O94929
Y:Q8NBM8
Y:A1IGU5
Y:Q86YN6
Y:P16499
Y:P50443
Y:Q17RP2
Y:P07333
Y:P09619
Y:P47902
N:Q13428-7
Y:Q8TDC0
N:Q9UJW0-3
Y:Q15025
Y:P17900
Y:Q495N2
Y:Q495M3
Y:Q7Z2H8
Y:Q9NYQ8
Y:P09486
Y:P23415
Y:Q9GZQ4
Y:Q8TEQ6
Y:Q9NWU5
Y:Q2VIQ3
Y:Q92629
Y:Q96H15
Y:Q8TDQ0
Y:Q8TC56
Y:Q08881
Y:E7EVJ5
Y:Q8TBE3
Y:Q0D2K0
N:Q9H013-2
Y:O94993
Y:Q9NWX6
Y:P29460
N:P51161-2
Y:Q8IV13
Y:Q8IZ13
Y:O95391
Y:O94823
Y:Q16445
Y:P14867
N:F5HB82
Y:P51959
N:O75330-3
Y:Q9H6L5
Y:Q9HD67
Y:Q9NT68
N:Q8IX03-2
Y:P54136
Y:O75094
Y:Q96EA4
Y:Q16558
Y:O00591
Y:O94804
Y:Q8WUN7
Y:P28562
Y:P52952
Y:P35548
Y:P21728
Y:Q9H9B4
Y:Q9BYE9
Y:Q7Z2K8
Y:P52790
Y:Q96RL1
Y:P22455
Y:Q96L73
Y:Q9BW11
Y:Q06495
Y:P00748
Y:Q16643
Y:Q9NR12
Y:Q7L591
Y:Q9UBV7
Y:O75360
Y:Q9NX24
Y:Q8IUZ5
Y:Q86Y22
Y:Q9HAZ1
Y:Q6ZN57
Y:Q8N9F8
Y:O15303
Y:Q86Y25
Y:O95450
N:A6NFR6-4
Y:Q92585
Y:Q13501
Y:Q6NTE8
Y:Q66K14
Y:O94808
Y:P35916
Y:Q8NGV0
Y:P26572
Y:Q8NB50
Y:Q6UX41
Y:Q6UXG8
Y:Q96R30
Y:Q9C029
Y:Q8WV44
Y:P78413
Y:P55289
Y:P31040
Y:Q9Y6N8
Y:Q9ULB4
Y:Q9NRR4
Y:Q49AR2
Y:O15018
Y:Q96KR1
Y:P58397
Y:Q9UMX9
Y:Q9UHK6
Y:Q9P0K7
Y:Q6PF05
Y:O60671
Y:Q5F1R6
Y:Q9BYV1
Y:Q9C093
N:P16871
Y:Q8WWF8
Y:Q6NUS8
N:E9PGP9
Y:P43003
Y:Q6KC79
N:E9PH94
N:A9YTQ3-2
Y:P39905
N:Q63HQ2-2
Y:P42702
Y:Q99650
Y:Q6R327
N:B4DLN2
Y:P02748
Y:P98082
Y:Q6PID6
Y:Q9BX69
Y:P10643
Y:Q7Z745
Y:P13671
Y:P55809
Y:P10912
Y:Q3ZCQ2
Y:Q8N2X6
Y:O15520
Y:Q9NP92
Y:P48764
Y:Q8TE57
Y:Q9BRX2
N:P17301
Y:O96007
Y:O96033
Y:Q12988
Y:P12544
N:Q86Y33-2
Y:Q8TED1
Y:Q9Y2F5
Y:P42285
Y:Q8NBW4
Y:Q9NQI0
N:Q8NI17-2
Y:P40189
N:B3KVT8
Y:Q13233
Y:Q8NE22
N:Q7Z3K6-3
Y:Q8N292
Y:Q13216
Y:Q2M2E5
N:Q9UI26-2
Y:P08908
Y:Q6MZT1
Y:Q9P209
Y:Q6UX04
Y:P36406
Y:Q9BYT8
N:Q96RT1-2
Y:Q08J23
Y:Q99467
N:Q5XG87
Y:P27986
Y:P50613
Y:Q86Z20
Y:Q16594
Y:O75943
Y:Q8N4S9
Y:Q16625
Y:Q16637
Y:A6H8Y1
Y:Q9HCC0
Y:P46821
Y:Q92552
Y:Q8N895
Y:Q0JRZ9
Y:Q8WVE6
Y:Q8TED0
N:Q8N1W1-4
N:P07686
Y:Q969S9
Y:Q9P109
Y:Q8N7Z5
N:Q9Y5P4-3
Y:Q9UBT6
Y:Q8NA72
Y:Q08462
Y:Q13576
Y:O00254
N:P55085
Y:Q8WXG8
Y:Q8N302
Y:O95263
Y:Q9HAD4
Y:O00203
Y:P15848
Y:A4QMS7
Y:Q9UI17
Y:Q8N9B5
Y:Q9UBK8
Y:Q8N3K9
Y:Q5HYI7
Y:P35443
Y:Q9BXG8
Y:Q7Z3T8
Y:Q6UXP7
Y:A5PLL1
Y:P00374
Y:P20585
Y:O14827
Y:Q8N567
Y:Q8WYK0
Y:Q9H0Y0
Y:Q9H8X9
Y:Q13426
Y:P13611
Y:P10915
Y:P20936
Y:Q9H8M2
Y:O15182
Y:Q68D91
Y:Q8WXG9
Y:Q8WUF8
N:Q8IV33
Y:Q9BQI6
Y:Q6DN14
Y:Q96LP2
Y:Q6PGP7
Y:Q6UWY0
Y:Q9BWV2
Y:O94955
Y:O00472
Y:P29120
N:P20810-6
N:Q9NZ08-2
Y:Q6P179
Y:Q9NYW7
Y:Q9UIQ6
Y:Q9BVS4
Y:Q8N3C0
Y:Q13002
Y:P05549
Y:Q8NE79
Y:P48147
Y:O75626
Y:Q5T4I8
Y:Q9Y4K1
Y:Q9H0R6
Y:Q86YH6
Y:P20794
Y:O75603
Y:Q5T4T6
Y:Q8NEN0
N:Q9Y6P5-2
Y:Q8IYX8
Y:Q8IXY8
Y:O60906
Y:Q8TDZ2
Y:O43167
Y:Q92562
Y:Q5JXM2
N:Q99489-3
Y:Q86VW1
Y:Q9H7B2
Y:O43734
Y:Q14511
N:O95389-2
Y:Q16363
Y:Q6ZWI9
Y:P42685
Y:Q03692
Y:Q9UJ04
Y:Q9H0U9
Y:Q9UL01
Y:Q5R3K3
Y:Q5TD94
Y:Q96AP4
Y:Q5T6X4
Y:Q5T6X5
Y:Q8HWS3
Y:Q96IZ2
Y:P08922
Y:Q5SZL2
Y:P26678
Y:Q8NB25
Y:P33908
Y:P15822
Y:Q96NH3
Y:P17302
Y:P05305
Y:O15540
Y:Q92484
Y:Q13061
N:Q8TC41
Y:Q9UBP5
Y:Q8NI08
Y:Q9NTX7
Y:Q6ZU52
Y:Q6P5S2
Y:Q8N1K5
Y:P24043
Y:Q8N392
Y:Q5VVB8
Y:Q96JM7
Y:P05089
Y:O14638
Y:P22413
Y:Q6UVY6
N:Q96RI9
Y:Q96RI8
Y:O95497
N:Q9NY84-4
Y:O95498
Y:Q6NT16
Y:Q9P0N9
N:O95677-4
Y:Q9Y450
Y:Q8N157
Y:Q9NXA8
Y:Q9NYF8
Y:Q14244
Y:Q99683
Y:O00628
Y:Q9UHF4
Y:Q969J5
Y:P15260
Y:Q96AQ8
Y:P21580
Y:Q96FX8
Y:Q9GZY1
Y:Q5TH69
Y:Q8IWP9
Y:Q01151
Y:P28336
N:Q86SQ4-3
Y:P31629
Y:P56589
Y:Q9BTY2
N:O75167-4
Y:Q5TFG8
Y:Q9UM63
Y:O75558
Y:P46939
Y:O95278
Y:Q8TB52
Y:Q13255
Y:Q8N7X0
N:Q5T5C0-2
Y:O94885
Y:Q9Y2C2
Y:Q9NYJ8
Y:A2A288
Y:O95835
Y:P22061
Y:Q86VZ4
Y:Q8TD07
Y:Q6H3X3
Y:Q5VY80
Y:Q6PHW0
Y:Q9ULL1
Y:Q02952
Y:Q9NWS8
Y:Q9H993
Y:Q8IYT3
Y:P03372
Y:Q8NF91
Y:Q9UKT4
Y:Q9UGC7
N:P35372-3
Y:Q96EV8
Y:Q8IVF5
Y:Q9HBY0
Y:O15056
Y:Q6ZYL4
Y:Q9NRJ4
N:Q4VX76-2
Y:P15311
Y:Q8N103
Y:Q4ZHG4
Y:P04179
Y:Q15007
Y:P11717
N:P08519
Y:Q12948
Y:P00747
Y:Q8WY64
Y:Q9Y6R4
Y:O60260
Y:P36959
Y:P54253
Y:Q5T5N4
N:Q9ULW9
Y:O15178
Y:Q8N4B5
Y:Q8WV19
Y:O00584
Y:O95684
Y:O00270
Y:Q86WB7
Y:Q9BWV7
N:Q12799
Y:Q9UIL4
Y:Q8N878
Y:Q5SW24
Y:P35442
N:F2Z2U5
Y:Q5T6L9
Y:O00548
Y:Q96EK7
Y:P20618
Y:P40123
Y:P49790
Y:Q9H1H9
Y:Q6VVB1
Y:P35659
Y:Q6ZNC8
Y:Q5TGJ6
Y:Q8IZ57
Y:Q9UHG0
Y:Q9HD23
Y:P80108
N:G5E949
Y:Q5VV43
Y:O95551
Y:Q9GZU0
Y:O75496
Y:Q9Y4F9
Y:Q5VZK9
Y:Q9Y2C5
Y:Q14916
N:B7Z511
Y:O00635
Y:Q02539
Y:P16403
Y:Q30201
Y:P22492
Y:P62807
Y:P10412
Y:Q96MT4
Y:P78410
Y:Q8WVV5
Y:O00481
Y:Q7KYR7
Y:Q13410
Y:Q86YV6
Y:Q9NQE7
Y:Q99676
Y:Q99880
Y:Q9GZK3
Y:P58173
Y:Q5M9Q1
Y:Q96JS3
Y:Q96LW9
Y:Q9BRR0
Y:P59796
Y:O75715
Y:Q6R2W3
Y:Q5JNZ3
Y:Q9Y3N9
Y:O76001
Y:Q9UGF5
Y:Q9UGF6
Y:Q9UGF7
Y:P58182
Y:Q9GZK7
Y:Q96KK4
Y:Q9GZK4
Y:O15205
Y:O95918
Y:Q9UBS5
N:Q16653-5
N:Q9NU63-3
N:P30511-3
Y:P04439
Y:Q9P1U0
Y:Q9H2S5
Y:Q9BZY9
Y:P16083
N:Q5SRJ6
Y:Q9UDY6
Y:Q9C019
Y:Q12899
Y:Q6DU44
Y:P79522
Y:Q8NE71
Y:Q9Y676
Y:O60231
Y:Q6NYC8
Y:Q14676
Y:P46695
Y:Q5ST30
Y:Q6UW10
Y:E9PEI6
Y:Q5SSG8
Y:Q6UXA7
N:Q15517
Y:Q9UIG4
Y:Q9UIG5
N:Q8TD31-2
Y:Q13546
Y:Q9Y242
Y:Q01860
Y:P10321
N:Q29980
Y:P59942
Y:P01374
Y:O14931
Y:P55008
Y:P48634
N:P46379-2
Y:O95873
Y:Q8NDX9
Y:Q5SQ64
Y:O95866
N:O43196-2
N:Q5SSQ6-2
Y:Q9Y334
Y:P26640
N:P08107
Y:Q99519
Y:Q53GD3
Y:Q96KQ7
Y:B4E1Z4
Y:Q15477
Y:O77932
N:P49842-2
Y:Q16874
N:P22105-3
Y:Q9UIM3
Y:Q9UMR5
Y:Q99944
Y:Q99943
Y:Q15109
Y:Q99466
Y:Q9BVA1
Y:Q5SRN2
Y:Q9UIR0
Y:P01903
Y:Q30154
Y:P01906
Y:Q03519
Y:P28062
Y:Q03518
Y:P28065
Y:Q31604
Y:P25440
Y:P20036
Y:P04440
Y:P13942
Y:Q92504
Y:Q92506
Y:O15213
Y:O15211
Y:O15533
Y:O15209
Y:O43189
Y:Q16611
Y:Q14573
Y:Q96PC2
Y:P12872
Y:Q86T20
Y:O95238
Y:Q9NRW4
Y:Q6BDS2
Y:Q15544
Y:Q92625
N:Q5TB88
Y:Q8IX30
Y:P36508
Y:Q9H4E7
Y:Q9HB96
Y:O00294
Y:A2RUU4
Y:P04118
Y:Q8TAF8
Y:O15264
Y:Q9ULD4
Y:Q8N8W4
Y:P0C671
Y:Q9Y603
Y:Q7Z5Y7
Y:P38936
Y:Q9Y3C6
Y:Q6UXB8
Y:Q7Z6J4
Y:Q5TGL8
Y:O76064
Y:Q8NFP4
Y:Q04760
Y:Q96JB1
Y:P43220
Y:Q96T54
Y:Q6ZMV9
N:G5EA45
N:Q9NZB8-8
Y:Q13523
Y:Q9ULH4
Y:Q8IXS0
Y:Q7Z4U5
Y:Q8IV45
Y:Q9Y235
Y:Q86YW5
Y:Q9NZC2
Y:Q5T2D2
Y:O75521
Y:Q6UXN2
Y:Q9NP99
Y:O95944
Y:Q13895
Y:P30281
Y:P43080
Y:Q9UMX6
Y:Q96PN7
Y:Q8IWV8
N:P23942
Y:Q15814
Y:Q6ISU1
Y:Q9BT09
Y:Q14749
Y:Q13608
Y:Q16626
Y:Q96EU6
Y:Q14999
N:Q9NSK0-3
Y:Q13308
Y:Q5TCY1
N:Q9Y694-2
Y:Q5VUA4
Y:Q5T3U5
Y:Q6UY11
Y:Q9GZM5
Y:O15160
Y:Q9HAV4
Y:Q9Y253
Y:Q9H1X1
Y:Q8N319
Y:Q5T3F8
Y:Q9UMQ6
Y:Q8TB61
Y:O00221
Y:Q5JU00
Y:Q5JTZ9
Y:Q496A3
Y:Q13950
Y:Q9NZA1
Y:Q9Y6X5
Y:Q9UJA9
Y:Q9NYL5
Y:O95847
Y:O60522
Y:Q13093
Y:Q8IZF2
Y:Q5T601
N:Q8IZF7-2
Y:Q8IZF3
Y:P22033
Y:Q7L2Z9
Y:Q5SZD1
Y:Q02094
Y:P16562
Y:P54108
Y:Q92481
Y:B7ZBB8
Y:P08F94
Y:Q96PD4
Y:P25205
Y:Q5JVL4
Y:Q9HD34
Y:P09210
Y:P08263
Y:Q16772
Y:Q9UPZ9
Y:P48506
Y:Q9H511
Y:O95363
Y:Q9BTT6
N:Q5VWP3-3
Y:Q9UJW2
Y:Q5T0W9
Y:O43614
Y:Q6UXV0
Y:P22003
Y:Q96P44
N:Q03001
Y:Q9HCI6
Y:Q9ULC3
N:P00488
Y:Q96KP1
Y:Q5TDP6
Y:Q92576
N:Q5T1H1-1
Y:O95711
Y:O60242
Y:Q9NUN5
Y:Q14993
Y:P20849
Y:Q9P2D6
Y:Q5VUM1
N:Q92766-2
Y:Q86UR5
Y:P43307
Y:Q8TC20
Y:Q9BRS2
Y:Q587J8
Y:A6NGQ2
Y:Q9NXZ2
Y:Q8N884
Y:Q9NRA2
Y:Q6YHK3
Y:P15924
Y:Q99715
Y:Q6IEG0
Y:Q7Z7B0
Y:Q9GZR1
N:Q9UM54-1
Y:Q17R60
Y:Q86VQ0
Y:P33981
Y:P21953
Y:Q9P2D0
Y:Q5JWR5
Y:O95394
Y:Q8N3Z0
Y:Q7L1T6
Y:Q5TB80
Y:O95935
Y:P21589
Y:P28566
Y:O60281
Y:Q6PEY0
Y:Q8IYR0
Y:Q5T160
N:Q9UBD5-2
Y:Q8IYS1
Y:P24046
Y:Q9Y385
N:C9JJE8
Y:Q9NU22
Y:Q9BYV9
Y:Q15375
Y:Q9Y231
Y:Q5TD97
Y:Q9P032
Y:Q6ZRQ5
N:E9PHR2
Y:Q9H0M4
Y:O95081
Y:O75427
Y:Q9UP52
N:F5H0T8
N:P22303-2
Y:Q685J3
Y:P05121
Y:Q8N8M0
Y:O60568
Y:Q9H875
Y:Q96SN7
Y:Q8NEE6
Y:Q8N6Y2
Y:Q6IQ20
Y:O75439
N:P78509-2
Y:O43913
Y:Q8IZD2
Y:Q6NUQ1
Y:Q6ZTQ4
N:Q9UP83-2
Y:O95620
Y:O43511
Y:P40879
Y:P09622
Y:P07942
Y:A4D0S4
Y:Q92823
Y:Q9UBS3
N:A8MSQ1
Y:Q9H3W5
Y:Q9NRM2
Y:Q99527
Y:Q16821
N:O15409-4
Y:Q9UPZ6
Y:O14948
Y:Q9UGI8
Y:P51636
Y:P08581
Y:P13569
Y:Q8WZ74
Y:O95859
Y:A4D0V7
Y:Q9UBV4
Y:P23471
N:Q86UW7-2
Y:Q9NYV7
Y:Q9NUM4
Y:Q9BZW2
Y:Q8NA54
Y:Q8WXK1
N:Q8TC30
Y:Q9Y6U3
Y:Q96CN9
Y:Q9NQT6
N:O43316-4
Y:P41159
Y:Q9NW13
N:A4D0Z6
Y:Q6P1Q9
N:Q6NXP2-2
Y:Q96KD3
Y:O43852
Y:P03999
Y:Q96JN2
Y:Q14315
Y:Q9ULQ0
Y:Q86WB0
Y:Q6PID8
Y:Q9UI42
Y:Q8WXQ8
N:Q8TD94
N:O00592-2
Y:Q96M69
Y:O60218
Y:P07738
Y:Q05682
N:Q8NEM8-4
Y:Q9NV12
Y:A4D1P6
N:O95628-8
Y:Q92621
Y:Q9UKG4
Y:Q6UWF9
Y:Q70SY1
Y:P51857
Y:O15164
Y:Q8N434
Y:Q9HBG4
Y:Q9HCM3
Y:Q7Z2W4
Y:A0AVF1
Y:Q9Y383
Y:A4D1S0
N:P24557
Y:Q9H0J9
Y:P50549
Y:Q6ZMT4
Y:Q9UHC7
Y:Q9ULE3
Y:Q7Z695
Y:P15056
Y:P0C1S8
Y:Q9NYW5
Y:Q9NYW4
Y:A4D1T9
Y:Q9NY25
Y:P59533
Y:O43451
Y:Q9Y6T7
Y:P07477
Y:O15197
N:Q9H1D0
Y:Q9NQA5
Y:P23276
Y:Q8NGT5
Y:P59534
Y:P59535
Y:P42575
Y:P35523
Y:Q15942
Y:P21709
Y:P59536
Y:O95006
Y:Q13607
Y:Q96R48
Y:A4D2G3
Y:Q8NGT7
Y:Q6IF42
Y:Q96R47
Y:O60393
Y:Q8IY33
N:Q15910-2
Y:Q6IV72
Y:Q8TD17
Y:Q9UDV6
N:Q9ULD5-2
N:A5PL33
Y:Q7Z7K2
Y:O60290
Y:Q9BV99
N:C9J3L7
Y:Q8NHV1
Y:Q9NUV9
Y:Q6P9H5
Y:Q9UG22
Y:Q3YBM2
Y:Q96HP8
Y:P19801
Y:Q12809
Y:P29474
Y:P04920
Y:Q14296
Y:Q14549
N:Q8WXI3-3
Y:Q9UGJ0
Y:Q7Z4T8
Y:Q8NCW6
Y:Q8NEZ4
Y:O43543
Y:Q6ZNB7
Y:Q6ZW49
Y:Q96EV2
Y:Q15465
Y:Q9H0A6
Y:P50222
Y:Q8WVP7
Y:Q5C9Z4
Y:P50219
Y:Q92932
Y:Q86XI2
N:A0FGR8-2
Y:Q6ZMB5
Y:Q9Y6E2
Y:P35869
N:Q9Y5W8-2
N:P21108
Y:Q15672
Y:Q6ZN28
Y:Q2M3G0
N:Q96DT5
Y:Q96GN5
N:B5MCI2
Y:P05231
N:P36639
Y:Q9BYI3
Y:Q8IXQ5
N:Q14956-2
Y:A4D161
Y:Q9BXU1
Y:P55884
Y:P01303
Y:O60443
Y:Q9H4L5
Y:P99999
Y:Q8N865
Y:Q8NES3
Y:Q6IPM2
Y:O75563
N:P49639
Y:O43364
Y:Q00056
Y:P31268
Y:P31271
Y:Q400G9
Y:Q86VP1
Y:Q9H3G5
Y:P52757
Y:Q8IXL6
Y:Q8IV56
N:C9JPG0
Y:Q9Y239
Y:P41250
Y:Q13324
Y:O95050
Y:Q4G0A6
Y:Q02643
Y:Q9HB43
Y:Q6ZRS4
Y:O96001
Y:Q8NBF6
Y:Q9H0P0
Y:Q8TA86
Y:Q3SYG4
Y:Q8N8U9
Y:Q6W5P4
Y:Q2PZI1
Y:Q9UMR3
Y:Q9BSE4
Y:Q7L9B9
Y:Q9NQW6
Y:P28039
Y:Q8N427
Y:Q6FHJ7
Y:P49418
Y:P49754
Y:P78424
Y:Q9NRH1
Y:Q14004
Y:Q8TAP9
N:Q9HAC7-2
Y:Q7Z5N4
Y:P10071
Y:Q9UEE5
Y:P53004
Y:Q96EL2
Y:Q8TCY9
Y:P15259
Y:Q9NP87
Y:Q8IUX7
N:P35557-2
Y:Q02218
Y:Q8NF64
Y:B0I1T2
Y:Q9BSQ5
Y:O15069
Y:Q969Z0
Y:O60896
Y:Q08828
Y:P08833
Y:P17936
Y:Q68CZ2
Y:Q9H7B7
Y:Q8TDX9
Y:O60921
Y:Q8NEG2
Y:Q86UQ4
Y:Q96JH8
Y:Q2TAL6
Y:Q6PIW4
Y:P20711
Y:Q13322
Y:Q9NYW8
Y:O75128
Y:Q8N7R1
Y:O15417
Y:P00533
N:Q96ME1-4
Y:Q9NS86
Y:P60709
Y:P78330
Y:P40227
Y:P54278
Y:Q13155
Y:Q9BQI3
N:Q9H9J4-2
Y:Q8IYX0
Y:Q8NEM1
N:E9PHI7
Y:Q14593
Y:Q03924
Y:Q8NCG7
Y:Q03936
Y:P08236
Y:P04424
Y:A4D2P6
Y:Q9NPG8
Y:Q96N11
Y:Q9Y3A5
N:P0CG23
Y:Q9NV66
Y:Q8WXX7
N:Q63ZY6
N:Q96P11-2
Y:Q9Y4P3
Y:Q9NP71
Y:Q96LL9
Y:Q8N6F8
Y:Q6UE05
N:P15502-2
Y:Q9UDT6
N:Q9UHL9-2
Y:P14598
Y:Q2UY09
N:A8CG34
Y:O00291
Y:O00175
N:Q59ED7
Y:P40926
Y:P04792
Y:P21754
Y:Q86UW9
N:A6NHH5
Y:Q14314
Y:Q8IYE0
Y:Q05209
Y:Q9H2L4
Y:P16671
Y:Q86Y56
Y:P14210
N:P54289-2
N:Q9Y6V0-5
Y:O95025
Y:A8MWY0
Y:Q9UKG9
N:P21439-2
Y:P08183
Y:Q8TBP6
Y:Q9UBU7
Y:Q9P0K1
Y:Q687X5
N:E9PF23
Y:Q8TBZ9
Y:A4D1E1
Y:Q9UHE8
Y:Q8NFT2
Y:A5D8W1
Y:A4D1E9
Y:Q99551
N:Q99996-2
Y:O00522
Y:Q9P2G1
Y:Q8WUU5
Y:O43933
Y:Q5K651
Y:Q8IVG5
Y:A8MVW5
Y:P63211
Y:P08123
N:E9PF60
N:F8W7J9
Y:P27169
N:A4D1H7
Y:Q9Y574
Y:Q16654
Y:O14576
N:Q546F9
Y:P56178
Y:P08243
Y:Q8IWU2
Y:Q7Z6L1
Y:Q9UHR4
Y:O15143
Y:O75127
Y:Q5FWF6
Y:Q6NSZ9
Y:P24462
N:Q75MK2
Y:Q8NHA4
N:Q9C037-2
Y:P17036
Y:P33993
Y:Q96RP7
Y:Q6DKI7
Y:Q9UKJ0
Y:Q9UKJ1
N:Q7Z7G8-2
Y:Q8NE09
Y:Q4G163
Y:Q07617
Y:Q8N9S9
Y:Q6ISB3
Y:Q7LG56
Y:Q14990
Y:Q13118
Y:Q6UWB4
N:Q8WXS3-2
Y:O60353
Y:Q96CG8
Y:Q9H2D1
N:Q9NV06
N:A6NKC6
Y:Q6P047
Y:Q9H295
Y:Q14117
Y:Q9Y561
Y:Q8WW38
Y:Q6UXX9
Y:P34981
Y:Q96RS6
Y:Q86WI1
Y:Q96KT7
Y:Q96KS9
Y:Q7Z407
Y:P43694
Y:Q969S2
N:Q9UHF7-2
Y:P07858
Y:Q9BRU9
Y:Q4LEZ3
Y:Q8IWU4
Y:Q16394
Y:O00300
N:Q13822-2
Y:Q6P1X5
Y:Q9BVC3
Y:Q8TB45
Y:Q05707
Y:Q9Y6X8
Y:Q9BUN8
Y:Q96DN5
Y:Q86UY5
Y:Q96HA8
Y:Q2WGJ6
N:P27216-2
Y:Q53H54
Y:Q9Y6M9
Y:O43312
Y:Q7Z3I7
Y:Q17RB8
Y:Q12768
N:P01106
Y:Q9P272
Y:Q96QB1
Y:Q9BYG8
Y:Q9ULH1
Y:P40145
Y:Q14156
Y:O43525
Y:Q86X45
Y:P01266
Y:Q13239
Y:O95388
Y:Q96LL4
Y:Q92597
Y:Q9P243
Y:Q49AJ0
Y:Q8NFW1
Y:Q9NPC2
Y:Q9NRG0
N:Q5BKX6-3
Y:Q99678
Y:Q96NA8
N:O43653
Y:P55000
Y:Q6UXB3
Y:Q14210
Y:P15538
Y:P19099
Y:Q8IV16
Y:P10075
Y:A6NGR9
Y:Q6XQN6
Y:Q53EQ6
Y:Q53H96
Y:Q96C28
Y:Q8TD08
N:Q14160-3
Y:Q15149
Y:Q53GL7
Y:P08574
Y:Q9H0F6
Y:Q9H063
Y:Q8NDA8
Y:Q3MIX3
Y:Q6P5W5
Y:Q96HA7
Y:Q96AC6
Y:P24298
Y:Q96ES6
Y:Q6ZMY9
Y:P17097
Y:Q9GZQ3
Y:P17020
Y:P21757
Y:Q9NP95
Y:Q8NEZ2
Y:Q9Y216
Y:Q9UBY8
N:P52569-2
Y:Q9ULD2
Y:Q08830
N:Q15154
Y:Q13510
N:O15013-5
N:E9KL50
Y:Q9H788
Y:Q8TDX6
Y:Q8TC21
Y:P06858
Y:P54296
Y:P54219
Y:Q9Y250
Y:O00451
Y:O60496
Y:Q86V87
Y:O43593
Y:Q8N145
N:P11686
Y:P13497
Y:Q15043
Y:P48454
Y:O60504
Y:Q96S96
Y:O14763
N:Q9UBN6
Y:O00220
N:Q9Y3T6
Y:Q9Y227
Y:Q9NYZ2
Y:A6NCS4
Y:Q9UKQ2
Y:O15204
Y:Q9H2U9
Y:P07197
Y:Q9H7D0
Y:P01148
Y:Q69YH5
Y:Q9HAK2
Y:Q9UL42
Y:Q16555
Y:P35348
Y:Q14289
Y:Q15822
Y:P34913
N:P10909-2
Y:Q6AZY7
Y:Q56NI9
Y:Q96KB5
Y:Q6ZMJ2
Y:Q68CJ6
Y:E5RIG2
Y:Q8IX29
Y:O43909
N:F8VPJ2
Y:Q96T53
Y:P29084
Y:P00390
Y:Q9BXT5
Y:Q9UJV8
Y:Q14191
N:Q02297-6
Y:Q6P4F1
Y:Q9BXY0
Y:Q6NXR4
Y:Q6UXZ4
Y:Q8TCJ0
Y:O94903
Y:Q6WKZ4
Y:P13945
Y:Q9UBL3
Y:P49675
Y:O94830
Y:Q9BZ95
N:P11362-2
Y:Q6ZUL3
Y:O75410
Y:Q9Y3Q7
Y:Q99965
Y:P14902
Y:Q9NR00
Y:Q9H898
N:P16157-21
Y:Q92794
Y:P00750
Y:O14920
Y:Q05901
Y:Q9NVV9
Y:Q9H5K3
Y:Q68CP4
N:P78527
Y:P33991
Y:O43623
Y:A1KZ92
Y:Q8TDY2
Y:P48145
Y:P41145
Y:O75608
Y:Q9H6I2
Y:P56715
Y:Q96RS0
Y:P00540
Y:Q6DJT9
Y:P01210
Y:Q9NX62
Y:P22680
N:Q92636-2
Y:P35219
Y:Q9P2D1
Y:Q86X53
Y:Q8NEM0
Y:Q92820
Y:P49638
Y:Q8NFJ8
Y:O75881
N:Q13946-2
Y:Q9BYV6
Y:Q8IWW8
Y:Q96CB5
Y:Q4G0Z9
Y:P12838
N:Q1MSJ5
Y:Q8N4T0
Y:Q49A92
Y:Q9H2Y9
Y:Q9GZV8
Y:Q15596
Y:Q99502
Y:O75762
Y:Q92953
Y:Q8IVN8
Y:Q9BUB7
Y:Q9Y6Y9
Y:Q8TB36
Y:Q9H336
Y:F1D8Q4
N:Q86UP3-4
Y:P28328
Y:Q9Y2Q9
Y:Q6ZNC4
Y:P29218
Y:Q5PT55
Y:Q96CF2
Y:P57768
Y:Q96B33
Y:Q9C099
Y:P00915
Y:P00918
Y:Q8N8Y2
Y:Q8TCU3
Y:Q9Y4C4
Y:Q96DB5
Y:O75131
Y:Q9NQW8
Y:Q8NA66
Y:Q8IV48
Y:Q86XI6
Y:O43353
N:Q9Y236-2
Y:O60934
N:Q8N6M0
Y:Q6ZNQ3
N:Q8TE54-2
Y:A1XBS5
Y:Q8IXT5
Y:Q5HYA8
Y:Q12864
Y:P55040
Y:Q9Y620
Y:O96020
Y:Q330K2
Y:Q96NL8
Y:Q6KF10
Y:P14927
Y:P48651
Y:P34741
Y:Q9Y646
Y:Q86UE4
Y:O00339
Y:Q6P6B1
Y:Q99575
Y:Q9P1Z9
Y:Q8NHU6
Y:Q5T7W7
Y:P23025
Y:O00358
Y:Q9NR45
Y:Q92828
Y:O75899
Y:Q68DC2
Y:Q8IXK2
Y:P39059
Y:P36897
Y:Q9H553
Y:Q9Y283
Y:Q8IYR6
Y:Q14032
Y:Q8N5N7
Y:P05062
Y:Q8TCU5
Y:Q14093
Y:O95347
Y:Q8NGS4
Y:Q8NGS6
Y:Q8NGS7
Y:Q8NGS9
Y:Q8NGT0
Y:Q8NGV5
Y:Q9BS92
Y:O95477
Y:Q8WWI5
Y:O75072
Y:Q9NVV0
Y:Q96JM2
Y:P54727
Y:Q9Y615
Y:O95163
Y:Q9UBT7
N:Q9H330-2
Y:Q9H329
Y:P26045
N:Q9Y2D5-4
N:Q6A555-2
Y:O15146
N:Q5VYK3
Y:Q14914
Y:Q5VXU9
Y:Q9Y6Q3
Y:Q5T1M5
Y:O15431
Y:Q8NA23
Y:Q5W0U4
Y:Q9BSH5
Y:P13716
Y:Q9NRF9
Y:Q8TAL5
Y:Q8IZC6
Y:Q7Z591
N:Q9P202
Y:O95150
Y:Q12950
Y:P24821
Y:Q9P2X7
Y:O75129
Y:Q13049
Y:O00206
Y:Q96SN8
Y:P01031
Y:P06396
N:G3XA90
Y:Q96E11
Y:P23219
Y:Q8NGS3
Y:Q8NGS2
Y:Q8NGS0
Y:Q8NGR9
Y:Q8NGR8
Y:Q15612
Y:Q8NGR6
Y:Q8NH94
Y:Q8NH93
Y:Q8NGR2
Y:Q8NGR3
Y:Q9HCK0
Y:Q5IJ48
Y:P17643
Y:Q99436
Y:Q13285
Y:Q5JTN6
Y:Q92805
N:Q8IV03
N:Q8N9R8-2
Y:Q7Z6M1
N:F8VYP0
Y:Q5VVW2
Y:Q15937
Y:Q6UWE0
N:P61764-2
Y:Q8NEE8
Y:Q8N5H7
Y:Q05932
Y:P17813
Y:P00568
Y:O94777
Y:Q9H7Z7
Y:Q9ULV3
Y:Q08379
Y:O95900
Y:Q9Y3A0
Y:Q6P1M0
N:O75970-2
N:Q5BJF6-3
Y:Q53GS7
Y:Q14249
Y:Q5T280
Y:Q9UPQ8
Y:P43155
N:Q15257-2
Y:Q5SZB4
Y:O14656
Y:Q9Y2K6
Y:Q96RU3
Y:P00966
Y:P00519
Y:P83859
Y:Q9Y6N6
Y:P35658
Y:Q5JSZ5
N:Q9Y6A1-2
Y:Q7Z333
Y:Q6ZQR2
Y:Q9H8H2
Y:Q96MA6
N:Q96E40-2
Y:Q92574
Y:Q9NPH6
Y:O75683
Y:Q15526
Y:Q15527
Y:Q8NE28
Y:Q9GZR2
Y:Q76LX8
Y:Q9UGQ3
Y:Q86TH1
Y:P09172
Y:Q9UL12
Y:P52735
Y:Q15059
Y:P20908
Y:Q15485
Y:O00602
Y:Q5T8A7
Y:Q9Y399
Y:Q9NY56
Y:P09466
N:Q7Z4J2
N:Q8WX39
N:Q5JUK2-2
Y:Q5T5Y3
Y:F1T0D9
Y:Q6ZRP7
Y:Q9H257
Y:Q5SXM2
Y:Q96C92
Y:Q9NRR6
N:O15027
Y:Q8N9P6
Y:Q9UHF1
Y:O15120
Y:Q5VUD6
Y:Q6UWW0
Y:Q5T5S1
Y:Q3YEC7
N:Q6UXC1-2
Y:Q969U6
Y:P07360
Y:O95833
Y:Q9Y5L3
Y:Q3KQV9
Y:Q9UKM7
Y:Q8N130
N:Q8N7X2-4
Y:Q8N9H8
Y:Q5MY95
Y:Q6X4W1
N:Q6ZV29-5
Y:Q9BTV6
Y:Q8N5I2
Y:Q9H9B1
Y:O95813
Y:Q5H8C1
Y:Q5VTQ0
Y:Q92966
Y:Q6TFL3
Y:Q6ZN30
N:Q9NXG0-2
Y:Q8N6G6
Y:Q7Z4H7
N:Q5VZ89
Y:Q5QJU3
Y:Q5VW36
Y:P01574
Y:P01568
Y:P01571
N:Q6DJX8
Y:P32881
Y:P01562
Y:Q86WN2
Y:Q13126
Y:P51531
Y:P42771
Y:Q8N726
Y:P98155
Y:Q96LB3
Y:Q02763
Y:Q8TDN2
Y:Q9NQ60
Y:Q96LT7
Y:Q8NF50
Y:P21399
Y:O95786
Y:Q9NS56
Y:Q8IZX4
Y:Q7Z2E3
Y:O60575
Y:Q12986
Y:O14520
Y:Q92482
Y:Q9H6R4
Y:Q5T6F0
Y:Q9NZ09
Y:Q5T7B8
N:Q6NSJ0
Y:Q9UI46
Y:A6NKF2
Y:Q99720
Y:P07902
Y:Q14626
Y:Q9Y4X3
Y:Q5VYM1
Y:P55072
Y:O15287
Y:O14795
Y:Q8N2Y8
Y:Q15569
Y:Q8WV48
Y:Q8N4T4
Y:Q16790
N:P07951-2
Y:Q9Y490
Y:Q1L6U9
Y:P20594
Y:A6H8Z2
Y:Q8NGT2
Y:Q9NQN1
Y:O95980
Y:Q13939
N:Q9Y223-2
Y:Q14680
Y:Q02548
Y:Q8N3Z6
Y:O15062
N:Q9GZS1-2
Y:Q9UK96
Y:Q5SYB0
Y:Q9NQT5
N:P30837
Y:Q8IVF6
Y:Q9BZ76
Y:Q5TYW1
N:Q8NEA6-2
Y:P43005
Y:Q8N4H0
Y:Q8IY26
Y:O60674
Y:Q9Y581
Y:P04090
Y:P04808
Y:Q9BQ51
Y:O95760
Y:Q96J77
Y:P23378
Y:Q9H3R0
Y:Q14678
Y:O14986
Y:P22612
Y:Q16595
Y:Q9UDY2
Y:Q15884
Y:Q02410
Y:Q7Z304
Y:Q8IY18
N:Q9HCF6-2
Y:Q9UHN6
Y:Q8TDI8
Y:P00352
Y:Q9BX84
N:Q96GE9-2
Y:Q02742
Y:Q96RL7
Y:Q9Y617
Y:Q9Y5R6
Y:P23468
Y:A2A2Y4
Y:Q5T6J7
Y:Q86VH2
Y:Q9H9A7
Y:Q9HAS3
N:Q16620-4
Y:Q8NBJ4
Y:P53355
Y:Q6ZUB1
Y:Q9Y657
Y:Q96T21
Y:Q92854
Y:O95257
Y:Q01974
Y:O15269
Y:P41252
Y:Q76FK4
Y:Q99983
Y:O94769
Y:Q9H8X2
Y:Q5JVG2
Y:Q5JSP0
Y:Q96L08
Y:Q92982
Y:F8W9F9
Y:Q5T035
Y:Q5T036
Y:O75151
N:A2A3K4-2
Y:Q14929
Y:O00757
Y:P09467
N:Q8N6M6-2
Y:Q00597
Y:Q13635
N:Q5T890
Y:P37058
Y:Q9NQL9
Y:O60729
Y:Q7RTV5
Y:Q9Y2H8
Y:Q6ZMW2
Y:Q9Y5S8
Y:Q13474
Y:Q5H9L4
Y:Q06187
Y:P06280
Y:Q9ULE0
Y:Q5H9K5
Y:Q9H3H9
Y:Q5JY77
Y:Q96D09
Y:Q6PI77
Y:Q9H4D5
Y:P60201
Y:Q7Z2G1
Y:O15344
Y:Q7Z2Y5
Y:P05543
Y:Q6NSI4
Y:Q8TE76
Y:P60891
Y:Q9UJV3
N:Q14031-2
Y:P29400
Y:O14654
Y:P51841
Y:Q9UJ90
Y:O60488
Y:Q5U3C3
N:O75914-3
Y:Q9Y6Q1
Y:O43602
Y:Q9UL62
Y:P53701
Y:O43182
Y:Q6ZR62
N:Q99217-3
Y:P28335
Y:Q14627
Y:Q9P127
Y:P50052
Y:Q5JSH3
Y:Q5JSL3
Y:Q8N5Y2
Y:Q6PEW1
Y:Q9ULL0
Y:Q8WUT9
Y:P05141
Y:Q9BZI7
Y:O15239
Y:Q8N5F7
Y:Q8NHV9
Y:Q9UN42
N:Q6Q3G8
Y:Q13620
Y:Q96EU7
Y:P49448
Y:P42263
Y:P98170
Y:O60880
N:B2RTR5
Y:Q5VW00
Y:Q5VU92
Y:Q01968
Y:Q9Y397
Y:Q9NYK1
Y:Q9BVJ6
Y:Q5H9F3
Y:Q9NR97
Y:Q8NG92
Y:Q6ZUT3
Y:O75487
Y:P51654
Y:Q9H3M9
Y:Q8IWS0
Y:P00492
Y:Q9BWD3
Y:Q9NXZ1
Y:Q13642
Y:Q8IWC1
Y:Q8IZF6
Y:O43719
Y:Q99990
Y:P29965
Y:Q15052
Y:Q8IUX8
Y:O60481
N:Q8N8B7-2
Y:P0DI81
Y:O75665
Y:P00740
Y:Q8NB49
Y:Q5JRM2
Y:Q9NWZ8
N:A7J003
Y:Q8TD91
Y:O60732
Y:Q5MJ09
Y:Q9H156
Y:O96002
Y:P26951
Y:Q06787
Y:Q8N0W7
Y:P22304
Y:P43361
Y:Q8NHP6
N:Q13495-3
Y:Q13496
Y:Q9BZD7
Y:Q969F0
Y:Q16280
Y:P43358
Y:P78334
Y:P43363
Y:Q9UN88
Y:P43360
Y:P43365
N:Q6PB30
Y:Q15738
N:Q9UL41
Y:P43355
Y:P48029
Y:P33897
N:F5H773
Y:Q8WXH4
Y:P32004
Y:O95671
Y:P30518
Y:P98171
Y:P51606
Y:P51610
Y:Q14656
Y:P51617
N:P51608-2
Y:P04000
Y:P37287
Y:P04001
Y:P21333
Y:P50402
Y:P27635
Y:P49184
N:Q16635-3
Y:P31150
Y:P51805
Y:P09131
Y:P98173
N:P11413-3
N:Q9Y6K9-2
Y:O75638
N:E9PB44
Y:O60832
Y:P00451
Y:O00625
Y:P61758
Y:Q01113
Y:Q9BYF1
Y:Q9NUQ3
N:P46597-3
N:Q6T4R5
Y:Q8NDZ0
Y:O76039
Y:O15537
Y:O14829
Y:P46019
Y:Q8IZP9
Y:P08559
Y:Q96T17
Y:P51812
Y:Q8N5I4
Y:O43462
Y:P78562
Y:Q8N7E2
Y:Q86TM3
Y:Q96NR3
Y:Q96LI9
Y:P41091
Y:Q96QS3
Y:Q96M61
Y:P14209
N:P55808-3
Y:O15488
N:P0C7V8
Y:Q96LZ2
Y:P51689
Y:P51690
Y:O15480
Y:P54793
Y:P51843
N:P32189-2
Y:Q9BXU8
N:P11532
Y:Q9Y5P8
Y:Q9NR99
Y:Q5JRC9
Y:A2A368
N:Q6ZTR5
Y:P51817
Y:Q5HY64
Y:P51811
Y:P04839
N:A2RRF2
Y:P78539
N:E9PE28
Y:P00480
Y:P41732
Y:Q6W2J9
Y:O75787
Y:Q8TB03
Y:Q9GZU5
N:O14936-2
Y:Q00604
Y:Q5JST6
Y:Q9H596
Y:O15550
Y:Q9H7Y0
Y:Q2M3X9
Y:O75695
Y:P22314
N:P51814-6
Y:P27918
Y:P19419
Y:P51508
Y:Q7RTT6
Y:O60225
Y:Q7RTT3
Y:Q8WUX1
Y:Q9H237
Y:Q15125
Y:Q3MII6
Y:P42768
Y:P15976
Y:P08247
Y:O60840
Y:O60826
Y:Q9BZS1
Y:Q6ZSY5
N:P51795-2
Y:Q5JQC9
Y:Q8WWL7
Y:Q9ULL8
Y:O95972
Y:Q7RTT5
Y:P41229
N:Q5JU85-2
Y:Q14683
Y:Q99714
Y:Q7Z6Z7
Y:Q9UPP1
Y:Q9NX05
Y:P98174
Y:Q6UXX5
Y:Q9UNF1
Y:P22557
Y:Q7Z2X7
N:Q5XKR9-2
Y:Q5JUK9
Y:Q6PJQ5
Y:Q9UHD9
Y:O15266
Y:O43307
Y:Q5JTC6
Y:Q9Y279
N:E9PHN8
Y:Q9HAV5
Y:P10275
Y:O60890
N:Q92502-2
Y:P98172
Y:Q8NG27
Y:Q92838
Y:P51582
Y:O95239
N:Q8IYF3-3
N:E9PAV8
Y:Q8WY07
Y:A6NEN9
Y:P31785
Y:Q93074
Y:P08034
N:P21675-2
Y:Q96QF7
Y:Q5HYW3
N:F5H593
N:Q99966-2
Y:P46020
Y:P08842
N:P36021
N:O75027-2
Y:Q9HCI5
Y:P46100
N:Q9H0U3
Y:Q04656
Y:P00558
Y:Q8N8U3
Y:O00398
Y:Q9BXC1
Y:O43736
Y:P41247
Y:Q9Y458
Y:Q8NEK8
Y:Q6RI45
Y:Q9H322
Y:P49335
Y:P35663
Y:Q9UK32
Y:Q7Z353
Y:Q86VE3
Y:Q9Y462
Y:Q8WVV4
Y:P23352
Y:P24386
Y:Q8N123
Y:Q8IUE1
Y:Q9BZA7
Y:Q99457
Y:Q8N9E0
Y:Q13156
Y:P51810
Y:Q13796
N:Q8TAB3-2
N:O43657
Y:O60687
Y:Q96C24
Y:O00507
Y:Q05066
