N:O00555
Y:O76090
Y:P00156
Y:P00395
Y:P01859
N:J3QLU9
Y:E7EMR6
Y:P03897
Y:P03915
Y:P03923
N:R4GMZ0
Y:P09429
Y:E7EQX7
Y:P11387
Y:P15882
Y:P12830
N:A0A0C4DH47
Y:J3KNN9
Y:P31327
Y:E9PHA6
Y:P38398
Y:P68871
Y:Q03518
Y:Q13155
Y:Q14982
Y:Q6N021
Y:Q8IXK2
Y:Q86XE5
Y:Q8NCH0
Y:Q92574
Y:Q96BI1
N:Q9NU63
Y:Q9UM73
Y:P0DPB6
Y:A0A0S2Z366
Y:A0A140VJX1
Y:E5KSD5
Y:A0A0S2Z310
Y:P49748
N:B2R5S1
Y:P21549
Y:P20933
Y:A0A024R6A3
Y:A0A0S2Z4Q1
Y:X5D8S6
Y:P22557
Y:P33897
Y:P25445
Y:A3KPE2
Y:A0A0S2Z3D5
N:Q9NUA2
Y:A0A024RDL8
Y:P51690
Y:A0A024RDX3
Y:Q6FH48
Y:P43251
Y:P30518
Y:Q5JY90
Y:V9HW21
Y:P20807
Y:A0A024RBB6
Y:P29965
Y:Q53SH4
Y:P35523
Y:K7PML8
Y:Q04844
N:A8K4H5
Y:P02452
Y:A0A0S2Z3H5
Y:P49747
Y:A0A140VK13
Y:Q53TK1
Y:P36551
Y:Q1HB44
N:B4DT46
N:Q12882
Y:P50443
Y:A0A024R713
Y:A0A024R878
Y:Q92466
Y:A0A024R645
Y:A0A0S2Z4K0
Y:P19447
Y:P03951
Y:Q16394
Y:P28715
Y:A0A0S2Z3L0
N:P12259
Y:P00451
Y:P00740
N:A0A384P5L6
Y:P35555
Y:O15360
Y:A0A0S2Z4C3
Y:Q01362
N:Q7KZA3
Y:P04066
Y:A0A0S2Z3G4
Y:A0A0A0MQV0
Y:P54803
Y:P10253
N:A0A384MDR3
Y:Q6IZA2
N:A8K737
N:Q59ET0
N:B2RAT6
Y:V9HWE7
Y:Q92947
Y:A0A024R7F9
Y:Q53Y25
Y:A0A024R642
Y:P10912
Y:P17302
N:B4DH54
Y:Q53Y83
Y:P23378
N:Q3SWU9
Y:P52701
Y:P14770
Y:P23415
N:L7UYB8
Y:Q02846
Y:P06744
Y:V9HWJ1
Y:A0A024R962
Y:P35914
Y:E9KL44
Y:P55084
Y:Q93099
Y:D9YZU9
Y:P08397
Y:Q15465
Y:Q99593
Y:A0A140VJL3
Y:P35475
N:A8K3L0
Y:Q6FH62
N:Q658M9
Y:P80365
Y:P51688
Y:P22304
Y:P31785
Y:I3WAC9
Y:P06213
Y:P52945
Y:P05106
N:Q96AI9
Y:Q09470
N:Q99740
Y:P23352
Y:C7S316
Y:A0A024RDA0
Y:A0A0S2Z3R6
Y:A0A140VK24
Y:Q5U0N0
Y:P38571
Y:Q13326
Y:A0A1B1RVA9
N:Q15BH2
Y:O15553
Y:O75030
Y:P40692
Y:P43246
Y:Q99707
Y:P55157
Y:A0A024RC06
Y:A0A024RD82
N:A5YM48
Y:A0A024R2Q5
Y:A0A0S2Z421
Y:A0A140VJE4
Y:Q13635
Y:Q00604
Y:A0A024R1J8
Y:V9HWH6
Y:C9JNM7
Y:O15259
Y:Q04671
Y:Q01968
Y:A0A024RBG4
Y:P35913
Y:Q66SS1
Y:P05165
Y:A0A024RBX9
Y:P08559
Y:P30613
N:Q9UEU6
Y:A0A024RD09
Y:Q6FGN1
Y:P00747
Y:P15259
Y:E9KL23
Y:P15735
Y:A0A140VJR2
Y:P46019
Y:P50336
Y:P50897
Y:P28069
Y:A0A0S2Z4K3
N:Q59F02
Y:Q6FH25
Y:X6R8A1
Y:Q53YK7
Y:F6KD01
Y:Q03393
Y:Q16518
N:P23942
Y:P28328
Y:A0A024RDV3
Y:P12271
Y:O15537
Y:A0A0S2Z4E1
Y:P11168
Y:B2R812
N:P55017
N:Q6AI28
N:P31213
Y:Q16637
Y:Q6IBK0
Y:P11277
Y:P02730
Y:P48436
Y:Q09428
Y:A0A140VKB7
Y:Q13428
Y:A0A0S2Z4Q2
Y:A0A024QZW0
Y:V9HWK1
Y:P22735
Y:Q6FGX2
Y:P35625
Y:P06132
Y:P49638
Y:L8B082
N:P16473
Y:A0A0A0MTJ0
Y:E9KL36
Y:P47989
Y:O43772
Y:P41180
Y:P23025
Y:A0A0S2Z4T8
Y:O43918
Y:A0A024QYX8
Y:A0A024RBV4
Y:P43235
Y:O14773
Y:P00387
N:A8K545
Y:A0A0S2Z3S6
N:A0A384NL38
N:P16278
Y:P30968
Y:P17900
N:B2R659
Y:Q30201
Y:P08514
Y:P50747
Y:P13224
Y:Q5JQI0
Y:Q6IB42
Y:P43034
Y:Q9UM47
Y:P32004
Y:A0A024R040
Y:O43511
Y:P15918
Y:B4DWG8
Y:O15266
Y:A0A024R385
Y:A0A024RB79
Y:Q92911
Y:A0A0S2Z4D1
Y:Q15831
Y:F1D8T1
Y:V9HWC9
Y:Q5DT03
Y:F1D8N7
Y:O43933
N:Q59HG2
Y:A0A024RAG0
Y:P48728
Y:A0A024R2U7
Y:P02768
Y:P07741
Y:P03971
Y:A0A024R0T9
Y:A0A140VJC8
Y:F1D8P4
Y:A0A024R944
Y:A0A024R730
Y:P41181
Y:X5DQP6
Y:Q9UMD9
Y:P15538
N:Q8TDD0
N:B3KXR1
Y:P00734
N:A7MBN3
Y:A0A140VJJ6
N:Q2TU34
Y:A0A0F7RQE8
N:Q96I49
Y:A0A0S2Z3H8
Y:D9YZU5
Y:P35453
Y:A0A0S2Z3W3
Y:B2RC52
Y:P02533
Y:A0A024R7D5
Y:P01130
Y:P25189
Y:O00754
Y:P00480
Y:P08100
Y:A0A0S2Z4D4
Y:A8K9L3
N:Q59EN6
Y:E0YMI7
N:Q53GA5
N:Q6P534
Y:P07202
Y:P49815
N:X5D7Q2
Y:A0A024R2F2
Y:A0A0S2Z4K1
Y:P04275
Y:O43186
Y:A0A0S2A4E4
Y:V9HW90
N:Q59GC5
N:A0A499FJK2
Y:P50052
Y:A0A0S2Z3W6
N:Q59EI3
Y:Q02318
Y:P22748
Y:A0A024R0K3
N:A0A087WV24
Y:A0A0S2Z3N4
Y:P09172
N:B4DKH4
Y:O15303
Y:A0A090N8Y6
N:B3KRZ3
N:A0A384MDR8
Y:A0A024R5C5
N:P16435
N:P45379
Y:Q16143
Y:A4D1B1
Y:P23771
Y:A0A024R8T0
Y:P08708
Y:F1D8P8
Y:Q13950
Y:A0A024RB14
Y:P15692
Y:Q07699
Y:Q2I0M5
Y:Q9Y6B6
Y:Q96SD1
Y:P37088
Y:P01189
N:A0A384NL00
Y:E5KP27
Y:Q0ZLH3
Y:Q9NSV4
Y:A0A024QZB8
Y:E5KP25
N:Q0VAB0
N:A0PJA6
Y:P19438
Y:X5DQN2
Y:Q9UMR3
Y:A0A0S2Z530
Y:P43304
Y:P14222
Y:A0A024R2C0
N:B3KVA4
Y:Q4LE27
Y:P68133
Y:P35609
Y:P55265
Y:Q0D2K0
Y:Q9BSI4
Y:Q9Y458
Y:Q9HC23
Y:A0A0S2Z4H1
Y:W0UV28
Y:O95255
Y:O75342
Y:P49419
Y:Q53XC5
Y:Q16281
Y:A0A140VK77
Y:A0A024R5F7
Y:P51798
N:B3KW07
Y:Q14117
Y:Q14232
Y:O60832
Y:Q92838
Y:Q13642
Y:P54819
Y:P15313
Y:P02748
Y:W6CJ52
Y:A0A1U9X7H8
N:A0A384P5Q0
Y:A0A024R7N8
N:Q6NXF2
Y:Q6PEK7
Y:P02458
N:B2R892
N:A0A384P5H7
N:A0A384MDP3
Y:P12110
Y:Q53SB5
Y:P35916
Y:Q14894
Y:Q14126
Y:P08246
Y:P38117
Y:P53674
Y:E5KRG5
Y:P19971
Y:Q15726
Y:A0A024R3X4
Y:P05111
N:Q8N6H6
N:P16871
Y:P41250
Y:Q00056
Y:B3KUF4
Y:P43694
N:A7REI1
Y:P28799
Y:P08727
Y:Q14739
Y:P09758
Y:A0A0S2Z3Z9
Y:Q13562
N:A8K7H4
Y:Q92968
Y:E5KPM8
Y:P28360
Y:O00300
Y:O60663
Y:O00217
Y:Q7Z4N2
Y:E5KNU5
Y:P23515
Y:A0A024R1N1
Y:O60880
Y:A0A024R939
Y:P21912
N:Q59GK3
Y:P10745
N:Q06124
Y:A0A024RB18
Y:A4QPA9
Y:B2R5T5
Y:Q99643
Y:A0A0S2Z4B7
N:A0A384N6E5
Y:A0A0S2Z4Q0
Y:A0A0S2Z4J3
Y:A0A0S2Z4H7
Y:P31639
Y:P13385
Y:O76082
Y:P05549
Y:E5KRX5
Y:Q9UQ90
Y:Q12824
Y:A7WPU8
Y:A3QNQ0
Y:Q6FH91
Y:Q9H0U9
N:Q0QD38
Y:A0A024R5N5
Y:A2TDB8
Y:P07911
Y:O75923
Y:Q13515
Y:O60733
Y:O95342
Y:P53597
Y:A0A0S2Z4N5
Y:O75344
N:Q4LE38
Y:A2TDC0
Y:E9KL37
Y:Q16719
Y:Q13144
Y:Q99453
Y:Q13501
Y:Q99650
N:I6L968
Y:O75593
N:Q9Y4T0
Y:P22891
Y:A0A0S2Z5P3
N:Q8N619
Y:A0A0S2Z4Y5
Y:O95479
Y:A0A024QZ30
Y:Q7LGC8
Y:P36894
Y:Q6I9V6
Y:P50553
Y:O43405
Y:Q15067
Y:A0A024RBT9
Y:P41229
Y:A0A140VJI7
N:B4DEQ0
Y:P52952
Y:A0A0S2Z383
N:B4DKX6
N:B3GN61
Y:Q92793
Y:P98172
N:B7Z792
Y:Q14435
Y:Q6IBC4
Y:X5DR79
Y:O00358
Y:Q01974
Y:V9HWF0
Y:O75489
Y:Q99959
Y:A2RU94
Y:A0A024R9Y5
N:A0A384MDW3
Y:P52788
Y:O43395
Y:Q96P20
N:B3KY45
Y:O75603
N:Q05C57
Y:Q53XM5
Y:Q9Y210
Y:Q86U42
Y:O60721
Y:Q99732
Y:O60500
Y:O43759
Y:F1D8R8
Y:Q9UNW1
Y:A0A024RAV5
N:Q13344
Y:Q6IBQ5
N:Q8TAY0
Y:A0A0S2Z3I9
N:B3KRD9
Y:E5KRK5
Y:A0A0S2Z455
Y:V9HVY1
Y:Q13093
Y:O43593
Y:A0A0S2Z4F8
Y:P27352
Y:P22681
Y:P11487
Y:F1DAL1
Y:A0A1W1GSK9
Y:O43819
N:Q86SR6
Y:P40238
Y:P04198
Y:O95343
Y:Q16836
Y:E9KL48
Y:Q13253
Y:A0A024R274
Y:O14842
Y:A0A024RBY9
Y:O95972
Y:P02545
Y:A0A024RDG6
Y:P50219
Y:Q9Y223
Y:Q6IAE6
Y:A0A024R2A7
Y:P51460
Y:Q13495
Y:Q9Y215
Y:O95278
N:A0A087WSY1
Y:P11217
Y:O43520
Y:O75844
Y:P42898
N:Q59GJ6
Y:Q92685
Y:O00462
N:B3KVQ5
Y:A0A024R6U7
N:B3KQN7
Y:A0A024RA17
N:B3KTM0
Y:P32245
Y:O60828
Y:Q9UQ84
Y:A0A0S2Z4V6
Y:Q15475
N:Q59GX2
N:Q53EL4
Y:Q12866
N:A0A0G2JQ02
Y:A0A024RD62
Y:P56715
Y:A0A024R8I7
Y:A0A024R8F9
N:Q05CV5
Y:A0A024R644
Y:P54845
Y:Q2L4T1
Y:A0A024R6G3
Y:Q6P2Q9
Y:O43615
Y:O75792
Y:Q15437
Y:Q9UNN8
N:Q53FW5
Y:A0A024R928
Y:Q9Y5I7
N:A0A0C4DFM5
Y:V9HW80
Y:Q9Y6A1
Y:A0A140VK56
Y:E5KNH5
Y:O96017
Y:Q6IB11
Y:A0A1B2JLU2
Y:V9HWC2
Y:Q9UBV7
Y:A0A0S2Z5M1
Y:A0A024R4E2
Y:Q9Y5Z9
Y:E0XEN6
Y:Q9Y5K6
Y:A0A140VJI0
N:A0A384N605
Y:Q9ULV1
Y:Q9Y487
Y:A0A024RB47
Y:Q9UKY4
Y:O95822
Y:Q4ACX1
Y:Q9Y3I1
Y:A0A024R1E5
Y:Q9UBM4
Y:B2RE76
N:B2RCH4
Y:Q9UJS0
Y:P51970
N:A0A384NYH5
Y:Q9UKU7
Y:Q9Y619
Y:Q53XC2
Y:Q9NRD8
Y:F1T0B6
Y:Q9Y2V3
Y:P82251
Y:A0A0S2Z5B3
Y:Q9BZS1
Y:Q9Y5C1
Y:Q9NP85
Y:O95140
Y:Q9NP59
Y:Q14999
Y:Q9Y4G2
Y:Q9NZR4
Y:O60333
Y:O75161
Y:Q9NTN3
Y:E5KRP5
Y:Q7Z333
Y:A0A024R4V4
Y:Q9Y4U1
Y:Q8N490
N:A0A024R2G1
Y:O60313
Y:Q9NQC7
Y:Q68CZ1
Y:Q9Y3Z3
Y:Q9UI10
Y:Q9H3L0
Y:A0A0S2Z5D6
N:A0A076YGN1
Y:Q9UMX9
Y:Q7LG56
Y:Q9NRG9
Y:Q69FE3
N:Q53F53
Y:A0A024R9L0
Y:Q8WWY3
N:A0A384NPZ7
Y:B2CKC5
Y:A0A090N8Q6
Y:A0A024RA81
Y:Q9NVV9
Y:A0A024R6I6
Y:A0A024R601
Y:Q9UK23
Y:Q9NYJ7
Y:A0A024R100
Y:Q9NR50
Y:Q8IXL6
Y:Q8TB36
Y:Q9NQW8
Y:Q9BZD2
Y:B3KQH0
Y:Q96KN7
Y:V9HW45
Y:Q9P296
N:B7Z3W9
Y:Q5T442
Y:P28329
Y:P07949
Y:Q9GZV9
Y:P25963
Y:X5D8S1
Y:Q9GZU1
Y:Q9GZX3
Y:Q15466
Y:P02671
N:Q9H6V3
N:B2RCW8
Y:A0A140VK29
N:Q96CV9
N:B4DMB7
N:B3KTC3
Y:Q9HC29
N:Q6P1K3
Y:Q9UNE0
Y:Q9H222
Y:Q96MS0
N:B3KPB8
Y:Q9H221
Y:Q96L73
Y:A0A0S2Z6B4
Y:Q9H902
N:A8K7T1
Y:Q53ZD3
Y:Q9GZU5
Y:Q9BVK2
Y:A0A024R0R7
Y:P57727
Y:A0A024R4V6
Y:Q3T906
Y:P47712
Y:Q6P1J9
N:Q8N451
Y:Q02487
Y:Q8TF17
Y:Q86YV9
Y:Q8NFJ9
Y:Q8TAM1
Y:Q9H9P8
Y:Q86YC2
N:A0A2K8FR47
Y:E5KND5
N:Q05BJ6
N:P55344
Y:P36507
N:B2RBI8
Y:A0A024RAV8
Y:Q8TCA4
Y:Q7Z5J4
Y:O95528
Y:Q9NRM1
Y:A0A024R5B3
Y:Q8NBS3
Y:Q9BXU7
Y:A0A087WU53
Y:Q9BXM7
Y:P0CG37
Y:A0A0S2Z3Z5
Y:A0A087WTR6
Y:Q9UJJ9
Y:Q8IWS0
Y:A0A0S2Z5S4
Y:A0A024R2D8
Y:Q9NSU2
N:A1A515
Y:Q5VU50
Y:P58335
Y:Q9HCJ1
Y:A0A0B4RUS7
Y:Q96EY8
Y:Q96PX8
Y:O95897
Y:E5KSL5
Y:E5KSL6
Y:A0A024RCX5
Y:Q8N130
Y:O43502
Y:D9ZGG0
Y:A0A024R5D2
Y:O00255
Y:Q6KC79
Y:Q6P5W5
Y:Q9H2G0
Y:Q8TDN2
Y:Q8TDI8
Y:Q8IWY9
Y:Q96CM4
Y:P21757
Y:Q76LX8
Y:Q8WWY8
Y:P40763
Y:Q96QS3
Y:Q8NI22
Y:Q8NI36
Y:V9HWB6
Y:P06753
N:B3KQ87
Y:Q8NEW7
Y:Q86UK5
N:Q8IVU6
Y:A0A140VJF7
Y:Q6ZW61
Y:A0A0S2Z613
Y:Q7Z699
Y:A0A140VJM8
N:B4E3K7
Y:Q8NHS3
Y:Q7Z494
Y:Q8N159
Y:A0A024R071
Y:Q8IU80
Y:Q9BZ23
Y:Q9Y6N9
Y:A0A024R0A4
Y:Q5HYA8
Y:Q9NZ42
Y:Q9Y6J6
Y:P15529
N:B3KVV3
Y:Q8NBP7
Y:P58418
Y:Q18PE1
Y:Q15583
Y:Q6PEW1
Y:Q7Z2E3
Y:Q86W24
N:Q53H01
N:A8K340
Y:P23760
N:A0A384MDJ7
Y:O14727
Y:Q9BXM0
Y:Q8NBK3
Y:Q99217
Y:A0A140VKB3
Y:Q9HC10
Y:Q8IYX4
Y:Q6ZUT3
Y:E9PG18
Y:O00522
Y:A4D1F7
Y:Q6Y288
Y:H9KVD2
Y:Q14524
Y:O14746
N:Q17RV3
Y:Q6VVB1
N:Q9Y3Z0
Y:P82279
Y:Q6PHW0
Y:Q8WX94
Y:Q6ZYL4
Y:Q7Z6J9
Y:Q6ZWL3
Y:A0A024R4F5
Y:A6NGG8
Y:A6H8Y1
Y:E9PKB8
N:A6NC57
Y:A8K7I4
Y:A8MXD5
Y:A0A1X7SBS2
Y:A6NGQ2
Y:F8WEW9
Y:B0I1T2
Y:F8WC89
Y:B2RXH2
N:A7E2F4
N:A0A1C7CYW9
Y:Q16832
Y:O00187
N:E2RYF6
Y:Q92562
Y:O00220
Y:E7EX60
Y:C9JDP6
Y:O00418
Y:O15197
Y:O15078
N:J3QKK3
Y:O14843
N:O43272
Y:O60883
Y:O75165
Y:C9JQG1
Y:O75129
Y:O75443
Y:O43663
Y:O75339
Y:O75150
Y:O95876
Y:O95237
Y:O75691
Y:O75747
Y:O95398
N:O95718
Y:P00738
Y:O95644
Y:P01920
Y:O75638
N:O75949
Y:P02751
Y:E9PD10
N:P08235
Y:P0C221
Y:P06865
Y:P10082
Y:P11464
Y:P0CG30
Y:P08247
N:P18577
Y:Q5VSJ7
Y:P13612
Y:P15088
Y:P15924
Y:P13498
Y:P18075
Y:P18583
Y:P19878
Y:P20585
Y:P20849
Y:P23219
N:P21917
Y:P21128
N:M0R0D2
N:P18887
Y:P24347
Y:P21397
Y:P29474
Y:P25092
Y:P26842
Y:F5H1T5
N:P27448
Y:P24928
N:K7EJY4
Y:P34130
Y:P41595
Y:P35030
Y:P48448
Y:P49641
Y:P50226
N:J3QS41
Y:P46100
Y:P53355
Y:P56202
Y:P55316
Y:P54257
Y:E9PMP8
Y:P53814
Y:P56730
N:E9PJG7
Y:P59044
Y:P78324
Y:P81408
N:A0A024R4E5
Y:Q02952
Y:P78362
N:J3KPI6
Y:P80370
Y:P78559
Y:Q00796
N:Q02078
Y:Q03167
Y:Q08AD1
Y:Q03701
Y:Q0P641
N:Q04912
Y:Q12849
Y:Q05209
Y:Q12950
Y:Q07444
Y:Q12872
Y:Q0VG99
Y:Q08AH3
Y:Q12887
Y:Q08AE8
Y:Q10567
Y:Q13952
Y:Q13255
Y:Q13523
Y:Q13554
Y:Q14191
Y:Q13651
N:Q13936
N:Q13470
Y:Q13585
Y:Q13620
N:D6RHY4
Y:Q15477
Y:Q14207
Y:Q15274
Y:Q14532
N:Q15517
N:Q15170
Y:Q15746
Y:Q15661
N:E7EN01
N:Q29980
Y:X6R344
Y:Q16821
Y:Q2KHM9
N:A0A087X0E6
Y:Q3T8J9
N:A0A0A0MR27
Y:P01889
Y:Q3YBM2
Y:Q49A92
Y:Q4G0Z9
Y:Q4AC99
N:C9JP58
Y:Q38SD2
Y:Q4G112
Y:C9JDL5
Y:C9JJU3
Y:Q58F21
Y:Q58DX5
Y:Q53GD3
Y:Q5JSZ5
Y:Q5JUK2
Y:Q53EL6
Y:Q504Q3
Y:Q5I7T1
Y:Q5VT25
Y:Q5VT97
Y:Q5VVX9
Y:Q5VWN6
Y:U5GXS0
Y:Q68DE3
Y:Q66K79
Y:Q68DX3
N:G3V2D8
N:Q68DK2
Y:Q63HK5
Y:Q6E0U4
Y:Q69YQ0
Y:Q6IPT4
Y:Q6HA08
Y:A0A0C4DG03
Y:Q6P995
Y:Q6PEY2
Y:Q6P087
Y:Q6P9F5
Y:Q6J9G0
N:A0A499FJ85
Y:Q6UXI9
Y:Q6PI78
Y:Q6UX73
N:A0A2U3TZK7
N:Q6ZWH5
Y:Q7Z2K8
Y:Q7Z3T8
Y:Q70EL2
Y:Q6ZRI0
N:Q76MJ5
Y:Q7Z4L5
Y:Q86SU0
N:A0A384DVK4
Y:Q7Z5B4
Y:Q86SS6
N:Q7Z442
Y:Q86V40
Y:Q86U86
Y:Q86T26
Y:Q86TI4
Y:Q86WI3
N:J3QS44
Y:Q86UE8
Y:Q86VR7
Y:Q8IVI9
Y:Q86YR7
Y:Q86Y33
Y:Q8IW00
N:Q86WZ0
Y:Q8IUD6
Y:Q8IVT5
Y:Q8IWB6
Y:Q8IVV2
Y:A0A0A0MT21
Y:F8WBE0
Y:Q8IXZ2
Y:Q8IY34
Y:Q8IY82
Y:Q8IYV9
Y:Q8N307
Y:Q8N2E2
Y:J3KQJ9
Y:Q8N573
Y:Q8N119
Y:Q8N1H7
Y:Q8IZU8
Y:Q8IZI9
Y:Q8N1G1
N:A0A0A0MQS2
Y:Q8N423
Y:Q8N715
Y:G8JLG8
Y:Q8N5T2
Y:Q8NB90
Y:Q8N7R1
Y:E9PKM6
Y:Q8NDM7
Y:Q8NDH2
Y:Q8NCT1
N:Q8NDV3
Y:Q8NG66
Y:Q8TDG4
Y:Q8NHY5
Y:Q8TAG5
Y:Q8TC27
Y:Q8NHP7
Y:Q8TBY8
Y:Q8TAX9
Y:Q8TDC3
Y:Q8TAB3
Y:Q8TF72
Y:Q8WWQ0
Y:Q8WW59
Y:Q8TEP8
Y:Q8WZ64
Y:Q96C74
Y:Q96DT7
Y:E9PIE3
Y:Q92784
Y:Q92503
N:Q92900
Y:Q969Y2
Y:Q96L92
Y:Q96LX7
Y:S4R404
Y:Q96KC9
Y:Q96JH8
Y:Q96JN2
Y:Q96GY0
Y:Q96M20
Y:Q96Q40
Y:B3KUH8
Y:Q96QP1
Y:Q96PV0
Y:Q96QB1
Y:Q96P64
Y:Q96MX3
Y:Q96NR3
Y:E7EW47
Y:Q96T55
Y:Q96RR4
Y:Q96S19
Y:Q96SL8
Y:Q96RJ3
Y:E7EQL8
Y:Q99674
Y:Q9BQI7
Y:Q99932
Y:E9PM61
Y:Q9BTZ2
Y:Q9BUB4
N:Q99706
Y:Q9BR39
Y:Q9BTC0
Y:Q9BV87
Y:Q9BVW5
Y:Q9BW04
Y:Q9BXB7
Y:Q9BWH6
Y:Q9BXL6
N:Q9BXI9
Y:Q9BXT5
N:Q9BYX2
Y:Q9BYR2
Y:Q9BZP6
Y:Q9BZM3
Y:Q9GZQ4
N:Q9BZL6
Y:Q9H267
Y:Q9H211
Y:Q9H1Z4
Y:Q9H322
Y:E7EW95
Y:Q9HAT2
Y:Q9HA65
Y:E7EM70
Y:G5E9C0
Y:Q9HB58
N:Q9HB19
Y:Q9HBA0
Y:Q9HCN6
Y:Q9NQ90
N:H0YMD5
Y:Q9NSI6
Y:Q9NVV5
Y:Q9NV12
Y:D6R9N2
Y:Q9NVL1
Y:B1AKV4
Y:Q9NWY4
Y:Q9NX55
N:K7ERN7
Y:Q9NX05
Y:Q9NZJ5
Y:Q9NZJ6
Y:Q9NZQ3
Y:Q9P0W0
N:Q9P202
Y:Q9P1Y6
Y:Q9P0U3
Y:Q9P2A4
Y:Q9P2H0
Y:Q9UHI7
Y:Q9UHK6
N:A0A0A0MR39
Y:Q9ULS5
Y:Q9ULL8
Y:Q9UNA4
Y:Q9UP83
Y:Q9UP65
Y:Q9UPN9
Y:E9PEZ5
Y:Q9UQ52
N:A0A2U3TZH1
Y:Q9Y267
Y:Q9Y252
Y:Q9Y2I7
Y:Q9Y2I9
N:J3QSA1
Y:Q9Y2L5
N:Q9Y337
Y:J3KNC4
Y:Q9Y462
N:Q9Y493
Y:Q9Y4C1
Y:Q9Y4C8
N:Q9Y520
Y:Q9Y5B0
N:Q9Y5N5
Y:Q9Y5P3
N:A0A384DVL6
N:Q9Y6F6
N:Q9Y618
Y:Q9Y6H5
Y:Q9Y6K5
Y:F5H4R1
Y:Q9Y6R4
Y:G4XH65
Y:A4Z6T7
Y:A8KAG8
Y:Q5T6L4
N:A8K4Q3
N:Q59FF6
N:A0A024R3C7
N:P51587
Y:P35520
Y:A0A024R0F9
Y:A0A024R759
Y:A0A024RAY2
N:A0A0B4J1S1
Y:P05164
N:Q49A63
Y:A0A024R2Z8
N:Q96E98
Y:A0A024RAU1
N:B2RBY1
Y:P02489
Y:P20062
Y:Q53ZZ1
N:A0A024RAJ6
Y:P08571
Y:A0A0S2Z5A6
Y:B3KPF0
Y:P17643
Y:Q9BS19
N:B4DDH1
Y:P11215
Y:P17181
Y:P30542
Y:P05023
Y:P47901
N:A0A024R0A1
N:A8K496
Y:Q59GD8
Y:F5CTF3
N:Q86SJ1
Y:G9JKG7
Y:B0ZBD3
Y:Q5TZZ9
Y:Q00975
N:Q7Z348
Y:P05181
Y:O43174
Y:Q5VZ30
Y:P14207
N:A0A384NPN7
Y:P36544
Y:A0A0F7RQP8
Y:P11509
Y:Q07973
Y:A0A140VJG8
Y:Q6IBG8
Y:P14060
Y:A0A140VJE6
N:B3KU69
N:A8K9A9
Y:Q60I31
Y:P16471
Y:Q8TBE3
Y:P11717
N:G8XRH5
Y:P16233
N:Q8TBK5
Y:Q6IAX2
Y:P08069
Y:A8K4C8
Y:P63252
Y:A0A024R7J8
N:Q9BUA0
Y:A0A126GVX0
Y:Q7Z3T1
Y:Q6IQ16
Y:Q6IWH7
Y:Q6UWP7
Y:A1IGU5
N:Q6EEV6
Y:A0A126GVB1
N:A0A140VKH0
N:Q6DHV5
Y:Q8WTU0
Y:A0A2C9F2M4
Y:Q8NGL1
Y:A0A126GVD9
Y:E5KMT6
Y:Q6IMN6
Y:Q9Y4F1
Y:P25705
Y:V9HW26
Y:Q6ECI4
Y:Q6ZN16
Y:Q6WRX3
Y:Q8NGX6
Y:A0A126GV64
Y:A0A126GV63
Y:Q8NG84
Y:Q6BEB4
Y:Q6QHK4
Y:P55201
Y:Q9H511
Y:X5D773
Y:Q9Y2D5
Y:Q2TAM9
Y:Q6NX45
Y:A0A024R6W8
Y:Q9UKJ3
Y:Q6NUI1
Y:Q8NGA1
Y:A0A126GVV2
Y:Q9BYP7
Y:Q8N7C0
Y:A0A024R952
N:O94856
Y:Q71DI3
N:A0A126GW65
Y:A0A126GVN0
Y:Q8NGJ1
Y:Q8NH49
Y:A0A126GVL5
Y:A0A126GVP9
Y:A0A126GVM6
Y:Q9H340
Y:Q8NH67
Y:Q8NGM9
Y:Q8NH10
Y:A0A126GW01
Y:Q8NH43
N:Q2TAZ1
Y:O60431
N:Q6NSB3
N:A0A140VKB8
Y:P18827
N:Q5W5W9
N:A0A384MTT5
Y:A0A024R2G7
Y:Q92734
Y:Q8WWR9
Y:Q5T655
Y:Q6EIG7
Y:Q8NGC1
Y:A0A024R6F4
Y:A0A024R6Q4
Y:Q96AX2
Y:Q96B23
Y:Q8IUX4
Y:A8K8P3
Y:Q7Z3Z3
Y:A0A024R1I7
Y:Q969E4
Y:Q5QGS0
Y:Q86YZ3
Y:Q5TCH5
Y:Q5TCH4
Y:Q6GPH6
Y:A0A250SI41
N:B3KPR6
Y:Q96QD9
N:B7Z9Y0
Y:Q5TEZ5
Y:O60522
Y:Q5SZD4
Y:Q5SSG8
N:Q5T890
Y:Q14008
Y:Q8N999
Y:Q6IC83
Y:O60812
Y:A0PJX8
Y:Q5D862
Y:Q9UK80
Y:A2RUB6
Y:Q56VL3
Y:Q6NXP2
Y:Q6IPU0
Y:Q5JU67
Y:Q5VWJ9
Y:Q6L8H2
N:Q68DP7
Y:X5D2R1
Y:A0A024RC68
Y:Q96S07
Y:A0A024R906
Y:Q9HBX8
Y:A0A1C9HIH9
Y:Q14966
Y:A0A024RAQ7
Y:Q587J8
N:B3KTR1
N:Q96N83
Y:Q96RL7
Y:Q5EG05
N:B3KVD0
Y:Q4W4Y0
Y:P84101
Y:O43561
Y:Q52WX2
Y:O43361
Y:P28906
Y:P18847
Y:Q96HD1
Y:A6NEL2
Y:Q5T1Q4
Y:Q5JYA6
Y:Q9BSQ5
N:A8K364
Y:O95319
Y:P0C0P6
Y:P23921
N:B3KX12
Y:A0A0S2Z5L8
Y:P07288
Y:A0A024R0Q4
Y:Q9BV20
Y:A0A024R1N5
Y:Q9BYW1
Y:O00463
Y:Q9HD15
Y:A8MYU2
Y:Q30KP9
N:Q5H9Q5
Y:Q9BX66
Y:Q1MX18
N:Q3C1W0
Y:Q3I5F7
N:A0PJJ0
Y:P54578
Y:O76039
N:B7Z7S6
Y:Q5TIE3
Y:Q6ZMW3
N:Q59GD5
Y:Q8NES3
Y:Q2WGJ9
Y:Q6UXD1
Y:Q1ZZU3
Y:Q2M385
Y:A0A024R5G2
Y:Q2Y0W8
Y:Q8N910
N:J3KSY2
Y:Q9BTX7
N:Q9BX91
N:A2RRL5
Y:A0A140VK37
Y:A0A024R4D3
Y:Q96MT8
Y:Q1A5X6
Y:Q92564
Y:Q5DT21
Y:Q96T51
N:B3KNZ0
Y:Q6NTF9
Y:Q8NFT2
Y:Q9NQS7
Y:A8MUP2
Y:O14917
N:B4DDL5
Y:Q53FD0
Y:Q96NE9
Y:Q8NBR6
Y:Q7Z4M0
N:Q8TEF4
N:P0C2Y1
Y:P19320
Y:P43403
Y:V9HWD9
Y:Q8NCE2
N:P16662
Y:Q53ZR1
Y:A0A024RCX7
Y:Q008S8
Y:Q5SQI5
N:B3KWV1
Y:Q96QD5
N:O95072
Y:P35346
Y:Q9BQY9
Y:A6ZKI3
Y:Q5VZP5
N:A4UGR9
Y:P23229
Y:P07108
Y:A0A024R467
N:Q6ZMK3
Y:P23497
Y:A0PJZ3
Y:Q13316
Y:Q86VP1
Y:O75112
Y:Q8NCI6
Y:A0A024RDT9
Y:Q9NYF0
Y:A0A024R663
Y:Q6ZMQ8
Y:Q96Q06
Y:A6NCI8
N:Q8N7S3
Y:Q6PIF6
Y:Q8NCX0
N:B3KS12
Y:A6NIV6
Y:Q9C0A6
Y:C9J302
Y:A6NHZ5
Y:Q8N201
Y:Q9H694
Y:P0C7M7
Y:A1L157
Y:Q8N1V2
Y:Q9NPR9
Y:P0C7I6
Y:Q6YHU6
Y:Q56P42
Y:Q6NUJ1
Y:A4QMS7
Y:Q9UL01
Y:B3KW47
N:P15502
Y:Q6ZMB5
Y:Q2WGJ6
Y:Q5SXM8
Y:O00763
Y:Q96AP0
Y:O43379
Y:Q99798
Y:P35367
Y:O00139
Y:A6NMX2
Y:O60290
Y:P49961
Y:Q8NCN4
Y:Q8N5U1
Y:A0A024RE06
Y:Q8WWK9
Y:Q96ND0
Y:Q86XR2
Y:P60323
Y:Q86X60
Y:P49798
Y:Q8N5S3
Y:A0A024R3V0
Y:Q6Y7W6
Y:A0A024R2Y6
Y:A6NMZ7
Y:O75167
Y:Q5VXI9
Y:A8MV23
Y:Q8IYT2
Y:A1A5D9
Y:P0C7Q6
Y:Q96EN9
Y:P0C6S8
N:B3KNM4
N:Q68DA1
Y:Q8IWF2
Y:Q9BVN2
Y:Q5TEJ8
Y:O95155
Y:Q8NFU3
Y:A0A024R974
Y:A6NJV1
Y:A6NI15
Y:Q6ZS30
Y:Q8N9V6
N:A0A384MEA9
Y:A0A024R9R1
Y:A0A024RAM2
Y:A0A024RCR5
Y:Q9Y6U3
Y:Q9Y2K6
Y:Q6FHZ7
Y:A6NJ78
Y:A6NGE7
N:Q9HDB5
Y:P0C869
Y:A8MXV4
Y:Q587J7
Y:P78563
Y:A6NJG2
Y:Q5VTY9
Y:Q6XPR3
Y:P43115
Y:Q9NZC9
Y:A6NGY1
Y:Q7Z3E0
Y:A0A158SIU0
Y:Q9NQ38
Y:Q8IUX7
Y:O95214
Y:B1ATL7
Y:Q6ZVT0
Y:Q86Y07
Y:Q9UFP1
N:B5B0A5
Y:Q9H4L7
N:A0A0A0MSK3
Y:B3GLJ2
N:Q5K617
Y:Q96B01
Y:O60336
Y:A0A024R9Q4
N:B3KRI8
N:Q69YX3
N:B3KSC6
Y:Q9Y6I3
Y:P14324
Y:Q5VVY1
Y:A0A024R3V7
Y:A0A024R419
Y:P02771
Y:V9HVY8
Y:A0A024R043
Y:B4DU55
N:Q6ZWJ8
Y:Q5W0V3
Y:Q711Q0
Y:Q8N3T6
N:Q7RTY9
Y:A0A024RC45
Y:A0A024R7M8
Y:A0A024QZ97
Y:P12318
N:A5PLK6
N:A8K996
Y:A0A024R430
Y:A0A024RDH4
Y:Q6ZV65
Y:O75330
N:Q9UKL3
Y:A8MWY0
Y:Q9HCM7
Y:B2RXF5
Y:O75771
Y:E9PB15
Y:B2RU33
N:B4DSG8
Y:Q9H0A9
Y:Q6PI77
Y:Q5VTL7
Y:A0PJM9
Y:A0AVF1
Y:P0C8F1
Y:Q494R4
Y:Q3KR16
Y:A6NFT4
N:A0A087WZU1
Y:O95476
Y:Q9BUR4
Y:P34998
Y:C9J442
Y:Q9BY89
Y:Q15047
Y:Q8NAP8
Y:Q9NP31
Y:Q06278
Y:Q8N8W4
Y:Q8N0U4
Y:Q96E88
Y:O60240
Y:Q6DN12
Y:B7Z4G3
Y:Q6ZR85
Y:O75106
N:Q4G0Z0
Y:Q9GZU2
Y:Q9BZW8
Y:A0A024R0E3
N:Q59FT3
Y:Q14D04
Y:Q9NPH3
Y:Q8TEA7
Y:Q8N3X6
Y:A6NCL7
Y:A6NKW6
Y:Q8N7Z5
Y:A6NI87
Y:Q8N3V7
Y:Q9NQI0
Y:Q9BYE9
Y:A0A024R001
Y:A0A024R8A0
Y:Q13489
Y:A6NIM6
Y:Q5U077
Y:Q96N96
Y:A0A024QZD9
Y:Q6UX52
N:B4DII4
Y:O43719
Y:Q9BXY8
Y:Q92851
Y:B4DH21
Y:Q13535
Y:A0A0S2Z391
Y:Q99459
Y:A0A0S2Z3D0
Y:P55210
Y:P35790
Y:P49336
Y:O60566
Y:A0A024R8J3
Y:P30260
Y:Q53XX5
Y:A0A0S2Z3H2
Y:O75354
N:B3KT21
Y:Q0VDD8
Y:P21453
Y:Q9UQB3
Y:N0E4C7
N:Q6PEJ5
Y:Q5VZX0
Y:Q53YD7
Y:Q14204
Y:Q9NYC9
Y:Q9Y4J8
N:A0A384NKW7
Y:O75095
Y:Q07011
Y:Q53PC4
Y:Q12947
Y:A0A1U9X7S4
Y:S4X0W3
N:A0A384NPY9
Y:E7DVW5
Y:O14920
Y:P60228
Y:P23588
Y:Q7Z7M0
Y:Q14773
Y:P51617
Y:A0A024R3T8
N:P23634
Y:P28330
Y:O43187
Y:A0A024R2M6
Y:P54709
Y:V9HWA4
Y:B4DUF7
Y:Q92985
Y:Q15777
Y:P11117
Y:Q53YD8
Y:P55064
Y:Q13520
Y:Q14653
Y:P55056
Y:Q546G3
Y:P17213
Y:P06126
Y:Q53F96
Y:P32320
Y:V9HWN9
Y:P51790
Y:Q16566
Y:P49069
Y:Q16878
Y:P01031
Y:P53634
Y:P30279
Y:Q5T6X2
Y:Q13951
Y:P22223
Y:Q0EAF5
Y:P20138
Y:P53567
Y:Q07092
Y:P14091
Y:P48740
Y:Q08426
Y:P01133
Y:Q14993
Y:Q6FH53
Y:P15085
Y:P48052
Y:P08574
Y:Q86YI5
Y:A0A024RBI1
Y:P32926
Y:Q14050
Y:P31512
Y:Q5Y7A2
N:Q49A56
N:Q9HA84
Y:P19876
Y:A0A024RAP7
Y:P43250
Y:P34913
Y:P21860
Y:A0A0S2Z3C9
Y:Q02790
Y:V9HVZ4
Y:P21781
Y:Q01415
Y:P07492
Y:P24071
N:B3KSM6
Y:P42858
Y:P49863
N:A0A348GSI3
N:Q4LE33
Y:P41252
Y:P38935
Y:A0A024RAZ7
Y:P24592
Y:A0A024RDR0
N:Q6NVY8
Y:P19827
N:P17301
N:Q59ES2
Y:A4D1W7
Y:P53667
Y:P05787
N:B2RAL6
Y:Q99712
Y:Q01113
Y:P43366
N:Q53G50
N:Q59FS6
N:Q6P1N2
Y:P09238
Y:A0A024R688
Y:P23368
Y:O43674
Y:P23511
Y:O60934
Y:A0A024R179
Y:P10244
Y:A0A024RA55
N:B4E3E9
N:O95190
Y:A0A126GVQ3
Y:P51575
N:Q9BR81
N:B4DTA8
Y:A0A024QZ94
Y:O60658
Y:P52209
N:Q59GZ8
Y:P16885
Y:A0A140VKF3
Y:O15534
Y:A0A024R2B6
Y:Q03405
Y:P19957
Y:Q14651
Y:D2IYK3
Y:P56282
Y:O14939
Y:P11086
Y:A0A140VK83
Y:Q06190
Y:B3KUN1
Y:Q2L6I0
Y:Q13362
Y:Q16512
Y:Q92786
Y:P45984
Y:Q15139
Y:A0A140VK44
Y:P25789
N:A0A087X2I4
Y:A0A024RAE8
Y:P23470
Y:Q13308
N:Q8N4S3
Y:Q9UNM6
Y:A0A0S2Z489
Y:V9HW09
Y:P26022
Y:A0A024R045
N:I6L9F8
Y:P23471
Y:Q9NPR5
Y:P28827
Y:P54727
Y:V9HW95
Y:P35249
Y:P08922
Y:A0A0S2Z498
Y:A0A024RAV2
N:Q6P3U7
Y:Q15468
Y:A0A024R9L6
Y:A0N0N7
Y:Q9Y240
Y:P04279
Y:Q9UBY0
N:Q59GD7
Y:O15245
Y:P35610
Y:Q02446
N:A0A024R3H2
N:B2RC42
Y:P09661
Y:Q13596
Y:A0A140VKC0
Y:P09132
Y:Q5D1J4
Y:Q13813
Y:Q9UBD3
N:Q05DF6
Y:B7Z268
Y:A0A024R4Z6
N:G0XQ39
Y:Q13190
Y:O00267
Y:Q14241
Y:Q15814
Y:A0A024R244
Y:O00268
N:Q99594
Y:B4E127
Y:Q8NF22
Y:Q92754
Y:P35443
Y:P35442
Y:A0A0S2Z4S4
Y:O15455
Y:P42166
Y:P29144
N:Q9BVT2
Y:F2YGU2
Y:Q15654
Y:A0A0P1J1R0
Y:P20231
Y:O94759
Y:P53804
N:A0A384NKQ2
Y:P50607
Y:Q16880
Y:B4DND0
Y:A0M8W4
Y:A0A024QZJ2
Y:Q9P2Y5
Y:P63279
N:A0A140VJG6
N:A8K9S3
Y:P49765
Y:Q15915
Y:P17097
Y:P52747
Y:Q15697
Y:O00330
Y:P52926
Y:Q92804
Y:A0A140VK05
Y:Q16778
Y:B4E236
Y:O75385
N:Q86YG2
N:B3KXY6
Y:O43781
Y:A0A024R0F1
Y:B3KTW0
Y:Q92630
Y:Q53QU8
Y:Q13136
Y:A0A024R4Y3
Y:A0A0S2Z4M2
Y:O75578
N:A8K693
Y:V9HWA2
Y:Q6IB83
Y:P78312
N:B3KN77
Y:O00442
Y:O60516
Y:O60330
Y:Q9UN71
Y:A0A024RD32
N:Q9UEU7
Y:O95271
Y:O15438
Y:Q13444
Y:A0A024QZU0
Y:Q9UBX1
Y:B0YJ89
Y:Q9HB29
Y:A0A024R3Z7
N:Q9UBN6
Y:Q96AE4
Y:Q92831
N:O75469
Y:O95470
Y:O75312
Y:A0A024R994
Y:Q9UNS1
Y:O94812
Y:O76064
Y:O95992
Y:O75146
N:Q68D39
N:Q8N6J1
Y:Q8NFJ5
Y:V9HWH7
N:A0A2X0TVW3
Y:A0A140VKH4
Y:P51800
Y:Q15485
Y:Q9Y5U5
Y:Q13275
Y:A0A024R6K8
Y:O75604
N:B2RAU6
Y:Q6IAL9
Y:A4D1K0
Y:Q15643
Y:Q93033
Y:V9HVX9
N:O94761
Y:O95711
N:B2RP22
Y:O95817
Y:O60759
Y:Q9UBS8
Y:Q9Y4A8
N:B6D4Y2
Y:Q12797
Y:P11274
Y:Q49AI2
Y:P27708
Y:Q13206
Y:Q9UGM3
Y:A0A140VJI3
Y:Q16690
Y:P07814
N:B4E3T6
Y:O60548
Y:P78333
Y:Q6IBR2
Y:Q14331
Y:P55317
Y:P09630
Y:P35125
N:Q9UME6
Y:A0A024QZS1
Y:A0A140VJQ0
Y:Q14934
Y:O75381
N:B7ZLY6
N:Q6PKH2
Y:A0A024R3U9
Y:O95801
Y:Q14114
Y:P32241
Y:X5DRB1
Y:A0A024R2W7
Y:Q9UJX2
Y:Q9UL19
N:Q8IV81
N:Q9NSW9
Y:O95947
Y:Q13472
Y:A0A024R1Q0
Y:O00507
Y:Q52LW3
Y:O43283
Y:A0A024RCS9
N:Q9P1A6
Y:Q96J94
Y:Q9UEF7
Y:Q9UL54
Y:Q15599
Y:Q15648
Y:P36776
Y:A0A024R365
Y:P55285
Y:O95944
Y:Q92833
Y:P56134
Y:A0A090N8Y2
Y:A0A024R770
Y:A0A024QZM6
Y:P14735
Y:A0A024R578
N:Q3KNS8
Y:P56192
N:Q6PG46
Y:A0A024R6P4
Y:Q92521
Y:P55291
Y:B2RDS2
Y:O60234
Y:A0A024R7H1
Y:Q5VZL5
Y:Q9UHY8
Y:P51114
Y:Q9Y2C4
Y:O75191
Y:O14638
Y:Q16401
Y:P35658
Y:A0A024R8D2
Y:O00767
Y:O43290
Y:P53350
Y:Q9Y3R5
N:Q05DA9
Y:Q93074
N:Q59FV5
Y:P29320
N:B2R8H6
Y:O14976
Y:W0S0X4
Y:V9HWA3
Y:P41279
Y:A0A024RBE2
Y:P08151
Y:A0A024R138
Y:P30047
Y:Q14694
Y:A0A024R1D8
Y:A0A0S2Z3Y8
N:Q13625
Y:A0A024R4A0
Y:Q9Y3R4
Y:L7RTI5
Y:P29803
Y:O14625
Y:Q12774
Y:P00540
Y:O75151
Y:Q16559
Y:Q9UQK1
Y:A0A024QZP2
Y:P55160
N:Q5BJF5
N:Q8WWI1
Y:Q59H14
Y:Q13464
Y:C6KYL4
Y:Q99705
Y:P43357
N:A8K920
Y:Q92643
Y:Q16666
Y:P07476
Y:O00515
Y:Q13753
N:F1T0K4
Y:H9NIL8
Y:Q9NNZ3
Y:Q12815
Y:A0A024RAV0
Y:P54687
Y:P08729
Y:Q15046
Y:Q9UQL6
Y:A0A140VJM0
Y:A8K881
N:B3KUF5
Y:O60732
Y:Q86X76
Y:Q08170
Y:O14828
Y:Q53T94
Y:Q9NP58
Y:Q99467
N:A5D6Y3
Y:O95235
Y:Q15544
Y:P48454
Y:O15146
Y:Q13133
Y:E5KS95
Y:Q9Y625
Y:Q08397
Y:A0A0S2Z454
Y:Q53FZ2
N:P08651
Y:O15444
Y:A0A0S2Z4W1
Y:O14530
Y:O00566
N:A8K6Q4
N:B3KXJ4
N:B7Z513
Y:O60486
N:L7MTJ6
Y:O14978
Y:Q13421
Y:Q14213
Y:Q13263
Y:V9HWI0
Y:P68366
Y:Q6GMV2
Y:O60662
N:Q14C88
N:Q86X89
Y:Q13233
Y:Q15025
Y:A0A024R5E5
N:A0A384N5Y3
Y:Q9BVA0
Y:P04733
Y:Q9Y278
N:P55198
Y:Q9BTW9
Y:Q9UBG0
Y:O95996
Y:Q16740
Y:Q9NTZ6
N:Q9NSW6
Y:Q9UNP9
Y:A0A0S2Z591
Y:Q14563
Y:Q92824
N:K9UUD5
N:Q4LE64
Y:Q07864
Y:P54646
Y:Q53GM7
Y:P49792
Y:Q6IBL8
Y:A0A140VJM3
Y:Q12923
Y:O95487
Y:Q9Y6A5
Y:P80723
Y:A0A024RCK7
Y:O15535
N:A0A384MR07
Y:A0A024RBN1
Y:Q9Y4E8
Y:P62826
N:Q92979
Y:Q06418
Y:Q9UEE9
Y:Q9UIE0
Y:A0A024R4B7
Y:Q99832
Y:A0A0S2Z514
Y:O43566
Y:A0A024R046
N:Q5JPJ8
Y:Q99985
Y:P78346
Y:Q7L2H7
N:B3KNG9
Y:O75382
Y:V9HW96
Y:A0A024QZ95
Y:A0A140VK09
Y:O95361
Y:O00567
N:Q86TH5
Y:Q9Y5T5
Y:O95076
Y:O00214
N:B2RCN8
N:Q9H6U9
Y:A0A024R0A8
Y:O75431
Y:A0A024RAH0
Y:Q15283
N:Q9NZH5
Y:O95363
Y:A0A024QZX7
Y:O00399
Y:O95968
Y:O43896
Y:A0A024R0L4
Y:Q01201
Y:O95707
N:Q59EE8
N:Q59HA3
Y:O14776
Y:O75818
Y:P31629
N:Q86UR1
Y:A0A140VK03
Y:Q9BSJ2
Y:L7RTG7
Y:Q9Y6A2
Y:Q9NTJ4
Y:A0A140VJN9
Y:Q12802
Y:A0A0S2Z5A5
Y:Q5TBB8
Y:Q14554
Y:Q15800
Y:Q12796
N:B4DR60
Y:P36959
Y:O95050
Y:Q96FS4
Y:O00526
Y:P48060
Y:Q9Y572
Y:Q9UBC3
Y:O75841
Y:O76094
N:Q68DX5
Y:Q7Z7A1
Y:O75607
Y:O95359
Y:A0A024R3G4
N:A8K8K2
Y:B2RTY4
Y:Q7Z6E9
Y:A0A024R711
Y:P17021
N:Q53F91
N:O60229
N:Q6PII6
N:B4DH64
N:Q6LBS5
Y:Q13601
Y:Q99973
Y:Q6FI36
Y:O95251
Y:P53675
Y:Q99496
N:U3KQ54
Y:Q9NRW7
Y:Q6IBS0
Y:Q9UJ72
Y:P0C0L4
Y:P21754
Y:Q9NUT2
N:A0A384ME54
N:Q59FK4
Y:Q9Y3F4
Y:O43592
Y:P60520
Y:Q15849
Y:Q92918
N:P98187
Y:Q9BV73
Y:B1ALW7
Y:Q9NRK6
Y:A8K3J4
Y:Q9Y238
Y:Q9UKG1
Y:Q13201
Y:V9HW37
Y:A0A024RD80
Y:O15504
N:Q9NPQ0
Y:A0A024R8C1
Y:A0A024R8H6
Y:P30044
Y:Q9NZT2
Y:Q9NPY3
Y:Q14190
Y:Q14CN2
Y:Q13029
Y:Q9Y2D2
N:Q53H87
Y:Q9UK39
Y:Q96PY6
N:Q5JXL9
N:Q9UKT6
N:B3KNA0
Y:A0A024QZY3
N:B2R687
Y:Q8TCJ0
N:B3KNH2
Y:O60502
Y:A0A024QZQ1
Y:Q8N3Y1
N:Q8IVW0
Y:B7Z6P0
Y:A0A024RC21
Y:O95834
Y:A0A024R7C7
Y:Q9H0D6
Y:Q7LGA3
Y:Q99954
Y:Q9UK97
Y:A4D0V9
Y:A0A024R740
Y:Q92882
N:B2RWN8
Y:O95858
Y:D2CFK9
Y:Q13145
Y:I3VM53
Y:Q14674
Y:O95371
N:Q6P4B4
Y:Q9Y2J2
Y:Q92619
N:A0A0C4ZN05
Y:A0A024R1J2
N:Q13387
Y:Q9UNK4
Y:Q13129
Y:Q96S38
Y:O95295
Y:Q8NDX1
Y:Q96IW7
N:O43423
Y:Q9NRA2
N:B3KW11
N:B4DG30
Y:Q9UHD2
N:A0A384ME37
Y:Q9UKR8
Y:Q9UBQ5
Y:A0A024R1I5
Y:Q9UBB4
Y:A0A024R0F8
Y:Q9Y672
Y:Q9UMX5
Y:Q9Y4P1
Y:A0A024R482
Y:Q8WUM4
Y:Q9UJX5
Y:Q9Y5F3
Y:Q9UJV8
Y:A0A024R8D6
Y:Q9UID3
Y:Q9Y5Z7
Y:Q9Y5W9
N:A0A087WVR3
Y:Q9UNX9
N:B2RB38
Y:Q12972
Y:Q9UHY1
Y:Q99259
Y:Q9Y5G5
Y:A0A126GV87
Y:D2IYL0
Y:Q9UJU6
N:Q6PK61
N:A0A384MTI8
Y:A0A024R118
Y:Q7Z4F1
Y:Q14CZ0
Y:P49916
Y:Q9UHP3
Y:Q15080
Y:Q9ULC4
Y:A6NLH6
Y:Q9NRN9
Y:Q9BYW2
Y:Q9H000
Y:Q9UGP4
N:Q7Z479
Y:Q9NZW4
Y:A0A140VJD8
Y:O00591
N:Q8IVL6
Y:Q9UQ07
Y:F1D8Q9
Y:Q9BTX3
Y:Q15155
Y:A0A024RC33
Y:O95782
Y:O00321
Y:B2RDF2
Y:X5DNQ7
Y:Q9Y6Q1
Y:Q99952
Y:Q9UJ42
Y:Q9UGM5
Y:P98194
Y:Q96F07
Y:Q9NZM6
Y:Q9Y5Z4
Y:P49754
Y:A0A024QZU1
Y:O94779
Y:Q9Y2U8
Y:A0A024RBB9
Y:O15522
Y:Q9Y6B2
Y:Q6P2E9
Y:O75807
Y:Q9Y286
Y:Q9Y3I0
Y:A0A024R1C1
N:B3KTS4
Y:O95393
N:B4DGV0
Y:Q53GG5
N:Q53EN0
Y:Q3SYG4
Y:Q9UHB4
Y:O95231
Y:O75526
Y:A0A024RBD8
Y:Q8NDV7
Y:Q9Y336
Y:Q9UQ10
Y:A0A024R4R3
Y:Q9Y2B4
Y:O95396
Y:Q5QJE6
Y:O75038
Y:Q92575
Y:A0A024R424
Y:P0DPB3
Y:Q9NZU5
Y:Q99570
Y:A0A1U9XBC1
Y:D0EYG5
Y:O15013
Y:A0A024R871
Y:Q9NZB2
Y:A0A024RDM3
Y:Q9NP94
Y:Q14687
Y:A0A024R4U0
Y:A0A024R9Y7
Y:O75056
Y:O75164
Y:Q4ZG55
Y:Q9Y4B6
Y:Q15386
Y:Q8N1I0
Y:Q15048
N:Q9UQ26
Y:Q86XR8
Y:P50748
Y:Q8N1F7
Y:O15015
Y:Q14147
Y:O43156
Y:O75170
Y:A0A024R3W2
Y:Q92585
Y:Q9NYF8
Y:O43312
Y:Q14692
Y:A0A024R110
N:Q9BVV6
Y:Q15004
Y:Q15027
Y:A7MCY6
Y:O15090
Y:Q9UMN6
Y:O75071
Y:Q14146
Y:O15085
Y:O75061
Y:Q5VT06
Y:O94898
Y:O75152
Y:O15050
Y:Q8TDY2
Y:A0A024R165
Y:Q14680
Y:Q8N2Y8
Y:Q5T8A7
N:Q6AHZ1
Y:O60343
Y:Q9H1P3
Y:O60287
Y:F1LJ00
Y:Q5J7U2
N:B7Z3A4
Y:Q8IWU2
Y:Q15397
Y:A0A0S2Z597
N:Q5JRX3
Y:Q9Y2H2
N:B3KMS0
Y:Q8IVL0
Y:A0A024R377
N:A0A286YES6
N:B7ZAE5
Y:Q7L2E3
Y:O94929
N:Q5TA12
N:B2RWN9
Y:O60281
Y:Q9Y6X8
Y:Q70YC5
N:A0A3B3IUD7
N:Q86XB2
Y:O94919
Y:Q9Y2J0
Y:Q9Y6X6
Y:Q96RV3
Y:Q3B7A2
Y:Q6XYB5
Y:Q6P0Q8
N:Q8TCU4
Y:Q9H3R0
N:Q9UPS6
Y:A3KMH1
Y:Q6EMB2
N:B4DHM7
Y:O15014
Y:O60292
Y:Q14684
Y:Q96RG2
Y:Q6ZNJ1
N:Q9UPR0
N:Q6PJJ8
Y:Q68CR1
Y:A2VDJ0
Y:O15021
Y:Q92576
Y:Q92621
Y:Q14156
Y:Q15050
Y:A0A024R809
Y:A0A024R3G7
Y:Q92541
Y:Q9UPT8
Y:Q5VT52
Y:Q9Y6Y1
Y:Q9Y2E5
Y:Q8IX03
Y:Q05CP0
Y:Q5T1M5
Y:P42695
Y:O14529
Y:Q9UPX6
Y:Q6UB98
N:Q9Y4B5
Y:Q9Y2E8
Y:Q9UPU5
Y:Q5THJ4
Y:Q7Z460
Y:Q15031
Y:Q9Y2F5
N:Q3MHC9
Y:O94885
Y:Q15043
Y:Q9UPV7
Y:Q8N3X1
N:B4E2K6
Y:O15034
Y:O15037
Y:Q9UK73
Y:A6NHR9
Y:A0A024R4U5
Y:A0A024R2F4
Y:Q9H3S7
Y:Q9NQS3
Y:Q7Z3E1
N:A0A140VJI6
Y:Q6UWI2
Y:A5PLN7
Y:Q4G0J3
Y:Q8IWP9
N:Q8NBJ7
Y:A0A087WT20
Y:A0A024R6X4
N:A0A024R9Y2
Y:Q9Y3U8
Y:A0A024QZI1
Y:Q9Y468
Y:Q7Z5A7
Y:Q8IYH5
Y:Q8TCX1
Y:Q8TDR0
Y:Q96JA1
Y:A0A024R823
Y:Q3B7T1
Y:Q9P2V4
Y:Q96EK5
Y:A0A024R5J8
N:A8K2F9
Y:Q9Y6X0
Y:Q9H4K7
Y:Q9UGM6
Y:A0A140VJW1
N:Q8N5A0
Y:Q9Y2X3
Y:O15195
Y:Q9ULD6
Y:O60508
Y:A0A024QZY7
Y:Q9BXP5
Y:Q49AJ0
Y:A0A024R886
Y:Q86X67
Y:Q9HA72
N:B3KXQ8
Y:Q99766
Y:P52655
Y:Q9H4L4
Y:Q9NZM4
N:Q6PKB8
N:A0A384NPM7
Y:Q9Y315
Y:Q4FZ45
Y:Q9Y394
Y:Q8IUI8
Y:Q9Y5J1
Y:A0A024R7C5
Y:Q969N2
Y:B2RTX2
Y:E9PH60
Y:Q9Y3A0
Y:Q9Y3B6
Y:Q8WVM8
Y:Q9Y262
Y:Q9Y6H1
Y:A0A140VK59
Y:Q9Y296
Y:Q9ULZ9
N:B4DXS2
Y:Q99807
Y:Q9Y284
Y:Q9Y566
Y:A0A024R0A9
Y:Q5T4B2
Y:Q96Q89
Y:Q9UMR7
Y:O75925
Y:Q9UKF6
Y:Q4W5N8
N:Q9NSJ5
Y:Q7L1T6
N:Q8WVL4
Y:A0A024QZ12
N:P30085
Y:A0A024R7R0
N:Q9UHF3
N:B4DXV3
Y:Q9UI26
Y:Q9UI42
Y:Q9P212
N:Q32MC3
Y:A0A140VK53
N:Q96GC6
Y:A0A024R913
Y:Q6PIZ9
N:A0A411HBC7
Y:Q9NZV1
Y:A0A024RA25
Y:Q9NZZ3
Y:Q9BY42
Y:Q9BVI0
Y:Q6PII3
Y:Q546D7
Y:Q9P0N5
N:Q6ZU25
Y:A0A024R9N3
Y:Q9P0M9
Y:Q9NYV4
Y:Q9NPC6
Y:Q9P287
Y:Q9NS93
Y:D3YTC1
Y:Q9NZE8
Y:Q71JB2
Y:Q9BTA9
Y:Q9H501
Y:A2I2N5
Y:Q9NYW5
Y:P45844
Y:P09884
Y:Q8NEV4
Y:Q9NY28
Y:Q9HAY6
Y:Q9NR96
Y:Q9NRD9
Y:P35612
Y:Q9UKZ1
Y:A0A140VJZ3
Y:Q96CU9
Y:Q7L5Y1
Y:Q9H0Z9
N:Q8N546
Y:Q8WWQ8
Y:Q8TC99
Y:Q86US8
Y:Q8IYS0
Y:Q9HBM0
N:Q9UGR2
Y:Q9NXV6
Y:Q9NXW9
Y:Q8TD43
Y:Q6TFL4
Y:Q9ULJ8
Y:Q9H8M5
N:B3KXU9
Y:Q9NXN4
N:B3KUV5
Y:A0A024R7K7
Y:Q8NFU1
Y:Q6NXG1
N:Q59FZ7
Y:A0A0S2Z5E7
Y:A0A024R8L3
Y:Q6P1N0
Y:Q6P3X3
Y:Q6NUM9
Y:Q8IWZ3
Y:Q6BDS2
Y:Q9C0G0
Y:Q8IWV1
Y:Q9NXB0
Y:Q96EA4
N:Q53GP3
Y:A0A024R6Z7
N:Q8IUR2
Y:A1E959
Y:Q75QN2
Y:Q9BUB7
Y:Q9NX20
Y:Q24JP5
Y:Q96C45
Y:Q96BK5
Y:A0A024RC69
Y:Q8IVU3
Y:A0A0S2Z5C3
Y:Q9NWR8
Y:A0A024R653
Y:Q5R3I4
Y:Q9BS91
Y:Q4G0X9
Y:Q96EN8
Y:Q6NXT4
Y:Q6P3W7
Y:Q9H7Z3
Y:Q9H900
Y:Q9NWC5
Y:Q8NCN5
N:B3KRR8
Y:Q6B0I6
Y:Q9NW81
Y:Q96P11
N:Q9NW72
Y:Q9H2J7
Y:Q9NSE4
Y:Q9NRZ9
Y:Q8TER5
N:B2RWN5
Y:A0A024R464
Y:Q9NW07
N:Q96GG5
Y:Q9BZH6
Y:Q7L2Z9
Y:Q53EZ4
Y:Q5UIP0
Y:Q8TC24
Y:Q9HC36
Y:Q8ND04
Y:Q9BWU0
N:B2ZZ87
Y:Q6IA69
N:B3KQF8
Y:Q7L190
N:B3KNW8
Y:Q9NVH0
Y:A0A024R654
Y:Q53T99
N:B3KVI2
N:Q49A97
Y:Q8WVR3
Y:A0A024RBA1
Y:A0A024R4U7
Y:Q96C11
Y:Q9NUY8
Y:Q9NV23
Y:Q9BVS4
Y:A0A090N8P9
Y:A0A024R670
Y:Q9NUM3
N:B2R9M8
Y:Q9NQ92
Y:V9HVY9
Y:Q8IZD6
Y:Q8WU90
N:Q2M2Z5
N:Q59ER8
Y:A0A024R420
N:X5D2M4
N:Q9NRI5
Y:Q9NRR1
Y:A0A024RDM5
Y:Q9NXZ2
Y:A0A024RA49
Y:Q8NFW8
Y:A0A024R0C7
N:Q59HD3
Y:Q9H158
Y:Q9UHR4
Y:Q9UI09
Y:Q9Y5I2
Y:Q9UN75
Y:Q9Y5H8
N:Q59H34
Y:Q9Y5H7
Y:Q9UN72
Y:Q9Y5H2
Y:Q9Y5H1
Y:Q9Y5G8
Y:Q9Y5G7
Y:Q9Y5G6
N:Q9Y5G4
Y:Q9Y5G3
Y:Q9Y5G2
Y:Q9Y5F8
Y:Q9Y5F7
Y:Q9Y5F1
Y:Q9Y5E6
N:A0A2X0SFX7
Y:Q9NZP6
Y:A0A024R7Y0
N:Q502V5
Y:Q8IXB1
N:B3KWX8
N:A1A4T0
Y:Q9BXT6
Y:Q9HCJ0
Y:Q9NY74
N:B7Z1W6
Y:Q8TBP0
Y:Q7Z478
Y:Q7Z5R6
Y:Q86V20
Y:Q8WZ75
N:Q05DU1
Y:Q9Y543
N:Q9P2G4
N:B3KUJ3
Y:Q9H4A4
Y:Q9P0J7
Y:Q96FZ2
Y:P82650
Y:A0A024RDD1
Y:Q9NRP4
Y:Q5VTR2
Y:A0A024R896
Y:Q5T5P2
Y:Q7Z589
N:B3KP78
Y:J7NNX4
Y:A0A024R0L5
Y:P15814
Y:A0A024R3S3
N:Q59G34
Y:Q96NX5
Y:P25106
Y:Q9NS87
Y:Q9BYD6
Y:Q9NRR3
Y:Q5TH69
Y:A0A140VK18
Y:Q9P2U8
Y:Q9NQS5
N:Q86TW2
Y:A0A024R6B3
Y:A0A024R6U3
N:Q6P3T1
Y:Q96AQ6
Y:P29322
Y:A0A024R4G1
Y:Q9NQC3
Y:Q6ZU35
N:Q71UM8
Y:B4DG77
Y:Q5SYE7
Y:Q9NU23
Y:P16157
Y:Q9NQ60
Y:Q9ULM0
Y:Q96D15
N:Q9ULL5
Y:O95104
Y:Q9ULL0
N:Q9P2M7
Y:Q9ULI3
Y:Q96PQ0
Y:Q9NRX5
Y:Q5T848
Y:Q7Z6B7
Y:A0A024RDW5
Y:Q9NQX3
Y:Q96L96
Y:A0A024QZ70
Y:Q8NFZ4
Y:Q8N1G0
Y:Q9P242
Y:Q8TCG1
Y:Q9P278
N:B3KY47
N:Q96MS1
Y:Q9P272
N:A8KAD5
N:Q9P2D8
Y:Q8NFY4
Y:Q9P225
Y:Q8NHY6
Y:Q6P9A1
Y:Q9P218
Y:A0A0A0MQY7
Y:Q5VZ46
Y:Q9Y5Z6
N:Q53GN8
Y:Q9HCE5
Y:Q6ZS81
Y:Q8IYD8
N:A8K288
Y:P00739
Y:Q63HN8
Y:Q9H254
Y:Q9HCD5
Y:O75677
Y:Q9C0B6
Y:Q8N126
Y:P13010
Y:A0A024R461
Y:Q16348
Y:O94875
N:O97980
Y:Q9UKG9
Y:Q9NYW8
Y:O75690
Y:A0A024RCB2
Y:P57789
Y:Q6PCB6
N:B3KQH9
Y:P30419
Y:P19404
N:B2R907
N:Q59HG3
N:Q66K39
N:A8K3T7
Y:Q9HC62
Y:Q99935
Y:A0A024RDJ1
Y:Q9HBX9
Y:A0A024R9T3
Y:A0A1L6Z9X4
Y:Q9NRC1
Y:X5DRA0
Y:Q9H161
Y:A0A024RDV0
Y:Q96CD2
N:Q9H2J9
Y:Q7L8L6
Y:P26378
Y:Q9GZN0
Y:Q9NQ11
N:B3KXB6
Y:Q5XPI4
Y:Q9H649
Y:Q7Z392
Y:Q6NUQ1
Y:Q96DY7
Y:Q9NPQ8
Y:Q9Y5Y6
Y:A0A024R4Z3
Y:Q8WVB6
N:Q8N3F4
Y:Q9H5I5
Y:Q9H115
Y:Q9H3S1
Y:Q9H497
Y:A0A024R3Y1
Y:Q9H3Q3
Y:P21145
Y:Q9BPX3
Y:Q96QV1
N:Q7Z763
Y:Q8WTT2
Y:Q9H4F8
Y:Q9H2Y7
Y:Q9H0H3
Y:Q86Y38
N:Q8IW09
Y:Q9NU02
Y:Q9NTX9
Y:A0A024R3V6
Y:P62068
Y:Q9H9B4
Y:Q8TDZ2
Y:Q8TB45
Y:Q6UWL2
Y:Q9H0F5
Y:Q9H5F2
Y:Q9GZN1
Y:B6ZDM2
Y:Q8WTP8
Y:A0A024QZE6
Y:Q8TB22
Y:Q9H7P9
Y:Q8WYQ5
Y:O75712
Y:Q9HC96
Y:Q6UXF1
Y:A0A140VKD5
Y:Q546R4
Y:Q86WP2
Y:Q9H8M2
N:Q8WZ77
Y:A0A090N7W5
Y:Q9BPX7
Y:A0A0A0MQS1
Y:Q86UB9
Y:Q9H3V2
N:Q4JF27
Y:A0A024R5I6
Y:Q9BVX2
Y:A0A024RDM4
Y:Q96DC9
Y:Q8N3J3
Y:Q93097
Y:Q5T1R4
Y:W8DTH1
Y:A0A024R2F9
Y:A0A140VJG2
Y:Q14CZ7
Y:Q8TDD1
Y:Q6ZS17
Y:Q9H6F2
Y:P46736
Y:Q53R41
Y:Q8IW35
N:A0A2X0SFB3
Y:Q8N3A8
Y:Q5TC84
Y:Q5SRI9
N:Q96KX5
N:B4DIB9
Y:Q9H6R3
Y:Q9H6T3
N:Q9H6W3
Y:Q96FI4
N:B3KTB6
N:B4DTP6
Y:Q9H7X2
N:A8KA77
Y:A8MT70
Y:Q9H5L6
N:Q9H5S1
Y:A0A090N7V4
Y:Q9H0A0
Y:Q9H9D4
N:Q96BJ8
Y:Q96C12
Y:A0A024QZ78
N:Q9H5R2
Y:Q499Z4
Y:Q9H9G7
Y:Q9HA90
Y:A0A140VKD0
Y:Q9H633
Y:Q96RS0
Y:Q70Z35
Y:Q9H9B1
N:B3KWW9
N:Q6NSK7
Y:Q9H792
Y:Q6ZMP0
Y:Q96QE3
Y:Q6IN84
Y:Q9H6E4
Y:Q96GM8
Y:Q5D1E8
Y:Q8WYN3
Y:Q9H5U6
Y:Q8IYT3
N:Q9H6Q5
Y:Q9H7S9
Y:Q14CX7
Y:Q9P2P1
Y:Q0P6H9
Y:A0A0C4DFY7
Y:Q6UWW8
Y:Q9H720
Y:O94901
Y:Q96RU8
Y:Q8TBM7
N:B3KT70
N:Q53ES5
Y:Q7L2K0
Y:Q96CM8
Y:A0A024R0N8
Y:Q9H6R7
Y:Q7L9B9
Y:Q9H2K2
Y:Q8NFU7
Y:Q6FHW4
Y:Q6JQN1
Y:O43169
Y:Q6PJI9
Y:Q9C0F0
Y:Q9BZV1
Y:Q9BWW9
Y:Q9C086
Y:Q9NQB0
Y:Q96HJ3
Y:Q9BYT3
Y:Q86WG5
Y:A0A024RBT1
Y:Q5VX58
N:B7Z7S1
Y:Q9BXT8
Y:Q9BXJ7
Y:Q3B7J2
Y:O15530
Y:Q8N823
Y:Q8WYA6
Y:Q9BY71
Y:Q969R2
Y:P58004
Y:A0FGR9
Y:Q8N264
Y:Q9Y5H5
Y:P51684
Y:Q9BRS2
Y:Q9BXU1
Y:Q5VWG9
Y:Q9BYT9
N:A8K6L3
Y:Q17RD7
Y:Q9BTL3
Y:A0A140VK80
Y:Q96NG3
N:Q8N9J3
Y:Q96L34
Y:Q96J02
Y:Q8N2I9
Y:Q8IWA0
Y:Q709F0
Y:Q9Y5H0
Y:Q9H814
Y:Q8NEN0
Y:Q9H2L5
N:A0PJ70
N:B4DZQ1
Y:Q9H0J4
N:G8IFA7
Y:Q9H6X5
Y:Q96MU8
Y:Q9NUE0
Y:Q9H6X2
Y:Q96FG2
Y:Q68DN1
N:A0A2U9EWT9
Y:P0DPD7
Y:Q8NC60
Y:Q9BSA9
Y:A0A024RAK1
Y:Q9H5K3
Y:Q96JB6
Y:Q96IM9
Y:Q8WVX9
Y:A0A024RBM9
Y:Q96IL0
Y:A0A024R6Z6
Y:Q9H091
Y:Q9BZF3
Y:Q8N5M9
Y:Q96IV6
Y:Q96KG7
Y:Q96JM7
N:B4DSS4
Y:Q4ZHG4
N:A5PL33
Y:Q86VS8
Y:Q8IXM3
Y:Q96CW9
Y:A0A140VJD6
Y:Q8IY92
Y:Q3MIS6
Y:Q8NB42
N:Q59EK3
Y:Q9BYG5
Y:Q9BYE3
N:Q6MZF2
Y:Q9BRC7
Y:Q9BSU3
Y:Q9BX69
Y:A0A024RBM3
Y:Q96T92
Y:A0A024R6M3
N:G3XAH6
Y:Q9BZE0
Y:A0A140VKG5
N:Q8N3U8
Y:Q96KN2
Y:Q969F8
Y:Q9BVK8
Y:Q96A49
Y:Q6P1W5
Y:Q9BXW9
Y:Q96GA3
Y:A0A140VJX5
Y:A0A0S2Z3H1
Y:Q86UY5
Y:Q8N4T4
Y:Q8NFZ0
Y:Q96GX5
Y:F1T0L2
Y:Q3YBR2
N:Q2YD84
Y:A0A024RBL1
Y:Q969X6
Y:Q8N594
N:Q504V9
Y:Q9UNH5
Y:A0A024RCU2
Y:Q05682
Y:Q96QS6
Y:Q96A56
Y:Q8IXS2
Y:Q9Y6H3
Y:Q99928
Y:P29590
Y:Q9Y448
Y:Q76I76
Y:Q8IUC4
Y:Q8IZC7
Y:Q9H1R3
Y:Q8TDL5
Y:Q96PN8
Y:Q6JBY9
Y:Q96G21
Y:Q5T3U5
Y:Q6NT16
Y:A4D2D3
Y:A4D1T6
Y:Q9C0D2
Y:Q4G104
Y:Q8NG08
N:Q9C0A0
Y:Q6NXE6
Y:A0A024R978
N:Q96PY5
Y:Q96RF0
Y:Q969E1
Y:Q96NJ5
N:A0A024R9E4
N:Q6MZQ3
Y:Q6KCM7
Y:Q96QZ0
Y:Q14DG7
Y:Q96P53
Y:A0A024R6A9
Y:Q96QE4
Y:Q8IYR2
Y:Q86TB3
Y:Q96QF7
Y:Q6UXI7
N:B3KXY0
Y:Q96LW1
Y:A3KPC7
Y:Q8WXQ8
Y:A0A024R280
Y:A0A024R151
Y:Q969E3
Y:A0A126GW44
Y:A0A126GW05
Y:Q14161
Y:Q969J3
N:Q96PC5
N:A9UKE9
Y:Q969E2
Y:Q9H190
N:A8K739
Y:Q96P66
Y:Q8WXJ9
N:G1UI20
Y:Q96HV5
Y:A0A1U9X974
N:A0A384NYV2
Y:Q6UXZ4
Y:A0A126GVB9
Y:E5KTA5
Y:A0A024QZ15
Y:Q96NS5
Y:Q8IUB2
Y:Q9H3Z7
Y:Q9BR26
Y:B1AKI9
Y:P18433
Y:Q8WXA8
Y:Q9UMS6
Y:Q6ZN44
Y:Q6YHK3
N:Q96A83
Y:Q8N0S2
Y:A0A024R3A6
Y:Q8NG04
Y:A0A024R6D7
Y:Q8TE68
Y:Q8TF21
N:A0A087X241
N:B3KXK1
Y:Q7Z465
Y:Q504Y2
Y:Q9H930
Y:Q96NL0
Y:P04090
Y:Q8NE86
Y:Q9BT17
Y:Q9BRP7
Y:A0A024R115
Y:Q8NDY3
Y:O15315
N:Q6P4E1
Y:Q96GE4
Y:Q96CS2
Y:Q8TBC3
Y:Q7RTX1
N:A0A384MDW6
Y:Q9NU53
N:Q68DU4
Y:Q8N865
Y:O00206
Y:Q5VWQ8
Y:Q8N1L9
N:Q53HG7
N:A8K9Q8
Y:Q02241
Y:Q8IXI1
Y:Q9HBR0
N:Q5F0I5
Y:O14497
Y:Q8TCW9
N:Q05BZ6
Y:Q8WTQ7
Y:Q5SGD2
Y:Q6UWZ7
Y:Q2XQZ0
Y:L7RSM2
Y:A0A024QZI9
Y:Q8WXS8
Y:Q96QS1
Y:Q8TE58
Y:Q8NCV1
Y:Q8TAK5
Y:B1ANS9
Y:Q96L42
Y:Q96M69
Y:Q2VYF4
Y:Q32M84
Y:Q8NDX2
Y:Q96MF6
Y:Q8TBY9
N:B3KVV6
Y:Q8WTQ4
Y:Q8WUJ1
Y:Q96MG2
Y:Q5VW32
N:A8K8H7
N:A0A384MEB7
Y:Q502W6
Y:Q8TBB0
Y:Q9C093
Y:Q6PF05
Y:Q658Y4
N:B4DH05
Y:Q5H8C1
Y:Q5T0U0
Y:Q96M95
Y:Q8TEV9
Y:Q96NN9
Y:Q96MC2
Y:A0A024R302
Y:Q8WVY7
Y:Q5T9G4
Y:Q8NHE4
Y:Q8TC84
Y:A0A024R3K0
Y:A0A024R5B1
N:A7E2D6
Y:Q8N752
Y:G8H6I3
Y:P59045
Y:Q8WWZ3
Y:Q86SQ0
Y:Q8NDW8
N:B4DM56
Y:A0A024R2U1
Y:Q6ZSB9
Y:Q16873
Y:Q8WV93
Y:Q8N0V5
Y:Q96DN5
N:A0A2R8YEU8
Y:A0A024R7V5
Y:Q8N387
Y:Q6B0B8
Y:Q96KV7
Y:Q9BRB3
Y:A6NFR2
N:Q9BPW4
Y:Q9BT88
Y:Q5VTJ3
Y:Q96LJ8
Y:Q8N0U7
Y:Q86WT1
Y:P26639
Y:Q8NCR9
Y:Q8N8R7
Y:Q8WUH6
Y:Q8N6K0
Y:Q7Z2Z1
Y:Q8IZ73
N:I6L9I3
Y:Q8N8Z8
Y:A0A024R1F5
N:B4DXE3
Y:Q8N668
Y:Q8TEW8
Y:Q8N6M8
N:A0A2X0SFF2
Y:Q8NEF9
Y:Q7Z3I7
N:B4DF88
Y:Q8TAT2
Y:A6NI28
Y:Q96FC9
Y:J3KPN7
Y:V9HW32
Y:A0A024R9I9
Y:Q8N511
Y:Q8NEA5
N:Q0P682
Y:Q8IYI0
N:Q4G0I1
Y:Q96LP2
Y:Q6IEG0
Y:Q7Z7G8
Y:Q5T8R8
Y:Q70EL1
N:Q3ZCV2
Y:Q8IYW5
Y:Q8N394
Y:Q8NA47
Y:Q96DM1
Y:Q8NDQ6
N:Q8IYX3
Y:Q76NI1
Y:Q68CP9
N:Q6ZTR5
Y:A0A140VK60
Y:Q8NB16
Y:Q96NH3
Y:Q7Z5N4
Y:Q6ZTQ4
Y:Q504Y0
Y:E7EUS2
N:Q3SY00
Y:Q8N309
Y:Q86XM0
Y:A0A024R879
Y:Q96PU4
Y:Q96RQ9
Y:Q96MN5
N:Q8IUH3
Y:Q96N06
Y:Q2M2E3
N:Q86WA0
Y:Q13615
N:B4DLH5
Y:Q8N3L3
Y:Q8N319
Y:Q8N6I1
Y:A8TX70
Y:Q0VAA5
Y:Q7Z304
Y:Q6UWR7
Y:Q8IY84
N:B3KSA1
Y:Q8IV42
Y:Q8IZ83
N:B3KXX8
Y:Q8NFR9
Y:A0A024R5H3
Y:P59047
Y:Q8N2R8
Y:Q8IZT8
Y:Q8IZJ4
N:Q7Z5L7
Y:Q96NT1
Y:Q8IZX4
Y:A0A158RFV6
Y:Q8IZA3
Y:Q8IZF3
Y:Q8IX07
Y:Q8N4C8
Y:Q8IZF7
Y:Q8IZJ1
Y:Q8IVE3
Y:A0A024R7X6
Y:Q8IZJ0
Y:Q7Z3S7
N:A0A024RDZ4
Y:Q96LQ0
Y:Q8IXB3
N:A8K9C6
Y:B5B2S0
Y:Q8IWX7
N:B3KXI1
Y:P57059
Y:A0A140VJU7
Y:A0A140VK52
Y:Q8N815
Y:Q8IVT2
Y:Q9NRE2
Y:A0A024R910
Y:I7GY12
Y:Q8NA66
Y:Q6TFL3
Y:B3KXV3
Y:Q7Z6J4
Y:Q5DID0
Y:Q5THK1
N:B0I1S4
Y:A0A024RB24
N:Q7Z3H2
Y:Q8N8Q3
N:Q9UFH2
Y:Q8N1N2
N:B4DSC6
Y:Q8N268
Y:Q2M2E5
Y:Q8N8Z6
Y:Q96BV0
Y:A0A024R9J6
Y:Q5IJ48
Y:Q495A1
Y:A0A0S2Z547
Y:Q5SY80
Y:Q14D33
Y:A0A140VJR6
Y:P31275
Y:Q8NFQ5
Y:Q9NY27
Y:Q3SY77
Y:A0A024R893
Y:Q5VWI1
Y:A0A024RBF4
Y:Q8TCW7
Y:Q8N8A6
Y:Q6SA08
Y:Q8ND71
Y:Q96QF0
N:B3KX42
Y:Q8TEU8
Y:P40222
N:B4DYH5
Y:Q8N806
Y:Q0P670
Y:Q9NWM0
Y:Q8IUH8
Y:Q96RA2
Y:Q5GH77
N:B3KX85
Y:Q9UIQ6
Y:O96033
Y:Q86W28
Y:Q5EB52
Y:Q86WI1
Y:Q6UW02
Y:Q8IXH8
Y:Q5SU16
N:B3KTX3
Y:Q659C4
Y:Q86XS5
Y:Q7RTS3
Y:Q5TA78
Y:Q8IVM0
Y:Q8IVJ8
Y:Q86TS9
Y:Q86UD0
Y:A0A140VJN4
Y:Q8NFD2
Y:Q7Z7B1
Y:Q6VUC0
Y:Q76KP1
N:Q8NEM8
Y:Q32M45
Y:Q6ZUB1
Y:A0A024RDJ7
Y:Q53EL9
Y:Q8TCJ2
Y:Q8TBZ3
Y:Q8WV16
N:Q59GN6
Y:B3KR21
Y:P56199
Y:Q7Z2Q7
Y:Q8WVV5
Y:P39880
Y:A4D0R5
N:Q7Z443
Y:O43278
Y:A4D1E1
Y:Q15722
Y:Q6ZTI6
Y:Q86WR6
Y:A0A140VJV7
N:Q8N3C8
Y:A0A140VK96
Y:Q6ZMI3
Y:P10072
Y:Q8N7M2
N:Q59G95
Y:Q9Y2Z9
Y:Q9NSY2
Y:Q7Z7C7
Y:Q86WZ6
Y:Q8N6M9
Y:Q96DL1
Y:Q6UE05
Y:P59827
N:A0A140VJY1
Y:Q8WV15
Y:Q17RS7
Y:P82933
Y:Q96N87
Y:Q12830
N:Q14DE0
Y:Q03060
Y:Q9NZL9
Y:Q02930
Y:Q9P2N4
Y:Q8IUC6
Y:Q07866
Y:Q7Z4Q2
Y:Q8IZD2
N:Q0X0F2
Y:A0A024R0C3
Y:A1L453
Y:Q9H4Y5
Y:A0A140VJJ1
Y:Q5TGL8
Y:Q7Z570
Y:Q702N8
N:B4DZ05
N:B3KXY4
Y:Q6ZRS4
Y:A0A024R9W0
Y:Q9P0L0
Y:A0A024R1T1
Y:A0A0A6YYJ8
Y:Q969W1
Y:Q7RTX7
N:B4E0X3
Y:A0A024RA31
Y:Q8IXL7
Y:O14924
N:A8K181
Y:P14678
Y:Q0VAK6
Y:Q92847
Y:Q86SR1
Y:A0A0C4DGY3
Y:Q496H8
Y:Q7Z2Y5
Y:Q49AA0
N:Q7Z658
Y:A4FU69
Y:Q8NBI3
N:Q6ZT45
Y:Q86YC3
Y:A0A140VJV4
Y:A0A140VJW6
Y:A0A0C4DFP7
Y:Q9NSY1
Y:O43427
N:Q9NSM3
N:Q3V5L5
Y:O95932
N:P0DJI8
Y:Q13404
Y:Q6ZUX3
Y:Q9NSB8
Y:Q8N4L4
N:B7Z954
Y:Q08289
Y:O95197
Y:Q8NEY8
Y:Q70UQ0
Y:Q5QGZ9
Y:Q6WCQ1
Y:Q06330
N:Q59FD2
Y:Q6S5L8
Y:A4D2B0
Y:Q5T953
Y:Q8NF50
Y:Q8IY26
Y:Q7Z4G1
Y:Q8TE02
Y:Q8TCE9
Y:Q5JRC9
Y:Q2HXU8
Y:Q6QHC5
Y:Q6Q759
Y:O43521
Y:Q6X9E4
N:Q6QHF9
N:Q4G0Y2
Y:A0A024R6H7
Y:Q6S9Z5
Y:V9HWI9
Y:A0A024R3D4
Y:Q6UXN8
Y:Q6ZS27
Y:Q6ZQR2
Y:Q6AW86
N:Q6TGC4
N:B0I1S1
Y:Q6ZST4
Y:Q7Z7B7
Y:Q6NUK1
Y:Q5SW24
Y:Q5FWF6
Y:Q33E94
