Y:A2RRP1
Y:O00116
Y:O00238
Y:O00139
Y:A4D126
Y:O00170
Y:A3KN83
Y:A6NNN8
Y:A8K979
Y:A6NHR9
Y:O00329
Y:O00341
N:O00468
Y:O00461
Y:O00476
Y:C9JA65
Y:O00418
Y:O00295
Y:O00519
Y:O14497
Y:O00591
Y:O00602
Y:F8W8T8
N:H0YL90
N:A0A1C7CYY9
N:O00555
Y:O00754
Y:O14522
N:A0A2U3TZJ9
Y:O14649
Y:O14746
Y:O14576
Y:O14656
N:O14681
Y:O14773
Y:O14678
Y:O14672
Y:O14641
N:J3QRP6
Y:O14733
Y:O14654
Y:C9J6P5
Y:O14929
Y:D6RAS9
Y:G3V105
Y:O14795
Y:O14802
Y:O14874
Y:O14836
Y:O14791
Y:O14936
Y:O14944
Y:O14976
Y:O15013
Y:O15020
Y:O15078
Y:O15075
Y:O15015
Y:O14939
Y:O14994
N:H0YM91
Y:O15164
Y:O15197
Y:O15146
Y:O15198
Y:O15169
Y:O15232
Y:O15303
Y:O15269
Y:O15287
Y:O15270
Y:O15294
Y:O15357
Y:O15484
Y:O15399
Y:O15391
N:A0A2C9F2M7
Y:O43157
Y:O43187
Y:O43283
Y:O43184
Y:O15553
Y:O43186
Y:O43293
N:M0R0D0
N:O43272
N:F5H5V6
Y:O15550
Y:O43424
Y:O43365
Y:O43505
Y:O43347
N:A0A2U3TZE7
N:J3QKK3
Y:O43462
Y:C9J4J9
Y:C9JR67
Y:O43593
Y:O43541
N:J3KPG6
Y:O43920
Y:E9PDF6
Y:O43818
N:A0A1X7SBR7
Y:O43678
Y:O43819
Y:O60333
Y:O60243
Y:O60282
Y:O60315
Y:O60313
N:B4DXG3
Y:O60216
Y:O60258
Y:O60353
Y:O60477
Y:O60494
Y:O60318
Y:O60481
Y:O60488
Y:Q9HAW7
Y:O60662
Y:O60706
Y:O60500
Y:O60759
Y:O60741
Y:O60931
Y:Q5QPK2
Y:O60733
Y:O60832
Y:O75116
Y:O75030
Y:O75190
Y:O60934
Y:O60939
Y:O75096
Y:E9PHY1
Y:O75197
N:H3BM67
Y:O75081
Y:O75369
Y:O75398
Y:O75443
Y:O75385
N:Q7RTN0
Y:O75362
Y:O75445
Y:O75460
Y:O75462
Y:O75643
Y:O75874
Y:O75923
Y:O75800
Y:O75762
Y:O75691
Y:O75503
Y:O75554
Y:O75838
Y:A0A0A0MS89
Y:O75695
Y:O75934
Y:O76024
Y:O76082
Y:O75969
N:A0A0A0MTU0
Y:O76039
Y:O95140
Y:O94806
Y:O76094
Y:O94804
Y:O94830
Y:O94900
Y:O94777
Y:O76090
Y:O94766
N:A0A024R5I4
Y:O95255
Y:O94892
Y:O95167
Y:O95343
Y:E5RK64
Y:O95382
Y:O95479
Y:O95363
Y:O95394
Y:O95477
Y:E9PBC6
Y:O95409
Y:O95571
Y:O95500
Y:O95613
Y:C9JEK5
Y:O95630
Y:O95672
Y:O95800
Y:O95622
Y:O95747
Y:O95936
Y:O95677
Y:O95835
Y:O95872
Y:C9J9U1
Y:O95859
Y:O95817
Y:O95967
Y:O95714
Y:O95644
Y:O95996
Y:O95831
Y:F8W0A0
Y:O96017
Y:P00387
Y:P00156
Y:P00395
Y:P00403
Y:P00414
Y:P00439
Y:P00441
Y:P00492
Y:P00533
Y:P00540
Y:P00519
Y:P00558
Y:P00846
Y:P01008
N:P01106
Y:P01024
Y:P01036
Y:P01111
Y:P01112
Y:P01116
Y:P01127
Y:P01138
N:P01160
Y:P01148
Y:P01130
N:A0A499FJK2
N:P01563
Y:P01308
Y:P02452
Y:P02461
Y:P02511
Y:P02489
Y:P02545
Y:P02743
Y:P02746
Y:P02751
Y:P02748
Y:P03372
Y:P03886
N:P03891
Y:P03897
Y:P03901
Y:P03905
Y:P03915
Y:P03923
Y:P03928
Y:P03951
Y:P0DN77
Y:P04049
Y:P04114
Y:P04150
Y:P04155
Y:P04180
Y:P04275
Y:P04424
Y:P04350
N:J3QLU9
Y:P04629
Y:P04628
Y:E7EMR6
Y:E7EQX7
Y:P04637
Y:P04792
Y:P05067
Y:P04839
Y:P05155
Y:P05106
Y:P05186
Y:P05166
Y:P05162
Y:P06132
Y:P05305
Y:P06239
Y:P06213
Y:P06729
Y:J3KN67
Y:E7ETN3
Y:P06396
N:A0A2U3TZU2
Y:P07101
Y:P07315
Y:P07225
Y:P07333
Y:E9PEK4
Y:P07437
Y:P07477
N:G3V223
Y:P07902
Y:P07741
Y:P07737
Y:P07948
Y:P07949
N:I3L1M3
Y:P07911
Y:P08100
Y:P08123
Y:P08151
Y:P08243
Y:P08253
Y:P08246
N:M9MML0
Y:P08581
Y:P08572
Y:P08579
Y:J3KPD6
Y:P08559
Y:P08922
Y:P08F94
Y:P09001
Y:P09874
N:R4GMZ0
Y:D6R956
Y:P09619
Y:P0C1S8
Y:C9J9N4
Y:P10071
Y:F5GYX7
Y:P09651
Y:P09493
Y:P09471
Y:P10253
Y:P0C0E4
Y:P0DI81
Y:E9PEG3
Y:P10721
Y:P10589
Y:P10412
Y:P10600
Y:P10636
Y:P10644
Y:P10415
N:U3KQU6
Y:X6R8A1
Y:P10275
Y:F5GZG9
Y:P10398
Y:P11137
Y:P10826
Y:P10915
Y:P11166
Y:P11310
Y:P11362
Y:P11473
Y:P11274
Y:P12107
Y:P12081
Y:A0A075B6G3
N:P12259
Y:P12755
Y:P12838
Y:P12814
Y:P12830
N:H3BNC6
Y:P12882
Y:P12694
Y:Q3MIM8
Y:P12883
N:H3BNP7
Y:P13631
Y:Q4VXY6
Y:P13727
Y:P13647
Y:P13637
Y:P13639
N:A0A0A0MSQ0
Y:P14543
Y:P14616
Y:P14207
N:K7EKH9
N:A0A1X7SBR3
Y:P14653
Y:P14859
Y:P14868
N:A0A2U3TZI2
Y:P14679
Y:P15172
Y:P15153
Y:A0A0C4DFZ2
Y:E9PBF9
Y:P15529
Y:E7ERL0
Y:P15382
Y:P15918
N:E9PH57
Y:P15863
Y:P16066
N:A0A0A0MRB7
Y:P15976
Y:P16234
Y:P16157
N:P16278
Y:P16471
Y:P16401
N:P16435
Y:A0A0A0MTJ0
Y:P16444
Y:P16591
Y:P16519
Y:P16615
N:A0A0A0MRF9
Y:P17026
Y:P17030
Y:P16930
Y:P17038
Y:P17302
Y:P17252
N:P17405
Y:G3V1E1
Y:P17661
Y:P17612
Y:P17813
Y:B1AHH2
Y:P17861
Y:P17936
N:A0A1X7SBZ8
N:M0R0Q7
Y:P18858
Y:P19113
Y:P19447
Y:F5H8A6
Y:J3KNN9
Y:P20794
Y:P20742
Y:A0A0A0MTK8
N:P20839
Y:P20908
Y:P21359
Y:P21709
Y:E5RFW8
Y:P21757
Y:P21675
N:A0A0A0MR25
Y:P21802
Y:P21817
Y:P21810
Y:F8VRL0
Y:P21953
Y:P22004
Y:P21980
Y:P22059
Y:E9PLD1
Y:P22310
Y:P22314
Y:P22607
Y:P22455
Y:P22674
Y:P22626
Y:P22681
Y:P22460
N:H3BSJ9
Y:P23109
Y:P22888
Y:P22914
Y:P23508
Y:F5GWR7
Y:P23468
Y:E7EX17
Y:P22748
Y:P23258
Y:P23443
N:A0A499FJN5
Y:A0A1D5RMN4
Y:P23769
Y:P24043
Y:P24468
Y:P24347
Y:P24386
Y:P25054
Y:P24821
Y:P25098
Y:P24941
Y:P25092
Y:P24530
Y:P24723
Y:P25189
Y:P26439
Y:E9PKQ9
Y:P25445
Y:H7C5Z8
N:K9J972
Y:P26367
Y:P26006
Y:P25705
Y:P26358
Y:P28845
Y:P27037
Y:P27708
Y:P28069
Y:P26842
Y:P29033
N:A0A0S2Z4K7
Y:A0A0A0MT83
N:M0R2B7
N:M0QZR8
Y:P28340
Y:P26998
Y:E9PAQ1
Y:P29322
Y:Q6NVW1
Y:P29323
Y:C9JXA2
Y:P29320
Y:P29371
Y:P29400
Y:P29474
Y:P30154
Y:P29597
Y:P29992
Y:P30542
Y:P30260
N:P30530
Y:P31327
Y:P31483
Y:P31146
Y:P31749
Y:P32245
Y:P31751
N:A0A0A0MRF1
Y:P0DMS9
Y:P32302
Y:P32249
Y:P32322
Y:P33897
Y:P34059
N:H3BNU2
Y:P35052
Y:P35498
Y:P35475
Y:P35348
Y:P35228
Y:C9JZ20
Y:P35240
Y:P35523
Y:P35548
Y:P35556
Y:P35557
Y:P35637
N:K7ELS6
Y:P35575
Y:A0A0A0MSW3
Y:P35658
Y:P35670
Y:P35716
Y:P35913
Y:P35968
Y:E9PD35
Y:P35916
Y:P35900
Y:P36507
Y:P36871
Y:P36897
Y:P36894
N:D9IPD9
Y:P37023
Y:P36888
Y:P37231
Y:P38398
Y:E7EWN5
Y:P37287
Y:P39656
Y:P39877
N:Q5JUY5
Y:P39905
Y:P40189
Y:C9J2X5
Y:P40337
Y:P41180
Y:P41221
Y:F8VPL3
N:C9JW55
Y:P42345
Y:P42224
Y:P41743
Y:P42336
Y:C9JAM9
Y:P42680
Y:P42771
Y:P42768
Y:P43246
Y:A8MXP9
Y:P42772
Y:P43146
Y:P43489
Y:E9PHA6
Y:P43403
Y:P43250
Y:A0A0C4DFS8
Y:P43694
Y:P43355
Y:C9JK50
N:P45379
Y:D7R525
Y:P45983
Y:P43699
Y:P45985
Y:P46100
Y:P48167
Y:P46821
Y:P48634
Y:P47898
Y:P48145
Y:P48651
Y:P46977
Y:P48048
Y:P48544
Y:P46527
Y:P46721
N:H0Y2X5
Y:P47895
Y:P47887
Y:P46781
Y:P48378
Y:P48029
Y:C9JEJ2
Y:P49619
Y:P48729
Y:P49419
Y:P48668
Y:P49281
Y:P49336
Y:P49588
Y:B4DLF1
Y:P49747
Y:P49593
Y:B0QY34
N:A0A0R4J2E5
Y:D6RE99
Y:P49768
Y:P49770
Y:P49748
Y:P50336
Y:P49773
Y:P49842
Y:P50219
Y:P50148
Y:P49918
Y:P49959
Y:F8VP90
Y:P49815
Y:P49916
Y:P50440
Y:P50443
Y:P50548
Y:P50570
Y:E9PK48
N:A0A2C9F2P4
Y:P50851
Y:P50897
Y:P50993
Y:P51114
Y:P51160
Y:P51168
Y:P51531
N:P51587
Y:Q9HBD4
Y:P51608
Y:A6NEM2
Y:P51617
Y:P51787
Y:P51692
Y:P51788
Y:P51795
Y:P51812
Y:P51841
Y:P51957
Y:P51970
Y:P52429
Y:P52333
Y:P52790
Y:P52952
Y:P52732
N:S4R3P0
Y:P52895
N:P52948
N:I3L387
Y:P53007
Y:P53708
Y:P53680
Y:P53804
Y:P53814
Y:P54646
Y:P54764
Y:P54753
Y:P54762
Y:P54756
Y:P54760
Y:P54803
Y:P54851
Y:P55010
Y:P55064
Y:P55060
Y:B5MD38
Y:P55075
Y:P55265
Y:P55263
N:P55290
Y:P55347
Y:P56524
Y:P56192
Y:A6PVD3
Y:P56715
Y:P57059
Y:F8VZ95
Y:P57078
Y:P57729
Y:P57103
Y:P58166
Y:P58304
Y:P58418
Y:B1B1G6
Y:P60484
Y:P60410
N:C9JZR7
Y:P60981
Y:F8WC47
Y:P61764
Y:P0DP24
Y:P62070
Y:P62304
Y:P62273
Y:P62195
Y:Q5JWF2
N:I3L3I0
Y:P63261
Y:B8ZZJ2
Y:P63267
Y:P78363
N:A0A2U3TZJ3
Y:P78411
Y:P78504
Y:P78381
Y:P81408
N:P78527
N:J3KPI6
Y:P82279
Y:P82987
Y:P84022
Y:P98161
Y:Q00403
Y:Q01433
N:A0A024R4E5
Y:Q00056
Y:Q00534
Y:Q00537
Y:Q00872
Y:Q00973
Y:Q00526
Y:P98175
Y:Q01668
Y:I6L894
Y:Q01484
Y:Q01959
N:Q01726
Y:Q01973
Y:Q02156
Y:Q02388
Y:Q02643
Y:Q02548
N:H3BQH6
N:H3BT31
Y:Q02641
Y:Q02952
Y:Q02763
N:A0A0A0MRH7
N:F8VWR1
Y:Q02846
Y:Q02779
Y:Q03468
Y:E9PMK6
Y:Q04671
Y:Q04656
Y:Q05513
Y:Q04771
Y:Q05397
Y:Q05469
N:A0A2U3TZH3
N:Q06124
Y:Q07011
Y:Q07283
Y:Q06330
Y:Q07075
Y:D6RCE5
N:A0A0A0MSU1
Y:F5H7E4
Y:Q07864
N:H9ZYI9
Y:Q07699
Y:C9JJE0
Y:Q08499
Y:Q08881
Y:E5RJY4
Y:Q08345
Y:Q08357
Y:A6PVM6
Y:Q07954
Y:Q11203
Y:Q12756
Y:Q12809
Y:Q12768
Y:Q0VDF9
Y:Q09470
Y:Q09472
Y:Q12772
Y:Q12866
Y:Q12860
Y:Q12879
N:A0A0G2JRV3
N:Q12882
Y:Q12889
Y:Q13003
Y:Q13131
Y:Q13002
Y:Q12967
Y:Q12955
Y:Q12913
Y:Q13023
Y:Q13064
Y:Q12946
Y:Q12901
Y:Q13009
Y:Q13148
N:Q5T6F6
Y:Q13224
Y:Q13247
N:Q13315
Y:Q13361
Y:Q13332
Y:D6RIS0
Y:Q13480
Y:Q13423
Y:Q13428
Y:B9A012
Y:Q13402
Y:Q13432
N:Q13470
Y:Q13464
Y:Q13485
Y:Q13445
Y:Q13496
Y:Q13618
Y:Q13535
N:C9J9N0
Y:Q13546
Y:Q13554
N:A0A2Q3DQE3
Y:Q13586
Y:Q13751
Y:Q13797
Y:Q13885
Y:Q13813
Y:Q13651
Y:Q13887
Y:Q13769
Y:Q13796
Y:Q14203
Y:Q14012
Y:Q14117
Y:Q14160
Y:Q14191
Y:Q14134
Y:Q14155
Y:Q14112
Y:Q14204
Y:Q13951
N:K7EJD8
Y:Q14145
Y:Q14353
N:A8MXH5
Y:H9KVD2
Y:A0A0A0MT39
Y:Q14643
Y:Q14563
Y:Q14765
Y:Q14789
Y:Q14738
Y:Q14680
Y:F5GZR4
Y:Q14896
Y:Q14767
Y:Q14807
Y:Q14686
N:A0A0A0MSE1
Y:Q15303
N:A0A499FJL2
Y:Q15391
Y:Q15025
Y:Q149N8
Y:Q15208
Y:Q15349
Y:Q15375
Y:Q14956
Y:Q15382
Y:Q15059
Y:Q15054
Y:Q15139
Y:F8WBA3
Y:Q15027
Y:Q15029
Y:Q14938
Y:Q15120
Y:Q15477
Y:Q15678
Y:Q15772
Y:Q15746
Y:D6REQ3
Y:Q15485
Y:Q15526
Y:Q15569
Y:F5H800
Y:Q15743
Y:Q15796
N:K7EMR0
Y:Q15831
Y:Q15759
Y:Q15858
Y:Q16281
Y:Q15928
Y:Q15910
Y:G3XAL2
Y:Q16288
Y:Q16280
Y:Q16322
Y:Q16518
Y:Q16445
Y:Q16566
N:A0A0A0MQS9
Y:Q16539
Y:Q16555
Y:Q16352
Y:Q16644
Y:Q16643
Y:F5H232
Y:Q16667
Y:Q17RS7
Y:Q2TBA0
Y:Q18PE1
Y:Q2YD98
Y:Q16878
Y:Q16816
Y:Q16821
Y:Q2M3G0
Y:Q16828
Y:Q2M389
Y:Q2TAA5
Y:Q27J81
Y:Q2M1K9
Y:Q16740
Y:Q2WEN9
Y:Q16720
Y:C9JJU3
Y:C9JDL5
Y:Q53TS8
Y:Q567U6
N:Q3SXY7
Y:Q3SY77
Y:Q53GD3
N:F8WE85
Y:Q5H8C1
Y:Q3B7T1
Y:Q504Y0
Y:Q5GFL6
Y:Q3SY84
Y:Q3T906
Y:Q504Q3
Y:Q5H9T9
Y:Q4G176
Y:Q52WX2
Y:Q562E7
Y:Q3LI58
Y:Q3LI63
Y:Q496Y0
Y:Q5H9F3
Y:Q5JTV8
Y:Q5JZY3
Y:Q5SY80
Y:Q5NDL2
Y:Q5JTZ9
Y:Q5JWR5
Y:Q5SRI9
Y:Q5SYB0
Y:Q5S007
Y:Q5JPH6
Y:Q5MCW4
Y:Q5T1V6
Y:Q5T440
Y:Q5T4S7
Y:Q5TAQ9
Y:Q5TH74
N:A6NGQ3
Y:Q5VT25
Y:Q68CQ1
Y:Q5UIP0
Y:Q60I27
Y:Q6H8Q1
Y:Q5U5X0
Y:Q66K14
Y:Q5T6L9
Y:Q5TCY1
Y:Q5TD94
Y:Q5TGL8
Y:Q68CP4
Y:Q5VTD9
Y:Q5VZB9
Y:Q5T2S8
Y:Q5T481
Y:Q5VWI1
Y:Q6DD88
Y:Q6DT37
N:G3V2D8
Y:Q6EMB2
N:H3BV03
N:Q5VIR6
N:A0A0A0MTR7
Y:Q6E0U4
Y:Q69YQ0
Y:Q5U3C3
Y:Q6P0Q8
Y:Q6P1J9
Y:D6RG15
Y:Q6N021
Y:Q6KC79
Y:Q6KF10
Y:Q6NXR4
Y:Q6J9G0
Y:Q6IQ55
Y:Q6NZI2
Y:Q6UVM3
Y:Q6XUX3
Y:Q6UX39
Y:Q6V0I7
Y:Q6PGP7
Y:Q6PIJ6
Y:Q6UB35
Y:Q6UXV0
Y:Q6VVB1
Y:Q6YHK3
Y:Q6P1X5
Y:Q6UXC1
Y:Q6X4W1
Y:Q6SJ93
Y:Q6P9F0
Y:Q6P4F7
Y:Q6PJF5
Y:Q6RI45
Y:Q6ZVT0
Y:Q70E73
Y:Q6ZNJ1
N:Q6ZWH5
Y:Q702N8
Y:Q6ZMV9
Y:Q70Z35
Y:Q6ZVD7
Y:Q6ZRI0
Y:Q71U36
Y:Q6ZUT6
Y:Q6ZMD2
Y:Q6ZMQ8
N:A0A2U3U043
Y:Q6ZMY6
Y:Q6ZW31
Y:Q6ZN16
Y:Q7L1T6
Y:Q7Z3I7
Y:Q7Z407
Y:Q76LX8
Y:Q7L2H7
Y:Q7LDG7
Y:Q7RTS7
Y:Q7Z3V4
Y:Q7RTS6
Y:Q7RTR0
Y:Q76G19
Y:Q7Z4L5
Y:Q7Z449
Y:Q7Z4N2
Y:Q7Z572
Y:Q7Z570
Y:Q7Z6R9
Y:Q7Z628
Y:Q7Z5B4
Y:Q86SS6
Y:Q7Z5M8
Y:Q7Z6L0
Y:Q86TC9
Y:Q86U38
Y:Q86TB3
Y:Q86TM3
Y:Q86UK0
Y:Q86U86
Y:Q86U70
Y:Q86UW6
Y:Q86VP1
Y:Q86VS8
Y:Q86UX6
Y:Q86V85
Y:Q86UP2
Y:F5H4W1
Y:Q86VI1
N:J3KTD2
Y:Q86W28
N:B1AJQ6
Y:Q86XK2
Y:Q86YR7
Y:Q86YV6
Y:Q86X45
Y:Q86Y46
Y:Q86XR5
Y:Q86Y38
Y:Q86YT6
Y:Q8IUE6
Y:Q8IUC6
Y:Q8IU80
Y:F5H6I8
Y:Q8IUG5
Y:Q8IV35
Y:Q8IVL5
Y:Q8IUZ5
Y:Q8IVH2
Y:Q8IW00
Y:Q8IVM8
Y:Q8IW40
Y:Q8IWB6
Y:Q8IV08
Y:Q8IWV2
Y:Q8IWU2
Y:Q8IWW8
Y:Q8IWT1
Y:Q8IWU5
Y:Q8IY84
Y:Q8IXK2
Y:Q8IX12
N:Q8IY17
Y:Q8IYK4
Y:Q8N0U7
Y:Q8IYB7
Y:Q8IYB4
Y:Q8IZX4
Y:Q8IZF0
Y:Q8IYM1
Y:Q8IYR2
Y:Q8IYT8
Y:Q8IZW8
Y:Q8IYF1
Y:Q8IZ69
Y:Q8N0W4
Y:Q8N2I9
Y:Q8N136
Y:Q8N157
Y:Q8N158
Y:Q8N1I0
Y:Q8N3A8
Y:Q8N427
Y:Q8N4C6
Y:Q8N2U9
N:J3KNJ7
Y:Q8N3F8
Y:Q8N4M1
Y:Q8N6R0
Y:Q8N6D2
Y:Q8N6Y1
Y:Q8N752
Y:Q8N7J2
Y:Q8N807
Y:Q8N4F0
Y:Q8N6C5
Y:Q8NAP8
Y:Q8NAX2
Y:Q8NAT1
Y:Q8N9V2
Y:Q8N8W4
Y:Q8NB16
N:Q8N9W5
Y:Q8NBP5
Y:Q8NC42
Y:Q8NBT0
Y:Q8NC60
Y:Q8NBS3
Y:Q8NCR0
Y:Q8NDI1
Y:Q8NDQ6
Y:Q8NEQ6
Y:D6RCF7
Y:Q8NEZ3
Y:F5H4Q0
Y:Q8NEZ4
Y:Q8NE28
N:Q8NEV1
Y:Q8NEY8
Y:Q8NET8
Y:Q8NEG4
Y:Q8NFC6
Y:Q8NF91
Y:Q8NFD2
Y:Q8NFF2
Y:Q8NFG4
Y:Q8NFM7
Y:Q8NFY9
Y:Q8NG66
Y:Q8NFZ5
Y:Q8NHS3
Y:Q8NGS0
Y:Q8NGQ2
Y:Q8NHY0
Y:Q8TAB3
Y:Q8TAD8
Y:Q8TBB6
N:D6R954
Y:Q8TAP9
Y:Q8TC76
Y:Q8TB37
Y:Q8TCS8
Y:Q8TD16
Y:Q8TD19
Y:Q8TC94
Y:Q8TD43
Y:Q8TDI0
Y:Q8TDG4
Y:Q8TD57
Y:Q8TDC3
Y:Q8TDY4
Y:Q8TDY2
Y:Q8TE58
Y:Q8TE60
Y:Q8WTQ7
Y:Q8TE82
Y:Q8TEA7
Y:Q8TF17
Y:B7Z9H7
Y:Q8WUU5
Y:Q8WUJ1
Y:Q8WVQ1
Y:Q8WU66
Y:Q8WVT3
Y:Q8WWN8
Y:Q8WWQ0
Y:Q8WVS4
Y:Q8WWP7
Y:Q8WWL7
Y:Q8WXA8
Y:Q8WXG9
Y:Q8WXH0
Y:Q8WXI3
Y:Q8WXI2
N:A0A0A0MTS7
Y:Q8WYK0
Y:Q8WYB5
N:J3KRE9
Y:Q8WYR4
Y:Q8WYQ3
Y:Q8WY07
N:Q8WZ42
Y:Q92187
Y:Q92508
Y:Q92502
Y:Q92542
Y:F8W6N3
Y:Q92562
Y:Q92574
Y:Q92626
Y:Q92629
Y:Q92673
Y:Q92630
N:V9GYX6
Y:Q92729
Y:C9JUE0
Y:Q92734
Y:Q92772
Y:Q92783
Y:Q92781
N:F8W775
Y:Q92832
N:Q92835
Y:Q92838
Y:Q92851
Y:Q92903
Y:Q92889
Y:Q92908
Y:Q92932
Y:Q92947
Y:E7EU40
Y:Q92953
Y:Q92963
Y:Q92959
Y:Q92997
Y:Q92989
Y:Q93063
N:Q92979
Y:Q93008
Y:Q93098
Y:Q93074
Y:Q969F8
Y:Q969F9
N:S4R3U4
Y:Q969H0
Y:Q969M1
Y:Q96A65
Y:Q96A72
Y:Q969N2
Y:Q96AQ2
Y:Q96AA8
N:K7ELI6
Y:Q96BR1
Y:Q96DP5
Y:Q96D53
Y:Q96EF0
Y:Q96EX3
Y:Q96EU7
Y:Q96FG2
Y:Q96FM1
Y:Q96ID5
N:Q96H96
Y:Q96G30
N:H3BS97
Y:Q96IJ6
Y:Q96J42
Y:Q96JB1
Y:Q96JA3
Y:Q96JP0
Y:Q96JQ0
Y:Q96KG7
Y:Q96K19
Y:Q96KG9
Y:Q96K58
Y:Q96KN7
Y:Q96L58
Y:Q96L34
N:Q96LW4
Y:Q96L96
Y:Q96L93
Y:Q96MF2
Y:Q96MR9
Y:Q96N20
Y:Q96ND0
Y:Q96NL8
N:A0A075B771
Y:Q96NG8
Y:Q96NX5
N:K7ELE0
Y:Q96P31
Y:Q96Q40
Y:Q96RG2
Y:Q96PY6
Y:Q96QP1
Y:Q96PU8
Y:Q96PV0
Y:Q96QS6
Y:Q96PU4
N:E7EM53
Y:Q96PZ2
Y:Q96QU6
N:G3V599
N:H0YLN8
Y:Q96Q15
Y:Q96QK1
Y:Q96RK0
Y:Q96RD6
Y:Q96RQ3
Y:Q96RN1
Y:Q96S38
Y:Q96T58
Y:Q96SB8
Y:Q96T51
Y:Q96S42
Y:Q96RR4
Y:Q96RY7
Y:B0QYQ2
Y:Q96T17
Y:E9PNL3
Y:Q99250
Y:Q99502
Y:F8VVT9
Y:Q99570
Y:Q99575
Y:Q99612
Y:F5H2X6
N:U3KQ07
Y:Q99698
Y:Q99895
Y:Q99728
Y:Q99814
N:U3KQ81
N:A0A2U3TZJ7
Y:Q99835
Y:Q99720
Y:A8MVK1
Y:Q99798
Y:Q99946
Y:Q9BPX3
Y:Q9BQI3
Y:Q9BQ52
Y:Q9BQG1
Y:Q9BQL6
Y:Q9BRI3
Y:G3V1E2
Y:Q9BTV4
Y:Q9BRK0
Y:Q9BSQ5
Y:Q9BUB7
Y:Q9BRK4
Y:Q9BTA9
Y:Q9BR76
Y:Q9BUP3
Y:Q9BQT9
Y:F5GWH6
Y:Q9BRG2
N:A0A0C4DGQ1
Y:Q9BQP7
Y:Q9BW92
Y:Q9BWP8
Y:Q9BWV1
Y:Q9BXB4
Y:Q9BVS4
Y:Q9BXL7
Y:Q9BX84
Y:Q9BX66
N:Q9BX67
Y:Q9BWH6
Y:Q9BXL6
Y:Q9BXA9
Y:Q9BX82
Y:Q9BXM0
Y:Q9BW83
Y:Q9BXR6
Y:Q9BY21
Y:Q9BYW2
Y:Q9BYE9
Y:Q9BXU1
Y:Q9BYV8
Y:Q9BYT9
Y:Q9BYU1
Y:Q9BYM8
Y:Q9BYB4
Y:A6NMT1
Y:Q9BY41
Y:Q9BZH6
Y:Q9BZG8
N:Q9BZL6
Y:Q9BZA7
Y:Q9C0F3
Y:Q9C0K7
Y:Q9GZT5
Y:Q9C098
Y:A0A0C4DFS6
Y:Q9GZP0
Y:Q9C000
Y:Q9GZN6
Y:Q9GZU5
Y:Q9GZX3
Y:Q9H093
Y:Q9GZY8
Y:Q9H165
Y:Q9H0F7
Y:Q9H082
Y:E5RIS2
Y:Q9H013
Y:Q9H1Y0
Y:Q9H1U9
Y:A0A075B6F0
Y:Q9H116
Y:Q9H190
Y:Q9H1R3
Y:Q9H2U9
Y:Q9H257
N:Q9H251
Y:Q9H2G2
Y:Q9H2K8
N:F5H005
Y:Q9H2A9
Y:Q9H2R5
Y:Q9H2X9
Y:Q9H3D4
Y:B3KVZ3
Y:F8WCM7
Y:Q9H3S4
Y:Q9H3H5
Y:Q9H3V2
Y:Q9H582
Y:Q9H6R7
N:A0A1C7CYY3
Y:Q9H4D0
Y:Q9H6B1
Y:Q9H8V3
Y:Q9H5K3
Y:Q9H9B1
Y:Q9H5I1
Y:Q9H8L6
Y:Q9H5J0
Y:Q9H6B4
Y:Q9H4F8
Y:Q9H8Y1
Y:Q9H792
Y:Q9H5I5
Y:Q9H6K4
Y:Q9H7R0
Y:Q9H4G0
Y:Q9H596
Y:Q9H9J2
Y:Q9HAW4
Y:D6RFY3
N:Q9HAU8
Y:E7EM70
Y:Q9HB58
Y:Q9HAV0
Y:Q9HBX8
Y:Q9HC10
Y:Q9HC07
Y:Q9HBW1
Y:F5H6Q4
Y:Q9HBT6
Y:Q9HBY8
Y:Q9HCE6
Y:Q9HC96
Y:Q9HCS4
Y:Q9NP58
Y:Q9HCK4
Y:Q9HCC0
Y:C9JRX8
Y:Q9HCG7
Y:Q9HCD6
Y:Q9HCE0
Y:Q9HCE3
Y:Q9HCN6
Y:Q9HCI5
Y:Q9NP85
Y:Q9NPG8
Y:Q9NPI0
Y:Q9NP61
Y:Q9NP73
Y:Q9NQ11
Y:Q9NQ48
Y:Q9NQT5
N:A0A0U1RQB7
N:H0YMS4
Y:Q9NPY3
Y:Q9NQ66
Y:Q9NR48
Y:Q9NR50
Y:Q9NRK6
Y:Q9NR63
Y:Q9NR80
Y:Q9NRP7
Y:Q9NR96
Y:Q9NRH2
Y:Q9NR82
Y:Q9NQZ6
Y:Q9NS71
Y:Q9NTK5
Y:K4DI97
Y:Q9NRZ9
Y:Q9NS39
Y:A0A0B4J226
Y:Q9NSK7
Y:Q9NTX9
Y:Q9NTG1
Y:Q9NVE7
Y:Q9NVF7
Y:Q9NV64
N:Q5MJ34
Y:Q9NV12
Y:Q9NVV9
Y:Q9NVM9
Y:B1AKV4
Y:Q9NVD3
Y:Q9NWK9
Y:Q9NWU1
Y:D6R9Y2
Y:Q9NW08
N:H3BUV4
Y:Q9NWW5
Y:Q9NXF8
Y:Q9NVX2
Y:Q9NX61
Y:Q9NXK8
Y:Q9NWM0
Y:Q9NYL2
Y:Q9NYY3
Y:Q9NY72
Y:Q9NYV9
Y:Q9NYF0
Y:Q9NZC7
Y:E7EP17
Y:Q9NYV4
Y:Q9NYQ6
Y:Q9NZP6
Y:Q9NZN9
Y:Q9NZU0
Y:Q9NZK5
Y:Q9P0L2
Y:Q9P2D1
Y:Q9P253
Y:Q9P260
Y:Q9P286
Y:Q9P289
Y:Q9UBB6
Y:Q9P2K1
Y:Q9P2J5
Y:Q9P2K8
Y:Q9UBH0
N:A0A0C4DFM5
Y:Q9UBJ2
Y:Q9UBE8
Y:Q9UBF1
Y:Q9UBP0
Y:Q9UBN4
Y:Q9UBV4
Y:Q9UBY8
Y:Q9UBS0
Y:Q9UBX1
Y:Q9UG01
Y:Q9UH77
Y:Q9UGF6
Y:Q9UEF7
Y:Q9UDY8
Y:Q9UHY1
Y:Q9UI10
Y:Q9UIJ5
Y:Q9UI47
Y:Q9UHR6
Y:Q9UHD2
Y:Q9UI08
Y:Q9UIU6
Y:Q9UHD9
Y:Q9UJC3
Y:Q9UK17
Y:Q9UKF6
Y:Q9UKC9
Y:Q9UKG1
Y:D6RAP6
Y:D6RBU0
Y:Q9UKF5
Y:Q9UKT5
Y:Q9UKA2
Y:Q9UJV8
Y:Q9UK96
Y:Q9UKM7
Y:Q9UJY1
N:A0A0C4DFW2
Y:Q9UJJ9
Y:Q9UKT9
Y:Q9UJY5
Y:Q9UJG1
Y:Q9UJV3
Y:Q9UK32
Y:Q9ULK5
Y:Q9UL01
Y:Q9ULK4
Y:Q9ULD2
Y:Q9UL12
Y:Q9ULC5
Y:Q9UKV3
Y:Q9UKY4
N:H3BQ06
Y:Q9UKZ4
Y:Q9UL62
Y:Q9ULT0
Y:Q9ULV1
Y:Q9ULV0
Y:Q9UM01
Y:Q9ULW0
Y:Q9UM47
Y:Q9UMS0
Y:Q9UMF0
Y:Q9UN86
Y:Q9UNH5
Y:Q9UNI1
Y:Q9UNS1
Y:Q9UNE7
Y:Q9UNF1
Y:Q9UNW1
Y:Q9UPN3
Y:Q9UPN9
Y:Q9UPW5
Y:E9PLS8
Y:Q9UQ52
Y:Q9UQB3
Y:Q9UQ03
Y:Q9UQB9
Y:Q9UQC9
Y:C9J0A7
Y:Q9UQK1
Y:Q9Y215
Y:E9PJN4
Y:Q9Y221
Y:Q9Y228
Y:Q9Y227
Y:Q9Y223
Y:Q9Y243
Y:Q9Y238
Y:Q9Y253
Y:Q9Y252
Y:Q9Y256
Y:Q9Y2E4
Y:Q9Y2B1
Y:Q9Y2B2
Y:Q9Y286
Y:Q9Y2M0
N:J3QSA1
Y:Q9Y2H9
Y:Q9Y2V0
Y:Q9Y2X9
Y:Q9Y2W7
Y:Q9Y2Z2
Y:Q9Y2Z4
Y:Q9Y2V7
Y:Q9Y2Z9
Y:Q9Y2Y0
Y:Q9Y303
Y:C9J6Q8
Y:Q9Y3A5
Y:Q9Y345
Y:Q9Y3Q8
Y:Q9Y3Q4
Y:Q9Y458
Y:Q9Y463
Y:Q9Y4C1
Y:Q9Y4A5
Y:J3KQB2
Y:Q9Y4F1
Y:Q9Y4W2
Y:Q9Y586
Y:Q9Y4W6
Y:H9KV90
Y:Q9Y5E8
Y:Q9Y5I7
Y:Q9Y5P6
Y:Q9Y5L0
Y:Q9Y5Q5
Y:Q5TI65
Y:Q9Y5S2
Y:Q9Y5X0
Y:Q9Y5X2
Y:Q9Y5Y9
Y:Q9Y5Y5
N:H3BSB8
Y:Q9Y6D5
Y:Q9Y6D9
Y:Q9Y6D6
Y:Q9Y6H8
Y:Q9Y6K1
Y:Q9Y6R1
Y:Q9Y6X6
Y:A2A3L6
N:A0AV02
Y:H7BXJ6
Y:A2VDJ0
Y:A1A4Y4
Y:A2RUS2
Y:A0AVK6
Y:A1L390
Y:A0PJK1
Y:A1L0T0
Y:A2A368
Y:A0A0A0MQZ3
Y:E9PFE8
Y:F8WCP2
Y:A4D161
Y:A5D8V6
Y:A5YM72
Y:A5LHX3
Y:A6BM72
Y:A5YKK6
Y:A6NH00
Y:A6NGB9
N:G3V2I3
Y:A6NGD5
Y:A6NER3
Y:A6PVS8
Y:A6PVY3
Y:A6NKK0
Y:A6NI79
Y:A6NL26
Y:A6NJZ3
Y:A6NL08
Y:A6QL63
Y:A6NNP5
Y:A6NM11
N:A7E2Y1
Y:A8K855
Y:A8MPX8
Y:A7XYQ1
Y:B2RC85
Y:A8K2U0
N:A8K0R7
Y:A8MTY7
Y:A8MVA2
Y:A8MUM7
Y:A8MXV4
Y:O00186
Y:O00187
Y:O00206
Y:O00212
N:A0A075B7G8
Y:E9PAV3
Y:D7UEQ8
Y:B7Z6K7
Y:O00115
Y:O00204
Y:O00167
Y:O00192
Y:O00292
Y:B1AMW7
Y:O00311
Y:O00391
Y:O00254
Y:O00222
N:A0A0A0MT06
Y:E5RFV7
Y:O00330
Y:O00337
Y:O00253
Y:O00411
Y:O00463
Y:J3KR82
Y:O00444
Y:O00481
Y:O00560
Y:O00534
Y:O00505
Y:Q5JXT2
Y:O00567
Y:O00507
Y:O14525
N:A0A499FIY3
Y:O14646
Y:O14682
Y:O14520
Y:E9PK73
Y:O14613
Y:C9JCI2
Y:O00744
Y:O14578
Y:O14686
Y:O14543
Y:O14556
Y:O14594
Y:O00762
Y:O14862
Y:O14880
Y:B1AJU4
N:F8WAR6
N:E9PDE3
Y:O14804
Y:O14798
Y:O14757
Y:O14735
Y:O14730
Y:O14777
Y:O14843
Y:O14904
Y:O14958
Y:O15055
Y:O14974
N:C9JIE4
Y:O14950
Y:O15031
Y:O15085
Y:O15151
Y:O15194
Y:O15217
Y:O15118
Y:O15228
Y:O15229
Y:O15254
Y:O15327
Y:O15244
Y:O15245
Y:O15264
N:G3V4W9
Y:O15315
N:Q96PC5
N:H3BR08
Y:O15305
Y:O15273
Y:O15297
Y:O15230
Y:O15381
Y:O15457
Y:O15397
Y:O15360
Y:O15405
Y:O15353
Y:H3BLT4
Y:O15438
Y:O15389
Y:O15444
Y:O15393
Y:E9PES6
Y:O15527
Y:O15516
Y:O43252
Y:O43181
Y:O43196
Y:F5H6P3
Y:O15504
Y:O43248
Y:F5H6N9
Y:O43147
Y:O15529
Y:O43156
Y:O15537
Y:O43464
N:D6RIF3
Y:O43314
Y:O43374
Y:O43379
Y:A6NMV7
N:O43493
Y:O43516
Y:O43529
Y:O43683
Y:O43559
Y:O43614
Y:C9JQG1
Y:O43543
Y:O43525
Y:O43623
Y:O43581
Y:O43592
Y:A0A0C4DFM0
Y:O43548
Y:O43572
Y:O43557
Y:O43681
Y:O43638
Y:O43610
Y:O60237
Y:O60279
Y:O60260
Y:O43913
Y:O43933
Y:E5RHS3
Y:O43868
Y:O43934
Y:O43829
Y:O43914
Y:O43837
Y:O43918
Y:O43895
N:A0A0A0MRT7
Y:O60337
Y:O60393
Y:O60285
Y:O60293
Y:O60294
Y:O60312
Y:O60303
Y:O60307
N:O60462
Y:O60603
Y:O60522
Y:E5RJ11
Y:O60496
Y:O60502
Y:O60563
Y:O60566
Y:O60503
Y:O60635
N:O60809
Y:O60811
Y:O60673
Y:O60663
Y:O60716
Y:O60658
Y:O60676
Y:M9MML6
Y:O75054
Y:O60928
Y:E9PEY4
Y:O75084
Y:O60942
Y:O75072
Y:O60882
Y:O60938
Y:O60844
N:M0R0H4
N:M0QZD9
Y:O60885
N:C9JWL8
Y:O75074
Y:O60840
Y:O60890
Y:O75027
Y:O75161
Y:O75164
Y:O75173
Y:O75094
Y:O75123
Y:Q5T0V0
Y:O75146
Y:O75106
Y:O75306
Y:O75355
Y:O75179
Y:O75330
Y:O75360
Y:O75366
Y:O75326
Y:O75339
Y:O75185
Y:O75324
Y:O75409
Y:O75578
N:O75469
Y:O75558
Y:O75489
Y:O75473
Y:O75570
N:A0A499FJI4
Y:O75437
Y:O75419
Y:O75459
Y:O75610
Y:O75712
Y:B8ZZI5
Y:O75716
Y:O75711
Y:O75683
Y:O75771
Y:O75792
Y:C9IZC9
Y:O75648
Y:O75679
Y:O75844
Y:O75891
Y:O75943
Y:O75962
Y:O75955
Y:O75820
Y:O75899
Y:O75901
Y:O75976
Y:O76009
Y:O75928
Y:O75807
Y:O75828
Y:O76027
Y:O76075
Y:O94768
Y:O76041
Y:O76070
Y:O76100
Y:O94759
N:O94856
Y:O94886
N:D6RGJ5
Y:O94855
Y:O94915
Y:O94955
Y:O94874
Y:O94901
N:A0A0A0MQX5
Y:O94913
Y:O94788
Y:O94911
Y:O94927
N:F5GX28
N:A0A0C4DFL8
Y:O94985
Y:O95185
Y:O94993
Y:O95073
Y:O95067
Y:O95180
Y:O95153
Y:O95299
Y:O95243
Y:O95340
Y:O95197
Y:O95264
Y:O95201
Y:O95208
Y:O95239
Y:Q5JY88
Y:O95399
Y:E5RGM7
Y:O95450
Y:O95389
Y:O95415
Y:O95452
Y:O95428
Y:O95361
Y:O95471
Y:B0QYZ8
Y:O95461
N:O95521
Y:O95573
Y:O95486
Y:O95497
Y:O95498
Y:O95528
Y:O95789
Y:O95757
Y:O95847
Y:O95905
Y:O95678
Y:O95834
Y:O95971
N:P00325
Y:O95918
Y:P00390
Y:P00352
Y:O95969
Y:O95947
N:H3BNM0
Y:O95976
Y:O96005
Y:O96013
Y:O95954
Y:O95972
N:P00450
Y:Q9NQP5
N:P00488
Y:Q5TEH5
Y:P00747
Y:E9PIT3
Y:P00742
Y:P00505
Y:P00451
Y:P00480
Y:P00740
Y:P00797
Y:P01019
Y:D6RIU5
Y:F8WBL9
Y:P00751
Y:E5RGA1
N:G3V387
Y:P01011
Y:F5GXW0
Y:P01189
Y:P01133
Y:P01210
Y:P01031
Y:P01225
Y:P01023
Y:P0DN86
Y:P01034
Y:P01037
Y:P01185
Y:P01275
Y:P01583
Y:P01374
Y:P01375
Y:P01889
Y:P01266
Y:P01562
Y:P01589
Y:P01258
Y:P01579
Y:P01730
Y:P01241
Y:P01286
Y:P01909
N:Q29974
N:Q9GIY3
Y:P01920
Y:P02458
Y:P02144
Y:P02538
Y:P02462
Y:P02533
Y:P02647
Y:F8W6P4
Y:P02675
Y:P02655
Y:P02745
Y:C9JC84
Y:P02679
Y:P02730
N:P02765
N:P02763
Y:P02749
Y:P02766
Y:P02786
Y:A0A0C4DGB6
N:P02774
Y:P02787
Y:E7ER44
Y:P02788
N:P02810
Y:P02795
N:P03952
Y:P03956
Y:P03971
Y:P04003
Y:A0A140TA14
Y:P04000
Y:P04062
Y:E7END6
Y:P04035
Y:P04054
Y:P04004
Y:P04141
Y:A2A2V1
Y:G5E9P6
Y:P04179
Y:A0A140T9T1
Y:P04234
Y:P04264
Y:P04406
N:I3L4D0
Y:P04278
Y:P04279
Y:P04439
Y:P04440
Y:P04626
Y:P04798
Y:P04632
Y:P05014
Y:P05023
Y:C9JX71
Y:P05090
Y:P05091
Y:P05108
N:I3L4X8
Y:P05120
Y:P05121
N:G3V2M1
Y:P05160
Y:P05156
Y:P05165
N:P05177
Y:P05187
Y:F5H694
Y:P05181
Y:P05412
Y:P05452
Y:P05230
Y:P05231
Y:P05362
Y:P05455
Y:P05997
Y:P06028
Y:P05546
Y:Q5T446
Y:P06133
Y:E9PJ92
Y:P06307
Y:P06241
Y:P06340
Y:Q8NG42
Y:P06400
Y:P06702
Y:P06703
Y:P06681
N:P06727
Y:P06733
Y:P06737
Y:P06734
Y:P06756
Y:P06746
Y:P06865
Y:P07099
Y:P06870
Y:P07148
Y:P07203
Y:P07204
Y:P07316
Y:P07320
N:E9PGC7
Y:E9PIJ7
Y:F8WD96
Y:P07359
Y:P07451
Y:P07476
Y:P07498
Y:P07550
N:P07686
Y:P07585
Y:P07814
Y:P07858
N:G3V576
Y:P07947
Y:P08047
Y:P0DMV8
N:Q5JR08
Y:E7EWT8
Y:P08183
N:P08235
Y:F2Z3E1
Y:P08263
Y:P08294
Y:P08319
Y:P08493
Y:P08514
Y:P08571
N:P08588
N:P08603
Y:C9JBD2
Y:P08648
N:A0A499FJM4
Y:P08700
Y:C9JPV4
Y:P08709
Y:P08727
Y:P08833
N:D6RA34
Y:P08908
Y:P08910
Y:P09093
Y:P09016
Y:P09104
Y:P09132
Y:P09172
Y:P09211
Y:P09237
Y:P09238
Y:P09467
Y:C9JUI2
Y:P09544
Y:P09601
Y:P09603
Y:E5RH16
Y:F8WDM5
Y:F8W646
Y:P09668
Y:P09923
Y:P0CG37
Y:P0C091
Y:P0C0L4
Y:P0C0L5
Y:E9PPT9
Y:P09914
Y:P0CJ72
N:P0DJI8
Y:P09871
Y:P0C7M7
Y:P0C862
Y:P0C221
Y:P0C6C1
Y:P09919
Y:P0C263
Y:P10242
Y:A2AEA2
Y:P10321
Y:P0DJI9
Y:P10153
Y:P10586
Y:E7ESX4
Y:P10523
Y:P10696
Y:G3V188
Y:P10632
Y:P10645
N:Q4VB86
Y:P10828
Y:A0A0C4DH64
Y:P10912
Y:P11021
Y:E9PKE3
Y:P10768
Y:P11150
Y:P11055
Y:P11086
N:P11245
Y:P11226
Y:P11230
Y:P11388
Y:P11464
Y:P11465
N:M0R2Z4
Y:P11509
Y:P11413
Y:P11766
Y:P11717
Y:P11712
Y:P11684
Y:F8VWX7
Y:F8VTV8
N:P11586
Y:P11511
Y:P11597
Y:P11801
Y:P11678
Y:P12314
Y:P12318
Y:P11844
Y:P12111
Y:B4E1C5
Y:P12277
Y:P12018
N:P12036
Y:P12236
Y:P12429
Y:P12645
Y:P13164
Y:P12644
N:H3BNI5
N:A0A0A0MSN4
Y:P12821
Y:P12643
Y:P12931
Y:P13473
Y:P13584
Y:P13521
Y:E7EPB6
Y:P13569
Y:P13533
Y:P13535
Y:P13598
Y:P13645
Y:P13646
Y:P13726
N:P14151
Y:P13765
Y:P14210
Y:P13945
Y:P13796
Y:P13929
Y:P14061
Y:P13807
N:K7EKX1
N:Q9TQE0
Y:X5D2U9
Y:P14598
Y:P15085
Y:E9PCX2
Y:P15121
Y:P14416
N:H3BQ34
Y:P15144
Y:P14672
N:C9JK18
Y:P14923
Y:P14780
Y:P15313
Y:P15309
Y:P15421
Y:P15428
Y:D6RFX5
Y:P15311
Y:P15538
Y:P15291
Y:P15559
Y:P15735
Y:P15927
N:P16109
Y:P15924
Y:P16083
Y:P16402
Y:P16219
Y:P16050
Y:P16144
Y:P16415
Y:A0A140T9Z6
Y:Q5TI73
Y:P16581
Y:P16860
Y:P16499
Y:P16671
Y:P17029
Y:B4DEE8
Y:E9PCP0
Y:P16520
Y:P16989
N:P16473
Y:P17022
Y:P17028
N:P17019
Y:P17039
Y:P17040
Y:P17655
Y:P17812
Y:P17677
Y:P17097
Y:P17516
Y:P17538
Y:P17535
Y:E9PDY4
Y:P18065
Y:P18564
Y:P18085
Y:P18505
Y:P18146
Y:F5H5R8
Y:P18206
Y:P17948
Y:P18283
Y:P18054
Y:P18074
Y:P18031
Y:P18428
Y:P17858
Y:A0A140T8Y4
Y:A0A140TA02
Y:P19087
Y:E9PHH3
Y:P19099
Y:F8VYN3
N:P19013
Y:P19075
Y:P19022
Y:F5GZ28
N:M0R0D2
Y:P19320
Y:P19878
Y:C9JMY5
Y:P19224
Y:P19338
Y:P19827
Y:P19652
Y:P19793
Y:P19823
Y:P19474
Y:P19438
Y:P20020
Y:P19784
N:A0A0A0MQR7
Y:P19526
Y:E7EM62
Y:P19440
Y:P19971
Y:P19532
Y:P20333
Y:P20800
Y:P20585
Y:P20810
Y:P20618
Y:P20594
Y:P20807
N:H3BN02
N:M0R2M0
Y:P20273
Y:P20591
Y:P20062
Y:P20851
Y:P20930
Y:P20929
Y:P20815
Y:F5H0K0
Y:P20813
Y:P20853
Y:P21266
Y:P21549
Y:P21580
Y:P21439
Y:P21399
Y:P21452
Y:P21695
N:P21217
Y:P21333
Y:P21912
Y:P21918
Y:P21728
Y:P22003
Y:P21854
Y:H7BXU9
Y:P21781
N:K7ER80
Y:P21731
N:A2A299
Y:E7EUU8
Y:E7ESK4
Y:P22033
Y:P22303
Y:P22680
Y:P22612
Y:P22891
Y:P22223
Y:P22079
N:A0A0A0MT64
Y:P22692
Y:P23490
Y:P23786
N:P23942
Y:E9PHG0
Y:P23276
Y:P23025
Y:P23219
Y:P22894
Y:P23560
Y:P23743
Y:P23946
Y:P23141
N:H3BRS0
N:H3BML6
N:M0QZ43
Y:P23526
Y:B1AHN3
Y:P23352
Y:P24539
Y:P24666
N:A0A0C4DH47
Y:P24592
N:G3V520
N:H3BRH7
Y:P24394
Y:P24855
Y:P24158
Y:P25067
Y:P25024
Y:P25025
Y:P25106
Y:P25929
Y:P25021
Y:P25116
Y:P25205
Y:E9PRV7
N:G3V317
Y:P25391
Y:P24903
N:A0A0R4J2E6
Y:P27540
Y:P27930
Y:G3XAK1
Y:P27816
Y:D6R9F8
Y:A2ABF4
Y:P28065
Y:P26012
Y:P27216
Y:P26885
N:P26718
Y:P27539
Y:P27635
Y:E9PHN6
N:P28908
Y:P28290
N:H0YNM5
Y:P28332
N:P28067
Y:P28222
Y:P28566
Y:P28329
Y:P28223
Y:P28715
Y:P28472
Y:P28370
Y:P29317
Y:P29120
Y:P29460
Y:P29279
Y:P29084
Y:P29475
Y:P29376
Y:P29372
Y:C9JQD8
Y:P30038
Y:P29973
Y:P29972
Y:P30048
Y:P30084
Y:P30291
Y:P30101
Y:P30305
Y:A0A140TA13
Y:A0A140TA11
Y:A0A140T9B3
Y:A0A0G2JIF0
Y:P30613
Y:P30531
Y:P30556
Y:C9JQC4
Y:P30511
Y:P30532
Y:P30926
Y:P30519
Y:P30953
Y:P30536
Y:P31512
Y:P31513
Y:P31277
Y:P31930
Y:P32298
Y:P31942
Y:P32239
Y:P31276
Y:P31371
Y:P31645
Y:P31152
Y:P31997
Y:P31391
Y:P31941
N:E9PHJ4
Y:P32004
N:P32189
Y:P32247
Y:P32456
Y:P33763
Y:P32418
Y:P33993
Y:P33991
Y:P33260
Y:P33261
Y:P32780
Y:A0A0B4J1R4
Y:P33316
Y:A0A0A0MS99
Y:P33527
Y:P32926
Y:P32927
Y:Q5JW71
Y:P35325
Y:P35222
Y:P35251
Y:G3XAM7
N:A0A0G2JIW1
Y:P35250
Y:P35030
Y:P34947
Y:P34969
Y:P34896
Y:P34130
Y:P34995
Y:P35354
Y:B5MCD3
Y:P35503
Y:P35368
Y:P35372
Y:J3KN89
Y:P35346
Y:P35499
Y:P35520
Y:P35573
Y:P35590
Y:P35568
Y:P35612
Y:P35611
Y:P35869
Y:F5H562
Y:F5H748
Y:P35749
Y:P35613
Y:P36222
Y:X6RJP6
Y:P36959
Y:P37268
Y:F8VR82
Y:P37088
Y:E7ER61
Y:P36957
Y:P37108
Y:P37059
Y:P36956
Y:P38117
Y:A0A0A0MTI0
Y:P40225
Y:E9PF25
Y:P40394
Y:P38646
Y:P40617
Y:P38405
Y:P40198
Y:P38484
Y:P39060
Y:E7ENK3
Y:P39086
Y:F8WCR1
N:P39900
Y:P40939
Y:P40692
Y:P41182
Y:P41226
Y:P41597
Y:P40879
Y:P41159
Y:P41587
Y:A0A0A0MSX9
Y:P41181
Y:P40818
Y:P41240
Y:P40763
Y:P41273
Y:P41235
Y:P41968
Y:P41225
Y:P41247
Y:P41732
Y:P42025
Y:D2KFR9
Y:P42081
Y:P42262
Y:P42330
Y:P42226
Y:P42229
Y:P42127
Y:P42684
Y:A8MVM1
Y:D6RB05
Y:P42681
Y:P42685
Y:P42575
Y:P42658
Y:P42679
N:X6RGM1
Y:P42773
Y:Q5SNW5
Y:P42898
Y:P42858
Y:P43005
Y:P43220
Y:P43268
Y:P43304
Y:P43405
Y:P43351
Y:Q6H2H3
Y:C9JJ34
Y:P43628
Y:P43657
Y:P43629
Y:P43630
Y:P43681
Y:P45877
Y:P45954
Y:P46013
Y:P45452
Y:P45381
Y:P46059
Y:P46098
Y:F5H359
Y:B0QYT4
Y:P46439
Y:P46379
N:C9JTF6
Y:P46663
Y:P46459
Y:P46597
Y:P46777
Y:P46937
Y:P46778
N:J3QR49
Y:P46779
N:P47804
Y:P46940
Y:P47871
Y:P47901
Y:P47888
Y:P47989
Y:P48047
Y:P48357
Y:P48201
Y:P48304
Y:P48052
Y:P48307
Y:P48454
Y:P48448
Y:E9PMR4
Y:P48549
Y:P48595
N:K7EPD9
Y:P48551
Y:P48552
Y:P48553
Y:P48745
Y:P48730
Y:P49137
Y:P49005
Y:P49019
Y:P49326
Y:P49279
Y:P49238
Y:P49335
N:P49454
Y:P49427
Y:P49736
Y:P49675
Y:P49662
Y:P49703
Y:P49674
Y:P49759
N:G3V2K7
Y:P49761
Y:P49792
Y:P49790
Y:P49796
Y:P49888
Y:P49908
Y:P49902
Y:P49821
Y:F8W7U8
Y:P49917
Y:P50135
Y:P50225
Y:P50226
Y:P50402
Y:P50479
Y:P50613
Y:E9PPV6
Y:P50553
Y:P50750
Y:P50616
Y:P50991
Y:P50914
Y:C9J4V0
Y:P51159
Y:P51172
Y:P51451
Y:P51170
Y:P51460
Y:B1AJV1
Y:P51511
Y:P51570
Y:P51508
Y:P51580
Y:P51582
Y:P51589
Y:P51610
Y:P51649
Y:P51681
Y:P51671
Y:P51686
Y:P51688
Y:C9J4I3
Y:P51689
Y:P51797
Y:P51801
Y:P51826
Y:P51813
Y:P51888
Y:P51946
Y:A2ID95
Y:P51955
Y:P52209
Y:P51959
Y:P52292
Y:P52701
Y:P52569
Y:P52597
Y:P52630
Y:P52742
Y:P52789
Y:P52788
Y:C9J1E1
Y:P53355
Y:P53420
Y:P53667
Y:P53634
Y:P53671
Y:P53672
Y:P53778
Y:P53999
Y:P54098
Y:P54105
N:H0YNU5
Y:P54132
Y:P54219
Y:C9JF76
Y:P54278
N:P54368
Y:P54652
Y:P54725
Y:F8WDG5
Y:Q96L35
Y:E9PG71
Y:P54829
Y:F5GYV0
N:P55017
Y:P55042
N:J3QKW7
Y:P55058
N:P55085
Y:P55211
Y:P55212
Y:P55289
Y:P55327
Y:P55317
Y:P56645
Y:P56705
Y:P56539
Y:P55809
Y:P56199
Y:F5GX45
Y:P56282
Y:P56945
Y:P55854
Y:P57054
Y:P57057
Y:P57058
Y:P55769
Y:P55957
Y:P58294
Y:P58753
Y:P57789
Y:P57082
Y:P57071
Y:P57727
Y:P59796
Y:P59942
Y:P60022
Y:G3V1X8
Y:P59538
N:M0R0L0
Y:P59282
Y:P59901
Y:P59991
Y:P60331
Y:P61812
Y:P62760
Y:P61927
Y:P62807
Y:P62906
Y:F2Z2L7
Y:P63000
Y:P62917
Y:P61106
Y:P62424
Y:P62753
Y:P62736
Y:P60660
Y:P62324
Y:P61803
N:G3V2V8
Y:P61956
Y:P60602
Y:P60370
Y:P60371
Y:P60372
Y:P69905
Y:P78324
Y:J3KQ66
Y:P78345
Y:P78417
Y:P78386
Y:P78368
Y:P78556
Y:P80108
Y:P81133
N:E9PKG6
Y:P79483
Y:P78539
Y:P98160
Y:P98095
Y:P84101
Y:B1APE2
Y:P99999
Y:B1ALR7
Y:Q00597
Y:P98168
Y:P98169
Y:P98172
Y:Q00013
Y:Q01459
Y:Q01518
Y:Q01082
Y:Q008S8
Y:Q01523
Y:B1AQK6
Y:Q00975
Y:Q00LT1
Y:Q01718
N:M0R0U8
Y:Q00887
Y:Q00888
Y:Q00889
Y:Q01094
Y:Q01113
Y:Q01534
Y:Q01740
Y:E7EVW1
Y:Q01955
Y:Q01831
Y:Q01804
Y:Q02045
Y:Q01860
Y:Q02223
Y:E7EVL8
Y:A0A0C4DFV7
Y:Q02413
Y:Q02487
Y:Q02386
Y:Q6NSD3
Y:Q03013
Y:Q03167
Y:Q03591
Y:Q03188
N:Q03001
Y:Q5QPC7
Y:Q03113
Y:Q02962
Y:Q03060
Y:Q03164
Y:Q03395
Y:Q03426
N:M0R1I2
Y:Q04721
Y:Q03701
N:Q04912
Y:Q03692
Y:Q04760
Y:Q03936
Y:Q05193
Y:Q04759
N:Q04118
Y:Q04726
Y:Q03923
Y:Q04725
Y:Q04941
Y:Q06278
Y:Q05655
Y:Q05707
Y:Q05932
Y:Q05329
Y:Q06055
N:J3KQU2
Y:Q06323
Y:Q05481
Y:Q07002
Y:Q8N0V5
Y:Q06643
Y:Q06416
Y:Q06418
Y:G3V1L9
Y:Q06546
Y:Q07869
Y:Q06787
Y:Q08211
Y:C9JH92
Y:G5E9C8
Y:Q07889
N:A0A499FJ16
Y:Q08828
Y:Q08648
Y:Q07960
N:H3BUV8
Y:Q08999
Y:Q08188
Y:F8WDX2
Y:Q08AI6
Y:Q08AI8
Y:F8W0M9
Y:Q09428
Y:Q09666
Y:Q0P6D6
Y:Q08AH3
Y:Q08ER8
N:Q09FC8
Y:Q0D2J5
Y:Q10471
Y:Q12834
Y:Q12805
Y:Q10588
Y:Q12864
Y:Q12872
Y:Q12802
Y:Q12873
Y:Q10589
Y:Q10981
Y:Q13007
Y:Q12904
Y:Q12923
Y:Q12950
Y:Q12962
N:Q12912
Y:Q12908
N:G3V444
Y:Q12888
Y:Q12965
N:M0QZW4
Y:Q13203
Y:Q13103
Y:Q13191
Y:Q13200
Y:Q13127
Y:Q13201
Y:Q13216
Y:Q13093
Y:Q13155
Y:Q13049
Y:Q13077
Y:Q13219
Y:Q13163
Y:Q13164
Y:Q13183
Y:Q13043
Y:Q13112
Y:D6REY1
Y:Q13310
Y:Q13275
Y:Q13316
Y:D6RAG5
Y:Q13255
Y:Q13322
Y:Q13243
Y:Q13336
Y:Q13263
Y:Q13323
Y:Q13395
Y:Q13415
Y:Q13444
Y:Q13461
Y:Q13416
Y:Q13426
Y:E7ETY2
Y:Q13454
Y:Q13370
N:E9PM12
Y:Q13438
Y:Q13394
Y:Q13421
Y:Q13472
Y:Q13562
Y:Q13557
Y:Q13563
Y:Q13501
Y:Q13576
Y:Q13490
Y:Q13492
Y:Q13574
Y:Q13520
Y:Q13530
Y:Q13495
Y:B1ALM3
Y:Q13835
N:P0DPH8
Y:Q13705
Y:Q13740
Y:Q14004
Y:Q13822
Y:Q13635
N:A0A0A0MTN0
Y:Q13976
Y:Q13702
N:Q13936
Y:Q13867
Y:Q14002
Y:Q13882
Y:Q13627
Y:Q14114
Y:Q14094
Y:Q14154
N:J3KSI6
Y:Q14126
Y:Q14088
Y:Q14192
Y:Q14188
Y:Q14264
Y:Q14315
Y:Q14207
Y:Q14186
N:H3BTI1
Y:Q14246
Y:Q14324
Y:Q5QPP1
Y:A0A0C4DFN2
Y:Q14566
Y:Q14527
Y:Q14331
Y:D6RCE4
Y:Q14517
Y:Q14511
Y:Q14520
Y:Q14444
Y:Q14542
Y:Q14533
N:Q14393
Y:Q14457
Y:Q14532
Y:Q14498
Y:Q14565
Y:C9J3I1
Y:Q14679
Y:Q14624
N:Q14654
Y:Q14584
Y:Q14739
Y:Q14814
Y:Q14994
N:A0A0A0MSC3
Y:Q6NSM0
N:B7ZLU9
Y:Q14832
Y:Q14978
N:A0A2U3TZM0
Y:Q14934
Y:Q14694
Y:E9PRF4
Y:Q14D33
Y:Q15118
Y:Q5SSZ2
Y:Q15050
Y:Q14C87
Y:Q14DG7
Y:Q15038
Y:Q15075
Y:Q15046
Y:Q15022
Y:Q15067
Y:Q149M9
Y:Q15165
Y:Q15166
Y:Q15329
Y:Q15389
Y:Q15257
Y:Q15361
Y:Q15397
Y:Q15131
Y:Q15155
Y:Q15323
Y:Q15269
Y:Q15466
Y:Q15468
Y:Q15399
Y:Q15582
N:A0A0X1KG73
N:H3BNH3
Y:Q15583
N:Q15517
Y:Q15654
Y:Q15672
Y:Q15633
Y:Q15751
Y:Q15661
Y:Q15768
Y:Q15788
Y:Q15776
Y:Q15825
Y:Q15937
Y:Q15911
Y:Q15785
N:A8CTZ0
Y:Q16206
Y:Q16222
Y:Q16610
Y:Q16236
Y:Q16589
Y:Q16558
Y:Q16572
Y:Q16584
Y:Q16254
Y:Q16478
N:M0QX68
Y:Q16666
Y:Q16769
Y:Q16772
Y:Q16654
Y:Q16620
Y:Q16633
Y:Q16665
Y:Q16619
Y:Q16787
Y:Q16696
Y:Q16647
Y:B9A067
Y:Q17RF5
Y:Q16819
Y:E9PNK6
Y:A0A0C4DFL7
Y:E9PNN2
N:A0A087WSY9
N:Q16822
Y:Q16853
N:F5H6L3
Y:Q16820
Y:Q1MX18
N:A0A0A0MS61
Y:Q2M2I8
Y:Q2M1Z3
Y:Q2KHR3
Y:Q2M1P5
Y:Q2KHT3
Y:Q2M296
Y:Q2KHM9
Y:Q2M2I3
Y:A0A140T986
Y:Q29983
Y:Q2M3M2
Y:Q2T9K0
Y:Q2M329
Y:F8WDH9
Y:Q2TAZ0
Y:Q2NL82
Y:Q2M3X9
Y:Q30154
Y:Q6B0J5
Y:Q30201
Y:Q32P28
Y:Q33E94
Y:Q32P41
Y:Q32MH5
Y:Q3KQV9
Y:Q3KNS1
Y:Q3MHD2
Y:Q3LI61
Y:E9PEI6
Y:Q3SXM5
N:Q3ZCV2
Y:Q3SYG4
Y:Q3YEC7
Y:A0A0A0MSS2
Y:Q495M3
Y:Q496J9
Y:Q495W5
Y:Q49A26
N:Q494X3
Y:Q4AC94
Y:Q4G0P3
Y:Q4G0X9
Y:Q4L180
Y:Q4L235
N:A0A0A0MSD0
Y:Q4KMQ2
Y:Q4VNC0
Y:B7WPN9
Y:Q4U2R8
Y:Q4ZG55
Y:Q52M93
Y:Q53ET0
Y:Q53EP0
Y:Q53FT3
Y:Q53G59
Y:Q53GI3
N:H3BVD5
Y:Q53R12
Y:F8WDD1
Y:Q53GS7
Y:Q53GQ0
Y:Q53HC0
Y:D6RD88
Y:Q53HC5
Y:Q53RE8
Y:Q53SZ7
Y:Q53TN4
Y:Q56P03
Y:Q5BVD1
Y:Q5DID0
Y:Q5FVE4
Y:Q5EBL8
Y:Q5GAN3
Y:Q5H9K5
Y:Q5H9L4
Y:Q5H9M0
Y:Q5HY92
Y:Q5HYK9
Y:Q5IJ48
Y:Q5JPE7
Y:Q5JPB2
Y:Q5JRA6
N:Q5JRX3
Y:Q5JRV8
Y:Q5JS13
Y:Q5JSH3
Y:Q5JSJ4
Y:Q5JST6
Y:Q5JT82
Y:Q5JU00
N:A0A1C7CYY1
Y:Q5JVL4
Y:Q5JU69
Y:Q5JX71
Y:Q5JY77
Y:Q5JYT7
Y:F8WC88
Y:Q5KU26
Y:Q5MAI5
Y:Q5MY95
Y:Q5NUL3
Y:Q5QJE6
Y:Q5R3K3
Y:Q6NVZ8
Y:E9PC85
N:Q5SNV9
Y:Q5SRE5
Y:Q5SRN2
Y:Q5ST30
Y:Q5SW79
Y:Q5SWA1
Y:Q5SXM1
Y:Q5SZD1
Y:Q5SZK8
Y:Q5T013
Y:Q5T089
Y:Q5SZL2
Y:Q5T0L3
Y:Q5T124
Y:Q5T1B0
Y:Q5T160
Y:F6XC58
Y:Q5T1H1
Y:Q5T1N1
Y:Q5T3J3
Y:Q5T4F7
Y:Q5T4H9
Y:Q5T4D3
Y:E9PLG3
N:Q5T5U3
Y:Q5T653
Y:Q5T6F2
Y:Q5T751
Y:A0A0A0MRN1
Y:Q5T8A7
Y:Q5T8D3
Y:Q5T9L3
Y:Q5TBC7
Y:Q5TCH5
Y:Q5TC84
N:A0A0C4DFX2
Y:Q5TCX8
Y:Q5TCZ1
Y:Q5TF39
N:H3BV43
Y:Q5TG30
Y:Q5TIE3
Y:Q5TZ20
Y:Q5U5Q3
Y:F6U0I4
Y:H9KV53
Y:Q5U649
Y:Q5VST6
Y:Q5VST9
Y:Q5VT66
Y:Q5VTQ0
Y:Q5VTY9
N:Q5VU43
Y:A0A0A0MQY7
Y:Q5VUB5
Y:Q5VV41
Y:Q5VWK5
Y:Q5VY09
Y:Q5VV43
Y:Q5VWP3
Y:Q5VWX1
Y:Q5VY80
Y:Q5VW38
Y:Q5VWC8
Y:Q5VWJ9
Y:E7EVG6
Y:Q5VWN6
Y:Q5XPI4
Y:Q5VZK9
N:Q5VZ89
Y:Q5VYY1
Y:Q5W0A0
Y:Q5W0Q7
N:J3QLH9
Y:Q5XX13
Y:Q658P3
Y:Q676U5
Y:D6RG24
Y:Q685J3
Y:Q658Y4
Y:Q68BL7
N:Q66PJ3
Y:Q658N2
Y:Q68DN1
Y:Q695T7
Y:Q69YN4
Y:Q68D10
N:H3BPF5
N:A0A2U3TZI5
Y:Q68DY1
Y:Q6AWC2
Y:Q6AZY7
Y:Q9UII6
Y:Q6AZZ1
Y:Q6GPH4
Y:Q6IAA8
Y:Q6IEV9
Y:Q6IF82
N:A0A499FJ85
Y:Q6IA86
Y:Q6IC98
Y:Q6ICG8
Y:C9J695
Y:Q6N022
Y:Q6JQN1
Y:Q6NT32
Y:Q6NSJ5
Y:Q6NXT6
Y:Q6NZ63
Y:Q6NXG1
Y:Q6NXT2
Y:Q6NUN0
N:A0A0A0MS91
N:Q6NY19
N:A0A087WZI3
N:Q6P3S1
Y:Q6P1S2
Y:Q6P4H8
Y:Q6P1Q9
Y:Q6P3R8
N:I3L0J9
Y:Q6P2Q9
Y:Q6P1L6
Y:Q6P9F7
Y:Q6PI26
Y:D6R923
Y:F6VN83
Y:Q6PHW0
Y:Q6P5Z2
Y:Q6PF06
Y:Q6PGQ7
Y:Q6PCD5
Y:Q6P9A1
N:M0QX19
Y:Q6PF04
Y:Q6PG37
N:B5ME96
N:Q6PB30
Y:A0A0A0MTJ9
Y:Q6PIZ9
Y:Q6Q8B3
Y:Q6PID8
Y:Q6PIU1
Y:Q6PL18
Y:Q6R6M4
Y:Q6PJP8
Y:Q6Q788
Y:Q6SA08
Y:Q6PK18
Y:Q6UWR7
Y:Q6UVY6
Y:Q6STE5
Y:Q6UE05
Y:Q6UUV7
Y:Q6T4P5
Y:Q6UUV9
Y:Q6UWL6
Y:Q6UWP8
N:A0A0A0MR61
Y:Q6UXI7
Y:Q6UWZ7
Y:Q6V702
Y:Q6UX41
Y:Q6UXA7
Y:Q6UX07
Y:Q6UXG3
Y:Q6UXH1
Y:A0A0A0MRN7
Y:Q6Y7W6
Y:Q6ZMS7
Y:Q6WKZ4
Y:Q6ZMJ2
Y:Q6YBV0
Y:Q6XYQ8
Y:Q6X784
N:Q6XZB0
N:Q6ZP01
Y:Q6ZN79
Y:Q6ZMZ3
Y:Q6ZMV8
Y:Q6ZN11
Y:Q6ZN55
N:E9PNW5
Y:Q6ZT07
Y:Q6ZRQ5
Y:Q6ZRS4
Y:Q6ZU65
Y:Q6ZU80
Y:Q6ZVZ8
Y:Q6ZW61
Y:Q6ZWB6
N:Q6ZV29
Y:Q71DI3
Y:Q70CQ2
Y:Q76L83
Y:D6RC01
Y:Q71UI9
Y:Q76EJ3
Y:Q711Q0
Y:Q71RS6
Y:Q75N90
Y:Q7L0Q8
Y:Q7L1W4
Y:Q7LBE3
Y:Q7L014
Y:Q7L3B6
N:B0QZG3
Y:Q7L4E1
Y:Q7L4I2
N:Q76MJ5
Y:Q7L3S4
Y:Q7L7X3
N:A0A3F2YNX7
Y:Q7RTX0
Y:Q7RTV2
Y:Q7RTT9
Y:E7ER77
Y:Q7RTN6
N:F5H049
Y:Q7Z3Z2
Y:Q7Z408
N:A0A2Q3DP09
Y:Q7Z3K6
Y:Q7Z3T8
Y:Q7Z333
Y:Q7Z3Z4
N:H3BTW5
N:A1L2Z2
Y:Q7Z410
Y:Q7Z478
Y:Q7Z4G4
Y:Q7Z4H3
Y:Q7Z4H9
Y:Q7Z429
Y:Q7Z4H7
Y:Q7Z418
Y:Q7Z5H3
Y:Q7Z4H8
N:Q7Z5H5
Y:Q7Z5L9
Y:Q7Z5Y6
N:X6R631
Y:Q7Z7A4
Y:Q7Z5Q5
Y:Q7Z7G1
Y:Q7Z6J8
Y:Q7Z695
Y:Q7Z7G8
Y:Q7Z6M1
Y:Q7Z7A1
N:A0A384DVK4
Y:Q7Z5M5
Y:Q7Z6W7
Y:Q86SG5
Y:B5MCJ2
Y:Q86TI0
Y:Q86SQ4
Y:Q86TU7
Y:Q86TX2
Y:Q86TY3
N:G3V3A5
Y:Q7Z7L1
Y:Q86SJ6
Y:Q7Z7M8
Y:Q86UC2
N:A0A0A0MT16
N:Q86UR1
Y:Q86UT8
Y:Q86U17
Y:Q86US8
Y:Q86UD4
Y:Q86UE3
Y:Q86VI3
Y:Q86VH2
Y:Q86VF7
Y:Q86UY8
Y:Q86VP6
Y:Q86VM9
Y:Q86VD7
Y:Q86W10
Y:Q86WJ1
Y:F8WFB2
Y:Q86VV4
Y:Q5VYB9
Y:Q86VZ4
Y:Q86WB7
Y:Q86VY4
Y:Q86WR7
Y:Q86W47
Y:Q86WH2
Y:Q86WD7
Y:Q86WA9
Y:Q86VV8
Y:Q86Y07
N:Q86XX4
Y:Q86Y25
Y:Q86XT4
Y:Q86XE0
Y:Q86XP1
Y:Q86WU2
Y:Q86XM0
Y:Q86XR2
Y:Q86X51
Y:F5GWU3
Y:Q86YA3
Y:Q86YN6
Y:Q86YJ5
Y:Q86Y26
Y:Q86YC2
Y:Q86YR6
Y:J3KP92
Y:Q8IUH2
Y:Q86YW9
Y:Q86Z14
Y:Q8HWS3
Y:Q8IUS5
Y:Q8IUR6
Y:Q8IVD9
Y:Q8IUX1
Y:Q8IVF2
Y:Q8IV63
Y:Q8IUX4
Y:Q8IUX8
Y:Q8IV76
Y:Q8IWJ2
N:Q8IWA4
Y:Q8IWE2
Y:Q8IVF5
Y:Q8IVF6
N:Q8IWL1
Y:Q8IW41
N:Q8IW45
Y:Q8IWI9
Y:Q8IVT2
Y:Q8IWD4
Y:Q8IWZ5
Y:A0A0A0MQZ8
Y:Q8IWT3
Y:Q8IWU9
Y:Q8IWL8
Y:Q8IXA5
Y:Q8IXB3
Y:Q8IWX8
Y:Q8IX19
Y:Q8IXX5
Y:Q8IXS0
Y:Q8IY47
Y:Q8IXZ2
Y:Q8IY26
Y:Q8IXM7
Y:Q8IY92
Y:Q8IY85
N:Q8IXJ9
Y:Q8IYB3
Y:Q8IYL3
Y:F8WBE0
Y:Q8IYA6
Y:Q8IYL2
Y:Q8IYM0
Y:Q8IYD8
Y:Q8IYI0
Y:Q8IYD1
Y:Q8IYT1
Y:Q8IYS0
Y:Q8IYU2
Y:Q5VTS2
Y:Q5VZT6
Y:Q8IYX7
Y:Q8IZ41
Y:Q8IYU8
Y:Q8IZT6
Y:Q8IZQ1
Y:Q8IZN3
Y:Q8IZS6
Y:Q8IZL9
Y:Q8IZJ1
Y:Q8IZP0
N:Q8IZJ3
Y:E9PH21
Y:Q8N0S6
Y:Q8N0U2
Y:Q8N0V4
Y:Q8N0U4
Y:Q8N130
Y:Q8N119
Y:Q8N0Y7
Y:Q8N283
Y:Q8N1C3
Y:Q8N1W1
Y:Q8N1K5
Y:Q8N148
Y:Q8N1Q1
Y:Q8N146
Y:Q8N162
Y:Q8N1M1
Y:Q8N149
Y:Q8N1G1
Y:Q8N349
Y:Q8N2C7
Y:Q8N3I7
N:Q8N398
N:V9GYS8
Y:Q8N302
Y:Q8N3K9
Y:Q8N392
Y:J3KQJ9
Y:Q8N2F6
Y:Q8N3G9
Y:Q8N2Y8
Y:Q8N2G6
Y:Q8N2H3
Y:A0A0A0MTD6
Y:Q8N3D4
Y:Q8N2A8
Y:Q8N344
Y:Q8N412
Y:Q8N442
Y:Q8N485
Y:Q8N3L3
Y:Q8N3Y3
Y:Q8N4A0
Y:Q8N461
Y:Q8N4F7
Y:Q8N568
Y:Q8N5D6
Y:Q8N5C7
Y:Q8N4W9
Y:Q8N608
Y:Q8N5G0
Y:Q8N5Y2
Y:Q8N628
Y:A0A1P0AZG4
Y:Q8N695
Y:E9PS85
Y:Q8N6K7
Y:Q8N6H7
Y:Q8N6N2
N:A0A0B4J1R5
Y:Q8N6T3
Y:Q8N7M2
Y:Q8N7E2
Y:Q8N815
Y:Q8N823
Y:Q8N8J7
Y:Q8N8D7
Y:Q8N8R7
Y:Q8N9B4
Y:Q8N999
Y:G8JLG8
Y:Q8N9V3
Y:Q8N9N8
Y:Q8N9L9
N:Q8N9T8
Y:Q8N9V6
N:A0A338VFP5
Y:Q8N9Z0
Y:Q8NA82
Y:Q8NAT2
Y:F8WEW4
Y:Q8NBL1
Y:Q8NBP7
Y:Q8NBQ7
Y:Q8NC24
Y:Q8NBV4
Y:Q8NC96
Y:Q8NCK7
Y:Q8NCR6
Y:Q8NCR9
Y:H7BY22
Y:Q8NCX0
Y:Q8ND61
Y:Q8NDB2
Y:Q8NDH2
Y:Q8NDW4
Y:Q8NDN9
Y:Q8NDY8
Y:Q8NDZ2
Y:Q8NE63
Y:Q8NEF3
Y:Q8NEE6
Y:Q8NEE8
Y:Q8NEH6
Y:Q8NEN0
Y:Q8NEM1
Y:Q8NER1
Y:Q8NEP9
Y:Q8NER5
Y:Q8NEV8
Y:Q8NEY1
Y:Q8NEZ2
Y:Q8NFA0
N:A0A3F2YNW7
Y:Q8NFU0
Y:Q8NFT8
Y:Q8NG06
Y:Q8NG08
N:E9PPJ1
Y:Q8NG31
Y:Q8NG57
Y:Q8NG97
Y:Q8NG98
Y:Q8NGD4
Y:Q8NGD5
Y:Q8NGE0
Y:Q8NGG0
Y:Q8NGH7
Y:Q8NGI7
N:A0A126GWQ6
Y:Q8NGJ7
Y:Q8NGK6
Y:Q8NGL0
Y:Q8NGM9
Y:Q8NGN3
Y:Q8NGN4
Y:Q8NGP0
Y:Q8NGQ3
Y:Q8NGQ5
Y:A0A0C4DFP2
Y:Q8NGR5
Y:Q8NGS8
Y:Q8NGV5
Y:Q8NGX1
Y:A0A0C4DFU5
Y:Q8NGZ4
Y:Q8NGZ5
Y:Q8NH00
Y:Q8NH04
Y:Q8NH48
Y:Q8NH43
Y:Q8NH49
Y:Q8NH53
Y:Q8NH69
Y:Q8NH70
Y:Q8NH87
Y:Q8NHC8
N:C9JST2
Y:Q8NHJ6
N:A8MVE2
Y:Q8NHQ1
Y:E7EX41
N:A0A0X1KG69
Y:Q8NI35
Y:Q8TAA9
Y:Q8NHS4
Y:Q8NHW6
Y:Q8TAT5
N:A0A0A0MTB8
Y:Q8NHY5
Y:Q8TAE6
Y:Q8TA86
Y:Q8TAQ9
Y:Q8NHU6
Y:Q8NHX9
Y:Q8NHU2
Y:Q8TAY7
Y:Q8TBC4
Y:Q8TBJ5
Y:Q8TB68
Y:Q8TBP6
Y:Q8TBZ9
Y:Q8TBF4
Y:Q8TBX8
Y:Q8TBE0
Y:Q8TB22
Y:Q8TBC3
Y:Q8TBH0
Y:Q8TCX1
Y:Q8TCW7
Y:E7EVV3
Y:Q8TC56
Y:Q8TD17
Y:Q8TCC7
Y:Q8TCT8
Y:Q8TC99
Y:Q8TC36
Y:Q8TCT9
Y:Q8TDC0
Y:Q8TD31
Y:Q8TDS4
Y:Q8TDJ6
Y:Q8TD23
Y:Q8TDF6
Y:Q8TD35
N:J3KTL9
Y:Q8TD90
Y:Q8TDW4
Y:Q8TE23
Y:Q5TED7
Y:Q8TDZ2
Y:Q8TDX9
Y:Q8TE56
Y:Q8TE02
Y:Q8TDV5
Y:Q8TEW8
Y:Q8TEM1
Y:Q8TF40
Y:Q8TEW0
N:H3BMW3
Y:Q8TET4
Y:Q8TF30
Y:Q7Z4M1
Y:Q8TEP8
N:J3KSS1
Y:Q8WU90
N:A0A2U3TZT9
Y:Q8TF71
Y:Q8WTQ1
Y:Q8WTT2
Y:Q8WTU0
Y:Q8WU03
Y:Q8WUA8
Y:Q8WTV0
Y:Q8WUD1
N:H0YMJ6
Y:Q8WUJ3
Y:Q8TF76
Y:Q8WU67
Y:Q8TF50
Y:Q8WW32
Y:Q8WW52
Y:Q8WVK2
Y:C9IZF9
Y:Q8WUM4
Y:Q8WUY9
Y:Q8WVM0
Y:Q8WUY1
Y:Q8WUY3
Y:Q8WVE0
Y:Q8WV16
N:J3QKL0
N:K7ESP4
Y:Q8WVP5
Y:Q8WVV4
Y:Q8WWA0
Y:Q8WWB7
N:Q8WX93
Y:Q8WWH4
Y:Q8WWK9
Y:Q8WXD2
Y:Q8WWX8
Y:Q8WWZ7
Y:Q8WWW8
Y:Q8WXI9
Y:Q8WXR4
Y:Q8WXG6
Y:Q8WXH2
Y:Q8WXH4
Y:Q8WXH6
Y:Q8WXX0
Y:Q8WY36
Y:Q8WY41
Y:Q8WYA1
Y:Q8WYK2
N:Q8WYP3
Y:Q8WZA1
Y:Q8WZ84
Y:Q92466
Y:Q92521
Y:Q92523
Y:Q92540
Y:Q92600
Y:Q92576
Y:Q92556
Y:Q92621
Y:Q92636
Y:Q92616
Y:Q92730
Y:Q92696
Y:Q92583
Y:Q92752
Y:Q92806
Y:Q92870
Y:E7ESD9
Y:Q92759
Y:Q92769
Y:Q92802
Y:Q92843
Y:Q92859
Y:Q93033
Y:Q93038
Y:Q92902
Y:Q92934
Y:Q92985
Y:Q92911
Y:Q95460
Y:Q93088
Y:Q969J2
Y:Q969N4
Y:Q969P5
Y:Q969P6
N:Q93070
Y:Q969Q4
Y:Q969Q0
Y:Q93100
Y:F8WBL1
Y:Q969S8
Y:Q969F0
Y:Q969Z3
Y:Q96AQ9
Y:Q96A26
Y:Q969V1
Y:Q969Z4
Y:Q96AD5
N:G3V2F0
Y:Q96A99
N:I3L4D1
N:Q96BJ8
Y:Q96AX2
Y:Q96B36
Y:Q96B97
Y:Q96BR6
Y:C9JVZ3
Y:Q96C45
Y:Q96BQ5
Y:Q96C00
Y:Q96C92
N:Q96CV9
Y:Q96C86
Y:Q96CU9
Y:Q96C03
Y:Q96C34
Y:E9PF16
Y:Q96CM8
Y:Q96CK0
Y:Q96E22
N:A0A0C4DFR0
Y:Q96D59
Y:Q96DN2
N:M0R0F4
Y:Q96DZ5
Y:F8WEF8
Y:Q96DU9
Y:Q96F25
Y:Q96F81
Y:Q96EY7
Y:E9PD70
Y:J3KNG2
Y:Q96EV8
Y:Q96FX8
Y:Q96EP1
Y:F5H079
Y:Q96EY8
Y:F5GYY1
Y:Q96FC9
Y:A8MVZ6
Y:Q96FX7
Y:Q96FE5
Y:Q96FI4
Y:Q96G04
Y:A0A0A6YYB9
Y:Q96FV2
Y:Q96EN8
Y:A0A044PY82
Y:Q96F46
Y:Q96GM8
Y:Q96GK7
N:U3KQU8
Y:Q96HC4
Y:A0A0A6YYJ8
Y:Q96HA7
Y:Q96GX5
Y:F5GZH8
Y:Q96GX9
Y:Q96GR2
Y:Q96GD4
Y:Q96GE5
Y:Q96HQ0
Y:Q96G61
Y:Q96I15
N:C9J255
Y:Q96IP4
Y:Q96IZ2
Y:Q96HY7
Y:Q96I82
Y:Q96IZ0
Y:Q96J94
Y:E7EVH7
Y:Q96J65
Y:F2Z3I2
Y:Q96IZ5
N:A0A0A6YYA3
Y:Q96JP5
Y:Q96K12
Y:Q96JM3
Y:Q96JI7
Y:Q96K21
Y:Q96JG9
N:H3BVI1
Y:Q96LA5
Y:Q96KT7
Y:Q96L12
Y:Q96LY2
N:B5MC85
Y:S4R404
Y:Q96LP2
Y:Q96LW9
Y:Q96M86
Y:Q96LP6
Y:Q96M29
Y:F2Z2K5
Y:Q96N87
Y:Q96MG8
Y:Q96MF6
N:F8W1Q8
Y:Q96MT3
Y:Q96MY7
N:Q96MI9
N:A0A0A0MSW5
Y:Q96MG2
Y:Q96N22
Y:Q96N38
N:Q96N58
Y:Q96ND8
Y:Q5THT1
Y:Q96NJ5
Y:Q96P44
N:F5GZK2
Y:Q96NZ9
Y:Q96NY9
Y:Q96PE2
Y:Q96NZ1
Y:Q96P63
Y:Q96NJ3
Y:Q96P09
Y:Q96P71
Y:Q96PN8
Y:Q96PX1
Y:Q96PU5
Y:Q96PQ1
Y:Q96PF2
Y:Q96PV4
Y:Q96Q89
Y:Q96QV1
Y:Q96RI8
Y:Q96RJ0
Y:Q96R08
Y:Q96RK4
Y:Q96RI0
Y:Q96RT1
Y:Q96RL7
Y:Q96RP8
Y:Q96RQ9
Y:Q96RU7
Y:Q96SF7
Y:Q96SU4
Y:Q96SB4
Y:Q96T54
Y:Q96T55
Y:Q96SZ5
Y:Q96T76
Y:Q96S37
Y:Q96T92
Y:Q96SI1
Y:Q96SK3
N:K7EQM0
Y:Q96T60
Y:Q5JZ02
Y:Q96S44
Y:Q99062
Y:Q99497
Y:Q99518
Y:Q99523
Y:Q99259
Y:E7EW47
Y:Q99466
Y:Q99445
Y:Q99542
Y:F5H1M6
Y:Q99567
N:A0A0A0MTN7
Y:Q99665
Y:Q99707
Y:Q99650
Y:Q99683
Y:F5H8A2
Y:F5H492
Y:Q99638
N:I3L3P0
Y:Q99640
Y:Q99708
N:Q99706
Y:A6ZJ87
Y:Q99705
Y:Q99972
Y:C9IYG1
Y:Q99743
Y:Q99801
Y:Q99932
Y:Q99959
Y:Q99797
N:A0A0A0MR73
Y:Q99741
Y:Q99759
Y:Q99856
Y:Q99873
Y:Q9BQI5
Y:Q9BPW9
Y:Q99985
Y:Q99996
Y:E9PL67
Y:Q9BPW8
Y:Q9BQE5
Y:Q9BRK3
Y:Q9BS91
Y:Q9BRR0
Y:Q9BRT8
Y:Q9BRD0
Y:Q9BRP4
Y:Q9BRB3
Y:Q9BRF8
Y:Q9BSA4
Y:Q9BS31
Y:Q9BTX1
Y:Q9BU19
Y:Q9BU20
Y:Q9BSE4
Y:Q9BSJ2
Y:Q9BT22
Y:Q9BTX3
Y:Q9BSK4
Y:Q9BTC0
N:A0A499FJN1
N:A0A499FIS5
Y:E9PHH9
Y:Q9BV19
Y:Q9BUL8
Y:Q9BUA6
Y:Q9BU70
Y:Q9BUY7
Y:Q9BVG8
Y:Q9BUZ4
Y:Q9BUJ2
N:A0A0A0MQU0
Y:Q9BVL4
Y:Q9BVJ6
Y:Q9BVN2
Y:Q9BW04
Y:Q9BW19
Y:Q9BWD1
Y:Q9BWV7
Y:Q9BVM2
Y:Q9BX59
Y:Q9BX79
Y:Q9BW71
Y:Q9BWN1
N:Q9BX63
Y:A2A341
Y:Q9BXB7
Y:Q9BXA7
Y:Q9BXJ0
N:H3BRL0
Y:Q9BXJ1
Y:Q9BXR5
Y:Q9BXT8
Y:Q9BXT6
Y:Q9BXW9
Y:Q9BY44
Y:Q9BY11
Y:Q9BY10
N:Q9BY14
N:M0R369
Y:Q9BY76
Y:A2A2L6
Y:Q9BYC2
N:A0A0X1KG76
Y:Q9BYG3
Y:Q9BYG7
Y:Q9BYF1
Y:Q9BYQ2
Y:Q9BYQ7
N:Q9BYR0
Y:Q9BYR2
Y:Q9BYR5
Y:Q9BYV7
Y:Q9BYZ2
Y:Q9BZ11
Y:Q9BYW1
Y:Q9BZ95
Y:Q9BZD2
N:Q9BZ29
Y:Q9BZC1
Y:Q9BZ19
Y:Q9BZ23
N:Q9BZA8
N:J3QLK7
Y:Q9BZJ7
Y:Q9BZJ3
Y:Q9BZV3
Y:Q9BZW2
Y:Q9BZZ5
Y:Q9BZZ2
Y:Q9C029
Y:Q9C009
Y:Q9C035
Y:Q9C075
Y:Q9C0D5
Y:Q9GZL7
N:K7ERP1
Y:Q9GZP7
Y:Q9GZR5
Y:Q9GZV3
Y:Q9GZV9
Y:Q9GZX7
Y:Q9GZX5
Y:Q9GZZ0
Y:Q9H089
Y:Q9H015
Y:Q9H0A0
Y:Q9H0D6
Y:Q9H0I9
Y:Q9H0K1
Y:Q9H0K4
Y:Q9H0N0
Y:Q9H0M0
N:A0A1X7SBT1
Y:A0A0C4DFW8
Y:Q9H1E3
Y:Q9H1H9
Y:Q9H1I8
Y:Q9H1P6
Y:Q9H210
Y:Q9H211
Y:Q9H221
Y:Q9H2A2
Y:Q9H2E6
Y:Q9H2U1
Y:Q9H2V7
Y:Q9H300
N:H7BXX9
Y:Q9H2X6
N:A0A0A0MQW6
Y:J3KNW2
Y:Q9H320
Y:Q9H321
Y:Q9H341
Y:A0A0C4DFX9
Y:Q9H3J6
Y:Q9H3U5
Y:Q9H3S3
Y:Q9H3Y6
Y:Q9H422
Y:Q9H4B4
Y:Q9H4B0
N:Q9H4A9
Y:Q9H4B7
Y:Q9H4L7
Y:Q9H4Z2
Y:Q9H5H4
Y:Q9H5Q4
Y:Q9H649
Y:Q9H633
Y:Q9H694
Y:Q9H611
N:Q9H6T0
Y:Q9H706
Y:Q9H799
Y:Q9H7B2
Y:Q9H7D0
Y:Q9H7H0
Y:Q9H7U1
N:Q9H7R5
Y:Q9H869
Y:Q9H875
Y:A0A075B6H4
Y:Q9H8E8
Y:Q9H8X9
Y:Q9H967
Y:Q9H993
Y:Q9H9A6
Y:A0A0A0MSU3
N:H3BMV9
Y:Q9H9F9
Y:Q9H9V9
Y:G5E9Q8
Y:Q9H9P8
Y:Q9H9Y2
Y:Q9H9Y6
Y:Q9HA82
Y:Q9HAD4
Y:Q9HAP2
Y:C9JWZ7
Y:Q9HAS3
Y:Q9HAT2
Y:Q9HAW8
Y:Q9HB96
Y:Q9HBH7
Y:Q9HBK9
Y:Q9HC44
Y:Q9HBV1
Y:Q9HBV2
Y:Q9HBU1
Y:F5H1S4
Y:Q9HC29
N:Q9HBT7
Y:Q9HC36
Y:Q9HCH3
N:Q9HCF6
Y:Q9HC84
N:M0R285
Y:Q9HC58
Y:Q9HCU4
Y:Q9HCR9
Y:Q9HCQ7
Y:Q9HCP0
Y:Q9HCZ1
Y:Q9NP59
Y:Q9NP70
Y:Q9HDC5
Y:Q9NP72
Y:Q9NP86
N:D3YTF8
Y:Q9NPA1
Y:Q9NPH3
Y:Q9NP95
Y:Q9NPG1
Y:Q9NPI8
Y:Q9NP94
Y:Q9NP97
Y:Q9NTW7
Y:Q9NPJ1
Y:Q9NQ86
Y:Q9NQE9
Y:Q9NQ36
Y:Q9NQ55
Y:Q9NQR9
Y:Q9NQR4
Y:Q9NQV7
Y:Q9NQW6
Y:Q9NQW8
Y:Q9NQN1
Y:Q9NQW1
Y:Q9NQS5
Y:Q9NQX4
Y:Q9NR55
Y:Q9NRA2
Y:Q9NRB3
Y:Q9NR71
Y:Q9NR20
Y:Q9NRD1
Y:C4P093
Y:Q9NRD0
Y:Q9NRM0
Y:Q9NRF9
Y:F8VUB6
Y:Q9NRF2
Y:Q9NS23
Y:Q9NS56
Y:Q9NS93
Y:Q9NS62
Y:Q9NSD9
Y:Q9NS98
Y:Q9NT68
Y:A6NCG2
Y:Q9NSB2
Y:Q9NSB4
Y:Q9NTJ4
Y:Q9NSC2
Y:Q9NST1
Y:Q9NTQ9
Y:Q9NU39
Y:Q9NUQ8
Y:Q9NU22
Y:E5RJK7
N:Q9NU63
N:A0A3F2YP66
N:B7Z7M5
Y:Q9NUQ2
Y:Q9NVH1
Y:Q9NVH2
Y:Q9NVI7
Y:Q9NVQ4
Y:Q9NVU7
Y:Q9NVG8
Y:Q9NVV4
N:H3BT54
N:H3BP25
Y:Q9NVS9
Y:Q9NV72
Y:Q9NW15
Y:F8VW24
Y:A0A0R4J2F4
Y:Q9NWQ4
Y:F5H5Y1
Y:Q9NWM3
Y:Q9NW81
Y:Q9NX00
Y:Q9NX02
Y:Q9NX58
Y:Q9NX24
Y:Q9NXB9
Y:Q9NXJ0
Y:Q9NY28
Y:Q9NXK6
Y:Q9NX65
Y:Q9NY46
N:Q9NYI0
Y:Q9NY65
N:Q9NY87
Y:Q9NYQ8
Y:Q9NYL5
N:K7ELF7
Y:E7ETB0
Y:Q9NZ56
Y:Q9NYW4
Y:Q9NYW1
Y:Q9NYZ1
Y:Q9NZ71
N:Q9NYZ3
Y:Q9NZ94
Y:Q9NZI7
Y:Q9NZL9
Y:Q9NZC2
Y:Q9NZC4
Y:Q9NZL3
Y:Q9NZT1
Y:Q9NZP0
Y:Q9P035
N:Q9P1A6
Y:Q9P0W0
Y:Q9P0K8
Y:Q9P0U3
Y:Q9P0X4
Y:Q9P206
Y:Q9P217
Y:Q9P242
Y:Q9P225
Y:Q9P1W9
Y:Q9P267
Y:Q9P2B7
Y:Q9P2D0
Y:Q9P266
Y:Q9P287
Y:Q9P265
Y:Q9P2J2
Y:Q9P2K3
Y:Q9P2G9
N:Q9P2D8
Y:Q9P2E3
N:Q9P2N6
Y:Q5CZB7
Y:Q9P2M4
Y:Q9P2P1
Y:Q9P2T1
Y:Q9P2Y4
Y:Q9P2P6
Y:Q9P2U7
Y:Q9UBC9
Y:Q9UBH6
Y:Q9UBK8
Y:Q9UBD5
N:Q9UBN6
Y:Q9UBC0
Y:Q9UBR2
Y:Q9UBN7
Y:Q9UBZ9
Y:Q9UBT6
Y:C9JZG6
Y:Q9UBS5
Y:B4DXK0
Y:Q5JTQ6
Y:Q9UBT7
Y:Q9UBX5
Y:Q9UBT2
Y:Q9UDW1
Y:Q9UEW3
Y:Q9UGI9
Y:Q9UFB7
Y:Q9UEE5
Y:Q9UFN0
Y:Q9UEG4
Y:K7EK91
N:Q9UFH2
Y:Q9UGM6
Y:Q9UGM3
Y:Q9UGN5
Y:Q9UGT4
Y:Q9UGU0
Y:B0QYD3
Y:Q9UH99
Y:Q9UHC3
Y:Q9UHC7
Y:Q9UHC9
Y:Q9UHF7
N:G3V419
Y:Q9UHD8
Y:Q9UI26
Y:Q9UHL9
Y:Q9UI42
Y:Q9UHL4
Y:Q9UI46
Y:Q9UHM6
N:Q9UHW9
Y:Q9UHJ6
Y:Q9UHN1
Y:Q9UHV2
Y:Q9UIF7
Y:Q9UJ71
Y:Q9UIQ6
Y:Q9UIG4
Y:Q9UIA9
Y:Q9UK00
Y:C9JUF8
Y:Q9UJZ1
N:H3BRG3
Y:Q9UJU3
Y:Q9UJQ1
Y:Q9UKA8
N:Q9UK61
Y:Q9UKK9
Y:Q9UK55
Y:Q9UKJ3
Y:Q9UKM9
Y:Q9UKW4
Y:A6NG31
Y:Q9UKY0
N:A0A0R4J2G7
Y:Q9ULB1
Y:Q9ULC3
Y:Q9ULD0
N:H3BTZ1
Y:Q9UL51
Y:Q9ULC4
Y:Q9ULE0
Y:Q9ULJ1
Y:Q9ULH0
Y:F6VD24
Y:Q5SYW2
N:F5H2X7
Y:Q9ULT8
Y:Q9ULG6
Y:Q9ULL4
Y:Q9ULL8
Y:Q9UM07
Y:D6RA92
N:G3V2L0
Y:Q9UNK4
Y:Q9UNE0
Y:Q9UNQ0
Y:Q9UMX9
Y:Q9UN66
N:A0A087WSW8
Y:Q9UN74
Y:Q9UMR5
Y:Q9UMX1
N:Q9UMZ3
N:G3V5S0
Y:Q9UND3
Y:Q9UNF0
Y:C9JFR9
Y:Q9UP38
Y:Q9UP52
Y:Q9UP65
Y:A8MPY5
Y:Q9UPR3
Y:Q9UPQ3
Y:Q9UPZ6
Y:Q9UQ07
Y:Q5T399
Y:Q9UQ84
Y:E7ESP2
Y:Q9UQC2
N:A0A2U3TZH1
Y:Q9UQV4
Y:Q9UQF0
Y:Q9Y226
Y:Q9Y231
Y:Q9Y232
N:A0A3F2YP58
Y:Q9Y222
Y:Q9Y251
Y:Q9Y258
Y:Q9Y275
Y:Q9Y287
Y:Q9Y2C9
Y:Q9Y2G2
Y:Q9Y2H0
Y:Q9Y2I8
Y:Q9Y2I9
Y:Q9Y2L9
Y:Q9Y2L5
Y:Q9Y2P7
Y:Q9Y2W1
Y:Q9Y2U8
Y:Q9Y2Y1
Y:Q9Y3B9
Y:Q9Y385
Y:Q9Y388
Y:Q9Y3C8
Y:A6ND22
Y:Q9Y3D7
Y:Q9Y3R4
Y:B0QYJ2
N:A0A0R4J2E2
Y:Q9Y3S1
Y:F5H269
Y:Q9Y473
Y:Q9Y496
Y:Q9Y4B6
N:Q9Y4B5
Y:Q9Y4G6
Y:Q9Y4G2
Y:Q9Y4H2
Y:Q9Y4K0
N:D6RHF3
N:Q9Y520
Y:Q9Y5E2
Y:Q9Y5E3
Y:Q9Y5E7
Y:Q9Y5F9
N:Q9Y5G1
Y:Q9Y5G2
Y:Q9Y5G5
Y:Q9Y5G6
N:Q9Y5G9
Y:Q9Y5H0
Y:Q9Y5H1
Y:Q9Y5H3
Y:Q9Y5H4
Y:Q9Y5H6
Y:Q9Y5H7
Y:Q9Y5H8
Y:Q9Y5H9
Y:Q9Y5I1
Y:Q9Y5I2
Y:Q9Y5I3
Y:Q9Y5J6
Y:Q5LJA5
N:H3BTQ7
Y:Q9Y5P8
N:A0A0A0MR18
Y:Q9Y5R6
Y:Q9Y5S1
Y:Q9Y5S8
Y:Q9Y5X9
Y:Q9Y5W3
Y:Q9Y5Y0
Y:Q9Y5Z7
Y:Q9Y615
Y:Q9Y616
Y:E5RI14
Y:Q9Y678
Y:Q9Y661
Y:Q9Y6A1
Y:Q9Y6C5
Y:Q9Y6G1
N:E9PJV9
Y:Q9Y6J6
Y:Q9Y6L6
Y:Q9Y6N7
Y:Q9Y6V0
Y:Q9Y6X5
